<?xml version="1.0" encoding="UTF-8"?>
<testsuite xmlns:xsi="http://www.w3.org/2001/XMLSchema-instance" xsi:noNamespaceSchemaLocation="https://maven.apache.org/surefire/maven-failsafe-plugin/xsd/failsafe-test-report-3.0.xsd" version="3.0" name="starter.CucumberTestSuite" time="34.084" tests="18" errors="0" skipped="0" failures="1">
  <properties>
    <property name="java.specification.version" value="19"/>
    <property name="sun.cpu.isalist" value="amd64"/>
    <property name="sun.jnu.encoding" value="Cp1252"/>
    <property name="java.class.path" value="E:\mini peoject\RestAPi\target\test-classes;C:\Users\GITA\.m2\repository\net\serenity-bdd\serenity-core\3.5.1\serenity-core-3.5.1.jar;C:\Users\GITA\.m2\repository\net\serenity-bdd\serenity-model\3.5.1\serenity-model-3.5.1.jar;C:\Users\GITA\.m2\repository\org\apache\commons\commons-text\1.10.0\commons-text-1.10.0.jar;C:\Users\GITA\.m2\repository\commons-net\commons-net\3.8.0\commons-net-3.8.0.jar;C:\Users\GITA\.m2\repository\com\google\guava\guava\31.1-jre\guava-31.1-jre.jar;C:\Users\GITA\.m2\repository\com\google\guava\failureaccess\1.0.1\failureaccess-1.0.1.jar;C:\Users\GITA\.m2\repository\com\google\guava\listenablefuture\9999.0-empty-to-avoid-conflict-with-guava\listenablefuture-9999.0-empty-to-avoid-conflict-with-guava.jar;C:\Users\GITA\.m2\repository\com\google\code\findbugs\jsr305\3.0.2\jsr305-3.0.2.jar;C:\Users\GITA\.m2\repository\org\checkerframework\checker-qual\3.12.0\checker-qual-3.12.0.jar;C:\Users\GITA\.m2\repository\com\google\errorprone\error_prone_annotations\2.11.0\error_prone_annotations-2.11.0.jar;C:\Users\GITA\.m2\repository\com\google\j2objc\j2objc-annotations\1.3\j2objc-annotations-1.3.jar;C:\Users\GITA\.m2\repository\com\google\inject\guice\5.1.0\guice-5.1.0.jar;C:\Users\GITA\.m2\repository\javax\inject\javax.inject\1\javax.inject-1.jar;C:\Users\GITA\.m2\repository\aopalliance\aopalliance\1.0\aopalliance-1.0.jar;C:\Users\GITA\.m2\repository\org\jsoup\jsoup\1.14.3\jsoup-1.14.3.jar;C:\Users\GITA\.m2\repository\com\thoughtworks\xstream\xstream\1.4.19\xstream-1.4.19.jar;C:\Users\GITA\.m2\repository\io\github\x-stream\mxparser\1.2.2\mxparser-1.2.2.jar;C:\Users\GITA\.m2\repository\xmlpull\xmlpull\1.1.3.1\xmlpull-1.1.3.1.jar;C:\Users\GITA\.m2\repository\com\typesafe\config\1.4.2\config-1.4.2.jar;C:\Users\GITA\.m2\repository\org\imgscalr\imgscalr-lib\4.2\imgscalr-lib-4.2.jar;C:\Users\GITA\.m2\repository\org\awaitility\awaitility\4.2.0\awaitility-4.2.0.jar;C:\Users\GITA\.m2\repository\org\freemarker\freemarker\2.3.31\freemarker-2.3.31.jar;C:\Users\GITA\.m2\repository\io\github\classgraph\classgraph\4.8.138\classgraph-4.8.138.jar;C:\Users\GITA\.m2\repository\net\sourceforge\jexcelapi\jxl\2.6.12\jxl-2.6.12.jar;C:\Users\GITA\.m2\repository\net\bytebuddy\byte-buddy-agent\1.12.18\byte-buddy-agent-1.12.18.jar;C:\Users\GITA\.m2\repository\org\objenesis\objenesis\3.1\objenesis-3.1.jar;C:\Users\GITA\.m2\repository\net\serenity-bdd\serenity-reports\3.5.1\serenity-reports-3.5.1.jar;C:\Users\GITA\.m2\repository\net\serenity-bdd\serenity-stats\3.5.1\serenity-stats-3.5.1.jar;C:\Users\GITA\.m2\repository\net\serenity-bdd\serenity-reports-configuration\3.5.1\serenity-reports-configuration-3.5.1.jar;C:\Users\GITA\.m2\repository\com\vladsch\flexmark\flexmark-all\0.34.30\flexmark-all-0.34.30.jar;C:\Users\GITA\.m2\repository\com\vladsch\flexmark\flexmark\0.34.30\flexmark-0.34.30.jar;C:\Users\GITA\.m2\repository\com\vladsch\flexmark\flexmark-ext-abbreviation\0.34.30\flexmark-ext-abbreviation-0.34.30.jar;C:\Users\GITA\.m2\repository\com\vladsch\flexmark\flexmark-ext-admonition\0.34.30\flexmark-ext-admonition-0.34.30.jar;C:\Users\GITA\.m2\repository\com\vladsch\flexmark\flexmark-ext-anchorlink\0.34.30\flexmark-ext-anchorlink-0.34.30.jar;C:\Users\GITA\.m2\repository\com\vladsch\flexmark\flexmark-ext-aside\0.34.30\flexmark-ext-aside-0.34.30.jar;C:\Users\GITA\.m2\repository\com\vladsch\flexmark\flexmark-ext-attributes\0.34.30\flexmark-ext-attributes-0.34.30.jar;C:\Users\GITA\.m2\repository\com\vladsch\flexmark\flexmark-ext-autolink\0.34.30\flexmark-ext-autolink-0.34.30.jar;C:\Users\GITA\.m2\repository\org\nibor\autolink\autolink\0.6.0\autolink-0.6.0.jar;C:\Users\GITA\.m2\repository\com\vladsch\flexmark\flexmark-ext-definition\0.34.30\flexmark-ext-definition-0.34.30.jar;C:\Users\GITA\.m2\repository\com\vladsch\flexmark\flexmark-ext-emoji\0.34.30\flexmark-ext-emoji-0.34.30.jar;C:\Users\GITA\.m2\repository\com\vladsch\flexmark\flexmark-ext-enumerated-reference\0.34.30\flexmark-ext-enumerated-reference-0.34.30.jar;C:\Users\GITA\.m2\repository\com\vladsch\flexmark\flexmark-ext-escaped-character\0.34.30\flexmark-ext-escaped-character-0.34.30.jar;C:\Users\GITA\.m2\repository\com\vladsch\flexmark\flexmark-ext-footnotes\0.34.30\flexmark-ext-footnotes-0.34.30.jar;C:\Users\GITA\.m2\repository\com\vladsch\flexmark\flexmark-ext-gfm-issues\0.34.30\flexmark-ext-gfm-issues-0.34.30.jar;C:\Users\GITA\.m2\repository\com\vladsch\flexmark\flexmark-ext-gfm-strikethrough\0.34.30\flexmark-ext-gfm-strikethrough-0.34.30.jar;C:\Users\GITA\.m2\repository\com\vladsch\flexmark\flexmark-ext-gfm-tables\0.34.30\flexmark-ext-gfm-tables-0.34.30.jar;C:\Users\GITA\.m2\repository\com\vladsch\flexmark\flexmark-ext-gfm-tasklist\0.34.30\flexmark-ext-gfm-tasklist-0.34.30.jar;C:\Users\GITA\.m2\repository\com\vladsch\flexmark\flexmark-ext-gfm-users\0.34.30\flexmark-ext-gfm-users-0.34.30.jar;C:\Users\GITA\.m2\repository\com\vladsch\flexmark\flexmark-ext-gitlab\0.34.30\flexmark-ext-gitlab-0.34.30.jar;C:\Users\GITA\.m2\repository\com\vladsch\flexmark\flexmark-ext-jekyll-front-matter\0.34.30\flexmark-ext-jekyll-front-matter-0.34.30.jar;C:\Users\GITA\.m2\repository\com\vladsch\flexmark\flexmark-ext-jekyll-tag\0.34.30\flexmark-ext-jekyll-tag-0.34.30.jar;C:\Users\GITA\.m2\repository\com\vladsch\flexmark\flexmark-ext-media-tags\0.34.30\flexmark-ext-media-tags-0.34.30.jar;C:\Users\GITA\.m2\repository\com\vladsch\flexmark\flexmark-test-util\0.34.30\flexmark-test-util-0.34.30.jar;C:\Users\GITA\.m2\repository\com\vladsch\flexmark\flexmark-ext-ins\0.34.30\flexmark-ext-ins-0.34.30.jar;C:\Users\GITA\.m2\repository\com\vladsch\flexmark\flexmark-ext-xwiki-macros\0.34.30\flexmark-ext-xwiki-macros-0.34.30.jar;C:\Users\GITA\.m2\repository\com\vladsch\flexmark\flexmark-ext-superscript\0.34.30\flexmark-ext-superscript-0.34.30.jar;C:\Users\GITA\.m2\repository\com\vladsch\flexmark\flexmark-ext-tables\0.34.30\flexmark-ext-tables-0.34.30.jar;C:\Users\GITA\.m2\repository\com\vladsch\flexmark\flexmark-ext-toc\0.34.30\flexmark-ext-toc-0.34.30.jar;C:\Users\GITA\.m2\repository\com\vladsch\flexmark\flexmark-ext-typographic\0.34.30\flexmark-ext-typographic-0.34.30.jar;C:\Users\GITA\.m2\repository\com\vladsch\flexmark\flexmark-ext-wikilink\0.34.30\flexmark-ext-wikilink-0.34.30.jar;C:\Users\GITA\.m2\repository\com\vladsch\flexmark\flexmark-ext-yaml-front-matter\0.34.30\flexmark-ext-yaml-front-matter-0.34.30.jar;C:\Users\GITA\.m2\repository\com\vladsch\flexmark\flexmark-ext-youtube-embedded\0.34.30\flexmark-ext-youtube-embedded-0.34.30.jar;C:\Users\GITA\.m2\repository\com\vladsch\flexmark\flexmark-formatter\0.34.30\flexmark-formatter-0.34.30.jar;C:\Users\GITA\.m2\repository\com\vladsch\flexmark\flexmark-html-parser\0.34.30\flexmark-html-parser-0.34.30.jar;C:\Users\GITA\.m2\repository\com\vladsch\flexmark\flexmark-jira-converter\0.34.30\flexmark-jira-converter-0.34.30.jar;C:\Users\GITA\.m2\repository\com\vladsch\flexmark\flexmark-pdf-converter\0.34.30\flexmark-pdf-converter-0.34.30.jar;C:\Users\GITA\.m2\repository\com\openhtmltopdf\openhtmltopdf-core\0.0.1-RC13\openhtmltopdf-core-0.0.1-RC13.jar;C:\Users\GITA\.m2\repository\com\openhtmltopdf\openhtmltopdf-pdfbox\0.0.1-RC13\openhtmltopdf-pdfbox-0.0.1-RC13.jar;C:\Users\GITA\.m2\repository\org\apache\pdfbox\pdfbox\2.0.8\pdfbox-2.0.8.jar;C:\Users\GITA\.m2\repository\org\apache\pdfbox\fontbox\2.0.8\fontbox-2.0.8.jar;C:\Users\GITA\.m2\repository\org\apache\pdfbox\xmpbox\2.0.8\xmpbox-2.0.8.jar;C:\Users\GITA\.m2\repository\de\rototor\pdfbox\graphics2d\0.12\graphics2d-0.12.jar;C:\Users\GITA\.m2\repository\com\openhtmltopdf\openhtmltopdf-rtl-support\0.0.1-RC13\openhtmltopdf-rtl-support-0.0.1-RC13.jar;C:\Users\GITA\.m2\repository\com\ibm\icu\icu4j\59.1\icu4j-59.1.jar;C:\Users\GITA\.m2\repository\com\openhtmltopdf\openhtmltopdf-jsoup-dom-converter\0.0.1-RC13\openhtmltopdf-jsoup-dom-converter-0.0.1-RC13.jar;C:\Users\GITA\.m2\repository\com\vladsch\flexmark\flexmark-profile-pegdown\0.34.30\flexmark-profile-pegdown-0.34.30.jar;C:\Users\GITA\.m2\repository\com\vladsch\flexmark\flexmark-util\0.34.30\flexmark-util-0.34.30.jar;C:\Users\GITA\.m2\repository\com\vladsch\flexmark\flexmark-youtrack-converter\0.34.30\flexmark-youtrack-converter-0.34.30.jar;C:\Users\GITA\.m2\repository\es\nitaur\markdown\txtmark\0.16\txtmark-0.16.jar;C:\Users\GITA\.m2\repository\net\serenity-bdd\serenity-report-resources\3.5.1\serenity-report-resources-3.5.1.jar;C:\Users\GITA\.m2\repository\com\google\code\gson\gson\2.9.0\gson-2.9.0.jar;C:\Users\GITA\.m2\repository\com\fasterxml\jackson\core\jackson-core\2.13.4\jackson-core-2.13.4.jar;C:\Users\GITA\.m2\repository\com\fasterxml\jackson\core\jackson-databind\2.13.4\jackson-databind-2.13.4.jar;C:\Users\GITA\.m2\repository\com\fasterxml\jackson\core\jackson-annotations\2.13.4\jackson-annotations-2.13.4.jar;C:\Users\GITA\.m2\repository\commons-codec\commons-codec\1.15\commons-codec-1.15.jar;C:\Users\GITA\.m2\repository\commons-io\commons-io\2.11.0\commons-io-2.11.0.jar;C:\Users\GITA\.m2\repository\org\apache\httpcomponents\httpclient\4.5.13\httpclient-4.5.13.jar;C:\Users\GITA\.m2\repository\org\apache\httpcomponents\httpcore\4.4.13\httpcore-4.4.13.jar;C:\Users\GITA\.m2\repository\commons-logging\commons-logging\1.2\commons-logging-1.2.jar;C:\Users\GITA\.m2\repository\org\seleniumhq\selenium\selenium-java\4.7.1\selenium-java-4.7.1.jar;C:\Users\GITA\.m2\repository\org\seleniumhq\selenium\selenium-devtools-v106\4.7.1\selenium-devtools-v106-4.7.1.jar;C:\Users\GITA\.m2\repository\org\seleniumhq\selenium\selenium-devtools-v107\4.7.1\selenium-devtools-v107-4.7.1.jar;C:\Users\GITA\.m2\repository\org\seleniumhq\selenium\selenium-devtools-v108\4.7.1\selenium-devtools-v108-4.7.1.jar;C:\Users\GITA\.m2\repository\org\seleniumhq\selenium\selenium-devtools-v85\4.7.1\selenium-devtools-v85-4.7.1.jar;C:\Users\GITA\.m2\repository\org\seleniumhq\selenium\selenium-remote-driver\4.7.1\selenium-remote-driver-4.7.1.jar;C:\Users\GITA\.m2\repository\com\beust\jcommander\1.82\jcommander-1.82.jar;C:\Users\GITA\.m2\repository\io\netty\netty-buffer\4.1.84.Final\netty-buffer-4.1.84.Final.jar;C:\Users\GITA\.m2\repository\io\netty\netty-codec-http\4.1.84.Final\netty-codec-http-4.1.84.Final.jar;C:\Users\GITA\.m2\repository\io\netty\netty-codec\4.1.84.Final\netty-codec-4.1.84.Final.jar;C:\Users\GITA\.m2\repository\io\netty\netty-handler\4.1.84.Final\netty-handler-4.1.84.Final.jar;C:\Users\GITA\.m2\repository\io\netty\netty-common\4.1.84.Final\netty-common-4.1.84.Final.jar;C:\Users\GITA\.m2\repository\io\netty\netty-transport-classes-epoll\4.1.84.Final\netty-transport-classes-epoll-4.1.84.Final.jar;C:\Users\GITA\.m2\repository\io\netty\netty-transport-classes-kqueue\4.1.84.Final\netty-transport-classes-kqueue-4.1.84.Final.jar;C:\Users\GITA\.m2\repository\io\netty\netty-transport-native-epoll\4.1.84.Final\netty-transport-native-epoll-4.1.84.Final.jar;C:\Users\GITA\.m2\repository\io\netty\netty-transport-native-kqueue\4.1.84.Final\netty-transport-native-kqueue-4.1.84.Final.jar;C:\Users\GITA\.m2\repository\io\netty\netty-transport-native-unix-common\4.1.84.Final\netty-transport-native-unix-common-4.1.84.Final.jar;C:\Users\GITA\.m2\repository\io\netty\netty-transport\4.1.84.Final\netty-transport-4.1.84.Final.jar;C:\Users\GITA\.m2\repository\io\netty\netty-resolver\4.1.84.Final\netty-resolver-4.1.84.Final.jar;C:\Users\GITA\.m2\repository\io\opentelemetry\opentelemetry-api\1.19.0\opentelemetry-api-1.19.0.jar;C:\Users\GITA\.m2\repository\io\opentelemetry\opentelemetry-context\1.19.0\opentelemetry-context-1.19.0.jar;C:\Users\GITA\.m2\repository\io\opentelemetry\opentelemetry-exporter-logging\1.19.0\opentelemetry-exporter-logging-1.19.0.jar;C:\Users\GITA\.m2\repository\io\opentelemetry\opentelemetry-sdk-metrics\1.19.0\opentelemetry-sdk-metrics-1.19.0.jar;C:\Users\GITA\.m2\repository\io\opentelemetry\opentelemetry-sdk-logs\1.19.0-alpha\opentelemetry-sdk-logs-1.19.0-alpha.jar;C:\Users\GITA\.m2\repository\io\opentelemetry\opentelemetry-api-logs\1.19.0-alpha\opentelemetry-api-logs-1.19.0-alpha.jar;C:\Users\GITA\.m2\repository\io\opentelemetry\opentelemetry-sdk-common\1.19.0\opentelemetry-sdk-common-1.19.0.jar;C:\Users\GITA\.m2\repository\io\opentelemetry\opentelemetry-sdk-extension-autoconfigure-spi\1.19.0\opentelemetry-sdk-extension-autoconfigure-spi-1.19.0.jar;C:\Users\GITA\.m2\repository\io\opentelemetry\opentelemetry-sdk-extension-autoconfigure\1.19.0-alpha\opentelemetry-sdk-extension-autoconfigure-1.19.0-alpha.jar;C:\Users\GITA\.m2\repository\io\opentelemetry\opentelemetry-exporter-common\1.19.0\opentelemetry-exporter-common-1.19.0.jar;C:\Users\GITA\.m2\repository\io\opentelemetry\opentelemetry-sdk-trace\1.19.0\opentelemetry-sdk-trace-1.19.0.jar;C:\Users\GITA\.m2\repository\io\opentelemetry\opentelemetry-sdk\1.19.0\opentelemetry-sdk-1.19.0.jar;C:\Users\GITA\.m2\repository\io\opentelemetry\opentelemetry-semconv\1.19.0-alpha\opentelemetry-semconv-1.19.0-alpha.jar;C:\Users\GITA\.m2\repository\io\ous\jtoml\2.0.0\jtoml-2.0.0.jar;C:\Users\GITA\.m2\repository\org\apache\commons\commons-exec\1.3\commons-exec-1.3.jar;C:\Users\GITA\.m2\repository\org\asynchttpclient\async-http-client\2.12.3\async-http-client-2.12.3.jar;C:\Users\GITA\.m2\repository\org\asynchttpclient\async-http-client-netty-utils\2.12.3\async-http-client-netty-utils-2.12.3.jar;C:\Users\GITA\.m2\repository\io\netty\netty-codec-socks\4.1.60.Final\netty-codec-socks-4.1.60.Final.jar;C:\Users\GITA\.m2\repository\io\netty\netty-handler-proxy\4.1.60.Final\netty-handler-proxy-4.1.60.Final.jar;C:\Users\GITA\.m2\repository\io\netty\netty-transport-native-epoll\4.1.60.Final\netty-transport-native-epoll-4.1.60.Final-linux-x86_64.jar;C:\Users\GITA\.m2\repository\io\netty\netty-transport-native-kqueue\4.1.60.Final\netty-transport-native-kqueue-4.1.60.Final-osx-x86_64.jar;C:\Users\GITA\.m2\repository\org\reactivestreams\reactive-streams\1.0.3\reactive-streams-1.0.3.jar;C:\Users\GITA\.m2\repository\com\typesafe\netty\netty-reactive-streams\2.0.4\netty-reactive-streams-2.0.4.jar;C:\Users\GITA\.m2\repository\org\seleniumhq\selenium\selenium-manager\4.7.1\selenium-manager-4.7.1.jar;C:\Users\GITA\.m2\repository\org\seleniumhq\selenium\selenium-safari-driver\4.7.1\selenium-safari-driver-4.7.1.jar;C:\Users\GITA\.m2\repository\org\seleniumhq\selenium\selenium-api\4.7.1\selenium-api-4.7.1.jar;C:\Users\GITA\.m2\repository\org\seleniumhq\selenium\selenium-support\4.7.1\selenium-support-4.7.1.jar;C:\Users\GITA\.m2\repository\com\google\auto\service\auto-service-annotations\1.0.1\auto-service-annotations-1.0.1.jar;C:\Users\GITA\.m2\repository\com\google\auto\service\auto-service\1.0.1\auto-service-1.0.1.jar;C:\Users\GITA\.m2\repository\com\google\auto\auto-common\1.2\auto-common-1.2.jar;C:\Users\GITA\.m2\repository\org\seleniumhq\selenium\selenium-json\4.7.1\selenium-json-4.7.1.jar;C:\Users\GITA\.m2\repository\org\seleniumhq\selenium\selenium-chrome-driver\4.7.1\selenium-chrome-driver-4.7.1.jar;C:\Users\GITA\.m2\repository\org\seleniumhq\selenium\selenium-chromium-driver\4.7.1\selenium-chromium-driver-4.7.1.jar;C:\Users\GITA\.m2\repository\org\seleniumhq\selenium\selenium-firefox-driver\4.7.1\selenium-firefox-driver-4.7.1.jar;C:\Users\GITA\.m2\repository\org\seleniumhq\selenium\selenium-http\4.7.1\selenium-http-4.7.1.jar;C:\Users\GITA\.m2\repository\dev\failsafe\failsafe\3.3.0\failsafe-3.3.0.jar;C:\Users\GITA\.m2\repository\org\seleniumhq\selenium\selenium-edge-driver\4.7.1\selenium-edge-driver-4.7.1.jar;C:\Users\GITA\.m2\repository\org\seleniumhq\selenium\selenium-ie-driver\4.7.1\selenium-ie-driver-4.7.1.jar;C:\Users\GITA\.m2\repository\org\projectlombok\lombok\1.18.20\lombok-1.18.20.jar;C:\Users\GITA\.m2\repository\io\appium\java-client\8.3.0\java-client-8.3.0.jar;C:\Users\GITA\.m2\repository\commons-validator\commons-validator\1.7\commons-validator-1.7.jar;C:\Users\GITA\.m2\repository\commons-digester\commons-digester\2.1\commons-digester-2.1.jar;C:\Users\GITA\.m2\repository\org\apache\groovy\groovy\4.0.6\groovy-4.0.6.jar;C:\Users\GITA\.m2\repository\net\sf\opencsv\opencsv\2.0\opencsv-2.0.jar;C:\Users\GITA\.m2\repository\commons-beanutils\commons-beanutils\1.9.4\commons-beanutils-1.9.4.jar;C:\Users\GITA\.m2\repository\org\apache\commons\commons-lang3\3.12.0\commons-lang3-3.12.0.jar;C:\Users\GITA\.m2\repository\commons-collections\commons-collections\3.2.2\commons-collections-3.2.2.jar;C:\Users\GITA\.m2\repository\org\fluentlenium\fluentlenium-core\0.10.2\fluentlenium-core-0.10.2.jar;C:\Users\GITA\.m2\repository\io\github\bonigarcia\webdrivermanager\5.3.0\webdrivermanager-5.3.0.jar;C:\Users\GITA\.m2\repository\com\github\docker-java\docker-java\3.2.13\docker-java-3.2.13.jar;C:\Users\GITA\.m2\repository\com\github\docker-java\docker-java-core\3.2.13\docker-java-core-3.2.13.jar;C:\Users\GITA\.m2\repository\com\github\docker-java\docker-java-api\3.2.13\docker-java-api-3.2.13.jar;C:\Users\GITA\.m2\repository\org\apache\commons\commons-compress\1.21\commons-compress-1.21.jar;C:\Users\GITA\.m2\repository\org\bouncycastle\bcpkix-jdk15on\1.64\bcpkix-jdk15on-1.64.jar;C:\Users\GITA\.m2\repository\org\bouncycastle\bcprov-jdk15on\1.64\bcprov-jdk15on-1.64.jar;C:\Users\GITA\.m2\repository\org\slf4j\jcl-over-slf4j\1.7.30\jcl-over-slf4j-1.7.30.jar;C:\Users\GITA\.m2\repository\com\github\docker-java\docker-java-transport-httpclient5\3.2.13\docker-java-transport-httpclient5-3.2.13.jar;C:\Users\GITA\.m2\repository\com\github\docker-java\docker-java-transport\3.2.13\docker-java-transport-3.2.13.jar;C:\Users\GITA\.m2\repository\net\java\dev\jna\jna\5.8.0\jna-5.8.0.jar;C:\Users\GITA\.m2\repository\org\brotli\dec\0.1.2\dec-0.1.2.jar;C:\Users\GITA\.m2\repository\org\apache\httpcomponents\client5\httpclient5\5.1.3\httpclient5-5.1.3.jar;C:\Users\GITA\.m2\repository\org\apache\httpcomponents\core5\httpcore5\5.1.3\httpcore5-5.1.3.jar;C:\Users\GITA\.m2\repository\org\apache\httpcomponents\core5\httpcore5-h2\5.1.3\httpcore5-h2-5.1.3.jar;C:\Users\GITA\.m2\repository\com\jhlabs\filters\2.0.235\filters-2.0.235.jar;C:\Users\GITA\.m2\repository\com\paulhammant\ngwebdriver\1.1.6\ngwebdriver-1.1.6.jar;C:\Users\GITA\.m2\repository\joda-time\joda-time\2.8.2\joda-time-2.8.2.jar;C:\Users\GITA\.m2\repository\org\hamcrest\hamcrest\2.2\hamcrest-2.2.jar;C:\Users\GITA\.m2\repository\com\google\jimfs\jimfs\1.2\jimfs-1.2.jar;C:\Users\GITA\.m2\repository\org\mockito\mockito-core\3.3.3\mockito-core-3.3.3.jar;C:\Users\GITA\.m2\repository\javax\xml\bind\jaxb-api\2.3.1\jaxb-api-2.3.1.jar;C:\Users\GITA\.m2\repository\javax\activation\javax.activation-api\1.2.0\javax.activation-api-1.2.0.jar;C:\Users\GITA\.m2\repository\com\sun\xml\bind\jaxb-core\2.3.0.1\jaxb-core-2.3.0.1.jar;C:\Users\GITA\.m2\repository\com\sun\xml\bind\jaxb-impl\2.3.3\jaxb-impl-2.3.3.jar;C:\Users\GITA\.m2\repository\jakarta\xml\bind\jakarta.xml.bind-api\2.3.3\jakarta.xml.bind-api-2.3.3.jar;C:\Users\GITA\.m2\repository\com\sun\activation\jakarta.activation\1.2.2\jakarta.activation-1.2.2.jar;C:\Users\GITA\.m2\repository\javax\activation\activation\1.1.1\activation-1.1.1.jar;C:\Users\GITA\.m2\repository\net\serenity-bdd\serenity-rest-assured\3.5.1\serenity-rest-assured-3.5.1.jar;C:\Users\GITA\.m2\repository\io\rest-assured\rest-assured\5.2.0\rest-assured-5.2.0.jar;C:\Users\GITA\.m2\repository\org\apache\httpcomponents\httpmime\4.5.13\httpmime-4.5.13.jar;C:\Users\GITA\.m2\repository\org\ccil\cowan\tagsoup\tagsoup\1.2.1\tagsoup-1.2.1.jar;C:\Users\GITA\.m2\repository\io\rest-assured\json-path\5.2.0\json-path-5.2.0.jar;C:\Users\GITA\.m2\repository\io\rest-assured\rest-assured-common\5.2.0\rest-assured-common-5.2.0.jar;C:\Users\GITA\.m2\repository\io\rest-assured\xml-path\5.2.0\xml-path-5.2.0.jar;C:\Users\GITA\.m2\repository\org\apache\groovy\groovy-json\4.0.6\groovy-json-4.0.6.jar;C:\Users\GITA\.m2\repository\org\apache\groovy\groovy-xml\4.0.6\groovy-xml-4.0.6.jar;C:\Users\GITA\.m2\repository\org\opentest4j\opentest4j\1.2.0\opentest4j-1.2.0.jar;C:\Users\GITA\.m2\repository\net\serenity-bdd\serenity-cucumber\3.5.1\serenity-cucumber-3.5.1.jar;C:\Users\GITA\.m2\repository\io\cucumber\cucumber-core\7.8.1\cucumber-core-7.8.1.jar;C:\Users\GITA\.m2\repository\io\cucumber\cucumber-gherkin\7.8.1\cucumber-gherkin-7.8.1.jar;C:\Users\GITA\.m2\repository\io\cucumber\cucumber-gherkin-messages\7.8.1\cucumber-gherkin-messages-7.8.1.jar;C:\Users\GITA\.m2\repository\io\cucumber\gherkin\24.0.0\gherkin-24.0.0.jar;C:\Users\GITA\.m2\repository\io\cucumber\messages\19.1.4\messages-19.1.4.jar;C:\Users\GITA\.m2\repository\io\cucumber\tag-expressions\4.1.0\tag-expressions-4.1.0.jar;C:\Users\GITA\.m2\repository\io\cucumber\cucumber-expressions\16.0.0\cucumber-expressions-16.0.0.jar;C:\Users\GITA\.m2\repository\io\cucumber\datatable\7.8.1\datatable-7.8.1.jar;C:\Users\GITA\.m2\repository\io\cucumber\cucumber-plugin\7.8.1\cucumber-plugin-7.8.1.jar;C:\Users\GITA\.m2\repository\io\cucumber\docstring\7.8.1\docstring-7.8.1.jar;C:\Users\GITA\.m2\repository\io\cucumber\html-formatter\20.1.0\html-formatter-20.1.0.jar;C:\Users\GITA\.m2\repository\io\cucumber\ci-environment\9.1.0\ci-environment-9.1.0.jar;C:\Users\GITA\.m2\repository\io\cucumber\cucumber-java\7.8.1\cucumber-java-7.8.1.jar;C:\Users\GITA\.m2\repository\io\cucumber\cucumber-junit\7.8.1\cucumber-junit-7.8.1.jar;C:\Users\GITA\.m2\repository\org\apache\commons\commons-csv\1.5\commons-csv-1.5.jar;C:\Users\GITA\.m2\repository\net\serenity-bdd\serenity-screenplay\3.5.1\serenity-screenplay-3.5.1.jar;C:\Users\GITA\.m2\repository\net\serenity-bdd\serenity-screenplay-webdriver\3.5.1\serenity-screenplay-webdriver-3.5.1.jar;C:\Users\GITA\.m2\repository\net\serenity-bdd\serenity-ensure\3.5.1\serenity-ensure-3.5.1.jar;C:\Users\GITA\.m2\repository\net\serenity-bdd\serenity-junit\3.5.1\serenity-junit-3.5.1.jar;C:\Users\GITA\.m2\repository\org\jetbrains\kotlin\kotlin-stdlib\1.7.21\kotlin-stdlib-1.7.21.jar;C:\Users\GITA\.m2\repository\org\jetbrains\kotlin\kotlin-stdlib-common\1.7.21\kotlin-stdlib-common-1.7.21.jar;C:\Users\GITA\.m2\repository\org\jetbrains\annotations\13.0\annotations-13.0.jar;C:\Users\GITA\.m2\repository\org\junit\platform\junit-platform-launcher\1.8.2\junit-platform-launcher-1.8.2.jar;C:\Users\GITA\.m2\repository\org\junit\platform\junit-platform-engine\1.8.2\junit-platform-engine-1.8.2.jar;C:\Users\GITA\.m2\repository\org\junit\platform\junit-platform-commons\1.8.2\junit-platform-commons-1.8.2.jar;C:\Users\GITA\.m2\repository\org\apiguardian\apiguardian-api\1.1.2\apiguardian-api-1.1.2.jar;C:\Users\GITA\.m2\repository\org\junit\jupiter\junit-jupiter-engine\5.8.2\junit-jupiter-engine-5.8.2.jar;C:\Users\GITA\.m2\repository\org\junit\jupiter\junit-jupiter-api\5.8.2\junit-jupiter-api-5.8.2.jar;C:\Users\GITA\.m2\repository\org\junit\vintage\junit-vintage-engine\5.8.2\junit-vintage-engine-5.8.2.jar;C:\Users\GITA\.m2\repository\junit\junit\4.13.2\junit-4.13.2.jar;C:\Users\GITA\.m2\repository\org\hamcrest\hamcrest-core\1.3\hamcrest-core-1.3.jar;C:\Users\GITA\.m2\repository\ch\qos\logback\logback-classic\1.2.10\logback-classic-1.2.10.jar;C:\Users\GITA\.m2\repository\ch\qos\logback\logback-core\1.2.10\logback-core-1.2.10.jar;C:\Users\GITA\.m2\repository\org\slf4j\slf4j-api\1.7.32\slf4j-api-1.7.32.jar;C:\Users\GITA\.m2\repository\org\assertj\assertj-core\3.23.1\assertj-core-3.23.1.jar;C:\Users\GITA\.m2\repository\net\bytebuddy\byte-buddy\1.12.10\byte-buddy-1.12.10.jar;C:\Users\GITA\.m2\repository\com\googlecode\json-simple\json-simple\1.1.1\json-simple-1.1.1.jar;"/>
    <property name="java.vm.vendor" value="Oracle Corporation"/>
    <property name="sun.arch.data.model" value="64"/>
    <property name="user.variant" value=""/>
    <property name="java.vendor.url" value="https://java.oracle.com/"/>
    <property name="user.timezone" value="Asia/Jakarta"/>
    <property name="os.name" value="Windows 10"/>
    <property name="java.vm.specification.version" value="19"/>
    <property name="sun.java.launcher" value="SUN_STANDARD"/>
    <property name="user.country" value="ID"/>
    <property name="sun.boot.library.path" value="C:\Program Files\Java\jdk-19\bin"/>
    <property name="sun.java.command" value="org.apache.maven.surefire.booter.ForkedBooter C:\Users\GITA\AppData\Local\Temp\surefire18415161502471378078 2023-05-09T18-55-50_721-jvmRun1 surefire15811639503910378973tmp surefire_05759307986805202882tmp"/>
    <property name="jdk.debug" value="release"/>
    <property name="surefire.test.class.path" value="E:\mini peoject\RestAPi\target\test-classes;C:\Users\GITA\.m2\repository\net\serenity-bdd\serenity-core\3.5.1\serenity-core-3.5.1.jar;C:\Users\GITA\.m2\repository\net\serenity-bdd\serenity-model\3.5.1\serenity-model-3.5.1.jar;C:\Users\GITA\.m2\repository\org\apache\commons\commons-text\1.10.0\commons-text-1.10.0.jar;C:\Users\GITA\.m2\repository\commons-net\commons-net\3.8.0\commons-net-3.8.0.jar;C:\Users\GITA\.m2\repository\com\google\guava\guava\31.1-jre\guava-31.1-jre.jar;C:\Users\GITA\.m2\repository\com\google\guava\failureaccess\1.0.1\failureaccess-1.0.1.jar;C:\Users\GITA\.m2\repository\com\google\guava\listenablefuture\9999.0-empty-to-avoid-conflict-with-guava\listenablefuture-9999.0-empty-to-avoid-conflict-with-guava.jar;C:\Users\GITA\.m2\repository\com\google\code\findbugs\jsr305\3.0.2\jsr305-3.0.2.jar;C:\Users\GITA\.m2\repository\org\checkerframework\checker-qual\3.12.0\checker-qual-3.12.0.jar;C:\Users\GITA\.m2\repository\com\google\errorprone\error_prone_annotations\2.11.0\error_prone_annotations-2.11.0.jar;C:\Users\GITA\.m2\repository\com\google\j2objc\j2objc-annotations\1.3\j2objc-annotations-1.3.jar;C:\Users\GITA\.m2\repository\com\google\inject\guice\5.1.0\guice-5.1.0.jar;C:\Users\GITA\.m2\repository\javax\inject\javax.inject\1\javax.inject-1.jar;C:\Users\GITA\.m2\repository\aopalliance\aopalliance\1.0\aopalliance-1.0.jar;C:\Users\GITA\.m2\repository\org\jsoup\jsoup\1.14.3\jsoup-1.14.3.jar;C:\Users\GITA\.m2\repository\com\thoughtworks\xstream\xstream\1.4.19\xstream-1.4.19.jar;C:\Users\GITA\.m2\repository\io\github\x-stream\mxparser\1.2.2\mxparser-1.2.2.jar;C:\Users\GITA\.m2\repository\xmlpull\xmlpull\1.1.3.1\xmlpull-1.1.3.1.jar;C:\Users\GITA\.m2\repository\com\typesafe\config\1.4.2\config-1.4.2.jar;C:\Users\GITA\.m2\repository\org\imgscalr\imgscalr-lib\4.2\imgscalr-lib-4.2.jar;C:\Users\GITA\.m2\repository\org\awaitility\awaitility\4.2.0\awaitility-4.2.0.jar;C:\Users\GITA\.m2\repository\org\freemarker\freemarker\2.3.31\freemarker-2.3.31.jar;C:\Users\GITA\.m2\repository\io\github\classgraph\classgraph\4.8.138\classgraph-4.8.138.jar;C:\Users\GITA\.m2\repository\net\sourceforge\jexcelapi\jxl\2.6.12\jxl-2.6.12.jar;C:\Users\GITA\.m2\repository\net\bytebuddy\byte-buddy-agent\1.12.18\byte-buddy-agent-1.12.18.jar;C:\Users\GITA\.m2\repository\org\objenesis\objenesis\3.1\objenesis-3.1.jar;C:\Users\GITA\.m2\repository\net\serenity-bdd\serenity-reports\3.5.1\serenity-reports-3.5.1.jar;C:\Users\GITA\.m2\repository\net\serenity-bdd\serenity-stats\3.5.1\serenity-stats-3.5.1.jar;C:\Users\GITA\.m2\repository\net\serenity-bdd\serenity-reports-configuration\3.5.1\serenity-reports-configuration-3.5.1.jar;C:\Users\GITA\.m2\repository\com\vladsch\flexmark\flexmark-all\0.34.30\flexmark-all-0.34.30.jar;C:\Users\GITA\.m2\repository\com\vladsch\flexmark\flexmark\0.34.30\flexmark-0.34.30.jar;C:\Users\GITA\.m2\repository\com\vladsch\flexmark\flexmark-ext-abbreviation\0.34.30\flexmark-ext-abbreviation-0.34.30.jar;C:\Users\GITA\.m2\repository\com\vladsch\flexmark\flexmark-ext-admonition\0.34.30\flexmark-ext-admonition-0.34.30.jar;C:\Users\GITA\.m2\repository\com\vladsch\flexmark\flexmark-ext-anchorlink\0.34.30\flexmark-ext-anchorlink-0.34.30.jar;C:\Users\GITA\.m2\repository\com\vladsch\flexmark\flexmark-ext-aside\0.34.30\flexmark-ext-aside-0.34.30.jar;C:\Users\GITA\.m2\repository\com\vladsch\flexmark\flexmark-ext-attributes\0.34.30\flexmark-ext-attributes-0.34.30.jar;C:\Users\GITA\.m2\repository\com\vladsch\flexmark\flexmark-ext-autolink\0.34.30\flexmark-ext-autolink-0.34.30.jar;C:\Users\GITA\.m2\repository\org\nibor\autolink\autolink\0.6.0\autolink-0.6.0.jar;C:\Users\GITA\.m2\repository\com\vladsch\flexmark\flexmark-ext-definition\0.34.30\flexmark-ext-definition-0.34.30.jar;C:\Users\GITA\.m2\repository\com\vladsch\flexmark\flexmark-ext-emoji\0.34.30\flexmark-ext-emoji-0.34.30.jar;C:\Users\GITA\.m2\repository\com\vladsch\flexmark\flexmark-ext-enumerated-reference\0.34.30\flexmark-ext-enumerated-reference-0.34.30.jar;C:\Users\GITA\.m2\repository\com\vladsch\flexmark\flexmark-ext-escaped-character\0.34.30\flexmark-ext-escaped-character-0.34.30.jar;C:\Users\GITA\.m2\repository\com\vladsch\flexmark\flexmark-ext-footnotes\0.34.30\flexmark-ext-footnotes-0.34.30.jar;C:\Users\GITA\.m2\repository\com\vladsch\flexmark\flexmark-ext-gfm-issues\0.34.30\flexmark-ext-gfm-issues-0.34.30.jar;C:\Users\GITA\.m2\repository\com\vladsch\flexmark\flexmark-ext-gfm-strikethrough\0.34.30\flexmark-ext-gfm-strikethrough-0.34.30.jar;C:\Users\GITA\.m2\repository\com\vladsch\flexmark\flexmark-ext-gfm-tables\0.34.30\flexmark-ext-gfm-tables-0.34.30.jar;C:\Users\GITA\.m2\repository\com\vladsch\flexmark\flexmark-ext-gfm-tasklist\0.34.30\flexmark-ext-gfm-tasklist-0.34.30.jar;C:\Users\GITA\.m2\repository\com\vladsch\flexmark\flexmark-ext-gfm-users\0.34.30\flexmark-ext-gfm-users-0.34.30.jar;C:\Users\GITA\.m2\repository\com\vladsch\flexmark\flexmark-ext-gitlab\0.34.30\flexmark-ext-gitlab-0.34.30.jar;C:\Users\GITA\.m2\repository\com\vladsch\flexmark\flexmark-ext-jekyll-front-matter\0.34.30\flexmark-ext-jekyll-front-matter-0.34.30.jar;C:\Users\GITA\.m2\repository\com\vladsch\flexmark\flexmark-ext-jekyll-tag\0.34.30\flexmark-ext-jekyll-tag-0.34.30.jar;C:\Users\GITA\.m2\repository\com\vladsch\flexmark\flexmark-ext-media-tags\0.34.30\flexmark-ext-media-tags-0.34.30.jar;C:\Users\GITA\.m2\repository\com\vladsch\flexmark\flexmark-test-util\0.34.30\flexmark-test-util-0.34.30.jar;C:\Users\GITA\.m2\repository\com\vladsch\flexmark\flexmark-ext-ins\0.34.30\flexmark-ext-ins-0.34.30.jar;C:\Users\GITA\.m2\repository\com\vladsch\flexmark\flexmark-ext-xwiki-macros\0.34.30\flexmark-ext-xwiki-macros-0.34.30.jar;C:\Users\GITA\.m2\repository\com\vladsch\flexmark\flexmark-ext-superscript\0.34.30\flexmark-ext-superscript-0.34.30.jar;C:\Users\GITA\.m2\repository\com\vladsch\flexmark\flexmark-ext-tables\0.34.30\flexmark-ext-tables-0.34.30.jar;C:\Users\GITA\.m2\repository\com\vladsch\flexmark\flexmark-ext-toc\0.34.30\flexmark-ext-toc-0.34.30.jar;C:\Users\GITA\.m2\repository\com\vladsch\flexmark\flexmark-ext-typographic\0.34.30\flexmark-ext-typographic-0.34.30.jar;C:\Users\GITA\.m2\repository\com\vladsch\flexmark\flexmark-ext-wikilink\0.34.30\flexmark-ext-wikilink-0.34.30.jar;C:\Users\GITA\.m2\repository\com\vladsch\flexmark\flexmark-ext-yaml-front-matter\0.34.30\flexmark-ext-yaml-front-matter-0.34.30.jar;C:\Users\GITA\.m2\repository\com\vladsch\flexmark\flexmark-ext-youtube-embedded\0.34.30\flexmark-ext-youtube-embedded-0.34.30.jar;C:\Users\GITA\.m2\repository\com\vladsch\flexmark\flexmark-formatter\0.34.30\flexmark-formatter-0.34.30.jar;C:\Users\GITA\.m2\repository\com\vladsch\flexmark\flexmark-html-parser\0.34.30\flexmark-html-parser-0.34.30.jar;C:\Users\GITA\.m2\repository\com\vladsch\flexmark\flexmark-jira-converter\0.34.30\flexmark-jira-converter-0.34.30.jar;C:\Users\GITA\.m2\repository\com\vladsch\flexmark\flexmark-pdf-converter\0.34.30\flexmark-pdf-converter-0.34.30.jar;C:\Users\GITA\.m2\repository\com\openhtmltopdf\openhtmltopdf-core\0.0.1-RC13\openhtmltopdf-core-0.0.1-RC13.jar;C:\Users\GITA\.m2\repository\com\openhtmltopdf\openhtmltopdf-pdfbox\0.0.1-RC13\openhtmltopdf-pdfbox-0.0.1-RC13.jar;C:\Users\GITA\.m2\repository\org\apache\pdfbox\pdfbox\2.0.8\pdfbox-2.0.8.jar;C:\Users\GITA\.m2\repository\org\apache\pdfbox\fontbox\2.0.8\fontbox-2.0.8.jar;C:\Users\GITA\.m2\repository\org\apache\pdfbox\xmpbox\2.0.8\xmpbox-2.0.8.jar;C:\Users\GITA\.m2\repository\de\rototor\pdfbox\graphics2d\0.12\graphics2d-0.12.jar;C:\Users\GITA\.m2\repository\com\openhtmltopdf\openhtmltopdf-rtl-support\0.0.1-RC13\openhtmltopdf-rtl-support-0.0.1-RC13.jar;C:\Users\GITA\.m2\repository\com\ibm\icu\icu4j\59.1\icu4j-59.1.jar;C:\Users\GITA\.m2\repository\com\openhtmltopdf\openhtmltopdf-jsoup-dom-converter\0.0.1-RC13\openhtmltopdf-jsoup-dom-converter-0.0.1-RC13.jar;C:\Users\GITA\.m2\repository\com\vladsch\flexmark\flexmark-profile-pegdown\0.34.30\flexmark-profile-pegdown-0.34.30.jar;C:\Users\GITA\.m2\repository\com\vladsch\flexmark\flexmark-util\0.34.30\flexmark-util-0.34.30.jar;C:\Users\GITA\.m2\repository\com\vladsch\flexmark\flexmark-youtrack-converter\0.34.30\flexmark-youtrack-converter-0.34.30.jar;C:\Users\GITA\.m2\repository\es\nitaur\markdown\txtmark\0.16\txtmark-0.16.jar;C:\Users\GITA\.m2\repository\net\serenity-bdd\serenity-report-resources\3.5.1\serenity-report-resources-3.5.1.jar;C:\Users\GITA\.m2\repository\com\google\code\gson\gson\2.9.0\gson-2.9.0.jar;C:\Users\GITA\.m2\repository\com\fasterxml\jackson\core\jackson-core\2.13.4\jackson-core-2.13.4.jar;C:\Users\GITA\.m2\repository\com\fasterxml\jackson\core\jackson-databind\2.13.4\jackson-databind-2.13.4.jar;C:\Users\GITA\.m2\repository\com\fasterxml\jackson\core\jackson-annotations\2.13.4\jackson-annotations-2.13.4.jar;C:\Users\GITA\.m2\repository\commons-codec\commons-codec\1.15\commons-codec-1.15.jar;C:\Users\GITA\.m2\repository\commons-io\commons-io\2.11.0\commons-io-2.11.0.jar;C:\Users\GITA\.m2\repository\org\apache\httpcomponents\httpclient\4.5.13\httpclient-4.5.13.jar;C:\Users\GITA\.m2\repository\org\apache\httpcomponents\httpcore\4.4.13\httpcore-4.4.13.jar;C:\Users\GITA\.m2\repository\commons-logging\commons-logging\1.2\commons-logging-1.2.jar;C:\Users\GITA\.m2\repository\org\seleniumhq\selenium\selenium-java\4.7.1\selenium-java-4.7.1.jar;C:\Users\GITA\.m2\repository\org\seleniumhq\selenium\selenium-devtools-v106\4.7.1\selenium-devtools-v106-4.7.1.jar;C:\Users\GITA\.m2\repository\org\seleniumhq\selenium\selenium-devtools-v107\4.7.1\selenium-devtools-v107-4.7.1.jar;C:\Users\GITA\.m2\repository\org\seleniumhq\selenium\selenium-devtools-v108\4.7.1\selenium-devtools-v108-4.7.1.jar;C:\Users\GITA\.m2\repository\org\seleniumhq\selenium\selenium-devtools-v85\4.7.1\selenium-devtools-v85-4.7.1.jar;C:\Users\GITA\.m2\repository\org\seleniumhq\selenium\selenium-remote-driver\4.7.1\selenium-remote-driver-4.7.1.jar;C:\Users\GITA\.m2\repository\com\beust\jcommander\1.82\jcommander-1.82.jar;C:\Users\GITA\.m2\repository\io\netty\netty-buffer\4.1.84.Final\netty-buffer-4.1.84.Final.jar;C:\Users\GITA\.m2\repository\io\netty\netty-codec-http\4.1.84.Final\netty-codec-http-4.1.84.Final.jar;C:\Users\GITA\.m2\repository\io\netty\netty-codec\4.1.84.Final\netty-codec-4.1.84.Final.jar;C:\Users\GITA\.m2\repository\io\netty\netty-handler\4.1.84.Final\netty-handler-4.1.84.Final.jar;C:\Users\GITA\.m2\repository\io\netty\netty-common\4.1.84.Final\netty-common-4.1.84.Final.jar;C:\Users\GITA\.m2\repository\io\netty\netty-transport-classes-epoll\4.1.84.Final\netty-transport-classes-epoll-4.1.84.Final.jar;C:\Users\GITA\.m2\repository\io\netty\netty-transport-classes-kqueue\4.1.84.Final\netty-transport-classes-kqueue-4.1.84.Final.jar;C:\Users\GITA\.m2\repository\io\netty\netty-transport-native-epoll\4.1.84.Final\netty-transport-native-epoll-4.1.84.Final.jar;C:\Users\GITA\.m2\repository\io\netty\netty-transport-native-kqueue\4.1.84.Final\netty-transport-native-kqueue-4.1.84.Final.jar;C:\Users\GITA\.m2\repository\io\netty\netty-transport-native-unix-common\4.1.84.Final\netty-transport-native-unix-common-4.1.84.Final.jar;C:\Users\GITA\.m2\repository\io\netty\netty-transport\4.1.84.Final\netty-transport-4.1.84.Final.jar;C:\Users\GITA\.m2\repository\io\netty\netty-resolver\4.1.84.Final\netty-resolver-4.1.84.Final.jar;C:\Users\GITA\.m2\repository\io\opentelemetry\opentelemetry-api\1.19.0\opentelemetry-api-1.19.0.jar;C:\Users\GITA\.m2\repository\io\opentelemetry\opentelemetry-context\1.19.0\opentelemetry-context-1.19.0.jar;C:\Users\GITA\.m2\repository\io\opentelemetry\opentelemetry-exporter-logging\1.19.0\opentelemetry-exporter-logging-1.19.0.jar;C:\Users\GITA\.m2\repository\io\opentelemetry\opentelemetry-sdk-metrics\1.19.0\opentelemetry-sdk-metrics-1.19.0.jar;C:\Users\GITA\.m2\repository\io\opentelemetry\opentelemetry-sdk-logs\1.19.0-alpha\opentelemetry-sdk-logs-1.19.0-alpha.jar;C:\Users\GITA\.m2\repository\io\opentelemetry\opentelemetry-api-logs\1.19.0-alpha\opentelemetry-api-logs-1.19.0-alpha.jar;C:\Users\GITA\.m2\repository\io\opentelemetry\opentelemetry-sdk-common\1.19.0\opentelemetry-sdk-common-1.19.0.jar;C:\Users\GITA\.m2\repository\io\opentelemetry\opentelemetry-sdk-extension-autoconfigure-spi\1.19.0\opentelemetry-sdk-extension-autoconfigure-spi-1.19.0.jar;C:\Users\GITA\.m2\repository\io\opentelemetry\opentelemetry-sdk-extension-autoconfigure\1.19.0-alpha\opentelemetry-sdk-extension-autoconfigure-1.19.0-alpha.jar;C:\Users\GITA\.m2\repository\io\opentelemetry\opentelemetry-exporter-common\1.19.0\opentelemetry-exporter-common-1.19.0.jar;C:\Users\GITA\.m2\repository\io\opentelemetry\opentelemetry-sdk-trace\1.19.0\opentelemetry-sdk-trace-1.19.0.jar;C:\Users\GITA\.m2\repository\io\opentelemetry\opentelemetry-sdk\1.19.0\opentelemetry-sdk-1.19.0.jar;C:\Users\GITA\.m2\repository\io\opentelemetry\opentelemetry-semconv\1.19.0-alpha\opentelemetry-semconv-1.19.0-alpha.jar;C:\Users\GITA\.m2\repository\io\ous\jtoml\2.0.0\jtoml-2.0.0.jar;C:\Users\GITA\.m2\repository\org\apache\commons\commons-exec\1.3\commons-exec-1.3.jar;C:\Users\GITA\.m2\repository\org\asynchttpclient\async-http-client\2.12.3\async-http-client-2.12.3.jar;C:\Users\GITA\.m2\repository\org\asynchttpclient\async-http-client-netty-utils\2.12.3\async-http-client-netty-utils-2.12.3.jar;C:\Users\GITA\.m2\repository\io\netty\netty-codec-socks\4.1.60.Final\netty-codec-socks-4.1.60.Final.jar;C:\Users\GITA\.m2\repository\io\netty\netty-handler-proxy\4.1.60.Final\netty-handler-proxy-4.1.60.Final.jar;C:\Users\GITA\.m2\repository\io\netty\netty-transport-native-epoll\4.1.60.Final\netty-transport-native-epoll-4.1.60.Final-linux-x86_64.jar;C:\Users\GITA\.m2\repository\io\netty\netty-transport-native-kqueue\4.1.60.Final\netty-transport-native-kqueue-4.1.60.Final-osx-x86_64.jar;C:\Users\GITA\.m2\repository\org\reactivestreams\reactive-streams\1.0.3\reactive-streams-1.0.3.jar;C:\Users\GITA\.m2\repository\com\typesafe\netty\netty-reactive-streams\2.0.4\netty-reactive-streams-2.0.4.jar;C:\Users\GITA\.m2\repository\org\seleniumhq\selenium\selenium-manager\4.7.1\selenium-manager-4.7.1.jar;C:\Users\GITA\.m2\repository\org\seleniumhq\selenium\selenium-safari-driver\4.7.1\selenium-safari-driver-4.7.1.jar;C:\Users\GITA\.m2\repository\org\seleniumhq\selenium\selenium-api\4.7.1\selenium-api-4.7.1.jar;C:\Users\GITA\.m2\repository\org\seleniumhq\selenium\selenium-support\4.7.1\selenium-support-4.7.1.jar;C:\Users\GITA\.m2\repository\com\google\auto\service\auto-service-annotations\1.0.1\auto-service-annotations-1.0.1.jar;C:\Users\GITA\.m2\repository\com\google\auto\service\auto-service\1.0.1\auto-service-1.0.1.jar;C:\Users\GITA\.m2\repository\com\google\auto\auto-common\1.2\auto-common-1.2.jar;C:\Users\GITA\.m2\repository\org\seleniumhq\selenium\selenium-json\4.7.1\selenium-json-4.7.1.jar;C:\Users\GITA\.m2\repository\org\seleniumhq\selenium\selenium-chrome-driver\4.7.1\selenium-chrome-driver-4.7.1.jar;C:\Users\GITA\.m2\repository\org\seleniumhq\selenium\selenium-chromium-driver\4.7.1\selenium-chromium-driver-4.7.1.jar;C:\Users\GITA\.m2\repository\org\seleniumhq\selenium\selenium-firefox-driver\4.7.1\selenium-firefox-driver-4.7.1.jar;C:\Users\GITA\.m2\repository\org\seleniumhq\selenium\selenium-http\4.7.1\selenium-http-4.7.1.jar;C:\Users\GITA\.m2\repository\dev\failsafe\failsafe\3.3.0\failsafe-3.3.0.jar;C:\Users\GITA\.m2\repository\org\seleniumhq\selenium\selenium-edge-driver\4.7.1\selenium-edge-driver-4.7.1.jar;C:\Users\GITA\.m2\repository\org\seleniumhq\selenium\selenium-ie-driver\4.7.1\selenium-ie-driver-4.7.1.jar;C:\Users\GITA\.m2\repository\org\projectlombok\lombok\1.18.20\lombok-1.18.20.jar;C:\Users\GITA\.m2\repository\io\appium\java-client\8.3.0\java-client-8.3.0.jar;C:\Users\GITA\.m2\repository\commons-validator\commons-validator\1.7\commons-validator-1.7.jar;C:\Users\GITA\.m2\repository\commons-digester\commons-digester\2.1\commons-digester-2.1.jar;C:\Users\GITA\.m2\repository\org\apache\groovy\groovy\4.0.6\groovy-4.0.6.jar;C:\Users\GITA\.m2\repository\net\sf\opencsv\opencsv\2.0\opencsv-2.0.jar;C:\Users\GITA\.m2\repository\commons-beanutils\commons-beanutils\1.9.4\commons-beanutils-1.9.4.jar;C:\Users\GITA\.m2\repository\org\apache\commons\commons-lang3\3.12.0\commons-lang3-3.12.0.jar;C:\Users\GITA\.m2\repository\commons-collections\commons-collections\3.2.2\commons-collections-3.2.2.jar;C:\Users\GITA\.m2\repository\org\fluentlenium\fluentlenium-core\0.10.2\fluentlenium-core-0.10.2.jar;C:\Users\GITA\.m2\repository\io\github\bonigarcia\webdrivermanager\5.3.0\webdrivermanager-5.3.0.jar;C:\Users\GITA\.m2\repository\com\github\docker-java\docker-java\3.2.13\docker-java-3.2.13.jar;C:\Users\GITA\.m2\repository\com\github\docker-java\docker-java-core\3.2.13\docker-java-core-3.2.13.jar;C:\Users\GITA\.m2\repository\com\github\docker-java\docker-java-api\3.2.13\docker-java-api-3.2.13.jar;C:\Users\GITA\.m2\repository\org\apache\commons\commons-compress\1.21\commons-compress-1.21.jar;C:\Users\GITA\.m2\repository\org\bouncycastle\bcpkix-jdk15on\1.64\bcpkix-jdk15on-1.64.jar;C:\Users\GITA\.m2\repository\org\bouncycastle\bcprov-jdk15on\1.64\bcprov-jdk15on-1.64.jar;C:\Users\GITA\.m2\repository\org\slf4j\jcl-over-slf4j\1.7.30\jcl-over-slf4j-1.7.30.jar;C:\Users\GITA\.m2\repository\com\github\docker-java\docker-java-transport-httpclient5\3.2.13\docker-java-transport-httpclient5-3.2.13.jar;C:\Users\GITA\.m2\repository\com\github\docker-java\docker-java-transport\3.2.13\docker-java-transport-3.2.13.jar;C:\Users\GITA\.m2\repository\net\java\dev\jna\jna\5.8.0\jna-5.8.0.jar;C:\Users\GITA\.m2\repository\org\brotli\dec\0.1.2\dec-0.1.2.jar;C:\Users\GITA\.m2\repository\org\apache\httpcomponents\client5\httpclient5\5.1.3\httpclient5-5.1.3.jar;C:\Users\GITA\.m2\repository\org\apache\httpcomponents\core5\httpcore5\5.1.3\httpcore5-5.1.3.jar;C:\Users\GITA\.m2\repository\org\apache\httpcomponents\core5\httpcore5-h2\5.1.3\httpcore5-h2-5.1.3.jar;C:\Users\GITA\.m2\repository\com\jhlabs\filters\2.0.235\filters-2.0.235.jar;C:\Users\GITA\.m2\repository\com\paulhammant\ngwebdriver\1.1.6\ngwebdriver-1.1.6.jar;C:\Users\GITA\.m2\repository\joda-time\joda-time\2.8.2\joda-time-2.8.2.jar;C:\Users\GITA\.m2\repository\org\hamcrest\hamcrest\2.2\hamcrest-2.2.jar;C:\Users\GITA\.m2\repository\com\google\jimfs\jimfs\1.2\jimfs-1.2.jar;C:\Users\GITA\.m2\repository\org\mockito\mockito-core\3.3.3\mockito-core-3.3.3.jar;C:\Users\GITA\.m2\repository\javax\xml\bind\jaxb-api\2.3.1\jaxb-api-2.3.1.jar;C:\Users\GITA\.m2\repository\javax\activation\javax.activation-api\1.2.0\javax.activation-api-1.2.0.jar;C:\Users\GITA\.m2\repository\com\sun\xml\bind\jaxb-core\2.3.0.1\jaxb-core-2.3.0.1.jar;C:\Users\GITA\.m2\repository\com\sun\xml\bind\jaxb-impl\2.3.3\jaxb-impl-2.3.3.jar;C:\Users\GITA\.m2\repository\jakarta\xml\bind\jakarta.xml.bind-api\2.3.3\jakarta.xml.bind-api-2.3.3.jar;C:\Users\GITA\.m2\repository\com\sun\activation\jakarta.activation\1.2.2\jakarta.activation-1.2.2.jar;C:\Users\GITA\.m2\repository\javax\activation\activation\1.1.1\activation-1.1.1.jar;C:\Users\GITA\.m2\repository\net\serenity-bdd\serenity-rest-assured\3.5.1\serenity-rest-assured-3.5.1.jar;C:\Users\GITA\.m2\repository\io\rest-assured\rest-assured\5.2.0\rest-assured-5.2.0.jar;C:\Users\GITA\.m2\repository\org\apache\httpcomponents\httpmime\4.5.13\httpmime-4.5.13.jar;C:\Users\GITA\.m2\repository\org\ccil\cowan\tagsoup\tagsoup\1.2.1\tagsoup-1.2.1.jar;C:\Users\GITA\.m2\repository\io\rest-assured\json-path\5.2.0\json-path-5.2.0.jar;C:\Users\GITA\.m2\repository\io\rest-assured\rest-assured-common\5.2.0\rest-assured-common-5.2.0.jar;C:\Users\GITA\.m2\repository\io\rest-assured\xml-path\5.2.0\xml-path-5.2.0.jar;C:\Users\GITA\.m2\repository\org\apache\groovy\groovy-json\4.0.6\groovy-json-4.0.6.jar;C:\Users\GITA\.m2\repository\org\apache\groovy\groovy-xml\4.0.6\groovy-xml-4.0.6.jar;C:\Users\GITA\.m2\repository\org\opentest4j\opentest4j\1.2.0\opentest4j-1.2.0.jar;C:\Users\GITA\.m2\repository\net\serenity-bdd\serenity-cucumber\3.5.1\serenity-cucumber-3.5.1.jar;C:\Users\GITA\.m2\repository\io\cucumber\cucumber-core\7.8.1\cucumber-core-7.8.1.jar;C:\Users\GITA\.m2\repository\io\cucumber\cucumber-gherkin\7.8.1\cucumber-gherkin-7.8.1.jar;C:\Users\GITA\.m2\repository\io\cucumber\cucumber-gherkin-messages\7.8.1\cucumber-gherkin-messages-7.8.1.jar;C:\Users\GITA\.m2\repository\io\cucumber\gherkin\24.0.0\gherkin-24.0.0.jar;C:\Users\GITA\.m2\repository\io\cucumber\messages\19.1.4\messages-19.1.4.jar;C:\Users\GITA\.m2\repository\io\cucumber\tag-expressions\4.1.0\tag-expressions-4.1.0.jar;C:\Users\GITA\.m2\repository\io\cucumber\cucumber-expressions\16.0.0\cucumber-expressions-16.0.0.jar;C:\Users\GITA\.m2\repository\io\cucumber\datatable\7.8.1\datatable-7.8.1.jar;C:\Users\GITA\.m2\repository\io\cucumber\cucumber-plugin\7.8.1\cucumber-plugin-7.8.1.jar;C:\Users\GITA\.m2\repository\io\cucumber\docstring\7.8.1\docstring-7.8.1.jar;C:\Users\GITA\.m2\repository\io\cucumber\html-formatter\20.1.0\html-formatter-20.1.0.jar;C:\Users\GITA\.m2\repository\io\cucumber\ci-environment\9.1.0\ci-environment-9.1.0.jar;C:\Users\GITA\.m2\repository\io\cucumber\cucumber-java\7.8.1\cucumber-java-7.8.1.jar;C:\Users\GITA\.m2\repository\io\cucumber\cucumber-junit\7.8.1\cucumber-junit-7.8.1.jar;C:\Users\GITA\.m2\repository\org\apache\commons\commons-csv\1.5\commons-csv-1.5.jar;C:\Users\GITA\.m2\repository\net\serenity-bdd\serenity-screenplay\3.5.1\serenity-screenplay-3.5.1.jar;C:\Users\GITA\.m2\repository\net\serenity-bdd\serenity-screenplay-webdriver\3.5.1\serenity-screenplay-webdriver-3.5.1.jar;C:\Users\GITA\.m2\repository\net\serenity-bdd\serenity-ensure\3.5.1\serenity-ensure-3.5.1.jar;C:\Users\GITA\.m2\repository\net\serenity-bdd\serenity-junit\3.5.1\serenity-junit-3.5.1.jar;C:\Users\GITA\.m2\repository\org\jetbrains\kotlin\kotlin-stdlib\1.7.21\kotlin-stdlib-1.7.21.jar;C:\Users\GITA\.m2\repository\org\jetbrains\kotlin\kotlin-stdlib-common\1.7.21\kotlin-stdlib-common-1.7.21.jar;C:\Users\GITA\.m2\repository\org\jetbrains\annotations\13.0\annotations-13.0.jar;C:\Users\GITA\.m2\repository\org\junit\platform\junit-platform-launcher\1.8.2\junit-platform-launcher-1.8.2.jar;C:\Users\GITA\.m2\repository\org\junit\platform\junit-platform-engine\1.8.2\junit-platform-engine-1.8.2.jar;C:\Users\GITA\.m2\repository\org\junit\platform\junit-platform-commons\1.8.2\junit-platform-commons-1.8.2.jar;C:\Users\GITA\.m2\repository\org\apiguardian\apiguardian-api\1.1.2\apiguardian-api-1.1.2.jar;C:\Users\GITA\.m2\repository\org\junit\jupiter\junit-jupiter-engine\5.8.2\junit-jupiter-engine-5.8.2.jar;C:\Users\GITA\.m2\repository\org\junit\jupiter\junit-jupiter-api\5.8.2\junit-jupiter-api-5.8.2.jar;C:\Users\GITA\.m2\repository\org\junit\vintage\junit-vintage-engine\5.8.2\junit-vintage-engine-5.8.2.jar;C:\Users\GITA\.m2\repository\junit\junit\4.13.2\junit-4.13.2.jar;C:\Users\GITA\.m2\repository\org\hamcrest\hamcrest-core\1.3\hamcrest-core-1.3.jar;C:\Users\GITA\.m2\repository\ch\qos\logback\logback-classic\1.2.10\logback-classic-1.2.10.jar;C:\Users\GITA\.m2\repository\ch\qos\logback\logback-core\1.2.10\logback-core-1.2.10.jar;C:\Users\GITA\.m2\repository\org\slf4j\slf4j-api\1.7.32\slf4j-api-1.7.32.jar;C:\Users\GITA\.m2\repository\org\assertj\assertj-core\3.23.1\assertj-core-3.23.1.jar;C:\Users\GITA\.m2\repository\net\bytebuddy\byte-buddy\1.12.10\byte-buddy-1.12.10.jar;C:\Users\GITA\.m2\repository\com\googlecode\json-simple\json-simple\1.1.1\json-simple-1.1.1.jar;"/>
    <property name="sun.cpu.endian" value="little"/>
    <property name="user.home" value="C:\Users\GITA"/>
    <property name="user.language" value="en"/>
    <property name="java.specification.vendor" value="Oracle Corporation"/>
    <property name="jdk.module.path" value="E:\mini peoject\RestAPi\target\RestApi-1.0-SNAPSHOT.jar"/>
    <property name="java.version.date" value="2023-01-17"/>
    <property name="java.home" value="C:\Program Files\Java\jdk-19"/>
    <property name="file.separator" value="\"/>
    <property name="basedir" value="E:\mini peoject\RestAPi"/>
    <property name="java.vm.compressedOopsMode" value="32-bit"/>
    <property name="line.separator" value="&#10;"/>
    <property name="java.vm.specification.vendor" value="Oracle Corporation"/>
    <property name="java.specification.name" value="Java Platform API Specification"/>
    <property name="surefire.real.class.path" value="C:\Users\GITA\.m2\repository\org\apache\maven\surefire\surefire-booter\3.0.0-M5\surefire-booter-3.0.0-M5.jar;C:\Users\GITA\.m2\repository\org\apache\maven\surefire\surefire-api\3.0.0-M5\surefire-api-3.0.0-M5.jar;C:\Users\GITA\.m2\repository\org\apache\maven\surefire\surefire-logger-api\3.0.0-M5\surefire-logger-api-3.0.0-M5.jar;C:\Users\GITA\.m2\repository\org\apache\maven\surefire\surefire-shared-utils\3.0.0-M4\surefire-shared-utils-3.0.0-M4.jar;C:\Users\GITA\.m2\repository\org\apache\maven\surefire\surefire-extensions-spi\3.0.0-M5\surefire-extensions-spi-3.0.0-M5.jar;E:\mini peoject\RestAPi\target\test-classes;C:\Users\GITA\.m2\repository\net\serenity-bdd\serenity-core\3.5.1\serenity-core-3.5.1.jar;C:\Users\GITA\.m2\repository\net\serenity-bdd\serenity-model\3.5.1\serenity-model-3.5.1.jar;C:\Users\GITA\.m2\repository\org\apache\commons\commons-text\1.10.0\commons-text-1.10.0.jar;C:\Users\GITA\.m2\repository\commons-net\commons-net\3.8.0\commons-net-3.8.0.jar;C:\Users\GITA\.m2\repository\com\google\guava\guava\31.1-jre\guava-31.1-jre.jar;C:\Users\GITA\.m2\repository\com\google\guava\failureaccess\1.0.1\failureaccess-1.0.1.jar;C:\Users\GITA\.m2\repository\com\google\guava\listenablefuture\9999.0-empty-to-avoid-conflict-with-guava\listenablefuture-9999.0-empty-to-avoid-conflict-with-guava.jar;C:\Users\GITA\.m2\repository\com\google\code\findbugs\jsr305\3.0.2\jsr305-3.0.2.jar;C:\Users\GITA\.m2\repository\org\checkerframework\checker-qual\3.12.0\checker-qual-3.12.0.jar;C:\Users\GITA\.m2\repository\com\google\errorprone\error_prone_annotations\2.11.0\error_prone_annotations-2.11.0.jar;C:\Users\GITA\.m2\repository\com\google\j2objc\j2objc-annotations\1.3\j2objc-annotations-1.3.jar;C:\Users\GITA\.m2\repository\com\google\inject\guice\5.1.0\guice-5.1.0.jar;C:\Users\GITA\.m2\repository\javax\inject\javax.inject\1\javax.inject-1.jar;C:\Users\GITA\.m2\repository\aopalliance\aopalliance\1.0\aopalliance-1.0.jar;C:\Users\GITA\.m2\repository\org\jsoup\jsoup\1.14.3\jsoup-1.14.3.jar;C:\Users\GITA\.m2\repository\com\thoughtworks\xstream\xstream\1.4.19\xstream-1.4.19.jar;C:\Users\GITA\.m2\repository\io\github\x-stream\mxparser\1.2.2\mxparser-1.2.2.jar;C:\Users\GITA\.m2\repository\xmlpull\xmlpull\1.1.3.1\xmlpull-1.1.3.1.jar;C:\Users\GITA\.m2\repository\com\typesafe\config\1.4.2\config-1.4.2.jar;C:\Users\GITA\.m2\repository\org\imgscalr\imgscalr-lib\4.2\imgscalr-lib-4.2.jar;C:\Users\GITA\.m2\repository\org\awaitility\awaitility\4.2.0\awaitility-4.2.0.jar;C:\Users\GITA\.m2\repository\org\freemarker\freemarker\2.3.31\freemarker-2.3.31.jar;C:\Users\GITA\.m2\repository\io\github\classgraph\classgraph\4.8.138\classgraph-4.8.138.jar;C:\Users\GITA\.m2\repository\net\sourceforge\jexcelapi\jxl\2.6.12\jxl-2.6.12.jar;C:\Users\GITA\.m2\repository\net\bytebuddy\byte-buddy-agent\1.12.18\byte-buddy-agent-1.12.18.jar;C:\Users\GITA\.m2\repository\org\objenesis\objenesis\3.1\objenesis-3.1.jar;C:\Users\GITA\.m2\repository\net\serenity-bdd\serenity-reports\3.5.1\serenity-reports-3.5.1.jar;C:\Users\GITA\.m2\repository\net\serenity-bdd\serenity-stats\3.5.1\serenity-stats-3.5.1.jar;C:\Users\GITA\.m2\repository\net\serenity-bdd\serenity-reports-configuration\3.5.1\serenity-reports-configuration-3.5.1.jar;C:\Users\GITA\.m2\repository\com\vladsch\flexmark\flexmark-all\0.34.30\flexmark-all-0.34.30.jar;C:\Users\GITA\.m2\repository\com\vladsch\flexmark\flexmark\0.34.30\flexmark-0.34.30.jar;C:\Users\GITA\.m2\repository\com\vladsch\flexmark\flexmark-ext-abbreviation\0.34.30\flexmark-ext-abbreviation-0.34.30.jar;C:\Users\GITA\.m2\repository\com\vladsch\flexmark\flexmark-ext-admonition\0.34.30\flexmark-ext-admonition-0.34.30.jar;C:\Users\GITA\.m2\repository\com\vladsch\flexmark\flexmark-ext-anchorlink\0.34.30\flexmark-ext-anchorlink-0.34.30.jar;C:\Users\GITA\.m2\repository\com\vladsch\flexmark\flexmark-ext-aside\0.34.30\flexmark-ext-aside-0.34.30.jar;C:\Users\GITA\.m2\repository\com\vladsch\flexmark\flexmark-ext-attributes\0.34.30\flexmark-ext-attributes-0.34.30.jar;C:\Users\GITA\.m2\repository\com\vladsch\flexmark\flexmark-ext-autolink\0.34.30\flexmark-ext-autolink-0.34.30.jar;C:\Users\GITA\.m2\repository\org\nibor\autolink\autolink\0.6.0\autolink-0.6.0.jar;C:\Users\GITA\.m2\repository\com\vladsch\flexmark\flexmark-ext-definition\0.34.30\flexmark-ext-definition-0.34.30.jar;C:\Users\GITA\.m2\repository\com\vladsch\flexmark\flexmark-ext-emoji\0.34.30\flexmark-ext-emoji-0.34.30.jar;C:\Users\GITA\.m2\repository\com\vladsch\flexmark\flexmark-ext-enumerated-reference\0.34.30\flexmark-ext-enumerated-reference-0.34.30.jar;C:\Users\GITA\.m2\repository\com\vladsch\flexmark\flexmark-ext-escaped-character\0.34.30\flexmark-ext-escaped-character-0.34.30.jar;C:\Users\GITA\.m2\repository\com\vladsch\flexmark\flexmark-ext-footnotes\0.34.30\flexmark-ext-footnotes-0.34.30.jar;C:\Users\GITA\.m2\repository\com\vladsch\flexmark\flexmark-ext-gfm-issues\0.34.30\flexmark-ext-gfm-issues-0.34.30.jar;C:\Users\GITA\.m2\repository\com\vladsch\flexmark\flexmark-ext-gfm-strikethrough\0.34.30\flexmark-ext-gfm-strikethrough-0.34.30.jar;C:\Users\GITA\.m2\repository\com\vladsch\flexmark\flexmark-ext-gfm-tables\0.34.30\flexmark-ext-gfm-tables-0.34.30.jar;C:\Users\GITA\.m2\repository\com\vladsch\flexmark\flexmark-ext-gfm-tasklist\0.34.30\flexmark-ext-gfm-tasklist-0.34.30.jar;C:\Users\GITA\.m2\repository\com\vladsch\flexmark\flexmark-ext-gfm-users\0.34.30\flexmark-ext-gfm-users-0.34.30.jar;C:\Users\GITA\.m2\repository\com\vladsch\flexmark\flexmark-ext-gitlab\0.34.30\flexmark-ext-gitlab-0.34.30.jar;C:\Users\GITA\.m2\repository\com\vladsch\flexmark\flexmark-ext-jekyll-front-matter\0.34.30\flexmark-ext-jekyll-front-matter-0.34.30.jar;C:\Users\GITA\.m2\repository\com\vladsch\flexmark\flexmark-ext-jekyll-tag\0.34.30\flexmark-ext-jekyll-tag-0.34.30.jar;C:\Users\GITA\.m2\repository\com\vladsch\flexmark\flexmark-ext-media-tags\0.34.30\flexmark-ext-media-tags-0.34.30.jar;C:\Users\GITA\.m2\repository\com\vladsch\flexmark\flexmark-test-util\0.34.30\flexmark-test-util-0.34.30.jar;C:\Users\GITA\.m2\repository\com\vladsch\flexmark\flexmark-ext-ins\0.34.30\flexmark-ext-ins-0.34.30.jar;C:\Users\GITA\.m2\repository\com\vladsch\flexmark\flexmark-ext-xwiki-macros\0.34.30\flexmark-ext-xwiki-macros-0.34.30.jar;C:\Users\GITA\.m2\repository\com\vladsch\flexmark\flexmark-ext-superscript\0.34.30\flexmark-ext-superscript-0.34.30.jar;C:\Users\GITA\.m2\repository\com\vladsch\flexmark\flexmark-ext-tables\0.34.30\flexmark-ext-tables-0.34.30.jar;C:\Users\GITA\.m2\repository\com\vladsch\flexmark\flexmark-ext-toc\0.34.30\flexmark-ext-toc-0.34.30.jar;C:\Users\GITA\.m2\repository\com\vladsch\flexmark\flexmark-ext-typographic\0.34.30\flexmark-ext-typographic-0.34.30.jar;C:\Users\GITA\.m2\repository\com\vladsch\flexmark\flexmark-ext-wikilink\0.34.30\flexmark-ext-wikilink-0.34.30.jar;C:\Users\GITA\.m2\repository\com\vladsch\flexmark\flexmark-ext-yaml-front-matter\0.34.30\flexmark-ext-yaml-front-matter-0.34.30.jar;C:\Users\GITA\.m2\repository\com\vladsch\flexmark\flexmark-ext-youtube-embedded\0.34.30\flexmark-ext-youtube-embedded-0.34.30.jar;C:\Users\GITA\.m2\repository\com\vladsch\flexmark\flexmark-formatter\0.34.30\flexmark-formatter-0.34.30.jar;C:\Users\GITA\.m2\repository\com\vladsch\flexmark\flexmark-html-parser\0.34.30\flexmark-html-parser-0.34.30.jar;C:\Users\GITA\.m2\repository\com\vladsch\flexmark\flexmark-jira-converter\0.34.30\flexmark-jira-converter-0.34.30.jar;C:\Users\GITA\.m2\repository\com\vladsch\flexmark\flexmark-pdf-converter\0.34.30\flexmark-pdf-converter-0.34.30.jar;C:\Users\GITA\.m2\repository\com\openhtmltopdf\openhtmltopdf-core\0.0.1-RC13\openhtmltopdf-core-0.0.1-RC13.jar;C:\Users\GITA\.m2\repository\com\openhtmltopdf\openhtmltopdf-pdfbox\0.0.1-RC13\openhtmltopdf-pdfbox-0.0.1-RC13.jar;C:\Users\GITA\.m2\repository\org\apache\pdfbox\pdfbox\2.0.8\pdfbox-2.0.8.jar;C:\Users\GITA\.m2\repository\org\apache\pdfbox\fontbox\2.0.8\fontbox-2.0.8.jar;C:\Users\GITA\.m2\repository\org\apache\pdfbox\xmpbox\2.0.8\xmpbox-2.0.8.jar;C:\Users\GITA\.m2\repository\de\rototor\pdfbox\graphics2d\0.12\graphics2d-0.12.jar;C:\Users\GITA\.m2\repository\com\openhtmltopdf\openhtmltopdf-rtl-support\0.0.1-RC13\openhtmltopdf-rtl-support-0.0.1-RC13.jar;C:\Users\GITA\.m2\repository\com\ibm\icu\icu4j\59.1\icu4j-59.1.jar;C:\Users\GITA\.m2\repository\com\openhtmltopdf\openhtmltopdf-jsoup-dom-converter\0.0.1-RC13\openhtmltopdf-jsoup-dom-converter-0.0.1-RC13.jar;C:\Users\GITA\.m2\repository\com\vladsch\flexmark\flexmark-profile-pegdown\0.34.30\flexmark-profile-pegdown-0.34.30.jar;C:\Users\GITA\.m2\repository\com\vladsch\flexmark\flexmark-util\0.34.30\flexmark-util-0.34.30.jar;C:\Users\GITA\.m2\repository\com\vladsch\flexmark\flexmark-youtrack-converter\0.34.30\flexmark-youtrack-converter-0.34.30.jar;C:\Users\GITA\.m2\repository\es\nitaur\markdown\txtmark\0.16\txtmark-0.16.jar;C:\Users\GITA\.m2\repository\net\serenity-bdd\serenity-report-resources\3.5.1\serenity-report-resources-3.5.1.jar;C:\Users\GITA\.m2\repository\com\google\code\gson\gson\2.9.0\gson-2.9.0.jar;C:\Users\GITA\.m2\repository\com\fasterxml\jackson\core\jackson-core\2.13.4\jackson-core-2.13.4.jar;C:\Users\GITA\.m2\repository\com\fasterxml\jackson\core\jackson-databind\2.13.4\jackson-databind-2.13.4.jar;C:\Users\GITA\.m2\repository\com\fasterxml\jackson\core\jackson-annotations\2.13.4\jackson-annotations-2.13.4.jar;C:\Users\GITA\.m2\repository\commons-codec\commons-codec\1.15\commons-codec-1.15.jar;C:\Users\GITA\.m2\repository\commons-io\commons-io\2.11.0\commons-io-2.11.0.jar;C:\Users\GITA\.m2\repository\org\apache\httpcomponents\httpclient\4.5.13\httpclient-4.5.13.jar;C:\Users\GITA\.m2\repository\org\apache\httpcomponents\httpcore\4.4.13\httpcore-4.4.13.jar;C:\Users\GITA\.m2\repository\commons-logging\commons-logging\1.2\commons-logging-1.2.jar;C:\Users\GITA\.m2\repository\org\seleniumhq\selenium\selenium-java\4.7.1\selenium-java-4.7.1.jar;C:\Users\GITA\.m2\repository\org\seleniumhq\selenium\selenium-devtools-v106\4.7.1\selenium-devtools-v106-4.7.1.jar;C:\Users\GITA\.m2\repository\org\seleniumhq\selenium\selenium-devtools-v107\4.7.1\selenium-devtools-v107-4.7.1.jar;C:\Users\GITA\.m2\repository\org\seleniumhq\selenium\selenium-devtools-v108\4.7.1\selenium-devtools-v108-4.7.1.jar;C:\Users\GITA\.m2\repository\org\seleniumhq\selenium\selenium-devtools-v85\4.7.1\selenium-devtools-v85-4.7.1.jar;C:\Users\GITA\.m2\repository\org\seleniumhq\selenium\selenium-remote-driver\4.7.1\selenium-remote-driver-4.7.1.jar;C:\Users\GITA\.m2\repository\com\beust\jcommander\1.82\jcommander-1.82.jar;C:\Users\GITA\.m2\repository\io\netty\netty-buffer\4.1.84.Final\netty-buffer-4.1.84.Final.jar;C:\Users\GITA\.m2\repository\io\netty\netty-codec-http\4.1.84.Final\netty-codec-http-4.1.84.Final.jar;C:\Users\GITA\.m2\repository\io\netty\netty-codec\4.1.84.Final\netty-codec-4.1.84.Final.jar;C:\Users\GITA\.m2\repository\io\netty\netty-handler\4.1.84.Final\netty-handler-4.1.84.Final.jar;C:\Users\GITA\.m2\repository\io\netty\netty-common\4.1.84.Final\netty-common-4.1.84.Final.jar;C:\Users\GITA\.m2\repository\io\netty\netty-transport-classes-epoll\4.1.84.Final\netty-transport-classes-epoll-4.1.84.Final.jar;C:\Users\GITA\.m2\repository\io\netty\netty-transport-classes-kqueue\4.1.84.Final\netty-transport-classes-kqueue-4.1.84.Final.jar;C:\Users\GITA\.m2\repository\io\netty\netty-transport-native-epoll\4.1.84.Final\netty-transport-native-epoll-4.1.84.Final.jar;C:\Users\GITA\.m2\repository\io\netty\netty-transport-native-kqueue\4.1.84.Final\netty-transport-native-kqueue-4.1.84.Final.jar;C:\Users\GITA\.m2\repository\io\netty\netty-transport-native-unix-common\4.1.84.Final\netty-transport-native-unix-common-4.1.84.Final.jar;C:\Users\GITA\.m2\repository\io\netty\netty-transport\4.1.84.Final\netty-transport-4.1.84.Final.jar;C:\Users\GITA\.m2\repository\io\netty\netty-resolver\4.1.84.Final\netty-resolver-4.1.84.Final.jar;C:\Users\GITA\.m2\repository\io\opentelemetry\opentelemetry-api\1.19.0\opentelemetry-api-1.19.0.jar;C:\Users\GITA\.m2\repository\io\opentelemetry\opentelemetry-context\1.19.0\opentelemetry-context-1.19.0.jar;C:\Users\GITA\.m2\repository\io\opentelemetry\opentelemetry-exporter-logging\1.19.0\opentelemetry-exporter-logging-1.19.0.jar;C:\Users\GITA\.m2\repository\io\opentelemetry\opentelemetry-sdk-metrics\1.19.0\opentelemetry-sdk-metrics-1.19.0.jar;C:\Users\GITA\.m2\repository\io\opentelemetry\opentelemetry-sdk-logs\1.19.0-alpha\opentelemetry-sdk-logs-1.19.0-alpha.jar;C:\Users\GITA\.m2\repository\io\opentelemetry\opentelemetry-api-logs\1.19.0-alpha\opentelemetry-api-logs-1.19.0-alpha.jar;C:\Users\GITA\.m2\repository\io\opentelemetry\opentelemetry-sdk-common\1.19.0\opentelemetry-sdk-common-1.19.0.jar;C:\Users\GITA\.m2\repository\io\opentelemetry\opentelemetry-sdk-extension-autoconfigure-spi\1.19.0\opentelemetry-sdk-extension-autoconfigure-spi-1.19.0.jar;C:\Users\GITA\.m2\repository\io\opentelemetry\opentelemetry-sdk-extension-autoconfigure\1.19.0-alpha\opentelemetry-sdk-extension-autoconfigure-1.19.0-alpha.jar;C:\Users\GITA\.m2\repository\io\opentelemetry\opentelemetry-exporter-common\1.19.0\opentelemetry-exporter-common-1.19.0.jar;C:\Users\GITA\.m2\repository\io\opentelemetry\opentelemetry-sdk-trace\1.19.0\opentelemetry-sdk-trace-1.19.0.jar;C:\Users\GITA\.m2\repository\io\opentelemetry\opentelemetry-sdk\1.19.0\opentelemetry-sdk-1.19.0.jar;C:\Users\GITA\.m2\repository\io\opentelemetry\opentelemetry-semconv\1.19.0-alpha\opentelemetry-semconv-1.19.0-alpha.jar;C:\Users\GITA\.m2\repository\io\ous\jtoml\2.0.0\jtoml-2.0.0.jar;C:\Users\GITA\.m2\repository\org\apache\commons\commons-exec\1.3\commons-exec-1.3.jar;C:\Users\GITA\.m2\repository\org\asynchttpclient\async-http-client\2.12.3\async-http-client-2.12.3.jar;C:\Users\GITA\.m2\repository\org\asynchttpclient\async-http-client-netty-utils\2.12.3\async-http-client-netty-utils-2.12.3.jar;C:\Users\GITA\.m2\repository\io\netty\netty-codec-socks\4.1.60.Final\netty-codec-socks-4.1.60.Final.jar;C:\Users\GITA\.m2\repository\io\netty\netty-handler-proxy\4.1.60.Final\netty-handler-proxy-4.1.60.Final.jar;C:\Users\GITA\.m2\repository\io\netty\netty-transport-native-epoll\4.1.60.Final\netty-transport-native-epoll-4.1.60.Final-linux-x86_64.jar;C:\Users\GITA\.m2\repository\io\netty\netty-transport-native-kqueue\4.1.60.Final\netty-transport-native-kqueue-4.1.60.Final-osx-x86_64.jar;C:\Users\GITA\.m2\repository\org\reactivestreams\reactive-streams\1.0.3\reactive-streams-1.0.3.jar;C:\Users\GITA\.m2\repository\com\typesafe\netty\netty-reactive-streams\2.0.4\netty-reactive-streams-2.0.4.jar;C:\Users\GITA\.m2\repository\org\seleniumhq\selenium\selenium-manager\4.7.1\selenium-manager-4.7.1.jar;C:\Users\GITA\.m2\repository\org\seleniumhq\selenium\selenium-safari-driver\4.7.1\selenium-safari-driver-4.7.1.jar;C:\Users\GITA\.m2\repository\org\seleniumhq\selenium\selenium-api\4.7.1\selenium-api-4.7.1.jar;C:\Users\GITA\.m2\repository\org\seleniumhq\selenium\selenium-support\4.7.1\selenium-support-4.7.1.jar;C:\Users\GITA\.m2\repository\com\google\auto\service\auto-service-annotations\1.0.1\auto-service-annotations-1.0.1.jar;C:\Users\GITA\.m2\repository\com\google\auto\service\auto-service\1.0.1\auto-service-1.0.1.jar;C:\Users\GITA\.m2\repository\com\google\auto\auto-common\1.2\auto-common-1.2.jar;C:\Users\GITA\.m2\repository\org\seleniumhq\selenium\selenium-json\4.7.1\selenium-json-4.7.1.jar;C:\Users\GITA\.m2\repository\org\seleniumhq\selenium\selenium-chrome-driver\4.7.1\selenium-chrome-driver-4.7.1.jar;C:\Users\GITA\.m2\repository\org\seleniumhq\selenium\selenium-chromium-driver\4.7.1\selenium-chromium-driver-4.7.1.jar;C:\Users\GITA\.m2\repository\org\seleniumhq\selenium\selenium-firefox-driver\4.7.1\selenium-firefox-driver-4.7.1.jar;C:\Users\GITA\.m2\repository\org\seleniumhq\selenium\selenium-http\4.7.1\selenium-http-4.7.1.jar;C:\Users\GITA\.m2\repository\dev\failsafe\failsafe\3.3.0\failsafe-3.3.0.jar;C:\Users\GITA\.m2\repository\org\seleniumhq\selenium\selenium-edge-driver\4.7.1\selenium-edge-driver-4.7.1.jar;C:\Users\GITA\.m2\repository\org\seleniumhq\selenium\selenium-ie-driver\4.7.1\selenium-ie-driver-4.7.1.jar;C:\Users\GITA\.m2\repository\org\projectlombok\lombok\1.18.20\lombok-1.18.20.jar;C:\Users\GITA\.m2\repository\io\appium\java-client\8.3.0\java-client-8.3.0.jar;C:\Users\GITA\.m2\repository\commons-validator\commons-validator\1.7\commons-validator-1.7.jar;C:\Users\GITA\.m2\repository\commons-digester\commons-digester\2.1\commons-digester-2.1.jar;C:\Users\GITA\.m2\repository\org\apache\groovy\groovy\4.0.6\groovy-4.0.6.jar;C:\Users\GITA\.m2\repository\net\sf\opencsv\opencsv\2.0\opencsv-2.0.jar;C:\Users\GITA\.m2\repository\commons-beanutils\commons-beanutils\1.9.4\commons-beanutils-1.9.4.jar;C:\Users\GITA\.m2\repository\org\apache\commons\commons-lang3\3.12.0\commons-lang3-3.12.0.jar;C:\Users\GITA\.m2\repository\commons-collections\commons-collections\3.2.2\commons-collections-3.2.2.jar;C:\Users\GITA\.m2\repository\org\fluentlenium\fluentlenium-core\0.10.2\fluentlenium-core-0.10.2.jar;C:\Users\GITA\.m2\repository\io\github\bonigarcia\webdrivermanager\5.3.0\webdrivermanager-5.3.0.jar;C:\Users\GITA\.m2\repository\com\github\docker-java\docker-java\3.2.13\docker-java-3.2.13.jar;C:\Users\GITA\.m2\repository\com\github\docker-java\docker-java-core\3.2.13\docker-java-core-3.2.13.jar;C:\Users\GITA\.m2\repository\com\github\docker-java\docker-java-api\3.2.13\docker-java-api-3.2.13.jar;C:\Users\GITA\.m2\repository\org\apache\commons\commons-compress\1.21\commons-compress-1.21.jar;C:\Users\GITA\.m2\repository\org\bouncycastle\bcpkix-jdk15on\1.64\bcpkix-jdk15on-1.64.jar;C:\Users\GITA\.m2\repository\org\bouncycastle\bcprov-jdk15on\1.64\bcprov-jdk15on-1.64.jar;C:\Users\GITA\.m2\repository\org\slf4j\jcl-over-slf4j\1.7.30\jcl-over-slf4j-1.7.30.jar;C:\Users\GITA\.m2\repository\com\github\docker-java\docker-java-transport-httpclient5\3.2.13\docker-java-transport-httpclient5-3.2.13.jar;C:\Users\GITA\.m2\repository\com\github\docker-java\docker-java-transport\3.2.13\docker-java-transport-3.2.13.jar;C:\Users\GITA\.m2\repository\net\java\dev\jna\jna\5.8.0\jna-5.8.0.jar;C:\Users\GITA\.m2\repository\org\brotli\dec\0.1.2\dec-0.1.2.jar;C:\Users\GITA\.m2\repository\org\apache\httpcomponents\client5\httpclient5\5.1.3\httpclient5-5.1.3.jar;C:\Users\GITA\.m2\repository\org\apache\httpcomponents\core5\httpcore5\5.1.3\httpcore5-5.1.3.jar;C:\Users\GITA\.m2\repository\org\apache\httpcomponents\core5\httpcore5-h2\5.1.3\httpcore5-h2-5.1.3.jar;C:\Users\GITA\.m2\repository\com\jhlabs\filters\2.0.235\filters-2.0.235.jar;C:\Users\GITA\.m2\repository\com\paulhammant\ngwebdriver\1.1.6\ngwebdriver-1.1.6.jar;C:\Users\GITA\.m2\repository\joda-time\joda-time\2.8.2\joda-time-2.8.2.jar;C:\Users\GITA\.m2\repository\org\hamcrest\hamcrest\2.2\hamcrest-2.2.jar;C:\Users\GITA\.m2\repository\com\google\jimfs\jimfs\1.2\jimfs-1.2.jar;C:\Users\GITA\.m2\repository\org\mockito\mockito-core\3.3.3\mockito-core-3.3.3.jar;C:\Users\GITA\.m2\repository\javax\xml\bind\jaxb-api\2.3.1\jaxb-api-2.3.1.jar;C:\Users\GITA\.m2\repository\javax\activation\javax.activation-api\1.2.0\javax.activation-api-1.2.0.jar;C:\Users\GITA\.m2\repository\com\sun\xml\bind\jaxb-core\2.3.0.1\jaxb-core-2.3.0.1.jar;C:\Users\GITA\.m2\repository\com\sun\xml\bind\jaxb-impl\2.3.3\jaxb-impl-2.3.3.jar;C:\Users\GITA\.m2\repository\jakarta\xml\bind\jakarta.xml.bind-api\2.3.3\jakarta.xml.bind-api-2.3.3.jar;C:\Users\GITA\.m2\repository\com\sun\activation\jakarta.activation\1.2.2\jakarta.activation-1.2.2.jar;C:\Users\GITA\.m2\repository\javax\activation\activation\1.1.1\activation-1.1.1.jar;C:\Users\GITA\.m2\repository\net\serenity-bdd\serenity-rest-assured\3.5.1\serenity-rest-assured-3.5.1.jar;C:\Users\GITA\.m2\repository\io\rest-assured\rest-assured\5.2.0\rest-assured-5.2.0.jar;C:\Users\GITA\.m2\repository\org\apache\httpcomponents\httpmime\4.5.13\httpmime-4.5.13.jar;C:\Users\GITA\.m2\repository\org\ccil\cowan\tagsoup\tagsoup\1.2.1\tagsoup-1.2.1.jar;C:\Users\GITA\.m2\repository\io\rest-assured\json-path\5.2.0\json-path-5.2.0.jar;C:\Users\GITA\.m2\repository\io\rest-assured\rest-assured-common\5.2.0\rest-assured-common-5.2.0.jar;C:\Users\GITA\.m2\repository\io\rest-assured\xml-path\5.2.0\xml-path-5.2.0.jar;C:\Users\GITA\.m2\repository\org\apache\groovy\groovy-json\4.0.6\groovy-json-4.0.6.jar;C:\Users\GITA\.m2\repository\org\apache\groovy\groovy-xml\4.0.6\groovy-xml-4.0.6.jar;C:\Users\GITA\.m2\repository\org\opentest4j\opentest4j\1.2.0\opentest4j-1.2.0.jar;C:\Users\GITA\.m2\repository\net\serenity-bdd\serenity-cucumber\3.5.1\serenity-cucumber-3.5.1.jar;C:\Users\GITA\.m2\repository\io\cucumber\cucumber-core\7.8.1\cucumber-core-7.8.1.jar;C:\Users\GITA\.m2\repository\io\cucumber\cucumber-gherkin\7.8.1\cucumber-gherkin-7.8.1.jar;C:\Users\GITA\.m2\repository\io\cucumber\cucumber-gherkin-messages\7.8.1\cucumber-gherkin-messages-7.8.1.jar;C:\Users\GITA\.m2\repository\io\cucumber\gherkin\24.0.0\gherkin-24.0.0.jar;C:\Users\GITA\.m2\repository\io\cucumber\messages\19.1.4\messages-19.1.4.jar;C:\Users\GITA\.m2\repository\io\cucumber\tag-expressions\4.1.0\tag-expressions-4.1.0.jar;C:\Users\GITA\.m2\repository\io\cucumber\cucumber-expressions\16.0.0\cucumber-expressions-16.0.0.jar;C:\Users\GITA\.m2\repository\io\cucumber\datatable\7.8.1\datatable-7.8.1.jar;C:\Users\GITA\.m2\repository\io\cucumber\cucumber-plugin\7.8.1\cucumber-plugin-7.8.1.jar;C:\Users\GITA\.m2\repository\io\cucumber\docstring\7.8.1\docstring-7.8.1.jar;C:\Users\GITA\.m2\repository\io\cucumber\html-formatter\20.1.0\html-formatter-20.1.0.jar;C:\Users\GITA\.m2\repository\io\cucumber\ci-environment\9.1.0\ci-environment-9.1.0.jar;C:\Users\GITA\.m2\repository\io\cucumber\cucumber-java\7.8.1\cucumber-java-7.8.1.jar;C:\Users\GITA\.m2\repository\io\cucumber\cucumber-junit\7.8.1\cucumber-junit-7.8.1.jar;C:\Users\GITA\.m2\repository\org\apache\commons\commons-csv\1.5\commons-csv-1.5.jar;C:\Users\GITA\.m2\repository\net\serenity-bdd\serenity-screenplay\3.5.1\serenity-screenplay-3.5.1.jar;C:\Users\GITA\.m2\repository\net\serenity-bdd\serenity-screenplay-webdriver\3.5.1\serenity-screenplay-webdriver-3.5.1.jar;C:\Users\GITA\.m2\repository\net\serenity-bdd\serenity-ensure\3.5.1\serenity-ensure-3.5.1.jar;C:\Users\GITA\.m2\repository\net\serenity-bdd\serenity-junit\3.5.1\serenity-junit-3.5.1.jar;C:\Users\GITA\.m2\repository\org\jetbrains\kotlin\kotlin-stdlib\1.7.21\kotlin-stdlib-1.7.21.jar;C:\Users\GITA\.m2\repository\org\jetbrains\kotlin\kotlin-stdlib-common\1.7.21\kotlin-stdlib-common-1.7.21.jar;C:\Users\GITA\.m2\repository\org\jetbrains\annotations\13.0\annotations-13.0.jar;C:\Users\GITA\.m2\repository\org\junit\platform\junit-platform-launcher\1.8.2\junit-platform-launcher-1.8.2.jar;C:\Users\GITA\.m2\repository\org\junit\platform\junit-platform-engine\1.8.2\junit-platform-engine-1.8.2.jar;C:\Users\GITA\.m2\repository\org\junit\platform\junit-platform-commons\1.8.2\junit-platform-commons-1.8.2.jar;C:\Users\GITA\.m2\repository\org\apiguardian\apiguardian-api\1.1.2\apiguardian-api-1.1.2.jar;C:\Users\GITA\.m2\repository\org\junit\jupiter\junit-jupiter-engine\5.8.2\junit-jupiter-engine-5.8.2.jar;C:\Users\GITA\.m2\repository\org\junit\jupiter\junit-jupiter-api\5.8.2\junit-jupiter-api-5.8.2.jar;C:\Users\GITA\.m2\repository\org\junit\vintage\junit-vintage-engine\5.8.2\junit-vintage-engine-5.8.2.jar;C:\Users\GITA\.m2\repository\junit\junit\4.13.2\junit-4.13.2.jar;C:\Users\GITA\.m2\repository\org\hamcrest\hamcrest-core\1.3\hamcrest-core-1.3.jar;C:\Users\GITA\.m2\repository\ch\qos\logback\logback-classic\1.2.10\logback-classic-1.2.10.jar;C:\Users\GITA\.m2\repository\ch\qos\logback\logback-core\1.2.10\logback-core-1.2.10.jar;C:\Users\GITA\.m2\repository\org\slf4j\slf4j-api\1.7.32\slf4j-api-1.7.32.jar;C:\Users\GITA\.m2\repository\org\assertj\assertj-core\3.23.1\assertj-core-3.23.1.jar;C:\Users\GITA\.m2\repository\net\bytebuddy\byte-buddy\1.12.10\byte-buddy-1.12.10.jar;C:\Users\GITA\.m2\repository\com\googlecode\json-simple\json-simple\1.1.1\json-simple-1.1.1.jar;C:\Users\GITA\.m2\repository\org\apache\maven\surefire\surefire-junit-platform\3.0.0-M5\surefire-junit-platform-3.0.0-M5.jar;C:\Users\GITA\.m2\repository\org\apache\maven\surefire\common-java5\3.0.0-M5\common-java5-3.0.0-M5.jar"/>
    <property name="user.script" value=""/>
    <property name="sun.management.compiler" value="HotSpot 64-Bit Tiered Compilers"/>
    <property name="java.runtime.version" value="19.0.2+7-44"/>
    <property name="user.name" value="GITA"/>
    <property name="stdout.encoding" value="Cp1252"/>
    <property name="path.separator" value=";"/>
    <property name="os.version" value="10.0"/>
    <property name="java.runtime.name" value="Java(TM) SE Runtime Environment"/>
    <property name="file.encoding" value="UTF-8"/>
    <property name="webdriver.base.url" value=""/>
    <property name="java.vm.name" value="Java HotSpot(TM) 64-Bit Server VM"/>
    <property name="localRepository" value="C:\Users\GITA\.m2\repository"/>
    <property name="java.vendor.url.bug" value="https://bugreport.java.com/bugreport/"/>
    <property name="java.io.tmpdir" value="C:\Users\GITA\AppData\Local\Temp\"/>
    <property name="java.version" value="19.0.2"/>
    <property name="user.dir" value="E:\mini peoject\RestAPi"/>
    <property name="os.arch" value="amd64"/>
    <property name="java.vm.specification.name" value="Java Virtual Machine Specification"/>
    <property name="sun.os.patch.level" value=""/>
    <property name="native.encoding" value="Cp1252"/>
    <property name="java.library.path" value="C:\Program Files\Java\jdk-19\bin;C:\Windows\Sun\Java\bin;C:\Windows\system32;C:\Windows;C:\Program Files\Python311\Scripts\;C:\Program Files\Python311\;C:\Program Files\Common Files\Oracle\Java\javapath;C:\Program Files (x86)\Common Files\Oracle\Java\javapath;C:\Windows\system32;C:\Windows;C:\Windows\System32\Wbem;C:\Windows\System32\WindowsPowerShell\v1.0\;C:\Windows\System32\OpenSSH\;C:\Program Files\Java\jdk-19\bin;C:\Program Files\Git\cmd;C:\Program Files\nodejs\;C:\ProgramData\chocolatey\bin;C:\Program Files\apache-maven-3.8.8\bin;C:\Users\GITA\AppData\Local\Android\Sdk\platform-tools;C:\Program Files\Java\jdk-19;C:\Users\GITA\AppData\Local\Microsoft\WindowsApps;C:\Users\GITA\AppData\Local\Programs\Microsoft VS Code\bin;C:\Users\GITA\AppData\Local\GitHubDesktop\bin;C:\Users\GITA\AppData\Roaming\npm;C:\Users\GITA\AppData\Roaming\Python\Python311\Scripts;C:\Program Files\Java\jdk-19\bin;C:\Program Files\Git\cmd;;."/>
    <property name="java.vm.info" value="mixed mode"/>
    <property name="stderr.encoding" value="Cp1252"/>
    <property name="java.vendor" value="Oracle Corporation"/>
    <property name="java.vm.version" value="19.0.2+7-44"/>
    <property name="sun.io.unicode.encoding" value="UnicodeLittle"/>
    <property name="java.class.version" value="63.0"/>
  </properties>
  <testcase name="Register using a valid full name, email and password" classname="Authentication" time="11.429">
    <system-out><![CDATA[18:55:58.583 [main] DEBUG net.thucydides.core.guice.Injectors - Created injector for module net.thucydides.core.guice.ThucydidesModule
18:55:59.322 [main] INFO io.cucumber.core.plugin.SerenityReporter - Running feature from file:///E:/mini%20peoject/RestAPi/src/test/resources/api/Authentication.feature
18:55:59.322 [main] WARN io.cucumber.core.plugin.SerenityReporter - Feature from file:///E:/mini%20peoject/RestAPi/src/test/resources/api/Authentication.feature is not under the 'features' directory. Requirements report will not be correctly generated!
18:55:59.764 [main] DEBUG net.thucydides.core.guice.Injectors - Created injector for module net.thucydides.core.guice.webdriver.WebDriverModule
18:55:59.829 [main] INFO  - 

-------------------------------------------------------------------------------------
     _______. _______ .______       _______ .__   __.  __  .___________.____    ____ 
    /       ||   ____||   _  \     |   ____||  \ |  | |  | |           |\   \  /   / 
   |   (----`|  |__   |  |_)  |    |  |__   |   \|  | |  | `---|  |----` \   \/   /  
    \   \    |   __|  |      /     |   __|  |  . `  | |  |     |  |       \_    _/   
.----)   |   |  |____ |  |\  \----.|  |____ |  |\   | |  |     |  |         |  |     
|_______/    |_______|| _| `._____||_______||__| \__| |__|     |__|         |__|    
                                                                                     
 News and tutorials at http://www.serenity-bdd.info                                  
 Documentation at https://wakaleo.gitbooks.io/the-serenity-book/content/             
 Join the Serenity Community on Gitter: https://gitter.im/serenity-bdd/serenity-core 
 Serenity BDD Support and Training at http://serenity-bdd.info/#/trainingandsupport  
-------------------------------------------------------------------------------------

18:55:59.835 [main] DEBUG net.thucydides.core.steps.StepEventBus - Test suite started for story net.thucydides.core.model.Story@ca9e30c4
18:55:59.844 [main] INFO  - Test Suite Started: Authentication
18:55:59.884 [main] INFO io.cucumber.core.plugin.SerenityReporter - Running feature from file:///E:/mini%20peoject/RestAPi/src/test/resources/api/Produk.feature
18:55:59.885 [main] WARN io.cucumber.core.plugin.SerenityReporter - Feature from file:///E:/mini%20peoject/RestAPi/src/test/resources/api/Produk.feature is not under the 'features' directory. Requirements report will not be correctly generated!
18:55:59.925 [main] DEBUG net.thucydides.core.steps.StepEventBus - Test suite started for story net.thucydides.core.model.Story@55ef6c0d
18:55:59.927 [main] INFO  - Test Suite Started: Products
18:55:59.927 [main] INFO io.cucumber.core.plugin.SerenityReporter - Running feature from file:///E:/mini%20peoject/RestAPi/src/test/resources/api/order.feature
18:55:59.927 [main] WARN io.cucumber.core.plugin.SerenityReporter - Feature from file:///E:/mini%20peoject/RestAPi/src/test/resources/api/order.feature is not under the 'features' directory. Requirements report will not be correctly generated!
18:55:59.937 [main] DEBUG net.thucydides.core.steps.StepEventBus - Test suite started for story net.thucydides.core.model.Story@f12b04ac
18:55:59.938 [main] INFO  - Test Suite Started: Order
18:55:59.938 [main] INFO io.cucumber.core.plugin.SerenityReporter - Running feature from file:///E:/mini%20peoject/RestAPi/src/test/resources/api/productcategory.feature
18:55:59.939 [main] WARN io.cucumber.core.plugin.SerenityReporter - Feature from file:///E:/mini%20peoject/RestAPi/src/test/resources/api/productcategory.feature is not under the 'features' directory. Requirements report will not be correctly generated!
18:55:59.951 [main] DEBUG net.thucydides.core.steps.StepEventBus - Test suite started for story net.thucydides.core.model.Story@ad8c0c9b
18:55:59.952 [main] INFO  - Test Suite Started: Category
18:55:59.953 [main] INFO io.cucumber.core.plugin.SerenityReporter - Running feature from file:///E:/mini%20peoject/RestAPi/src/test/resources/api/Authentication.feature
18:55:59.953 [main] WARN io.cucumber.core.plugin.SerenityReporter - Feature from file:///E:/mini%20peoject/RestAPi/src/test/resources/api/Authentication.feature is not under the 'features' directory. Requirements report will not be correctly generated!
18:55:59.960 [main] DEBUG net.thucydides.core.steps.StepEventBus - Test suite started for story net.thucydides.core.model.Story@ca9e30c4
18:55:59.961 [main] INFO  - Test Suite Started: Authentication

Scenario: Register using a valid full name, email and password                                                                           &amp#27;[90m# src/test/resources/api/Authentication.feature:3&amp#27;[0m
18:56:00.291 [main] INFO io.cucumber.core.plugin.SerenityReporter - Running feature from file:///E:/mini%20peoject/RestAPi/src/test/resources/api/Authentication.feature
18:56:00.291 [main] WARN io.cucumber.core.plugin.SerenityReporter - Feature from file:///E:/mini%20peoject/RestAPi/src/test/resources/api/Authentication.feature is not under the 'features' directory. Requirements report will not be correctly generated!
18:56:00.585 [main] INFO  - 
  _____   ___   ___   _____     ___   _____     _     ___   _____   ___   ___  
 |_   _| | __| / __| |_   _|   / __| |_   _|   /_\   | _ \ |_   _| | __| |   \ 
   | |   | _|  \__ \   | |     \__ \   | |    / _ \  |   /   | |   | _|  | |) |
   |_|   |___| |___/   |_|     |___/   |_|   /_/ \_\ |_|_\   |_|   |___| |___/ 

Register using a valid full name, email and password(authentication;register-using-a-valid-full-name--email-and-password)
--------------------------------------------------------------------------------
18:56:01.734 [main] DEBUG net.thucydides.core.steps.StepInterceptor - STARTING STEP: LoginSteps.iRegisterUsingTheCorrectData - I register using the correct data
18:56:01.739 [main] DEBUG net.thucydides.core.steps.StepInterceptor - STEP DONE: I register using the correct data
  &amp#27;[32mGiven &amp#27;[0m&amp#27;[32mI register using the correct data&amp#27;[0m                                                                                                &amp#27;[90m# starter.stepdefinitions.LoginSteps.iRegisterUsingTheCorrectData()&amp#27;[0m
18:56:01.780 [main] DEBUG net.thucydides.core.steps.StepInterceptor - STARTING STEP: LoginSteps.iSubmitAPOSTRequestToWithFullnameEmailAndPassword - I submit a POST request to {string} with fullname Gita Leoni Dwi Fripta, email Fripta21@gmail.com and password Fripta34
18:56:08.374 [main] DEBUG net.thucydides.core.steps.StepInterceptor - STARTING STEP: Register.POSTRequestToWithFullnameEmailAndPassword - I register using the correct data
18:56:08.375 [main] DEBUG net.thucydides.core.steps.StepInterceptor - STEP DONE: I register using the correct data
18:56:10.374 [main] DEBUG org.apache.http.impl.conn.BasicClientConnectionManager - Get connection for route {s}->https://altashop-api.fly.dev:443
18:56:10.496 [main] DEBUG org.apache.http.impl.conn.DefaultClientConnectionOperator - Connecting to altashop-api.fly.dev:443
18:56:11.020 [main] DEBUG org.apache.http.client.protocol.RequestAddCookies - CookieSpec selected: ignoreCookies
18:56:11.022 [main] DEBUG org.apache.http.client.protocol.RequestAuthCache - Auth cache not set in the context
18:56:11.023 [main] DEBUG org.apache.http.client.protocol.RequestTargetAuthentication - Target auth state: UNCHALLENGED
18:56:11.024 [main] DEBUG org.apache.http.client.protocol.RequestProxyAuthentication - Proxy auth state: UNCHALLENGED
18:56:11.024 [main] DEBUG org.apache.http.impl.client.DefaultHttpClient - Attempt 1 to execute request
18:56:11.024 [main] DEBUG org.apache.http.impl.conn.DefaultClientConnection - Sending request: POST /api/auth/register HTTP/1.1
18:56:11.024 [main] DEBUG org.apache.http.wire -  >> "POST /api/auth/register HTTP/1.1[\r][\n]"
18:56:11.027 [main] DEBUG org.apache.http.wire -  >> "Accept: */*[\r][\n]"
18:56:11.027 [main] DEBUG org.apache.http.wire -  >> "Content-Type: application/json[\r][\n]"
18:56:11.028 [main] DEBUG org.apache.http.wire -  >> "Content-Length: 79[\r][\n]"
18:56:11.028 [main] DEBUG org.apache.http.wire -  >> "Host: altashop-api.fly.dev[\r][\n]"
18:56:11.028 [main] DEBUG org.apache.http.wire -  >> "Connection: Keep-Alive[\r][\n]"
18:56:11.028 [main] DEBUG org.apache.http.wire -  >> "User-Agent: Apache-HttpClient/4.5.13 (Java/19.0.2)[\r][\n]"
18:56:11.029 [main] DEBUG org.apache.http.wire -  >> "Accept-Encoding: gzip,deflate[\r][\n]"
18:56:11.029 [main] DEBUG org.apache.http.wire -  >> "[\r][\n]"
18:56:11.029 [main] DEBUG org.apache.http.headers - >> POST /api/auth/register HTTP/1.1
18:56:11.029 [main] DEBUG org.apache.http.headers - >> Accept: */*
18:56:11.029 [main] DEBUG org.apache.http.headers - >> Content-Type: application/json
18:56:11.030 [main] DEBUG org.apache.http.headers - >> Content-Length: 79
18:56:11.030 [main] DEBUG org.apache.http.headers - >> Host: altashop-api.fly.dev
18:56:11.030 [main] DEBUG org.apache.http.headers - >> Connection: Keep-Alive
18:56:11.031 [main] DEBUG org.apache.http.headers - >> User-Agent: Apache-HttpClient/4.5.13 (Java/19.0.2)
18:56:11.031 [main] DEBUG org.apache.http.headers - >> Accept-Encoding: gzip,deflate
18:56:11.032 [main] DEBUG org.apache.http.wire -  >> "{"password":"testing123m","fullname":"testing123","email":"efcfddfe@gmail.com"}"
18:56:11.067 [main] DEBUG org.apache.http.wire -  << "HTTP/1.1 200 OK[\r][\n]"
18:56:11.069 [main] DEBUG org.apache.http.wire -  << "content-type: application/json[\r][\n]"
18:56:11.070 [main] DEBUG org.apache.http.wire -  << "date: Tue, 09 May 2023 11:56:11 GMT[\r][\n]"
18:56:11.070 [main] DEBUG org.apache.http.wire -  << "content-encoding: gzip[\r][\n]"
18:56:11.070 [main] DEBUG org.apache.http.wire -  << "transfer-encoding: chunked[\r][\n]"
18:56:11.070 [main] DEBUG org.apache.http.wire -  << "server: Fly/3f2597ca (2023-05-03)[\r][\n]"
18:56:11.071 [main] DEBUG org.apache.http.wire -  << "via: 1.1 fly.io[\r][\n]"
18:56:11.071 [main] DEBUG org.apache.http.wire -  << "fly-request-id: 01H005WXW53853MWTQB33N3SYG-sin[\r][\n]"
18:56:11.071 [main] DEBUG org.apache.http.wire -  << "[\r][\n]"
18:56:11.072 [main] DEBUG org.apache.http.impl.conn.DefaultClientConnection - Receiving response: HTTP/1.1 200 OK
18:56:11.072 [main] DEBUG org.apache.http.headers - << HTTP/1.1 200 OK
18:56:11.072 [main] DEBUG org.apache.http.headers - << content-type: application/json
18:56:11.072 [main] DEBUG org.apache.http.headers - << date: Tue, 09 May 2023 11:56:11 GMT
18:56:11.072 [main] DEBUG org.apache.http.headers - << content-encoding: gzip
18:56:11.072 [main] DEBUG org.apache.http.headers - << transfer-encoding: chunked
18:56:11.072 [main] DEBUG org.apache.http.headers - << server: Fly/3f2597ca (2023-05-03)
18:56:11.072 [main] DEBUG org.apache.http.headers - << via: 1.1 fly.io
18:56:11.073 [main] DEBUG org.apache.http.headers - << fly-request-id: 01H005WXW53853MWTQB33N3SYG-sin
18:56:11.080 [main] DEBUG org.apache.http.impl.client.DefaultHttpClient - Connection can be kept alive indefinitely
18:56:11.091 [main] DEBUG io.restassured.internal.RestAssuredHttpBuilder - Parsing response as: application/json
18:56:11.092 [main] DEBUG org.apache.http.wire -  << "6B[\r][\n]"
18:56:11.093 [main] DEBUG org.apache.http.wire -  << "[0x1f][0x8b][0x8][0x0][0x0][0x0][0x0][0x0][0x4][0xff][0xab]VJI,IT[0xb2][0xaa]V[0xf2]tQ[0xb2]222[0xb4]0[0xd2]Qr+[0xcd][0xc9][0xc9]K[0xcc]MU[0xb2]R*I-.[0xc9][0xcc]K742V[0xd2]Qr[0xcd]M[0xcc][0xcc]Q[0xb2]RJMKNKIIKuH[0x7][0x9][0xe8]%[0xe7][0xe7]*[0xe9]([0x5]$[0x16][0x17][0x97][0xe7][0x17][0xa5][0xa0]h[0xca]U[0xaa][0xad][0xe5][0x2][0x0][0xe2]L[0xdb][0x9f]d[0x0][0x0][0x0]"
18:56:11.094 [main] DEBUG org.apache.http.wire -  << "[\r][\n]"
18:56:11.095 [main] DEBUG org.apache.http.wire -  << "0[\r][\n]"
18:56:11.095 [main] DEBUG org.apache.http.wire -  << "[\r][\n]"
18:56:11.096 [main] DEBUG io.restassured.internal.RestAssuredHttpBuilder - Parsed data to instance of: class org.apache.http.conn.EofSensorInputStream
18:56:11.192 [main] DEBUG org.apache.http.impl.conn.BasicClientConnectionManager - Releasing connection org.apache.http.impl.conn.ManagedClientConnectionImpl@43778371
18:56:11.192 [main] DEBUG org.apache.http.impl.conn.BasicClientConnectionManager - Connection can be kept alive indefinitely
18:56:11.204 [main] DEBUG net.thucydides.core.steps.StepInterceptor - STEP DONE: I submit a POST request to {string} with fullname Gita Leoni Dwi Fripta, email Fripta21@gmail.com and password Fripta34
  &amp#27;[32mWhen &amp#27;[0m&amp#27;[32mI submit a POST request to &amp#27;[0m&amp#27;[32m&amp#27;[1m"/auth/register"&amp#27;[0m&amp#27;[32m with fullname &amp#27;[0m&amp#27;[32m&amp#27;[1m"testing123"&amp#27;[0m&amp#27;[32m, email &amp#27;[0m&amp#27;[32m&amp#27;[1m"testing12388@gmail.com"&amp#27;[0m&amp#27;[32m and password &amp#27;[0m&amp#27;[32m&amp#27;[1m"testing123m"&amp#27;[0m &amp#27;[90m# starter.stepdefinitions.LoginSteps.iSubmitAPOSTRequestToWithFullnameEmailAndPassword(java.lang.String,java.lang.String,java.lang.String,java.lang.String)&amp#27;[0m
18:56:11.228 [main] DEBUG net.thucydides.core.steps.StepInterceptor - STARTING STEP: LoginSteps.iReceiveValidHTTPResponseCodeRegister - I receive valid HTTP response code register 200
18:56:11.311 [main] DEBUG net.thucydides.core.steps.StepInterceptor - STEP DONE: I receive valid HTTP response code register 200
  &amp#27;[32mThen &amp#27;[0m&amp#27;[32mI receive valid HTTP response code register &amp#27;[0m&amp#27;[32m&amp#27;[1m200&amp#27;[0m                                                                                   &amp#27;[90m# starter.stepdefinitions.LoginSteps.iReceiveValidHTTPResponseCodeRegister(int)&amp#27;[0m
18:56:11.331 [main] DEBUG net.thucydides.core.steps.StepInterceptor - STARTING STEP: LoginSteps.registerSuccessfully - register successfully
18:56:11.345 [main] DEBUG net.thucydides.core.steps.StepInterceptor - STEP DONE: register successfully
  &amp#27;[32mAnd &amp#27;[0m&amp#27;[32mregister successfully&amp#27;[0m                                                                                                              &amp#27;[90m# starter.stepdefinitions.LoginSteps.registerSuccessfully()&amp#27;[0m
18:56:11.386 [main] INFO  - 
  _____   ___   ___   _____     ___     _     ___   ___   ___   ___  
 |_   _| | __| / __| |_   _|   | _ \   /_\   / __| / __| | __| |   \ 
   | |   | _|  \__ \   | |     |  _/  / _ \  \__ \ \__ \ | _|  | |) |
   |_|   |___| |___/   |_|     |_|   /_/ \_\ |___/ |___/ |___| |___/ 

Register using a valid full name, email and password
----------------------------------------------------------------------
]]></system-out>
  </testcase>
  <testcase name="Login with registered or correct email and password" classname="Authentication" time="0.609">
    <system-out><![CDATA[
Scenario: Login with registered or correct email and password                                            &amp#27;[90m# src/test/resources/api/Authentication.feature:9&amp#27;[0m
18:56:11.504 [main] INFO io.cucumber.core.plugin.SerenityReporter - Running feature from file:///E:/mini%20peoject/RestAPi/src/test/resources/api/Authentication.feature
18:56:11.504 [main] WARN io.cucumber.core.plugin.SerenityReporter - Feature from file:///E:/mini%20peoject/RestAPi/src/test/resources/api/Authentication.feature is not under the 'features' directory. Requirements report will not be correctly generated!
18:56:11.516 [main] INFO  - 
  _____   ___   ___   _____     ___   _____     _     ___   _____   ___   ___  
 |_   _| | __| / __| |_   _|   / __| |_   _|   /_\   | _ \ |_   _| | __| |   \ 
   | |   | _|  \__ \   | |     \__ \   | |    / _ \  |   /   | |   | _|  | |) |
   |_|   |___| |___/   |_|     |___/   |_|   /_/ \_\ |_|_\   |_|   |___| |___/ 

Login with registered or correct email and password(authentication;login-with-registered-or-correct-email-and-password)
--------------------------------------------------------------------------------
18:56:11.614 [main] DEBUG net.thucydides.core.steps.StepInterceptor - STARTING STEP: LoginSteps.iHaveValidCredentials - I have valid credentials
18:56:11.616 [main] DEBUG net.thucydides.core.steps.StepInterceptor - STEP DONE: I have valid credentials
  &amp#27;[32mGiven &amp#27;[0m&amp#27;[32mI have valid credentials&amp#27;[0m                                                                         &amp#27;[90m# starter.stepdefinitions.LoginSteps.iHaveValidCredentials()&amp#27;[0m
18:56:11.662 [main] DEBUG net.thucydides.core.steps.StepInterceptor - STARTING STEP: LoginSteps.iSubmitAPOSTRequestToWithEmailAndPassword - I submit a POST request to {string} with email gitalee21@gmail.com and password gitale88
18:56:11.672 [main] DEBUG net.thucydides.core.steps.StepInterceptor - STARTING STEP: Login.iSubmitAPOSTRequestToWithEmailAndPassword - I have valid credentials
18:56:11.674 [main] DEBUG net.thucydides.core.steps.StepInterceptor - STEP DONE: I have valid credentials
18:56:11.778 [main] DEBUG org.apache.http.impl.conn.BasicClientConnectionManager - Get connection for route {s}->https://altashop-api.fly.dev:443
18:56:11.779 [main] DEBUG org.apache.http.impl.conn.DefaultClientConnectionOperator - Connecting to altashop-api.fly.dev:443
18:56:11.910 [main] DEBUG org.apache.http.client.protocol.RequestAddCookies - CookieSpec selected: ignoreCookies
18:56:11.910 [main] DEBUG org.apache.http.client.protocol.RequestAuthCache - Auth cache not set in the context
18:56:11.910 [main] DEBUG org.apache.http.client.protocol.RequestTargetAuthentication - Target auth state: UNCHALLENGED
18:56:11.910 [main] DEBUG org.apache.http.client.protocol.RequestProxyAuthentication - Proxy auth state: UNCHALLENGED
18:56:11.911 [main] DEBUG org.apache.http.impl.client.DefaultHttpClient - Attempt 1 to execute request
18:56:11.911 [main] DEBUG org.apache.http.impl.conn.DefaultClientConnection - Sending request: POST /api/auth/login HTTP/1.1
18:56:11.911 [main] DEBUG org.apache.http.wire -  >> "POST /api/auth/login HTTP/1.1[\r][\n]"
18:56:11.912 [main] DEBUG org.apache.http.wire -  >> "Accept: */*[\r][\n]"
18:56:11.913 [main] DEBUG org.apache.http.wire -  >> "Content-Type: application/json[\r][\n]"
18:56:11.913 [main] DEBUG org.apache.http.wire -  >> "Content-Length: 53[\r][\n]"
18:56:11.915 [main] DEBUG org.apache.http.wire -  >> "Host: altashop-api.fly.dev[\r][\n]"
18:56:11.915 [main] DEBUG org.apache.http.wire -  >> "Connection: Keep-Alive[\r][\n]"
18:56:11.916 [main] DEBUG org.apache.http.wire -  >> "User-Agent: Apache-HttpClient/4.5.13 (Java/19.0.2)[\r][\n]"
18:56:11.916 [main] DEBUG org.apache.http.wire -  >> "Accept-Encoding: gzip,deflate[\r][\n]"
18:56:11.916 [main] DEBUG org.apache.http.wire -  >> "[\r][\n]"
18:56:11.917 [main] DEBUG org.apache.http.headers - >> POST /api/auth/login HTTP/1.1
18:56:11.917 [main] DEBUG org.apache.http.headers - >> Accept: */*
18:56:11.917 [main] DEBUG org.apache.http.headers - >> Content-Type: application/json
18:56:11.917 [main] DEBUG org.apache.http.headers - >> Content-Length: 53
18:56:11.917 [main] DEBUG org.apache.http.headers - >> Host: altashop-api.fly.dev
18:56:11.917 [main] DEBUG org.apache.http.headers - >> Connection: Keep-Alive
18:56:11.917 [main] DEBUG org.apache.http.headers - >> User-Agent: Apache-HttpClient/4.5.13 (Java/19.0.2)
18:56:11.918 [main] DEBUG org.apache.http.headers - >> Accept-Encoding: gzip,deflate
18:56:11.918 [main] DEBUG org.apache.http.wire -  >> "{"password":"gitale88","email":"gitalee21@gmail.com"}"
18:56:11.951 [main] DEBUG org.apache.http.wire -  << "HTTP/1.1 200 OK[\r][\n]"
18:56:11.951 [main] DEBUG org.apache.http.wire -  << "content-type: application/json[\r][\n]"
18:56:11.951 [main] DEBUG org.apache.http.wire -  << "date: Tue, 09 May 2023 11:56:11 GMT[\r][\n]"
18:56:11.951 [main] DEBUG org.apache.http.wire -  << "content-encoding: gzip[\r][\n]"
18:56:11.951 [main] DEBUG org.apache.http.wire -  << "transfer-encoding: chunked[\r][\n]"
18:56:11.951 [main] DEBUG org.apache.http.wire -  << "server: Fly/3f2597ca (2023-05-03)[\r][\n]"
18:56:11.951 [main] DEBUG org.apache.http.wire -  << "via: 1.1 fly.io[\r][\n]"
18:56:11.952 [main] DEBUG org.apache.http.wire -  << "fly-request-id: 01H005WYQS1SAEY9C1KEZVVHMW-sin[\r][\n]"
18:56:11.952 [main] DEBUG org.apache.http.wire -  << "[\r][\n]"
18:56:11.952 [main] DEBUG org.apache.http.impl.conn.DefaultClientConnection - Receiving response: HTTP/1.1 200 OK
18:56:11.952 [main] DEBUG org.apache.http.headers - << HTTP/1.1 200 OK
18:56:11.952 [main] DEBUG org.apache.http.headers - << content-type: application/json
18:56:11.952 [main] DEBUG org.apache.http.headers - << date: Tue, 09 May 2023 11:56:11 GMT
18:56:11.952 [main] DEBUG org.apache.http.headers - << content-encoding: gzip
18:56:11.952 [main] DEBUG org.apache.http.headers - << transfer-encoding: chunked
18:56:11.952 [main] DEBUG org.apache.http.headers - << server: Fly/3f2597ca (2023-05-03)
18:56:11.952 [main] DEBUG org.apache.http.headers - << via: 1.1 fly.io
18:56:11.952 [main] DEBUG org.apache.http.headers - << fly-request-id: 01H005WYQS1SAEY9C1KEZVVHMW-sin
18:56:11.953 [main] DEBUG org.apache.http.impl.client.DefaultHttpClient - Connection can be kept alive indefinitely
18:56:11.953 [main] DEBUG io.restassured.internal.RestAssuredHttpBuilder - Parsing response as: application/json
18:56:11.953 [main] DEBUG org.apache.http.wire -  << "BD[\r][\n]"
18:56:11.953 [main] DEBUG org.apache.http.wire -  << "[0x1f][0x8b][0x8][0x0][0x0][0x0][0x0][0x0][0x4][0xff][0xab]VJI,IT[0xb2]RJ[0xad][0xf4][0xca]HrO[0xce][0xf4][0xcf][0xf4][0xf2][0xc][0xad][0xf2]4[0xf4][0xcb][0xf4],[0xf6][0xcc][0xb]2Mv[0xf6]4[0xf3][0xcc].[0x88][0x8]s[0xf6][0xb2][0xd4]K[0xad][0xf4]rO[0x9][0xaf](N[0xca]u+[0x89][\n]"
18:56:11.954 [main] DEBUG org.apache.http.wire -  << "[0x6]I[0xa4][0x14][0xa4][0xb8][0xbb][0xa6][0x87][0xb8][0x87][0x95]%[0xe5]f[0xa7]Gy[0xa4][0x14]x[0xba]GU&F8f[0xfa]8{[0xb9]%[0x85][0xbb][0x15]$[0x81][0xc][0xc8][0x5][0xa9]s+[0x8e][\n]"
18:56:11.954 [main] DEBUG org.apache.http.wire -  << "[0xf][0xad][0xf4][\r]u[0xca][0x83][0x88][0x9b]f%[0x19][0x19]d[0xa6][0x5][0xea][0x85][0xb8][0x17][0x7][0x95]8[0x7][0x1b][0xc6][0x87][0x9b][0xa6][0x5][0xe6]W[0xf8]T[0x84][0x5][0xfb]f[0xb8]d[0xe7]E[0xc4][0x97][0xe6][0x7][0x85][0x95][0xc7][0x1b][0x94]D:[0xbb][0x17][0x1b][0x6][0x97][0x84][0xb9]*[0xd5]r[0x1][0x0]9([0x99]z[0xb3][0x0][0x0][0x0]"
18:56:11.954 [main] DEBUG org.apache.http.wire -  << "[\r][\n]"
18:56:11.954 [main] DEBUG org.apache.http.wire -  << "0[\r][\n]"
18:56:11.954 [main] DEBUG org.apache.http.wire -  << "[\r][\n]"
18:56:11.955 [main] DEBUG io.restassured.internal.RestAssuredHttpBuilder - Parsed data to instance of: class org.apache.http.conn.EofSensorInputStream
18:56:11.960 [main] DEBUG org.apache.http.impl.conn.BasicClientConnectionManager - Releasing connection org.apache.http.impl.conn.ManagedClientConnectionImpl@3c2dda7c
18:56:11.961 [main] DEBUG org.apache.http.impl.conn.BasicClientConnectionManager - Connection can be kept alive indefinitely
18:56:11.962 [main] DEBUG net.thucydides.core.steps.StepInterceptor - STEP DONE: I submit a POST request to {string} with email gitalee21@gmail.com and password gitale88
  &amp#27;[32mWhen &amp#27;[0m&amp#27;[32mI submit a POST request to &amp#27;[0m&amp#27;[32m&amp#27;[1m"/auth/login"&amp#27;[0m&amp#27;[32m with email &amp#27;[0m&amp#27;[32m&amp#27;[1m"gitalee21@gmail.com"&amp#27;[0m&amp#27;[32m and password &amp#27;[0m&amp#27;[32m&amp#27;[1m"gitale88"&amp#27;[0m &amp#27;[90m# starter.stepdefinitions.LoginSteps.iSubmitAPOSTRequestToWithEmailAndPassword(java.lang.String,java.lang.String,java.lang.String)&amp#27;[0m
18:56:11.976 [main] DEBUG net.thucydides.core.steps.StepInterceptor - STARTING STEP: LoginSteps.iShouldGetAResponseCode - I receive valid HTTP response code Login 200
18:56:11.978 [main] DEBUG net.thucydides.core.steps.StepInterceptor - STEP DONE: I receive valid HTTP response code Login 200
  &amp#27;[32mThen &amp#27;[0m&amp#27;[32mI receive valid HTTP response code Login &amp#27;[0m&amp#27;[32m&amp#27;[1m200&amp#27;[0m                                                      &amp#27;[90m# starter.stepdefinitions.LoginSteps.iShouldGetAResponseCode(int)&amp#27;[0m
18:56:11.999 [main] INFO  - 
  _____   ___   ___   _____     ___     _     ___   ___   ___   ___  
 |_   _| | __| / __| |_   _|   | _ \   /_\   / __| / __| | __| |   \ 
   | |   | _|  \__ \   | |     |  _/  / _ \  \__ \ \__ \ | _|  | |) |
   |_|   |___| |___/   |_|     |_|   /_/ \_\ |___/ |___/ |___| |___/ 

Login with registered or correct email and password
----------------------------------------------------------------------
]]></system-out>
  </testcase>
  <testcase name="view user information" classname="Authentication" time="0.808">
    <system-out><![CDATA[
Scenario: view user information                                        &amp#27;[90m# src/test/resources/api/Authentication.feature:15&amp#27;[0m
18:56:12.180 [main] INFO io.cucumber.core.plugin.SerenityReporter - Running feature from file:///E:/mini%20peoject/RestAPi/src/test/resources/api/Authentication.feature
18:56:12.181 [main] WARN io.cucumber.core.plugin.SerenityReporter - Feature from file:///E:/mini%20peoject/RestAPi/src/test/resources/api/Authentication.feature is not under the 'features' directory. Requirements report will not be correctly generated!
18:56:12.221 [main] INFO  - 
  _____   ___   ___   _____     ___   _____     _     ___   _____   ___   ___  
 |_   _| | __| / __| |_   _|   / __| |_   _|   /_\   | _ \ |_   _| | __| |   \ 
   | |   | _|  \__ \   | |     \__ \   | |    / _ \  |   /   | |   | _|  | |) |
   |_|   |___| |___/   |_|     |___/   |_|   /_/ \_\ |_|_\   |_|   |___| |___/ 

view user information(authentication;view-user-information)
--------------------------------------------------------------------------------
18:56:12.266 [main] DEBUG net.thucydides.core.steps.StepInterceptor - STARTING STEP: LoginSteps.iSetGETEndpoints - I set GET endpoints
18:56:12.267 [main] DEBUG net.thucydides.core.steps.StepInterceptor - STEP DONE: I set GET endpoints
  &amp#27;[32mGiven &amp#27;[0m&amp#27;[32mI set GET endpoints&amp#27;[0m                                            &amp#27;[90m# starter.stepdefinitions.LoginSteps.iSetGETEndpoints()&amp#27;[0m
18:56:12.286 [main] DEBUG net.thucydides.core.steps.StepInterceptor - STARTING STEP: LoginSteps.iSendAGETRequestToTheUserAPIEndpoints - I send GET HTTP request
18:56:12.294 [main] DEBUG net.thucydides.core.steps.StepInterceptor - STARTING STEP: Information.iSendAGETRequestToTheUserAPIEndpoints - I set GET endpoints
18:56:12.294 [main] DEBUG net.thucydides.core.steps.StepInterceptor - STEP DONE: I set GET endpoints
18:56:12.477 [main] DEBUG org.apache.http.impl.conn.BasicClientConnectionManager - Get connection for route {s}->https://altashop-api.fly.dev:443
18:56:12.478 [main] DEBUG org.apache.http.impl.conn.DefaultClientConnectionOperator - Connecting to altashop-api.fly.dev:443
18:56:12.675 [main] DEBUG org.apache.http.client.protocol.RequestAddCookies - CookieSpec selected: ignoreCookies
18:56:12.676 [main] DEBUG org.apache.http.client.protocol.RequestAuthCache - Auth cache not set in the context
18:56:12.676 [main] DEBUG org.apache.http.client.protocol.RequestProxyAuthentication - Proxy auth state: UNCHALLENGED
18:56:12.676 [main] DEBUG org.apache.http.impl.client.DefaultHttpClient - Attempt 1 to execute request
18:56:12.676 [main] DEBUG org.apache.http.impl.conn.DefaultClientConnection - Sending request: GET /api/auth/info HTTP/1.1
18:56:12.676 [main] DEBUG org.apache.http.wire -  >> "GET /api/auth/info HTTP/1.1[\r][\n]"
18:56:12.684 [main] DEBUG org.apache.http.wire -  >> "Authorization: Bearer eyJhbGciOiJIUzI1NiIsInR5cCI6IkpXVCJ9.eyJGdWxsbmFtZSI6IkdpdGEgTGVvbmkgZHdpIGZyaXAiLCJFbWFpbCI6ImdpdGFsZWUyMUBnbWFpbC5jb20ifQ.TGsRtCS1_W5fQoxLxVSMhDknX_uoRVw_0tYCGs1StVE[\r][\n]"
18:56:12.684 [main] DEBUG org.apache.http.wire -  >> "Accept: */*[\r][\n]"
18:56:12.684 [main] DEBUG org.apache.http.wire -  >> "Host: altashop-api.fly.dev[\r][\n]"
18:56:12.685 [main] DEBUG org.apache.http.wire -  >> "Connection: Keep-Alive[\r][\n]"
18:56:12.685 [main] DEBUG org.apache.http.wire -  >> "User-Agent: Apache-HttpClient/4.5.13 (Java/19.0.2)[\r][\n]"
18:56:12.685 [main] DEBUG org.apache.http.wire -  >> "Accept-Encoding: gzip,deflate[\r][\n]"
18:56:12.685 [main] DEBUG org.apache.http.wire -  >> "[\r][\n]"
18:56:12.686 [main] DEBUG org.apache.http.headers - >> GET /api/auth/info HTTP/1.1
18:56:12.686 [main] DEBUG org.apache.http.headers - >> Authorization: Bearer eyJhbGciOiJIUzI1NiIsInR5cCI6IkpXVCJ9.eyJGdWxsbmFtZSI6IkdpdGEgTGVvbmkgZHdpIGZyaXAiLCJFbWFpbCI6ImdpdGFsZWUyMUBnbWFpbC5jb20ifQ.TGsRtCS1_W5fQoxLxVSMhDknX_uoRVw_0tYCGs1StVE
18:56:12.686 [main] DEBUG org.apache.http.headers - >> Accept: */*
18:56:12.686 [main] DEBUG org.apache.http.headers - >> Host: altashop-api.fly.dev
18:56:12.686 [main] DEBUG org.apache.http.headers - >> Connection: Keep-Alive
18:56:12.686 [main] DEBUG org.apache.http.headers - >> User-Agent: Apache-HttpClient/4.5.13 (Java/19.0.2)
18:56:12.686 [main] DEBUG org.apache.http.headers - >> Accept-Encoding: gzip,deflate
18:56:12.743 [main] DEBUG org.apache.http.wire -  << "HTTP/1.1 200 OK[\r][\n]"
18:56:12.744 [main] DEBUG org.apache.http.wire -  << "content-type: application/json[\r][\n]"
18:56:12.744 [main] DEBUG org.apache.http.wire -  << "date: Tue, 09 May 2023 11:56:12 GMT[\r][\n]"
18:56:12.744 [main] DEBUG org.apache.http.wire -  << "content-encoding: gzip[\r][\n]"
18:56:12.744 [main] DEBUG org.apache.http.wire -  << "transfer-encoding: chunked[\r][\n]"
18:56:12.745 [main] DEBUG org.apache.http.wire -  << "server: Fly/3f2597ca (2023-05-03)[\r][\n]"
18:56:12.745 [main] DEBUG org.apache.http.wire -  << "via: 1.1 fly.io[\r][\n]"
18:56:12.745 [main] DEBUG org.apache.http.wire -  << "fly-request-id: 01H005WZFSDRMC20SVGJD28HAX-sin[\r][\n]"
18:56:12.745 [main] DEBUG org.apache.http.wire -  << "[\r][\n]"
18:56:12.745 [main] DEBUG org.apache.http.impl.conn.DefaultClientConnection - Receiving response: HTTP/1.1 200 OK
18:56:12.745 [main] DEBUG org.apache.http.headers - << HTTP/1.1 200 OK
18:56:12.745 [main] DEBUG org.apache.http.headers - << content-type: application/json
18:56:12.745 [main] DEBUG org.apache.http.headers - << date: Tue, 09 May 2023 11:56:12 GMT
18:56:12.746 [main] DEBUG org.apache.http.headers - << content-encoding: gzip
18:56:12.746 [main] DEBUG org.apache.http.headers - << transfer-encoding: chunked
18:56:12.746 [main] DEBUG org.apache.http.headers - << server: Fly/3f2597ca (2023-05-03)
18:56:12.746 [main] DEBUG org.apache.http.headers - << via: 1.1 fly.io
18:56:12.746 [main] DEBUG org.apache.http.headers - << fly-request-id: 01H005WZFSDRMC20SVGJD28HAX-sin
18:56:12.746 [main] DEBUG org.apache.http.impl.client.DefaultHttpClient - Connection can be kept alive indefinitely
18:56:12.747 [main] DEBUG io.restassured.internal.RestAssuredHttpBuilder - Parsing response as: application/json
18:56:12.747 [main] DEBUG org.apache.http.wire -  << "76[\r][\n]"
18:56:12.747 [main] DEBUG org.apache.http.wire -  << "[0x1f][0x8b][0x8][0x0][0x0][0x0][0x0][0x0][0x4][0xff][0xab]VJI,IT[0xb2][0xaa]V[0xf2]tQ[0xb2]2[0xb4]06[0xb7][0xd0]Qr+[0xcd][0xc9][0xc9]K[0xcc]MU[0xb2]Rr[0xcf],IT[0xf0]I[0xcd][0xcf][0xcb]TH)[0xcf]TH+[0xca],P[0xd2]Qr[0xcd]M[0xcc][0xcc]Q[0xb2]RJ[0xcf],I[0xcc]IM52tH[0x7][0x89][0xe8]%[0xe7][0xe7]*[0xe9]([0x5]$[0x16][0x17][0x97][0xe7][0x17][0xa5][0xc0][0x15]XX([0xd5][0xd6]r[0x1][0x0]U[0x84]~[0x95]k[0x0][0x0][0x0]"
18:56:12.748 [main] DEBUG org.apache.http.wire -  << "[\r][\n]"
18:56:12.748 [main] DEBUG org.apache.http.wire -  << "0[\r][\n]"
18:56:12.748 [main] DEBUG org.apache.http.wire -  << "[\r][\n]"
18:56:12.748 [main] DEBUG io.restassured.internal.RestAssuredHttpBuilder - Parsed data to instance of: class org.apache.http.conn.EofSensorInputStream
18:56:12.752 [main] DEBUG org.apache.http.impl.conn.BasicClientConnectionManager - Releasing connection org.apache.http.impl.conn.ManagedClientConnectionImpl@14ad42
18:56:12.752 [main] DEBUG org.apache.http.impl.conn.BasicClientConnectionManager - Connection can be kept alive indefinitely
18:56:12.761 [main] DEBUG net.thucydides.core.steps.StepInterceptor - STEP DONE: I send GET HTTP request
  &amp#27;[32mWhen &amp#27;[0m&amp#27;[32mI send GET HTTP request&amp#27;[0m                                         &amp#27;[90m# starter.stepdefinitions.LoginSteps.iSendAGETRequestToTheUserAPIEndpoints()&amp#27;[0m
18:56:12.776 [main] DEBUG net.thucydides.core.steps.StepInterceptor - STARTING STEP: LoginSteps.iReceiveValidHTTPResponseCodeForGetUserInformation - I receive valid HTTP response code 200 for get user information
18:56:12.785 [main] DEBUG net.thucydides.core.steps.StepInterceptor - STEP DONE: I receive valid HTTP response code 200 for get user information
  &amp#27;[32mThen &amp#27;[0m&amp#27;[32mI receive valid HTTP response code &amp#27;[0m&amp#27;[32m&amp#27;[1m200&amp#27;[0m&amp#27;[32m for get user information&amp#27;[0m &amp#27;[90m# starter.stepdefinitions.LoginSteps.iReceiveValidHTTPResponseCodeForGetUserInformation(int)&amp#27;[0m
18:56:12.811 [main] DEBUG net.thucydides.core.steps.StepInterceptor - STARTING STEP: LoginSteps.iReceiveValidDataOfTheUser - I receive valid data of the user
18:56:12.814 [main] DEBUG net.thucydides.core.steps.StepInterceptor - STEP DONE: I receive valid data of the user
  &amp#27;[32mAnd &amp#27;[0m&amp#27;[32mI receive valid data of the user&amp#27;[0m                                 &amp#27;[90m# starter.stepdefinitions.LoginSteps.iReceiveValidDataOfTheUser()&amp#27;[0m
18:56:12.834 [main] INFO  - 
  _____   ___   ___   _____     ___     _     ___   ___   ___   ___  
 |_   _| | __| / __| |_   _|   | _ \   /_\   / __| / __| | __| |   \ 
   | |   | _|  \__ \   | |     |  _/  / _ \  \__ \ \__ \ | _|  | |) |
   |_|   |___| |___/   |_|     |_|   /_/ \_\ |___/ |___/ |___| |___/ 

view user information
----------------------------------------------------------------------
]]></system-out>
  </testcase>
  <testcase name="GET All Product" classname="Products" time="2.112">
    <system-out><![CDATA[18:56:12.852 [main] INFO io.cucumber.core.plugin.SerenityReporter - Running feature from file:///E:/mini%20peoject/RestAPi/src/test/resources/api/Produk.feature
18:56:12.852 [main] WARN io.cucumber.core.plugin.SerenityReporter - Feature from file:///E:/mini%20peoject/RestAPi/src/test/resources/api/Produk.feature is not under the 'features' directory. Requirements report will not be correctly generated!
18:56:12.868 [main] DEBUG net.thucydides.core.steps.StepEventBus - Test suite started for story net.thucydides.core.model.Story@55ef6c0d
18:56:12.870 [main] INFO  - Test Suite Started: Products

Scenario: GET All Product                     &amp#27;[90m# src/test/resources/api/Produk.feature:2&amp#27;[0m
18:56:12.918 [main] INFO io.cucumber.core.plugin.SerenityReporter - Running feature from file:///E:/mini%20peoject/RestAPi/src/test/resources/api/Produk.feature
18:56:12.919 [main] WARN io.cucumber.core.plugin.SerenityReporter - Feature from file:///E:/mini%20peoject/RestAPi/src/test/resources/api/Produk.feature is not under the 'features' directory. Requirements report will not be correctly generated!
18:56:12.932 [main] INFO  - 
  _____   ___   ___   _____     ___   _____     _     ___   _____   ___   ___  
 |_   _| | __| / __| |_   _|   / __| |_   _|   /_\   | _ \ |_   _| | __| |   \ 
   | |   | _|  \__ \   | |     \__ \   | |    / _ \  |   /   | |   | _|  | |) |
   |_|   |___| |___/   |_|     |___/   |_|   /_/ \_\ |_|_\   |_|   |___| |___/ 

GET All Product(products;get-all-product)
--------------------------------------------------------------------------------
18:56:13.442 [main] DEBUG net.thucydides.core.steps.StepInterceptor - STARTING STEP: ProductSteps.iSetGETEndpointsProduct - I set GET endpoints product
18:56:13.443 [main] DEBUG net.thucydides.core.steps.StepInterceptor - STEP DONE: I set GET endpoints product
  &amp#27;[32mGiven &amp#27;[0m&amp#27;[32mI set GET endpoints product&amp#27;[0m           &amp#27;[90m# starter.stepdefinitions.ProductSteps.iSetGETEndpointsProduct()&amp#27;[0m
18:56:13.454 [main] DEBUG net.thucydides.core.steps.StepInterceptor - STARTING STEP: ProductSteps.iSendGETHTTPRequestProduct - I send GET HTTP request product
18:56:13.460 [main] DEBUG net.thucydides.core.steps.StepInterceptor - STARTING STEP: GetALLProduct.GETHTTPRequestProduct - I set GET endpoints product
18:56:13.461 [main] DEBUG net.thucydides.core.steps.StepInterceptor - STEP DONE: I set GET endpoints product
18:56:13.550 [main] DEBUG org.apache.http.impl.conn.BasicClientConnectionManager - Get connection for route {s}->https://altashop-api.fly.dev:443
18:56:13.550 [main] DEBUG org.apache.http.impl.conn.DefaultClientConnectionOperator - Connecting to altashop-api.fly.dev:443
18:56:13.668 [main] DEBUG org.apache.http.client.protocol.RequestAddCookies - CookieSpec selected: ignoreCookies
18:56:13.669 [main] DEBUG org.apache.http.client.protocol.RequestAuthCache - Auth cache not set in the context
18:56:13.669 [main] DEBUG org.apache.http.client.protocol.RequestTargetAuthentication - Target auth state: UNCHALLENGED
18:56:13.669 [main] DEBUG org.apache.http.client.protocol.RequestProxyAuthentication - Proxy auth state: UNCHALLENGED
18:56:13.669 [main] DEBUG org.apache.http.impl.client.DefaultHttpClient - Attempt 1 to execute request
18:56:13.669 [main] DEBUG org.apache.http.impl.conn.DefaultClientConnection - Sending request: GET /api/products HTTP/1.1
18:56:13.670 [main] DEBUG org.apache.http.wire -  >> "GET /api/products HTTP/1.1[\r][\n]"
18:56:13.670 [main] DEBUG org.apache.http.wire -  >> "Accept: */*[\r][\n]"
18:56:13.670 [main] DEBUG org.apache.http.wire -  >> "Host: altashop-api.fly.dev[\r][\n]"
18:56:13.670 [main] DEBUG org.apache.http.wire -  >> "Connection: Keep-Alive[\r][\n]"
18:56:13.670 [main] DEBUG org.apache.http.wire -  >> "User-Agent: Apache-HttpClient/4.5.13 (Java/19.0.2)[\r][\n]"
18:56:13.670 [main] DEBUG org.apache.http.wire -  >> "Accept-Encoding: gzip,deflate[\r][\n]"
18:56:13.670 [main] DEBUG org.apache.http.wire -  >> "[\r][\n]"
18:56:13.670 [main] DEBUG org.apache.http.headers - >> GET /api/products HTTP/1.1
18:56:13.671 [main] DEBUG org.apache.http.headers - >> Accept: */*
18:56:13.671 [main] DEBUG org.apache.http.headers - >> Host: altashop-api.fly.dev
18:56:13.671 [main] DEBUG org.apache.http.headers - >> Connection: Keep-Alive
18:56:13.673 [main] DEBUG org.apache.http.headers - >> User-Agent: Apache-HttpClient/4.5.13 (Java/19.0.2)
18:56:13.673 [main] DEBUG org.apache.http.headers - >> Accept-Encoding: gzip,deflate
18:56:13.982 [main] DEBUG org.apache.http.wire -  << "HTTP/1.1 200 OK[\r][\n]"
18:56:13.982 [main] DEBUG org.apache.http.wire -  << "content-type: application/json[\r][\n]"
18:56:13.982 [main] DEBUG org.apache.http.wire -  << "date: Tue, 09 May 2023 11:56:13 GMT[\r][\n]"
18:56:13.983 [main] DEBUG org.apache.http.wire -  << "transfer-encoding: chunked[\r][\n]"
18:56:13.983 [main] DEBUG org.apache.http.wire -  << "content-encoding: gzip[\r][\n]"
18:56:13.983 [main] DEBUG org.apache.http.wire -  << "server: Fly/3f2597ca (2023-05-03)[\r][\n]"
18:56:13.983 [main] DEBUG org.apache.http.wire -  << "via: 1.1 fly.io[\r][\n]"
18:56:13.983 [main] DEBUG org.apache.http.wire -  << "fly-request-id: 01H005X0EPTEKSJ48NZ5FY5R36-sin[\r][\n]"
18:56:13.983 [main] DEBUG org.apache.http.wire -  << "[\r][\n]"
18:56:13.983 [main] DEBUG org.apache.http.impl.conn.DefaultClientConnection - Receiving response: HTTP/1.1 200 OK
18:56:13.983 [main] DEBUG org.apache.http.headers - << HTTP/1.1 200 OK
18:56:13.983 [main] DEBUG org.apache.http.headers - << content-type: application/json
18:56:13.983 [main] DEBUG org.apache.http.headers - << date: Tue, 09 May 2023 11:56:13 GMT
18:56:13.983 [main] DEBUG org.apache.http.headers - << transfer-encoding: chunked
18:56:13.983 [main] DEBUG org.apache.http.headers - << content-encoding: gzip
18:56:13.983 [main] DEBUG org.apache.http.headers - << server: Fly/3f2597ca (2023-05-03)
18:56:13.983 [main] DEBUG org.apache.http.headers - << via: 1.1 fly.io
18:56:13.983 [main] DEBUG org.apache.http.headers - << fly-request-id: 01H005X0EPTEKSJ48NZ5FY5R36-sin
18:56:13.984 [main] DEBUG org.apache.http.impl.client.DefaultHttpClient - Connection can be kept alive indefinitely
18:56:13.984 [main] DEBUG io.restassured.internal.RestAssuredHttpBuilder - Parsing response as: application/json
18:56:13.984 [main] DEBUG org.apache.http.wire -  << "2C2[\r][\n]"
18:56:13.984 [main] DEBUG org.apache.http.wire -  << "[0x1f][0x8b][0x8][0x0][0x0][0x0][0x0][0x0][0x4][0xff][0xaa]VJI,IT[0xb2][0x8a][0xae]V[0xf2]tQ[0xb2]241[0xb1]0[0xd2]Q[0xf2]K[0xcc]MU[0xb2]RJI-N.[0xca],([0xc9][0xcc][0xcf]S[0xd2]QrA[0xe2]Y))[0xe9]([0x5][0x14]e&[0xa7]*Y[0x19][0xe8]([0x5]%[0x96]d[0xe6][0xa5][0x17]+Y[0x99][0xe8](9'[0x96][0xa4][0xa6][0xe7][0x17]e[0xa6][0x16]+YE[0xc7][0xd6][0xea] [0xc]6[0x86][0x1b][0xec]Y[0x90][0x91][0x9f][0x97][0xaa]`h[0xa8]`f[0xa2][0x90][0x9e][0x84]axANb[0xa5]BFb[0xb1]B^[0xbe]BNfnfI1[0xc2]:#KK$[0xb][0x8d][0xd0],[0x84][0xda]fdjb[0x8][0xb7][0xcd]=173/[0x1d][0xc3][0x12][0xb7][0xfc]"[0x85]t[0xb0][0x94]BAiQA~qj[0xb1]R-[0x8a][0x83]-[0xe0]F[0xb8][0x95][0x16][0xe5]e[0x96][0x94][0x16][0xa5]*[0x84][0xe4][0x17]`[0x9a][0x4][0x97]MI,[0xca]T[0xf0]J-H,JD[0xb8][0xd8][0xd0][0x4][0xd9][0xc5][0xa6]h.F[0xb1][0xd1][0x4]ncp~^[0xa5]B@[0xb0]![0x86]e[0xf8][0xc2][0xc6][0x4]%l[0xc][0xd1]l[0xa2]j[0xd8][0x98][0x12]v)"[0x4][0x90][0x93][0x88][0x1]-]e[0x6]w[0x15][0x15]c[0xc]_[0xa2][0xb6]D$3[0x97]0[0x17][0x5][0xdf][0xd2][0xf4][0xd4]<[0x85][0x90][0xa2][0xc4]L|9[0xc6][0xd0][0xc8][0xc0][0xc0][0x0]9L[0xf0][0xda][0x80][0xc8][0x8f][0x89]y[0x89][0xd9][\n]"
18:56:13.985 [main] DEBUG org.apache.http.wire -  << "[0x89][0x95][0x89][0xb9][0x18][0x89][0xa2][0xb8][0xb4][0xb8]T[0x1]$[0x8d][0x8]sK[0x94][0xb4][0x80][0x1e][0xea][0xc8][0xa9][0xce][0xd2][0x1c][0x1e]j[0x11]N[0xfe][0x11][0x98]I[0xe][0x91]S[0x10][0xc6][0xa3]&5c[0x1a]F*[0xc8][0x1f][0xd0][0x2][0x9][0xbb][0xf3]p9[\n]"
18:56:13.985 [main] DEBUG org.apache.http.wire -  << "[0xdd][0xcf]TL[0xff][0xa6][0xa0][0xe8][0x83]:[0x8a]6[0xf1]nj[0x80]HY[0xa0][0x88][0xa5]~[0xbc][0x9b][0x1a][0xd0]:e[0x99][0x1a] [0x8a]|[0x1a][0xf9][0xc1][0x2]QF;[0x15]%&[0xa7][0xe6][0xa4][0x96]`d[0xe][0xdf][0xc4][0x94]T[0x85][0xfc]4[0x85][0x8c][0xcc][0xf4][0xc][0x85][0xc2][0xd2][0xc4][0x9c][0xcc][0x92]J[0x85][0x82][0xd4][0xc4][0xa2][0x1c][0xe4]j[0xc5][0x8]9C[0xa2]'[0x1d][0xa4][0xec]bfn[0x0][0xcf].t[0xb3][0x12][0x11][0x8e][0x14][0xa4]6[0xbc][0x9e]B[0xd4]<A[0xa5][0xc5]%[0x99][0xc9][\n]"
18:56:13.985 [main] DEBUG org.apache.http.wire -  << "[0x1][0x89][0x5][0xa9]E[\n]"
18:56:13.986 [main] DEBUG org.apache.http.wire -  << "[0xee]9[0xf9]e[0xa9][0xa0]`B[0xad][0xfd][0x3]K[0xf3]S[0x14][\n]"
18:56:13.986 [main] DEBUG org.apache.http.wire -  << "K3[0x15][0xf2][0x12]KJ[0x8b]A[0xac][0xa4][0xd2][0xe2][0x94][0xc4]\[0x85][0xd4][0x12]=Dv4[0x4][0xe5][0x12]x[0xdb][0x0][0xaf][0xf5][0x88][0xea][0xc4]3[0xaf]$5''3=5[0xaf]D!<??G[0xc1]#[0x11]3J[0xfd]R[0x8b][0x93]3K[0xf3]J[0x14]R[0xc1]*S2[0x15]R2[0x93]K[0x12][0x15][0xf2][0xf2][0x93]2[0x8b][0x15][0x92]Ks[0x15]R[0x8b]K[0x14]R[0x8b][0x8b]S[0xc9]s[0xe][0xa2][0x1e][0x81][0xd6][0xc3][0xa6][\n]"
18:56:13.986 [main] DEBUG org.apache.http.wire -  << "[0xc1]9[0x99][0x98][0xe5].[0xbe][0xca][0x18][0xb5][0xa1][0x82][0xd7][0xf7][0x88][0x2]8 X[0xc1][0x14]#[0x1][0xa7]'[0xe6][0xa6]*[0x98]*[0x14][0x97]$[0x16]![0x2][0x17][0xb5][0x0][0xc6]k<"[0x8f][0x4][0x14]%&[0x97]d&'[0xe6]([0x4]g[0xe6]d+x[0xe7]e[0xa6][0xa5]bX[0xe7][0x98][0x92]Y[0x90]Y[0x9c][0x9c][0xa9][0x90][0x99][0xa2]P[0x9a][0x93][0x93][0x98][0x8b][0x14][0x86]F[0xa0]([0x5][0x0][0x0][0x0][0xff][0xff]"
18:56:13.986 [main] DEBUG org.apache.http.wire -  << "[\r][\n]"
18:56:13.987 [main] DEBUG org.apache.http.wire -  << "487[\r][\n]"
18:56:13.987 [main] DEBUG org.apache.http.wire -  << "".J-[0xe1][0xd9]d[0xd0][0x14][0xdb]fH[0x8d][0xdb][0x80][0xa2][0xfc][0x94][0xd2][0xe4][0x12][0x5][0xc7][0xd2][0x9c][0xcc]D[0x5]c[0x8c]P[0xc8][0xcc][0xcb]T([0x80][0xaa]I[0x84][0xab][0xc1][0xd2][0xe6][0xc5][0x1d][0xf4][0xc6][0xc6]f[0x88]@(I-[0x6]5[0x92]afb[0xd8]W[0x92][0x91]Y[0xac][0x90]Y[0xac]P[0x92][0x91][\n]"
18:56:13.988 [main] DEBUG org.apache.http.wire -  << "S[0xa3][0x80][0xda][0x0][0xc7]b7z[0xbd][0x8b]([0xa7][0x8c][0x8d][0xcd][0x11][0x15][0x8][0xd5][0xec]6Dk[0xb8][0xe0]n[0xcc][0x1a][0x1b][0x9b]#[0xaa][0x17][0xaa][0xda][0x8f][0x94][0xfe][0xf0]Z[0x8f]([0xd1][0xa8]j=r[0xfa][0xc7]k?"S[0xd3][0xcc]~|I[0xcf][0x1c][0x91][0xeb]if?[0xee]v[0xab][0xb1][0xb1]9[\r][0x92]>z[0xf2][0xc3][0xe7][0xb]D5M3[0xff][0xe3][0xcb]~HE[\r][0xcd][0xec][0xc7][0xeb]D[0x9b]a`[0xec]G[0xe4]?[0x8f][0x0][0x85][0xdc][0xcc][0x92]|[0x8c]"[0xf]\{[0x96][0xa4][0x16]%%ff#*6S3s[0xa4],[0x8e][0xd7][0x8b][0x88],FZ[0x15][0x83][0x9e]o[0xa9][0xd7]306[0xb6]@[0xa4]{X[0xdb][0x1][0xbb][0xc7][0x89][0x1a][0xdf][0xc0][0x97][0xc2],[0x11]1Ln[0xb3][0x1]_[0x6][0xb6]DD [0x15];[0xd3]x[0xe2][0xd3][0x4][0xd4][0xb6][0x80]v[0xaa][0xa8][0x10]txmB[0xd4][0x8d][0xf4][0xf2][0x1b]"[0xb2]h[0xed]7D[0xbc]![0x9a]{[0xe1][0xf9][0xf9])[0xa9]y[0xb8][0x1a]|9[0x99][0x89][0xc5][\n]"
18:56:13.988 [main] DEBUG org.apache.http.wire -  << "i[0xa5][0xe9][0x89][\n]"
18:56:13.989 [main] DEBUG org.apache.http.wire -  << "[0xa5][0xe4][0xb4][0xdf][0x8d]M[0xc][0x10]9[0x91]zc{x#[0x10][0x91][0xcb]`[0x16][0x1a]Q<[0x98][0x88][0xcf]BCDu[0x2][0xb3][0x90][0xf2][0xd1]K[0xbc][0x16]"[0x92]([0x9d],D[0xf4][0xc1][0xa0])[0xd4][0x9c][0x82][0x82][0xb][0xaf][0xd7][0x10][0xa9]% 1'[0xd1]'[0xdf][0x7]4Z[0x8a][0xda][0xc3][0x4][0xd7][\r][0xa0]"[0x12][0xcb][0xf8][0xaf][0xb1]1R[0x5][0x81][0xa7][0x8]31D[0xb4][0x81][0xc8]-![0xf1][0xfa][0x3][0x91][0x8]ia<hD[0x2]Z[0x1c][0xd2]g[0xa0][0xc1][0xd8][0xc4][0x8][0x91][0xe8]h[0xe2]#D[0x97][0x80]&[0xc6]#[0xca]X[0xba][0x5][0x18][0xa2][0xb0][0xa5][0x9b][0x95][0x88]|JM+[0xf1][0xe5]##[0xc4]x[0x8]5[0xad][0xc4][0x97][0xb7][0x8c][0x10]e[0x4][0xb4]4[0xc2][0x1c][0x17][0x81][0x97][0x11][0x4][0xa7][0x89][0xf0][0xda][0x84][0xc8][0xc5]4j[0xa8][0x9a][0x18]#*[0xf]Z[0x86][0x1f][0xac][0x19]ka[0x88]H"[0x8e][0xc9][0xc9][0xa9][0xc5][0xc5][0x90][0xf9]8[0xf4]9[0xbc][0x92]|[0x85][0xd4][0xbc][0x8c][0xc4][0xbc][0xe4]T[0x85][0xc4][0x2][0xd0][0x80]([0x88][0x89]<[0x7]flb[0x8c]([0x10][0x8a]S[0xb]RS0[0xb][0xea][0xc4][0xcc]J[0x90] tp[0xc2][0xc8][0x14][0xb9][0x8c]/[0xd8][0x8d][0x11]e[0x1]-[0xc3][0x4]iD[0xc4][0x4]To@[0xb]Tj{[0x86][0xfe][0xc5][0x80]1"[0x8e][0x83][0xc1]1[0xa3][0xe0][0x93]Y\R[0x4][0xee]I[0xa1]V[0xa5]P[0xe9][0x1c][0x88][0xb4]B^zjR)hH[0x95][0xf4](C[0x14][0x3]P3[0xa1]V*8%[0xe6]$b[0xce][0x8b]B[0x15][0xa1]Z[0xac][0x90][0x94][0x98][0x97][0xe][0x1e][0xa5][0x87][0xda]oJ|[0x92]A[0x94][0x9]tK2[0x88][0x16][0x4][0xdd][0xac]D[0x94]G[0xf4][0xb2][0xd2][0x4]Q>AG[0xff][0xa1][0xfd][0x5][0xa7]D[0xcc]y[0xf3][0xd0][0x12][0x85][0xd4][0xa2][0xa2][0xfc]"[0x85][0xa2][0xd4][0xe4][0xd2][0xe2][0xc4][0xbc][0x94][0xc4]T[0x85][0x82][0xfc][0xe2][0xe2][0xcc][0xdc][0xd2]b[0x85][0xdc][0xfc][0x1c][0xd0]8gb[0xaa]Bqj[0x8a]BfnAjJ&y][\n]"
18:56:13.989 [main] DEBUG org.apache.http.wire -  << "[0xa4][0x9]|D7[0xc6]'3/5O[0xc1])[0xbf][0xa4]$[0x7][0xcb][0xb8]ui[0x89]BAjQqAfrfbIf[0xb1]BJ~N~Q*tj[0xa0] [0xbf][0xa8](_![0xb3][0xa0][0x18]49[0x90][0x88]4[0xa4]M[0xec],[0x85][0xb1][0x89][0x9][0xfd][0x8b],[0x13]D[0x93]&8'55[[0x1][0x12][0x2]8[0xa6]e[0xfc][0xd3][0xd2]2[0x93]3A3 [0xf9]y[0xc5][0xa9][0x85][0xa5][0x89]%[0xa5]E[\n]"
18:56:13.989 [main] DEBUG org.apache.http.wire -  << "[0x89]y[0x99][0xb9][0x99][0xf0][0x88])V([0xcb][0xcf])-(I,IUHI[0xcd]I[0xcd][0xcb],[0xc9]$/0[0xe8]_[0xe4][0x99] [0x8a]<[0xf7][0xfc][0xa2][0xf4][0xd4][0xfc][0xd2]b[0x85][0xa0][0xd2][0xa4][0xa4][0xd4]"[0x5]g[0xf0][0xd4][0x8]j[0xb9][0xe7][0x9f][0x92]Y[0x2]I[0x3][0xa5][0xb9][\n]"
18:56:13.989 [main] DEBUG org.apache.http.wire -  << "[0x89][0xa0][0xc4][0x1]N[0x2]9[0x89]I[0xf9]E[0x99][0xf9][0xc5][0x89][0xb9][0xa0]y+[0x85][0xc4][0x9c][0xcc][0xc2][0xd2][0xcc][0x14][0x85]br[0xd3])[0xa2]PD[0xa4]S[0xf7][0xa2][0xc4][0xbc][0xcc][0x92]T[0x5][0xe7]|,[0x93]W[0xae]%[0xa0][0xbe]vfb[0x89]B~n^f[0xb1]Bnf^fn[0xa2]B^inaib[0xae]Bqiqrf[0x1][0xb9][0xae]A[0x14][0x91][0xc1][0x95]y[0xa9]E[0xe9][0x99][0xe0][0xc9]<[0xf0]DZpFf[0x11][0xa8][0xdc]G[\r]%W[0xd0]<Y[0x9]<Ud&[0x95][0x16]+[0x14][0xe4]$&[0xa7]&[0x96][0x90]7[0x9b]gl[0x2]*[0xd0][0xa1][0xf5][0xac][0x2][0x8d][0xba][0x90][0xa6][0x88][0xac]HV[0xf3][0x90][0xd8]V[0x8a])R[0xfe][0x83][0xac][0xc8][0xa1]U3[0xd4][0x94][0xfe][0xf9][0xc9][0x14][0x91][0x9f][0xe8]U[0xd3][0x98]"r[0xb][0xdd][0xac]Dd[0x9][0xba]Y[0x89]h5[0x90][0x95]:[0x89][0x9d]:661E4[0x16]hl[0x93][0x19][0xa2][0x8d][0x0][0xb5][0x9]s[0xa1][0x10][0xbe][0xe][0x19][0xfe][0xf9]jX[0xd7][0x85][0xf2]u{[0xc6]&f[0x88]>[0xb][0xd4][0xa5][0xb4][0xca][0xb3]f[0x14][0x96]B[0xc4][0xc7][0xb3][0x19][0xdd][0xca]!3D9[0x84]+[0xf4][0x0][0x0][0x0][0x0][0xff][0xff]"
18:56:13.990 [main] DEBUG org.apache.http.wire -  << "[\r][\n]"
18:56:13.991 [main] DEBUG org.apache.http.wire -  << "5A6[\r][\n]"
18:56:13.991 [main] DEBUG org.apache.http.wire -  << "R[0xc2][0x17][0xcf]$[0xf8][0x9]Q[0xfc][0xd0][0xda]&D[0xa9][0x3][0xb5]i[0xd0][0xa6]]Da[0x85][0xd3][0xa5][0x88][0xa9]2|[0xb5][0x18]Us[0x14]FyFI[0xf8][0xd1]p[0xf6][0xcd][0x4]i[0xc1][0xc5] [\n]"
18:56:13.991 [main] DEBUG org.apache.http.wire -  << "?[0xa4]%cPW[0xd1][0xaa]DBZ[0xf4][0xe1][0x97]X[0x9c][0xa9][0xe0][0x92]X[0x9a][0xa7][0xe0][0x95]ZT[\n]"
18:56:13.991 [main] DEBUG org.apache.http.wire -  << "[0x9a]`Em[0xf8][0x81][0xe5][0xcb]S[0xf3][0x12][0xb3][0xb3][0x15]JR[0xf3][0x12][0xf3][0x14]rK[0x8b]rS[0x91][0x96][0x18][0x19]Z[0xa2].SE[0x1f][0xce][0x81]%1[0xb][0xa4][0x15][0xa4][0xc9][0xf9]y%[0xf9][0x19][0xba][0xc9][0x88]U[0xe0][0xe8][0xa3]Nn[0x89][0xc5][0x19][0x99][0xf9]y[0x89]I9[0xa9][0xa8]cMH[0xb]F[0xc0]nC[0xb8][0x1d][0xbc][0xf8]Q!=[0xbf]([0x15][0xcb]:n[0xb0]Z*[0xf9][0x3][0x91][0xce][0x9][0xfb][0x3]S[0x5][0xd2][0xea]qc[0x13]s[0xba][0x95][0xd8][0xe6]t+G[0xcd]1J'[0x9a][0xa5]c[0xba][0xb5]k,[0xe8][0xd6]Z[0xb0]@[0xa4][0x88][0x8][0xa7][0xfc][\n]"
18:56:13.992 [main] DEBUG org.apache.http.wire -  << "[0x5][0xcc]2[0x94][0xfe]%[0xbb][0x5][0xa2][0xb6][0xc7][0xe1]&[0xc2][0x8b][0xbf]q[0x15][0xb][0xd4]h[0xcb]![0xad][0xef][0x1d][0x9c][0xee][0xa3][:E[0xda]i[0x80]#$[0x10][0xa9][0x87]~mmKD[0xb]x0[0xb9][\n]"
18:56:13.992 [main] DEBUG org.apache.http.wire -  << "[0x91][0xd3]h\[0xdf]"-[0x92][0xc1][0xbe][0x4]i`[0xb3][0x8f]%[0xa2][0xe1][0x8b][0xdd]y[0x3][0x92]f[0x10][0xb5],vG[\r]h[0x98]!o[0xed][0xc0][0xee]<\aF[0xc3]v-[0xf2]n[0x10][0xda][0xa6]h[0xe4]=[0x1b][0xd8][0xbd]?[0xc0][0xb1][0x83]h[0xec]`w[0x1e][0xae][0xd8][0xa1]a-ej[0x80][0xc8]f[0xb4][0x8e][0x1d][0xca][0xf3][0xe]-[0x93])[0xd2]*[0xa9][0xc1][0x13];[0x86][0x88][0x16][0x1e]vG[\r]l[0x8a]6DTV[0xd8][0x9d]7[0x10])[0xda][0x10][0xd1].[0xa4]q[0x8a]FZ[0xab]@k[0x9b][0xe8][0x96]K[\r][0xe9][0xd5]O2EZ[0xe1]F[0xe3][0xd0]CZ[0x8d]Fk[0x9b][0x10]mJZ[0xdb]D[0xb7]Tn[0x84][0xa8][0xb6]h[0xed]'[0xba][0xa5]r[0xba]-[0xd1]25B[0xd4]z[0xb4][0xe]=z[0xf5][0xe7]L[0x91][0xd6][0x84][0xd1][0xd8]OHk[0xb8]hm[0x13]"[0xe7]b[0xaf][0xca][0x6][0xb6][0xa6]5Fdw[0xec][0xce][0x1b][0x88][0x9a][0x16]y[0x1d][0x17]Mg[0x98]M[0x8d][0xe9]V2[0x18]#[0xea]?[0x8f][0x0][0x5]g[0xd0]"[0x9c]L,[0xfb]ZsR[0xb]J[0xf2][0xb][0x14]0v[0x0]Y[0x82][0x0][0xd2][0x12]o[0xf4][0xa6];[0xd2][0x9a]>Sc[0xaa][0x16][\r][0xe8]Gf [0xdb][0x84][0xb4]Hj 6T![0x8f][0xa6]Q[0xcd]~|[0x13]H(~GdlBv#[0xf2][0x10]h[0xb7][0x1e][0x91][0xb1][0x88][0xb4][0xcc][0x89][0x90][0xf9]D[0xef][0x93][0x5]YO[0xb4][0xff][0x10]%[0x3]U[0xed]'[0xd6][0xfb][0x88][0x9c]IU[0xeb][0x89][0xf6]>"[0x13][0xd1][0xcc]~[0xf4]n'J[0xf2]B[0xd4][0xba]4[0xb3][0x1f]_![0x82][0xb4]`i`[0xec]G[0xf4]Pif?[0xfa]II[0xc8][0xe1][0x8f][0xb4][0x9a][0x8a]f[0xf6][0xe3][\r]D[0x17]x`[0xec][0xa7]Q[0xf6]'6[0xff]!-[0xc4][0x1a][0x18][0xff]#[0xca][0x1f]X[0xb][0xd1][0xd4][0x94]FS{[0xa6][0xa6][0x88][0xc6][0x1]uW[0xe1][0x9b][0x9a]"[0x8a]1[0xe4]SD[0x82]KRSs[0x14][0x82]3[0xf2][0xb1][0x1c]d[0xe2][0x9]:[0xc6][0x4]4Q[0xe]?[0xc8][0x4]t[0x9a]Ib1YkbM[0xe9][0xb6][0x1a][0xcb][0x14]s5[0x16][0xad][0xa2][0x8b]n[0xab][0xa9]L[0xe9][0xb6][0x9a][0xca][0x94]nk[0x9c][0xc0]{[0xd9][0xa1]Kaa9[0x8b]6+bM[0xcd][0x10][0x89][0xdf]5/[0xbf]([0x17][0xb4]8: '[0x11][0xbc][0xfc][0xd7]9#1[0x13][0xb4][0xae][0x3]u[0x1]H[0x18]d!8[0xe8][0xd4][0x91][0x92]T[0x85][0xbc][0xfc]<[0xd0][0xb9]#e[0x99])[0xa0][0x93]wR[0x8b][0xc9]Z[0xb5]o[0x8a][0xb4][0xfe][0xc6][0xa5][0xb4][0x8][0xb4][0xc6][0x3]r[0x88][0xf]v[0x17][0x4]C[0x97]:+[0x14][0x96][0xe6]+ [0xad][0xcb][0xce][0xcc]#gI[0xba])[0xdd][0x96][0xd9][0x98]"-[0xb3][0xa1]q[0xb4][0xd2]m[0x19][0x89])[0xdd][0x96][0x91][0x98][0xd2]m[0x19][0x89])[0xd2]!$4[0x8e]'[0xa4][0xe3]F[0x2][0x82]M0[0xf3]x[0xb1][0x89]BRbQ)[0xa2]wd[0x8c]m[0x15]r[0xf3][0x8c]nKTL[0x91][0xe]-[0xa1]ux![0x9a]|[0xb4][0xb6][0x9][0xd1][0xb8][0xa3][0xb5]Mt[0x1b][0xe4][0xb5][0xc0]l[0xb0]a&9[0xa2][0xf]Q[0xc5][0xd7]4[0xb7]@[0xb4][0xd6]h[0x1d]z[0x88][\n]"
18:56:13.993 [main] DEBUG org.apache.http.wire -  << "[0x8c][0xd6]6![0xba][0x9b]4[0xb6][0xc9][0x12]c[0xd1]<[0xad][0x9a]iH[0xcb][0x83]h[0xed]'[0xc4]X[0x10][0xad]m[0xa2][[0x19]a[0x89](#[0xa8]^z[[0xd2][0xad]T@Z[0xed]C[0xeb][0x98][0xa1]W^5C:[0x6][0xd5][0xb5](=?/?73Y[0xc1]1[0xa7]473[0xaf]4[0x17][0xeb][0xb6]?[0xc7][0xd2][0x12][0x85][0xa4][0xd4][0xc4][0x92][0xc4]T[0xf8][0xa6][0xb6][0xd4]\[0x85][0xdc][0xc4][0x8a][0xcc][0xdc]T[0x85][0xbc][0xd4][0xdc]|[0x85][0xcc][0x9c][0x9c][0xd2]\[0xd0][0x86]?[0xd0]i[0xa0][0xc5][0xe4]45[0xcd][0x90][0xe][0xbc][0xa1]mP[0x9b][0x19][0xd0][0xab][0xb0]2[0x1b][0xdc][0xeb]$[0xcc][0x6][0xe3]:[0x9]3z[0xad][0x93]01A[0xaa]Jhu[0x96].[0xbd]R[0x9a])[0xd2]~[0x1][0xda][0xe6][0x1e]S[0xa4][0xc3][0xa3]ik[0x93][0x19][0xd2]i[0xca][0xb4][0xb6][0x9]QY[0xd1][0xda]&zU]f[0x86][0xf4]j[0xd0][0x9a]![0xad][0x98][0xc1]>[0x9]<[0xa0]s[0xd4]fH[0xcb]l[0xb0];[0xf][0xd1][0x83][0xa4][0xdb]*o3[0xa4]c[0xa1]h[0x9c][0xe2][0x8c][0x10]M[0xbe][0x80]`C[0x3][\n]"
18:56:13.993 [main] DEBUG org.apache.http.wire -  << ":5x[0xce]323[0xa2][[0xe]B:9);[0xb3] [0xb1]X!1/[0x1d][0xcb][0xdd][0x0][0xb9][0xa9]y[0xe9][0xa9]9[0xa5][0x89]E[0xd9][0x89]y[0x10]%[\n]"
18:56:13.993 [main] DEBUG org.apache.http.wire -  << "[0xc5][0x89]y[0xe9][0x89]%[\n]"
18:56:13.994 [main] DEBUG org.apache.http.wire -  << "[0xd9][0xa9]y[0xc9][0x89][0xe0]]O[0xd0][0xe3]R[0xf0][0x1f]W[0x1][0xdb][0x92][0x85]<[L[0xde][0xfd][0x17][0xc6]fH[0xeb]{[0xe0][0xc7]-8[0x15][0xe5][0xe7]U[0xa5]*`[0x1f][0xce]s[0x4][0x9f]#X[0x94]Z[0x90][0x9a][0x93][0x93][0x9a][0x97]RZ[0xac][0x90][0x98][0xc]:"[0x4]t0Ha)YC[0xea]fHK|SS2[0xf3][0x93][0x8b]RA#[0x8a][0xa0][0xc3][0xc]q[0x1c][0x82][0xe1][0x8][0xb6]3[0xaf]$[0x13]t[0xd0]G[0x89]B>[0xf8]L[0x8c]D[0x85][0xb2][0xd4][0x9c][0xcc][0x12][0xc8][0x1][0xe1]d[0xb5][0xf8][0x8c][0x10][0xb5][0xe3][0x90][0x8b]I[0xa4][0xb5]FC[0xcf][0xed][0x88][0xb9][0xd1][0xa1][0xe7]vDWy[0xe8][0xb9][0x1d]Q[0x12][0xd3][0xb8][0xcc]GZ[0x96][0xe5][0x99][0x97]\[0x94][0x9a][0x92][0x99][0x94][0x93][0xaa][0x0]+ir[0xf2][0x93]1[0xf7][0xae][0xba]&[0xc2][0x8f]IQH[0xcd][0xcb][0x84]t[0xe6][0x8a]A[0xf9][0x1b]v1@Ji2[0xf8]@"[0xc8][0x19]@[0xc8]G[0xd8][0xe3]/@[0x91][0xc6]][0xcd][0xe8][0xb6]4[0xcb][0xc]i[0xc1][0x14][0xad][0x3][0x1b]Q[0x8c][0x91]m[0x13][0x0][0x0][0x0][0xff][0xff]"
18:56:13.994 [main] DEBUG org.apache.http.wire -  << "[\r][\n]"
18:56:13.995 [main] DEBUG org.apache.http.wire -  << "D3D[\r][\n]"
18:56:13.996 [main] DEBUG org.apache.http.wire -  << ""[0xe6][0x2][0x0]c3[0xa4]5=[0xb4][0xb6][0x89]n[0xcd]T[0x13]D3[0x95]&[0x19][0x1a][0xbd][0xd1]B[0xcd][0xea][0xdc][0x84][0xf2][0x91]\[0xa2][0xa3][0x9e]n[0xc3]CH+wh[0x9c][0xc8]L[0x11][0xf5][0x10][0xad]m[0xa2][[0xc9][0x8b][0xb4][0xee][0x84][0xd6]~[0xa2]<[0xf1][0x11]Y[0xec][0xd0]m[\r][0x86][0x19][0xdd]VF[0x98][0xd1][0xed][0xf4][0x17]33[0xba][0x15][0xa5][0xa0]S[0xfe][0xe9][0xb2]2[0xc2][0xc]iM[0x2][0x8d]S9[0xdd][0x96][0x5][0x98]!-[0xb][0xf0](P[0x8][0xcb],[0xcb]W[0x88]42[0xc2][0xe8].[0xe7][0xa6][0xe6]f[0xe6]dfg*[0x14][0x17][0xa4][0x16]g[0xa6]ef[0x83][0x96]:U&[0xe6][0xa5]+$[0x16][0x80]O[\n]"
18:56:13.996 [main] DEBUG org.apache.http.wire -  << "[0x85]v*[0x8d]A[0xf7][0xba][0x80][0x8e][0xdf][0x87]_[0xed][0x83]^[0x13]![0xb7][0x8b][0xcc]I[0xe9]>c9[0xbf][0x1b]ON[0xa6]^[0x85]gb[0x82]t?[0x2]4[0xde]1o[0xf9][0xa1][0xc6]IF&&[0x96][0xa4][0x4][0x8][0x5][0x87][0x15][0x9b][0x98] M[0xf1][0xd0]h[0x14][0x18]i[0xb]gHbF[0xa9]BRi[0xe][0x96]3[0xc][0xf1][0x85][0x1b]q[0xab][0x1e]ML[0x91][0xe6][0x1b][0xc8][0xb4][0x89][0xd8][0xb3][0xa6]LL[0x91][0xc6][0xe9]io[0x17][0xa2][0x91][0x8]Mw[0xb4][0x99][0xf4]51[0xa5][0xd7]>C[0x13]SzM/[0x9b][0x98]"[0x9d](A[0xe3][0xd0][0xc3],[0x1f]h[0x15]Ot+[0x1f]L[0xe9]5[0xd9]lb[0x8a]T[0x12][0xd1]:[0x9e][0xe8][0xd4]v4A[0x9e]l[0x6][0xfb][0xc9][0xcc][0xc0][0x80][0xb4]!h[0xf0]|[0x13][0xbc][0xe][0xc5][0xbd][0xae][0xc6][0x4][0xdb]t[0x91]n[0x6]F[0xfd][0x8d][0xaf][0x98]5F[0xa9][0xaf][0xf1][0xda][0x85][0xd6][0xa1][0xa0][0xa5][0xb7]0kB[0xdd]rZy[0xb][0xb3][0xad][0xaa][0x9b]BE[0xbb][0xa0]m[0x11]c[0xb]c[0xc4][0x98][0x9][0xe4][0xc2]h]3[0xc]k[0xd2][0x8][0xdc]&m[0x86][0xe5][0x8c][0x8][0xdd]2[0xc]c[0xc8][0x8f]pj[0xba][0xd6][0xd8][0xc]i1(=.J43[0xa7]S[0x9d]il[0x86]t/[0x1e][0xf6][0x9][0xb6][0x81][0x9d][0xff]CZG[0x8a][0xdd]y[0xb8][0xe6][0xff][0xd0][0xf7]WA[0xd3][0x3][0x15]nB76CZ[0x80][0x8a][0xdd]Q[0x3][0x1c]f[0x88][0xf2][\r][0xbb][0xf3]p[0x85][0x19]z[0xa1]I[0xd5]0C[0x94][0x84][0xe0][0x1c][0x94][0xad][0xe0][0x9e][0x99][0x9a][0x83][0x91][0xe1]C@[0xc7][0xe5][0xe7][0xa5][0x83][0xae][0xfa][0xcc].[0xca],([0xce]D[0xb8][0x95][0xf8]][0xb0]f[0x16][0x88][0xa2][0x10][0xc9]2[0x85][0xec]T][0xcc]>![0x95]lDdX4[0x1b]1;YT[0xb2][0x11][0xd1][0xc][0xa0][0xcf][0x9d]mfHW[0xf9][0x81][0xfd]H[0xe3][0xdb]b[0xcd][0x90][0x96][0xf8][0xd0][0xc9][0x87][0xf4]jl[0x1b][0x9b][0xd1][0xab][0x9]llF[0xaf][0x86][0xa9][0xb1][0x99]%[0xbd][0x86][0xb9][0xcd]AM=[0xba][0xc][0x96][0x99]#][0xd9][0xe]n[0x2][0x7][0x4][0xd3][0xa6]Sdl[0x8e][0xa5]A[0x84]Q:[0xe2]k[0xe][0x11][0xdb][0xf9]767[0xa0][<![\r][0x9e][0xd0]8[0xf4][0xc][0x11]S[0xcb][0x9e][0x1][0x1e][0xfe]~[0xae][\n]"
18:56:13.997 [main] DEBUG org.apache.http.wire -  << "[0x86][0xa6][\n]"
18:56:13.997 [main] DEBUG org.apache.http.wire -  << "[0x1]A[0xfe][0x18]A[0xe8][0xe1][0xea][0xe7][0x1e][0xe0][0xef][0x87][0xa8]V[0xc0][0xd7]3[0x10][0xd1]G16GZqIk[0xdf] [0xea]/[0xda][0xf9][0x6]Qc[0xd1][0xda]7tKoH[0xab][0xc5]h[0xec]'#Dz[0xa3][0xb5]M[0x88][0x86][0x13][0xad]mBjQ$[0xe6][0x95]@[0xf6]J[0xfa]&[0x16][0x81][0x96][0x1f][0xf8]$[0xe6]b^h[0xe5]Z[0xa2][0x90][0x91][0x99][0xc]Z?[0x9e][0x8f][0xb4][0x86][0x8]4[0xf]DT~BZ[0xcb][0x94][0x94]X[0x9c][0x9a]R[0x94][0x96]Y[0x81][0x91]_[0xc1]2[0xa9]i[0x89][0xa5]9%)[0xa0]=[0x9b][0xd0][0x11]z3K[0xd0]4[0x6]q[0xd6] [0xba][0xab]4[0xe]@[0xa4];[0xdc]h3[0xb][0x81][0xde]@G[0x9a][0x85]0G[0xba][0xcd][0x8d][0xd6][0xde][0xa4][[0xc9]A[0xb7]u [0xe6][0xd4]=7[0x7]_<!][0xe4]E[0xe3]x2[0xa1][[0xc9]A[0x85][0xb5][0x14]x&[0xc1][0x90]S[0xb9][0x9]"3[0xd3][0xac]fDZDA[0xff]l[0x8c][0xb4][0xae]b[0x0],[0xa7][[0xad][0x86]t[0xbd][0x13][0x8d]s[0x1][0xd2][0x15]K[0x3][0x10][0xa0][0x88]*u[0x0],G[0xb4][0xbb][0x6][0xc0]rDF[0xa5][0xbf][0xe5]H[0xc7][0x81][0xc][0x80][0xe5][0x88][0x95]Q[0x3]`9"[0x7][0xd3]c[0x8c][0xc6][0x9c]nKq[0xcc][0xe9]vH[0x89]9[0xd2]R[0x1c][0xec][0xe3][0xa7][0x3]:[0xbc]k[0xe]j[0xf8]B[0x7]?[0xb0];[0xf][0xa9]o[0x8b]wu*[0x15][0x87]w[0xcd][0xe9]v[0xd6][0x88]9[0xd2][0xa2]"[0xec][0xde][0x1f][0xd8][0xd8]AZ[0x89][0x84][0xdd]y[0x3][0x12];[0x88][0x96][0xe0] r[0x14][0xa2][0x1b][0x81][0xdd]Q[0x3][0x1c][0x91][0x88][0xda][0x13][0xbb][0xf3][0x6]$"[0x11][0xb5][0xea][0xe0]q[0xd4][0xe0][0x9e][0xe]3G[0xb9]g[0xc8]?[0x2][0xdf]5Ct[0xdb]Bh[0x8e]t[0xd1][0x90]Kivi[0x1e][0xc6][0xb8][0x7]"u[0x81][0x96]'[0x10][0xd9];B:[0x7][0x5]{[0xf2][0x18][0xd8],[0x85]r{[0xd1][0xa0][0x89][0x9]BYj`[0xc3][0xc]i[0xa5][0x19][0xf6](E$[0x14][0xfa][0xa5]^[0xa4][0xa5]b[0xd8][0x1d]5[0xc0]a[0x86][0x18]>[0xc7][0xee][0xbc][0x1][0x9][0xb3][0xc1]][0xdd]!M[0xde][\r][0xa2]0[0x1b][0xd4]y[0xd3][0x2][0xe9]0[0x96]A[0x13]f[0x16]H[0x7]/[0xd0]dO[0x16][0xfa][0xd8]&[0x15]{[0x11][0x16]H[0xb3][0xad]C[0xcf][0xed][0x84][0xda][0xd8][0x3]Z&Z M/[0xf][0xa2][0xb4][0x8a][0x18][0x1e][0xa3][0xed]([0xa0][0x5][0xd2][0xb1]At[0x1f][0x94][0xb1]@[0x9a][0x6][0xc7][0x1e][0xf6][0x3][0x9b]4[0x90][0xe6][0xce][0xb1];o[0x0][0xaa]K[0xb][0xa4][0xc9][0xf6]!W[0x14] [0xed][0xae][0xc0][0x1e][0xa0][0x3][0x1c][0xdf][0x84]Z"[0x3][0x12][0xdf]t+[\n]"
18:56:13.997 [main] DEBUG org.apache.http.wire -  << "[0x90]N[0xbc][0x19]z)[0xb][0xd1] [0x2][0x17][0x98][0x8e]E[0x99][0xe9][0x89][0xf9]%[0xa0]sTQ[0xf]3[0xa6][0xca]J![0xb][0xa4][0xf5][0x14]C.[0xa8][0x90][0xe][0xe9][0xa1][0xcf][0xea]A[0xb][0xa4][0xc3]z[0xc0][0x91]C[0xb3][0xb5]b[0x16]H[0x7][0xf6][0xd0][0xcb]o[0x88]2[0x83][0xd6]~[0xa3][A[0x80]t[0x84][\r][0x8d][0xfd][0x84]t[0xe0][0xc][0xad]mBL>[\r][0xb9][0x1c][0x8b][0xb4][0xaf][0x84][0xc6][0xa1][0x84]tn[0x5]N[0x9b][0x10][0x95] [0xd1]++-[0x90][0xd6]A(`[0x8c][0xe8]Q[0xa7]HFZ[0x0][0x81][0xd3][0xe9][0xd4][0xb1][0x9]i[0x19][0xc4][0x90]KJH[0xab](h[0x1d]J[0x88][0x9]WZ[0xdb][0x84][0xd8][0xd6]Ak[0x9b][0x10]]YZ[0xdb][0x84][0x18][0xa9][0xa3][0xb5]Mt[0xab][0xc0][0x90].t[0xa1][0xb5][0x9f][0x10][0xad][0xc1]![0x97]C[0x91][0x96]h[0xc]=[0xb7][0xf][0xe1]J[0x16][0xe9]V[0x99][0xa1][0x17][0xee][0x88][0x12]p[0xe8][0xb9][0x1d]Q[0xfe]d[0xe6][0xa5][0xe4][0xe7]f[0xa6]b4[0x10][0x12][0xb3]K[0x15][0x8a]K[0xb3][0x13][0x15][0x10][\n]"
18:56:13.998 [main] DEBUG org.apache.http.wire -  << "[0xa0][0xab][0x9d][0x8d][0x88][0xbe][0x1c][0xc3][0x2]i[0xf1][\n]"
18:56:13.998 [main] DEBUG org.apache.http.wire -  << "[0xb4][0xf4][0xc1][0x9c][0xf0][0xc4][0xd7]>[0xa0][0xdb]$[0x92][0x5][0xd2][\r]=8][0x8a]h[0x84][0xe1];E[0x83][0x9a]C[0xd0][0xe6][0xe8][0xf5]y[0xb1]i1FL[0xc1][0x3][0x10][0xfd]4[0x17]333[0xe2][0xa6]j-[0x90][0xa6]j[0x11][0xd1][0x8d][0xda][0x87][0xa7]Jz@[0xba][0xb0][0x82][0xb6][0xf6] [0x96]K[0xd0][0xd6][0x1e]D[0x9d]GS{[0x90][0xe6]]ik[0xf]"[0xbd][0xd1][0xd6][0x1e][0xa4]nue^jQz&[0xf8]*,[0xc8]ep[0xd8][0xcf][0xaf][0xf5],[0xca][0x7][0xad]K[0x80][0x95]A[0x96][0xa0]][0xb5][0xc4][0xec][0xb8][0xb0]D[0xda][0x9e][0x87][0xb8][0xa4][0x0]d[0x9a][0x82]S~II[0xe]f[0xc9][0xe7][0x9c][0xf]:[0xe8][0xb2][0x4]$[0x1][0xb5][0xcd][0xdc][0x1c][0x94][0x11][0x89][0xb3][\r]Q[0x1b][0x7][0xe7][0xa4][0xa6]f+[0xb8][0x17]%[0xe6]e[0x96][0xa4]*[0x84]'[0xe6][0xe4][0xa4][0x96]`d^[0xd8]m[0x9][0x88][0xb2][0xc5][0xc4][0x0][0xb4][0xcd][0x9c]8[0xcb][0x10][0xc1]8[0xc4][0xaa] [0x13]S[0x3]:5[0xeb]ML[0x91]v[0x18][0xd2][0xfc]x![0xa4][0x99][0x1d]<v!"[0x9b][0xd8][0xde][0xbc][0x89])[0xd2][0xbc][0x8][0x1e][0x93][0xe1]u[0x1]%[0x7]Y[0x99][0x1a]"[0x8a]5heH[0x9b]}[0xa6]&[0xa6]H[0xe3][0xa2][0xd8]''[0x10]AE[0xaf][0xb6][0x80][0x89])[0xbd][0x86]NML[0x8d][0xe8][0xd4][0xe3]41E:/[0x9c][0xc6]Q[0x8a][0xb4]v[0xc3]73/S!8?99[0xb5]H[0x1][0xf3][0xac][0x83][0xe4][0xfc][0xa4]D[0x85][0xe4][0xa2][0xd4][0xc4][0x92]T[0xd0][0xe5][0x86])[0xa5][0xc9]%`U[0xb0]B[0x17]Tp[0x13]Q[0xc][0x9a][0x80][0xcf][0xf5][0x81][0xae]A[0xa6][0x8f][0x8d]f [0xa7]a[0xb1][0x11][0xf3]t[0x5]l~[0x4][0xa9][0xc2][0xea]Gc[0x1d]%[0xe7][0xc4][0x92][0xd4][0xf4][0xfc][0xa2][0xcc][0xd4]b%[0xab]h[0xa4][0xad]F[0x16]H[0xbb][0xf9]h[0x1a][0xc6][0x16]H'>[0xd3][0xda]&D+[0xcd]1[0xb5](?[0xa5]2/[0x11]t[0x81][0x10][0xec]b[0xcc][0x10][0xd0][\r][0x95][0x18][0x15][0xa6]kEAjJfI[0xa2]Bi[0x9][0xe8][0xd8]x[0x85][0xe4][0xfc][0xa2][0x82][0xfc][0xa2]L[0xb2]n[\n]"
18:56:13.998 [main] DEBUG org.apache.http.wire -  << "[0xb2]@[0xba]6>[0x18][0xa9][0x1d][0xe2][0x93][0x99][0x97][0x9a][0xa7][0xe0][0x94][0x98][0x8e]i{q[0x89]BjQQ~[0x91]B^fFf[0xe][0xc8][0x5][0x99]%[\n]"
18:56:13.998 [main] DEBUG org.apache.http.wire -  << "[0xc5][0x99]y%[\n]"
18:56:13.998 [main] DEBUG org.apache.http.wire -  << "E[0xa9]E[0xa5][0xb9][\n]"
18:56:13.999 [main] DEBUG org.apache.http.wire -  << "[0xa5]99[0x89]d[0x1d]hmA[0xb7][0xad]x[0x16]&[0x88]V[0x1e][0x8d]c[0x98]n[0xc7]L[[0xd0]m{[0xa1][0x85][0x9][0x9d][0xca]lc[0xb][0xa4]+[0x93][0x87]X[0xf3][0xce][0xd8][0x2]i_[0x8]4[0x8d][\r][0xd6][0x9e]?[0xe6]f[0x11]L[0x97]"Z!t[0xeb][0xf9]#[0xf5]#[0xf2][0xf3]*[0x15]h7}[0x8b]y`,[0xa6][0xff][0xf1]5+[0xe9][0xd5].3[0xb6]@:[0xf7][0xc]g[0x9a][0x1a][0x80][0x98]B[0x8c][0xa5][0xe1]t[0xd5] [0x9]?Dw[0x11][0xa7]K[0x7] [0xfc][0x10][0xad][0x0][0xec]][0x80][0x81]][0x9f][0x4][0xea][0x8c]C[0x9b]z[0xd8][0x9d][0x87][0x8]1[0xfa][0xe5][0x4][0xa4]M.4[0x1d][0xa7][0xc1][0xbc]rx[0xb0][0x96][\r]H[0xfb]j[0x6]Q[0xda][0xb6][0xc0][0x18][0xe4][0x18][0xb4][0xe1][0x87][0xd1][0xaa][0xc1]t)"[0xa5][0xd3][0xab][0x16]D:[0x98][0x8c][0xa6][0xe9][0x1c][0xf9]X2[0xf0][0xa8][0x1d]lXN!<[0xb1]$[0x19][0xf3][0xe8]W[0x9f][0xd4][0xc4][0x92][0x8c]T[0xa4][0x13]`,[0x8c]@;[0xfb][0x89][0xe8][0xad][0x1a][ [0xf5][0x8f]!#[0x84][0xe1][0xf9][0xf9]9[0xc4][0xf][0xf][0x1a][0x19][0x81]J$[0xe2]lB[0x1a][0xc6]A[0xea][0xdd][0x4]g[0xe6]d+8c[0xbd][0xba][0x7]r[0xaf][0xf]"[0x9e][0x8d][0x8c]@3[0x3][0xc4]Xf[0x89][0xb4][0xd2][0xdf][\r]~^[0xf][0xc4]<[0x5][0xe7]|,[0xa7][0x94][0x7][0xe7][0xe7][0x94][0x96]$*[0xa4][0x96]($[0x97][0x16]d[0x82][0xba]t%[0xa9]H[0x7][0xf7][0x10]}[0x13][0x90]%[0xf2]H"[0x92]7[0x9d][0xf3][0xb][\n]"
18:56:13.999 [main] DEBUG org.apache.http.wire -  << "R[0x8b][0x14][0xbc][0xf3]2[0xd3]@C[0xb9][0xa8][0xb3][0x19][0x10][0x87]!<ja[0x9][0xea]`[0x13][0xe7]QDN[0x19]j[0xad]rK[0xa4]u[0xf7][0x90][0xb4][0x7]=P) 1[0xaf][0x4]sb)[0xa8]4)[0x9]9[0x91][0x9b][0x9a][0x99][0x9b][0x13]7[0xa1]d[0x89]4[0xe6][\n]"
18:56:13.999 [main] DEBUG org.apache.http.wire -  << "[0xb1][0x8][0x9e][0xa1][0xb0][[0x5][0xed][0xf3]#"[0xc4][0xd2][0xc2][0xd4][0x88]X[0xbb][0x10][0xc9][0x1c]y[0x18][0x1]n[0xa3]wjeR~b[0x11][0xe6][0xe9][0xc3][0x18][0xb9][0xd8][0xc]|[0xaa][0x1a]Q[0xa9][0x0]i[0x15][0xfd][0x90]K[0x5]Hg[0xfb][0x7][0xe7]&[0xe6][0xe4] ][0xd9][0x8c][0xb5]T[0xc0][0x12]9[0xa0][0x84]D\8![0xc6][0x1a]<[0xf3]JRsr2[0xd3]S[0xf3]J[0x14] #,[0xd8][0xd3][0x2]x[0x16][0x8][0x91][0x12][0xcc]-[0xc]M[0x89]L[0x9]H[0xcb][0xf4]=R[0x13][0xcb]*[0x15]\JK*[0x11][0xbe][0xc3][0x99][0x10]@[0xb3]A[0xc8][0x16][0x82][0x86]b[0x88][0xf3][0x1d][0xa2]~[0x87]_[0x80][0xe8][0x9c]_R[0x92][0x9f][0x87][0xab]@[0x87]d8[0x84]e&[0xe0][0xac]B[0x9c]e[0x88][0x82][0x7]y[0xb0][\n]"
18:56:13.999 [main] DEBUG org.apache.http.wire -  << "[0xe4]x[0x5][0xa7][0xd4]<,[0xd5][0x14]f)[0x7][0xba][0xdc][0x97]8[0xcb][0x10][0xbd][0x9a][0x80][0xa2][0xc4][0xe4][0x92][0xcc][0xe4][0xc4][0x1c][0xd8][0xb5]o[0x1e]XJs[0xe8]4[0x17][0xc2]c[0xa6][0xc6][0xa0][0xf5][0xda][0xc4][0xd9][0x85][0xd4]/[0x1][0xa7][0xc7][0x80]DP[0xc9][0x8d][0xbd][0xea]E[0xf]@#c[0xd0][0xfa]c[0xe2][0xec]A[0xf4]4[0x82]J[0xc1][0x13][0x8e][0xd0]:[0x2]k[0xfd][0x4][0x91]Cx[0xc8][0xd2][0x94]x[0x8b][0xb0][0x97]H[0x90][0xf2]T[0x1][[0xf0]A[0xa4][0x10][0x96][0x19][0x99][0x80][0x8e][0xc2]&[0xca]W[0xa0]`[0x86]vP[0x90]n[0xe8][0x83]d0[0xec][0xb5]<z[0x10][0x9a][0x19][0x83]2[0xe]q[0x96]![0xb2][0xb3]OfzFIy*[0x88]T[0x80][0x98][0x88][0xd5]g[0xe1][0xf9][0xf9])[0xa9]H3[0xb7][0xa6][0x96][0xa0][0xf5][0xc7][0xc4]Y[0x86][0xc8]]C[0xae][0x8c]E[0x9e][0xd9][0x1][0xa7]i[0xd8][0xac][0xb2][0x2][0xf6]B[0xf][0xa3][0x8c]5[0xb3]05&[0xb2][0xd8]C[0xba][0xc7][0x16]^[\n]"
18:56:14.000 [main] DEBUG org.apache.http.wire -  << "A[0xb2][0x10][0xb6][0xa4][0x86]Q[0xeb][0x19][0x81]/[0xa6] .F[0x10]9[0xd5]5/[0xbf](7[0xbf][0xb4][0x18]Q[0xbc]b[0xf7][0x18]z62[0xb2][0x0][0x9d][0xa4]L[0x9c]m[0x88][0xfc][0x8a]\[0xb1][0xe3][0xf6][0x1a][0xa8]e[0x8b][0xc8]C[0xc4][0x9f][0xca]h[0x89][0xb4][0xf8][0xde][0xb1]<[0xb5]8?7U[0x1]Z[0x8c][0x7]gd[0x16]a[0xce][0xda][0xa3]UQ[0x16][0x96][0xc4][0x1e]3[0x9]N[0xfc][0xd0][0xdc][0x8a]X[0x8d][0x0]O[0x1b]8[\n]"
18:56:14.000 [main] DEBUG org.apache.http.wire -  << ""P[0x85][0x82][0xf0][0x97][0x85][0x5]h[0x19][\r]Q!h[0x8c][0x18]ED[0xd8][0x6]-[0xaa][0x15][0x2]r[0x12][0xc1][0x8b][0x1c]P[[0xc6][0xa0][0xea][0x4]a[0x97][0xb1]1hw=qv![0x8a][0x6]h[0xe9][\n]"
18:56:14.000 [main] DEBUG org.apache.http.wire -  << "[0xc9][0xfa]8[0xec][0xc1]H[0xf0][0xe6][0x86][0xa0][0xd1][0x6][0xe2][0xac]B,[0xbd][0x83]'Ch[0xb2]V[0xc0]z6([0xd4][0xcb][0x8]Y[0x18][0x12][0xdd][0x94]E[0xba]h[0xd4][0xa5][0xb4][0x8]4'[0x85]H[0xf2][0xd8][0xab]]P[0x87][0xe]a[0x95][0x19][0xf1][0xeb]9[0x90]N[0x98][0x1c]r[0x5][0x1e][0xd2][0x99][0x95][0xc8]5[0x3]<i[0xe3][0xb8][0x10][0x1a]5[0xb9][0x99][0x9a][0x80][0xe6][0xa6][0x88]K[0x3][0x88]:[0x16][0xd9]>x[0xab][0x1f][[0xd1][0x87][0x1a]1[0xa6][0x86][0xa0]3[0xe4][0x89][0xb2][0xc]i[0x9e][0x10][0xd9]2h[0x2][0xc7][0xbe]`[0x9][0xbd]J71[0x4][0x9d]8B[0x9c]u[0x88]l[0x8b]T[0xa5][0x83][0xb][0x1d][0x1c][0xb7]{[0x83][0xe5][0x10]i[0xce][0xc8][0x18]t[0x0]+qv![0xb2]-[0x92]][0xd0][\n]"
18:56:14.000 [main] DEBUG org.apache.http.wire -  << "[0x1d]{[0xfb][0x1][0x16][0xa7][0x8][0xfb][0x8c][0xc1]G[0xaf][0x11]g[0x1f]R[0xde]-J[0xcf][0xcf][0xcb][0x7]M[0xf9][0xc2][0xb][0xdb][0xfc]T[0xcc]n(j[0xa9]nn[0x8][0xba]F[0x89]8[0xab][0x10][0xed][0x7][0xe4][0x6]34[0xd6]p$[0x10][0x94][0xc6][0x8a][0x99]%[0xd1][0xe9][0x11]iZ[0x10]~!;[0xa4][0xa6][0xc2][0xde][0x8e]E[0x8f]1[0x13][0xd0][0x8]&q[0xde]B4[0xcd]![0xdd]7h[0xe9][0x86][0xa3][0xa0][0x85][0xca]""[0xcb][0xd2][0x14]tN[0x1e]qV![0xea]{[0x8c]A[0x1d]l[0xe1][0x7]nu"l23 zT[0x5]y'[0x11]x[0x4][0xe][0xd2]n [0xd6]O[0xc6][0xa6][0xa0][0xf3][0x9b][0x89][0xf2][0x13][0xd2]n[0x9c]!W[0xc8][0x82][0xc6]D[0xa0][0xad][0x7][0xe8](7m[0x16]f[0x19][[0x82][0x1a][0x9f]P[0x9b][0x90]K<h[0xad][0xad][0x80][0xa3]4[0x87]D[0x1a]"[0x1][0x98][0x9a][0x80][0x6][0xe7][0x88][0x8b][0x16]DfEt8a[0x95]:[0xf6]r[0x8]#e[0x9b][0x98][0x82]6r[0x10]g[0x1d][0xa2]3[0x8d]4T[0x0][0xaa][0x8d]p[0x8c][0x18]B}[0x8e][0xf0][0x9b][0x91]![0xb1][0xcb][0xab]-Ac[0xc3]X[0x2][0x13]\[0x4][0xe0][0xe8][0xf][0xa0][0x16]zFfD7[0xc3][0x90]6[0xfc]@[0x9b]a[0xf0]*18[0x3]k[0xf1]Z[0x92][\n]"
18:56:14.001 [main] DEBUG org.apache.http.wire -  << "[0xbe][0xfa][0x6][0xba]$[0xc9][0xd2][0x14]4[0xb4]E\[0x18]"[0xda][0xe7]P[0xab] [0xf1][0x8f]cp[0x19][0xec]]D[0xf8][0x99][0x18][0x82]f[0xb1][0x88][0xb3][0x8]{][0xf][0x8e]-[0xec][0x95]/[0xb8][0xe4]E[0xb2][0x8b][0xf8]f,([0x5]A[0xe3][\n]"
18:56:14.001 [main] DEBUG org.apache.http.wire -  << "[0xde][0x99][0x82]z[0xb]{[0x7][0x7]#aX[0x18][0x81]nn![0xca]c[0xa0]n[0x3][0xd4]2[0xe4][0xd1]1P;[0x5]G2D+a-[\r]A[0x1d]M[0xe2][0xec]BT[0xf4](9[0x1a]:[0xd6][0x82]uu2Z[0x94][0x99][0x9b][0x13][0xef]3DvF[0xca]_[0xd0]f[0x5][0xf6]f3[0x9a][0xd7]Hh[0x9e][0x81]2"4[0x18][0x87]\[0x91][0x8e][0xb9]E[0x86][0xb2]"[0x1d][0x0][0x0][0x0][0xff][0xff]"
18:56:14.001 [main] DEBUG org.apache.http.wire -  << "[\r][\n]"
18:56:14.002 [main] DEBUG org.apache.http.wire -  << "365[\r][\n]"
18:56:14.002 [main] DEBUG org.apache.http.wire -  << "[0xc2][0xb9][0x84][0xd0][0x12]s[0x8b][0xb][0xcd]lB[0xe4]W[0x1a]WSH[0x8b]wh9Ah[0x9]Z[0xff][0xf]Ma[0xb4][0xb5][0x7][0x91]mhk[0xf]"[0x86]hj[0xf][0xa8][0x88][0xa7]G[0xb8][0x81][0xa6])[0xa1][0xf6][0x4][0x4]+`[0xa6][0xeb][0xf4][0xc4][0xdc]T[0x5]S[0x85][0xe2][0x92]D[0xa4]I[[0xfc][0xeb]5[0x90]V[0xdf]Z[0x82]znP[0xe3]i[0x9c][0xa0]A]R[0xfa][0xd8][0x4][0x1a][0x86][0xa3][0x93]M[0x88][0xee],[0x8d]C[0xf]T=[0xd1][0xc9]O[0x88]n,M[0xfd]db[0x80]<[G[0xcb][0x95][0x80]&[0x6]H[Lh[0xed]'[0xfa][0x85][0x1e][0xa2]@[0xa5][0xb5][0x9f][0x10]=[\n]"
18:56:14.002 [main] DEBUG org.apache.http.wire -  << "Z[0xdb][0x84]4[0x0]@[0xe3][0x14][0x81][0xe8][0xff]g[0x6]d[0xe4][0xe7][0xa5][0x1a][0x82]6/[0xa0][0xe][0x18][0x83]w[0x9d][0xa6][0xa6][0xc0][0xb6]p 5[0xba][0xf1][0x9e][0xf7][0x8e](^M[0xc][0x90][0xe][0xc1][0xa2]u[0xd0]![0xea]=[0x1a][0xdb][0x84]4-Gk[0x9b][0xe8]T[0xbc][0x9a][0x18][0xd0][0xeb][0x9e]1[0x13][0x3][0xba]m[0xc1]2 kc[0x14]"[0x91][0x13][0xbd][0x81][0xcf][0x0]4@E[0x8f][0xba][0xc9][0xc4][0x0]i[0xb4]:73'[0x1b]c[0x13][0xb][0xc2][0xf5][0xf8][0xd6][0xf1]!gP[0xd0][0x82][0x8][0xa8][0xdb][0xa9]e"[0xa2][0x6][0xa0][0xcb][0xa1]a&[0x6]H[0xc7],y[0x16][0x80][0xca]2[0x5]CC[0x5]3[0x13][0x85][0xf4]$[0x8c][0x0][0xc2][0xb7]\[0x9b][0xf8][0x8]G[0xba]Uh[0xb0][0xac][0x1c]61@[0x1a][0x8a][0xa2]](P[0xef][0x8][0x4][0x13][0xf0][0xb8].4[0xe9][0x5]gW[0xe5][0xe7]+[0x84][0xe7][0xe7][0xa4]%g$[0x82][0x96][0x14][0xa0]VD[0xc1]%E[0x89][0x95][0xd9][0x99])[0xa0][0x19][0x4][0xe8]`[0x96][0xa1][0x19]hC.[0x11][0xc3]#&[0xa6]HS[0xa5][0xc1][0x89][0xb9][0xc5][0xa5]y[0xe9][\n]"
18:56:14.003 [main] DEBUG org.apache.http.wire -  << "[0xc1]F[0xc6][\n]"
18:56:14.003 [main] DEBUG org.apache.http.wire -  << "[0xa1]9%E[0x89][0x18][0x9][0xc4]=1'[0xb1][0xa2][0x92][0xe4]|d[\n]"
18:56:14.003 [main] DEBUG org.apache.http.wire -  << "[0x1a][0xe][0x87]zf[0xd0]$[0x9]S[0xd0]T[0x11][0xd4]Q[0x84]}[0x8e][0xf0]3)a[0x8b][0xd4][0x8]#[0x18][0xb6][0x19][0x99][0x95][0x89][0xa0][0x10][0x87]F![0x91]E[0x94][0xa9]1[0xa2]Q4x[0x82][0x16]i[0xff][0xdb] r[0x14]Rl[0xd0][0xb4][0xf9]h[0x8a]4'6[0x88][0xbc]?[0x18][0x13][\n]"
18:56:14.003 [main] DEBUG org.apache.http.wire -  << "[0xd2][0xf1]v[0x83]'[0xa4][0x90]f[0xca][0x6][0x91][0xa3][0x90][0xba]Y[0xe0][0x89]B[0xe8][0xf8];[0xd6][0xc5]g[0xae][0x15][0xa9]E[0xc9][0x99]%[0x89]%[0x99][0xf9]y[0xa9][0xb9][\n]"
18:56:14.003 [main] DEBUG org.apache.http.wire -  << "[0xb9][0x89][0xe9]y[0x99][\n]"
18:56:14.003 [main] DEBUG org.apache.http.wire -  << "[0xf9])[0x99]%[\n]"
18:56:14.004 [main] DEBUG org.apache.http.wire -  << ")[0xf9]9[0xf9]Ed,771E[0xaa]A[0x7]O[0xa8] [0x1d][0xa4]E[0xdb][0xde][0x86][0x99][0x1][0xa2]KHk[0x9b][0x10][0xd3]K0[0x9b]t1[0x97]b[0xe1]k[0xab][0x19][0x83][0xf6][0xe9][0xe3][0xac][0xfd][0xa1][0xad][0x14]c[0xb][0xa4][0xa3]>[0xd3][0x13]s3[0xf3][0xd2]u[0xcd]0j[0xfc][0xb4][0xfc]"[0x5][0x88][0xa4]BAiQA~qj[0xb1]R-R[0x13][0x19][0xdc][0xd0][0x80][0xd5][0xa2][0xd0]RU[0x17]s[0xe3][0xc8]`q-h[0x8e][0xf][0xdd][0xb5][0x98][0xd7][0x1d][0xf][0x1a][0xd7]b[0xf6]p[0xb1]D[0xd1][0xa0]q-[0xa2][0x82][0x81][0xa5][[0x85][0xe0][0x9c][0xcc]\[0x8c]4[0x85][0xcf][0xc1]Dw3[0xcc][0xc]13$[0xed][0xac]3[0xb6]4G[0xf8][0x8e][0xa6]3[0x7][0xa0][0xf5][0xcf][0xd0][0x14]:[0xe4][0xe6][0xf4]@Ky[0xa0]n[0xa7][0xc9]l[0x4][0xa2][0x1]G[0x13][0xe3][0x11]5,M[0x8c]G[0xa4]WZ[0x18][0x8f][0xb4]e[0x10][0x96][0xfb]h[0x92][0xf1][0x8c]-A[0xeb][0xd0][0xa0][0xb1]Lk[0x9b][0x10]y[0x8e][0xd6]6!"[0x87][0xd6]6a[0xd6][0xee][0xb4][0x8a]'[0xba][0x8d][0xf9][0x82][0x9a][0x1b][0xf4]H[0x11]&[0x6]H[0x97]=[0xd1]4[0x9e]L[0xc][0x90][0xf6]u[0xd2][0xda]&[0xc4][0x90] [0xad]mB[0x14][0xa0][0xb4][0xb6][0x9]Q[0x96][0xd2][0xda]&D[0x19]1[0xc4][0xea]K[0x13][0x3][0xa4]>[0x5][0xf6].[0xd5]@[0x1e][0x1]ab[0x0][0x1a]C[0x84]fk[0xec][0xce]C[0xc][0x8a][0xe1]_R[0x0][0xed]q[0x18][0x99]"[0x8d][0xa7][0xbb][0x83]{[0x1c][0x18]E[0x1f][0xc2][0xc7][0xd8][0xfb][0x1b][0x6]H-[0xf8]![0x17][0xdf][0xa0][0x8d]t[0xd0][0x0]%>W [0x2][0x99][0xe8][0xb6][0xb1][0x1]hq[0x1c]},[0xa2]Y[0xee][0x3][0x0][0x0][0x0][0xff][0xff]"
18:56:14.004 [main] DEBUG org.apache.http.wire -  << "[\r][\n]"
18:56:14.005 [main] DEBUG org.apache.http.wire -  << "26F[\r][\n]"
18:56:14.005 [main] DEBUG org.apache.http.wire -  << "[0xca][0xcc]K/V[0xc2]X[0xd7]E[0xcd][0x94][0x84][0xb4][0xf9]i[0xc8][0xa5]$[0xd0]^B[0xba]D0[0xf2][0xf4][0x0][0xb4]{[0x8f][0x91]g1[0xfa]s[0xe4]$Y[0xa4])[0x2]*M[0xb5]![0x8d][0xef]S[0xcb]DD[0xfd]I-[0x13][0xc9][0xa9]'[0xc9][\n]"
18:56:14.005 [main] DEBUG org.apache.http.wire -  << "^DF[0xa5]m[0xd1]3t[0xf7]r[0x99][0x18] [0xed][0xe5][0xa2][0xd7][0xe4],bq2[0xf5][0xa6]%Mq.[0x86]51@[0x9a][0x9a][0x8][0x8]6[0xc1][0xcc][0xca][0xc5]&[\n]"
18:56:14.006 [main] DEBUG org.apache.http.wire -  << "I[0x89]E[0xa0][0xab][0xcc][0xa0][0xf3]P[0xc6][0xc4][0x9e]zob[0x80]t[0xf1][0xe]m[0xd3][0x98][0x9][0xa2][0xf]E[0xfd][0xae][0xb4][0x89][0x1][0xf2][0x9e][0x1c][0xa2][0xcb]<[0xa4][0xd9]W[0xe2][0xeb]i[0xa4][0xe9][0xf][0xe2]C[0x8c]<[0x9b]0[0x87][0x12]1#?'[0xb1]R!#[0xb1]X[0x1][0xcb]![0xca]DNG[0x1a] [0xed][0xd4][0x81][0xed][0x1a][0x85][0x9c][0xc6][0x80]c]`if[0xa2]Bj~[0xb1]B[0x11]d[0xb2]B!/59[0xb5][0xb8][0x18]<w[0x91]TZ[0xac][0x90]V[0x9a][0x9e][0x99]X[0xa2][0x90][0x98][0x97][0x99][0x9b][0x89]4ma[0x4][0xea]r[0xe2]l% [0x8d]O[0x1b] m[0xe8]!+[0x88][0x89][0xf6]8[0x9d]F[0x10]L[0xc][0x90][0x8e][0xc7]D[0xda][0xb9][0x8][0x9b][0xe][0xc2][0xb1]C[0xc9][0xb5]B[0xa1][0xb0]41[0xb5]([0x11]tzl[0x11]8x[0xc9]9:[0xd6][0xc4][0xc0][0x94]n[0xa3][\n]"
18:56:14.006 [main] DEBUG org.apache.http.wire -  << "H;R[0xe0];[0xb][0xc1][0x1b]3[0x14][0x9c][0xf3]s[0xb]JK[0xc0]G[0xf4][0xa0].[0x85]p,.H-[0xca][0xcc]/J-[0x86][0x9c]M[0x9b][0x9f][0x9c][0x9c][0x98][0x9a][0x9c]X[0x92][0xa9]PXJ^[0xf2]A[0xde][0xa9]B[0xb3][0xd5]3[0xd4]l[0xd5][0x82][0xf6]8B[[0x86][0xb4]\[0xba]h[0x86]h[\n]"
18:56:14.006 [main] DEBUG org.apache.http.wire -  << "[0xd1][0xd4][0x1a]D[0xfb][0x88][0xa6][0xd6] [0xb5][0x8e][0x90][0x8e][0xd2][0x2]o[0xb4][0xc2][0x91][0xa1][0x1c]K[0xa1][0x93][0xa9][0xa9][0xb9][\n]"
18:56:14.006 [main] DEBUG org.apache.http.wire -  << "E[0xa9][0x5][0xa9]99[0xa9]y)[0xa5][0xc8]y[0x8a][0xf8]2[\n]"
18:56:14.006 [main] DEBUG org.apache.http.wire -  << "i[0x87][0x8a]g[0x80][0x87][0xbf][0x9f][0xab][0x82][0xa1][0xa9]B@[0x90]?F[0x9][0xed][0xe1][0xea][0xe7][0x1e][0xe0][0xef][0x87]h[0x0][0x9a][0x80]j[0x10][0xa2][0xca]A[0xa4][0x83]iif[0x7][0xd2][0xae][0x14][0xda][0xd9][0x81][0xa8][0xc8]h8[0xf]cb`[0x8e][0x18][0x95][0xa3][0xad]=H)[0x9c]vW[0x12][0x99][0x18][0x80][0xce]}[0x80][0x95][0xb][0xb4][0xb4][0x7]tJ[0x1f][0xd4][0x1e][0xb2][0xea][[0xe2][0x1b]OH{lh[0x96][0xda]@Gs@}C;;[0x10])[0x8d]vv [0x8a][0xeb][0xc1]3[0x94][0x87][0xb4]y[0x89][0x96][0x85];[0xe8][0xd4][0x18]h[0x1c][0xe][0x1e][0xbf]#[0xdd]l[0x84]3[0x9b] [0x8a]y[0xe2]3[0x5][0xbd]v[0x2][0x99][0x18]X[0xe][0xc6]$[0x85]|[0xa0])[0xd1]]7[0xb2][0xc2][0x19][0xd1][0xdc][0x1f]D[0x89][0x8a][0x9c][0xb6]9[0x19][0xbe][0x7][0x9f]Q:[0xd8][0xb2][0x94]!Y3vd[0xf9][0x1e]Q`[0xe3][0xcc][0xbb][0x18]c[0xa2][0xe4][0xf4][0xda][\r]A[0xa7]H[0xc][0xbe]pFj,[0x13][0x9d][0xc7][0xc8][0xf3]>"[0x93]"
18:56:14.006 [main] DEBUG org.apache.http.wire -  << "[\r][\n]"
18:56:14.007 [main] DEBUG org.apache.http.wire -  << "4FE[\r][\n]"
18:56:14.007 [main] DEBUG org.apache.http.wire -  << "[0xd1][0xaa]f4D>[0xb1][0x95][0xc6][0xbe]A[0xe4][0xce][0x80][0xa2]|[0xf0][0xb5]?[0x8e][0xa5]9[0x99][0x89][\n]"
18:56:14.008 [main] DEBUG org.apache.http.wire -  << "[0x98]{[0xcb]@[0xf7][0x7][0x15]@[0xd5]$[0xc2][0xd5]@G[0xe4][0x88][0x1c][0x91]0D[0x9a])[0xa3][0x8f]}[0x88][0x96]9[0x8d][0xb3][0x5][0xd2][0x86]M[0xfa][0xf8][0xc][0x91][0xe1][0xe9]c[0x1f][0xa2]j[0xa5][0x8f]}[0x88]>[0x8]}[0xec]C[0x94] NE[0x89][0xc9][0xa9][0xd8].[0x8][0xf4]MLIU[0xc8]OS[0xc8][0xc8]L[0xcf][0x0][\r]][0xe5]d[0x96]T*[0x14][0xa4]&[0x16][0xe5] [0x17]%[0xa0][0xdd][0x86][0xc4]t[\r][0x91]V[0xb][0xba][0x84][0xb9](xg[0xe6][0xa6][0x96][0x14][0x97][0x82]F:#[0x13]3[0x93]@[0xfb].PG[0x92][0x10][0xf5][0x82][0xa1][0x91][0x1][0xea][0x10]8[0x9e][0xe1]uC[0xa4][0x1d][0x9d] k|K[0xd3]S[0xf3][0x14]B[0x8a][0x12]31[0xb7][0xed][0xe0][0xb1][0x1][0xf7]i[0x16]&[0x86]Hw[0xd4][0xd1][0xc8][0x6]P[0x98]B+[0x1d]Z[0xd9][0x80]()he[0x3]b^e[0xd0]4[0xcf][0xc][0x91][0xa6][0xff][0x7][0x91][0xa3][0x10]yq[0x10]9[\n]"
18:56:14.008 [main] DEBUG org.apache.http.wire -  << "1[0xc1]C[0xe3][0xaa][0x4]i[0x11][0x0]v[0xef]#[0x16][0xa4] 2,[0xdd]V[0xbb][0x18]"M[0xbf]cw[0xde][0x80]8[0x8a]P[0xe6][0x1a][0xe0]0C[0xd4][0x9e][0x83]([0xcc][0x10]U,d;[0x5][0xc6][0xd8].[0xb6][0x9d][0x16]:J[0xd0]6[0x1f][0xd1][0x3][0x0][0x86]H[0xfb][0x1]i[0x9c]u[0x90]f[0xfa][0x15]0|C[0x9d][0xfe][0xf][0xd2][0x84]<Y[0x9e]![0xb6][0xa9][0x8c][0xb4][0x13][0x86],{[0x88][0x8f][0x1e][0xa4]=[0xea][0xb4][0xb6][0x9]Q[0xc9][0xd2][0xda]&Dy@k[0x9b][0x10][0xb9][0x88][0xd6]6[0xd1][0xad][0x6]B[0xda]mH[0xd8]O[0xe0]CG[0x90][0x1b][0xc0]x[0xcf][0x1a][0xa1][0xe2][0xbc][0xa2]![0xd2][0xc4]>ag[0xc2][0x16][0x10] j'[0xe2]s[0x8][0xa5][0x13][0xf6]$[0xd8][0x84]h[0xfa][0x10][0xef]%[0xa2][0x3][0x1f]i[0x11][0x82]![0xdd]&[0xcd][\r][0x91]&[0xcd]i[0xec]'[0xa4][0x99]q[0xa8]MX[0x96][0x13][0x81]V[0x94][0x94]g[0x96]d(d[0xa5][0x16]#[0xd6][0x95] [0x92][0x5][0xfe][0x96][0x14]r[0x10]"[0xed][0xf4][0xa4]m[0x5][0x8a]4[0x81]>[0xd4][0x96][0x85][0x1a][0x9a][0x91]R>[0xe]\Y[0x82]tn%4[0xe9]`[0x9e]\[0x7]o@[0xc][0xa0]3[0x11][0xc3][0x8f][0xd8][0x1b][0x92][0x3][0xdb][0xce]E[0x9a][0xd1][0x87][0x86]"[0xd1][0x19][0x10][0xa9][0x10]#>[0x7]"[0xcd][0xee]c[0xf][0xe]b[0xb3]55[0xab]%s[0x8c]V[0xe][0xd1][0x81]@[0xac]s[0x91]K![0xa4][0xf3]0[0x87]\[0xe1][0x80][0xb4][0xa2][0x1][0x9a]^[0x6]e[0xae][0xc3][0xbc][0x97][0x97][0xb6]1:4[0x8a]L[0xa4][0xed][0xc7]C/[0xe1]![0xca][0xd1]A[0x9d][0xf0]Hi[0xf2][0xf]\[0xad]d[0x8e][0x98]F[0x1a]r)[0x81][0xa4][0xc5]A[0x3][0x17][0xc4]H+[0x8b][0x6]s[0x82]EZ[0x9c]4[0xf4]R[0x2]bJ[0x8d]fS[0xbb][0x16][0x88][0x81]@h4b[0xde][0xed][0xb]of[0xc2][0xba][0xac]D7[0x8d][0xa8][0xd9][0x8a][0xb1][0xc0][0xa8][0x84]0][0x8a]h[0xae][0xe0][0x1b][0xd5][0xa2][0xaa][0xab][0x10][0xfd]c[0x8f][0x2][0x85][0xb0][0xcc][0xb2]|[0x85]H##[0x8c][0xa1][0xbe][0xdc][0xd4][0xdc][0xcc][0x9c][0xcc][0xec]L[0x85][0xe2][0x82][0xd4][0xe2][0xcc][0xb4][0xcc][0xec][0xc4][0xe2]L[0x85][0xca][0xc4][0xbc]t[0x85][0xc4][0x82]L[0xd0])[0x8c][0xd0]1Lc[0xd0]<[0x1a][0xb1][0xeb][0xf6][\r][0x91]VmA#[0x8f][0xa6][0xcd][0x0][0xcc][0x93][0xae]ik[0x1d][0xa2][0x10][0x87][0xfa][0xe]O[[0xc]K[0xd2]$~[0x90][0x83][0xe8][0xe3][0xae][0xf1]u[0xd3][0x8d][0xf1][0xe]3!7[0x90][0x89]Y[0xd7][0x86]/[0xcf][0x91][0xe0]1RF[0x1d][0x7][0xae].[0x1]]`[0x2][0x9d]M[0xc5][0x1f][0xd3]T[\n]"
18:56:14.009 [main] DEBUG org.apache.http.wire -  << "[0x8c]2[0xf]O[0xc2][0x1a][0xc0]P[0xc1]([0xf0]p8[0x93]J[0xa1][0x82]([0xc9][0xf0]G[0x2]h[0xf7][0xd3][0x0][0x86][0xca][0xd0]h(#[0xdd][0xe4][0x8e]} `@[0xc7]E[0xc0][0xdb].[0xa0]9nP:[0xf]Qnaw[0x1e][0xa2][0xa2][0xc7]?6C[0xc5][0xaa][0xde][0xc8][0x0][0xd1][0x1c][0xc3][0xee][0xa8][0x1][0x8e]RDq[0x81][0xdd]y[0x3][0x12]fC[0xa2]P1B:dd[0x10][0x97]}FH[0xeb]0[0xb1]G[0xf1][0xc0][0xa6]@[0xa4][0xc5][0x94][0x90][0xcb][0x7]!;[0x11][0xb1]][0x6][0xe8][0x94][0x93][0x98][0x97][0x92]Y[0x92][0x99]Y[0xac][0x90]\[0x9a]S[0x90][0xa8][0x90][0x9a][0x97][0x99][0xb][0xda][0xc8][0x9a][0x88][0xb4][0x81][0x15]t*71[0xb][0xd7][0x8c][0x90][0xae][0xc1][0x18][0x94][0xe1][0x82](8h[0xb3][0x94][0xcb][0xc8][0x10][0xd1][0xa2][0x19][0x94][0x1]@l)@[0x95][0x96][0x8c][0x11][0xda]:F[0xea]/04BZ[0xc2]8[0x98][0xcb][0xb][0xa4]u[0x90][0xf8][0x9d]I[0x9d]pGZ[0x14]I[0x17][0xeb][0x10][0xd3][0x1a][0xbe][0xa0][0xc5][0xe0][0xc1][0xf9][0xc9][0xc9]X[0xf6];'[0xe7]'%*$[0x17][0xa5]&[0x96][0xa4]b[0xde]C[0x82][0xff][0x14]X[0xa4]N[0x9b][0x11][0xd2][0xfd][0x16]T[0xb2][0xcd][0x10][0xf7][0x11][0x14]FHw\[0xd0][0xe0][0xf4][0x6]#[0xa4]U[0x96][0xa4][0xc6][0x14][0xd1]c?([0x81][0x87]h[0x9b]@[0xed][0xc3][0x1c][0xbb][0xc1][0xd7][0xe3][0xa5]_#[0xcf][0x8][0xa3][0xa8][0xc2]t)[0xa2]!E[0xa7]Q&#[0xa2]/"[0xa1]RFF[0x8c][0xf2][0xf][0xc6][0xea][0x84][0xe8][0x83][0x9d][0xa8][0x13][0x1a]H[0xeb]KiT}#[0x9d][0xeb]D+[0x1b][0x10]M[0x90]A[0x19][0xa3][0x88][0xf2]aP:[0xf]1[0xe6]@[0xed][0x3][0x81][0x8c][0x90][0x96]oR[0xdf]lRFP[0x7]lH[0xc7][0x88]n[0xeb]=[0x8d][0x90][0xce]V[0x84][0xd6]C[0xa6][0xb4];[0xf][0xdb][0xc4][0x8]tA[0xfc] [0x1e]e1A[0xf4][0x1a]`[0xa1][0x81]1q[0x1][0xae][0x95][0xa9]S[0x8e]"[0xdd][0xce][0x80]=[0x93]#[0xea]U[0xfa][0xd5][0xf7][0x98]+[0xf4]p[0xc][0xb2][0x82]F=)[0x99]d0BZ3G[0x8f][0xd0]F:|[0x6]{h[0xf][0xec]X[0x1][0xd2]1[0xe8])[0xa9][0xc5][0xc9]E[0x99][0x5][0xa0]{80[0x92][0x1f]"I[0xe0]kj!75[0x91]&4[0xa9]l0[0xa2][0x8e][0xa2]Q%[0x8d]t[0xd6][0x3][0x95][0x9d][0x8e][0xa8][0xbf][0x6]eZ@TS[0xd8][0x9d][0x87]H[0x5][0xf4]+[0x18][0x90][0xe6][0x4][0xb1];[0xca]-[0xbf][0x8][0x0][0x0][0x0][0xff][0xff]"
18:56:14.010 [main] DEBUG org.apache.http.wire -  << "[\r][\n]"
18:56:14.011 [main] DEBUG org.apache.http.wire -  << "223[\r][\n]"
18:56:14.011 [main] DEBUG org.apache.http.wire -  << "[0x82][0xde][0xfa]1 [0xce][0x1b][0x8c]#[0xe4]D[0xcf][0xe3]Q\[0x98]Z"[0xaa][0xae]A[0x19];[0x88]^$v[0xe7][\r]H[0x92]A[0xf4][0xea][0xf0]W@[0x94][0xc7][0xe][0xa1][0xc]=[0xa0]y[0xc7][0x18][0xe9][0x80][0xfc]A[0x13];[0xc6]H's[0xd0][0xa6]z1&xP[0xc6][0x0][0xc7][\n]"
18:56:14.012 [main] DEBUG org.apache.http.wire -  << ""y[0xd2]*[0x0][0x10][0xc9][0x92]F6 [0xcd][0x80][0xd0][0xca][0x6][0xc4][0xa0]'[\r][0x6][0x6][0x8d][0x91]N[0x8d][0xc0][0x9e]5[0x6]6[0x8d][0xc][0xee]y[0xe]c[0xc3]AX[0xec][0x1b]c[0x99][0xab][0xa0]a[0x9f][0xd7][0x18]i[0xce]a0[0xa6] #D[0xfe][0xc1][0xee][0xbc][0x1][0xa8][0x99][0x8d][0x91][0xe6][0x16]hTl [0xcd]'x[0xa4]&[0x96]U*[0xb8][0x94][0x96]T*@O[0x1d][0xe][0xc8]I,I[0xc5][0xe8]z9[0x96][0x96][0xa4][0xe6][0xa2][0x1f]5\[0x94]ZT[0x9a][0x8b]4E[0xb]>[0xe5][0x8a][0x98]9Zc[0xa4])[0x7][0xc7][0xf2][0xd4][0xe2][0xfc][0xdc]T[0x85][0x80][0xc4][0x82][0xd4]"[0x5][0xe7][0xfc]D[0xcc][0x9b][0xfb]\[0xf3][0x8b][0x15]2[0xb][0x8a]Ks[0x15]2K[0x12][0xb]KS[0x15]r[0x12][0x93][0xf2][0x8b]2[0xf3][0x8b][0x13]s[0x15]R[0xc1][0x2][0xa9]%[0xa0][0xe9][0xe2][0xcc][0x12]r[0x1c]cj[0x8c][0xe8][0xcb][\r][0x9a]T`[0x8a][0xb4]W[0x9c][0xb6][0xed]3S[0xa4]1[0xc7]A[0xe4]}D[0xed]<x[0x1c][0x85]449[0x88][0x1c]5[0x8][0xcb]0S[0x82]c[0x9d][0x3]P[0xb0][0x9a]"[0x9d][0xb6]?[0x88][0xa2][0xf][0xd1][0xd0][0x1d]D[0x8e][0x1a][0x8c][0xb9][0xf]i?[0xfd][0xe0][0x9])S[0xc4][0xd0][0x83]cjQ~Je^bnf[0xb2][0x2]d[0xad][0x93]S~II[0xe]f][\n]"
18:56:14.012 [main] DEBUG org.apache.http.wire -  << "[0xaa]![0xf3][0xf3]R![0xab][0x9c][0xc0]K[0x9d][0xf2]232s[0x14][0x92][0xf3][0x8b][0x8a]J[0xb]J2!W[0xe][0xa7][0x16]+[0xe4]&BNfO%[0xaf]^C:[0xf6][0x9e][0xb6]U[0x88][0x19]RG[0x1]f[0x93].[0x8e][0xdd][0x0]8[0x86][0x13][0xf0]/[0xbd][0x80].[0xdc][0xa4][0xd2][0x5][0xbc][0x86][0x88][0xe9]O[0xb8]k1[0xef][0xf1][0x5][0xcf]u[0xc][0x6][0xd7]"R[0x18][0xdc][0xb5]E[0x18][0xed][0xb3]A[0xe3]ZDq[0x6]s-[\r][0xfb][0x17]fH[0xfd][0xb]:Xg[0x84]t[0x17][0xc][0xf6]"h@;[0xc4]F[0x4]+[0xb8][0x1]v[0x1e][0xa1]Ze`[0x9d][0x87]t[0xac][0xcc]`[0x8c]\[0xa4]S^[0x6][0xa5][0xf3][0x10][0xa3][0x1d][0xb0][0x9c][0x88][0xbd][0x90][0xa2][0xd2][0xf4][0xf1][0xe0][0x9e][0xc4]B:[0xbe][0x6]{d[\r]@[0xfb][0xd7][0x88]n'[0xdd][0x18]![0x1d]W[0xe2][0x9b]_Z[0x8c][0xd9][0x4][0xc2]W][0x11];[0xb7]k[0x86]H[0x2]4[0xb4][0x4]"
18:56:14.012 [main] DEBUG org.apache.http.wire -  << "[\r][\n]"
18:56:14.013 [main] DEBUG org.apache.http.wire -  << "459[\r][\n]"
18:56:14.015 [main] DEBUG org.apache.http.wire -  << "Q[0x9f][0xd1]f0[0xc6][0x8][0xf3]P[0x12][0x1c]k[0xe][0xa8][0x93]q[0x90][0xce]$[0xa1][0xee][0xb4]2[0xd2][0xb9]"T6[0x98][0xd0][0xe4][0xe6][0xc0]V[0x1b]H[0xa7]o[0xc][0x9e][0xac]n[0x8e][0x18][0xd2][0xa2]Q[0xb2]E:^[0x3][0xbb][0xb7][0x7]8V[0x10][0xf9][0x16][0xbb][0xf3][0x6][0xa2][0x0]F:[0x88][0x82]F[0xb1][0x82]y\[0x4][0xe6][0x82]e|e[0xaf][0x91][0xa5]%[0xea][0xd1][0xcd]x[0xe]V6B:[0xf4][0x81]V[0xde]Ad}h[0xa3][0x82][0x86][0xde][0xb1]D[0xd4]'P[0xcb]p[0x14][0xc4]8:[0x85]Do[0xc4]6F[0xda];H[0x9b][0x80]36@[0xb4][0xc6][0xb0]'[0xff][0x1][0xcd][0x9d][0xc6]4[0xdf][0x93]c[0x8c]t[0x9f]3[0x8d][0x82][0x18]io[0xc0]`[0xc]b[0xa3]AX[0x0][0x1a][0xf][0xee][0xb3][0xa3][0x8d][0x91][0xd6][0xf6]c[0x8f][0xd2][0x1][0xa8]4[0x8c][0x91][0xb6][0x3][0xd0][0xea][0xdc][0x17]c[0xa4][0x8b][0x9f]ig[0x7][0xe6]8[0x16][\r]G[0x86][0x8c][0x91]&[0xf5][0x90][0xee][0xfc][0xf4][0xc9][0xcc]K[0xcd][0xc3]q[0xb1]jX~NiAIb[0xb1]BYj^fb[0xae]BbNfaif[\n]"
18:56:14.018 [main] DEBUG org.apache.http.wire -  << "[0xce])E[0x13][0xdc];[0xb6][0x8c][0x91][0xce][0x94]v[0xcd][0xcb]/[0xca][0xcd]/-V[0xf0]M,J[0xca]I[0xc5]a[0xb9]g[0x8a]B[0x19][0xc4][0xfe][0x92]L[0xd0]-[0xae]e[0x99]%[0x89][0xa9][\n]"
18:56:14.018 [main] DEBUG org.apache.http.wire -  << "[0xc5][0xa5][0xc5][0xc9][0x99][0x5][0x99][0xb0]{[0x13][0x8b][0x15][0x12][0x93][0x14]r2[0x93]R[0x8b][0xf2]q[0xba][\n]"
18:56:14.018 [main] DEBUG org.apache.http.wire -  << "O[0x85]m[0x8c]4[0xa7][0xe8][0x99]W[0x92][0x9a][0x93][0x93][0x99][0x9e][0x9a]W[0xa2][0xe0]^[0x94][0x98][0x97]Y[0x92][0xaa][0x80]c[0xb8]:[0xb0]4S[0xa1][0xb8]4[0xaf]D!7?'[0xb5][0xb8]$31[0x15][0xce]*[0xc6]q[0x91]#[0xf1][0x13][0xc1][0x4]'[0x1f][0x7][0xb6][0xa2]B[0x9a][0xf1]sK[0xcc]+I,.[0xc9]LVp[0xce][0xcf]K.J-[0xc1][0x15][0x95]A[0x88][0xbb]-[0x15]RAi)[0xb5]D[0xa1][0xb0]4?[0x5]t[0xa3]j"tl?[0x17]4[0x8b][0x9d][0x98][0x92]Y[0x90]Y[0x9c][0x8c]|[0xcd]*j[0xc0][0xe1][0xb9]7[0xc3][0x18]i[0xf3][0x2][0xf6][0xb2]j[0x80][0x3][0xe]1[0xc6][0xe][0x9b][0xe0][0x87][0xae]/[0xf0][0xce][0xcb]L[0xc3][0x1c][0x10]pJM[0x4]%xh[0x9e]S[0xc0][0x93][0xed][0xf0]%p[0xa4]=[0xc][0x83]2P[0x10][0xad]2[0x1a]5J[0x6][0xf7][0x8][0xb0]1[0xd2]=[0xe1][0x83]1~[0x6][0xf7][0x8][0xb0]1[0xd2][0x8][0xb0]OfzFIy*[0x88]T[0x8][0xcf][0xcf][0xcf]Qp[0xce]H[0xcc][0xc4][0x9c][0x15][0xf2][0x1][0xad][0x93]I[0x85][0xd7],[0xa9][0xc5][\n]"
18:56:14.018 [main] DEBUG org.apache.http.wire -  << "I[0xf0][0xa3][0x16][0x90]j[0x10]P[0xb3][0xc]4)[0x99][0x97]^[0xac]d[0x85]/![0xcd]vb[0x8f][0xbf][0x81]h [0x99][0xd2]<W[0x99]"z[0x86][0xb9][0x89][0x99]y[0x89]y[\n]"
18:56:14.018 [main] DEBUG org.apache.http.wire -  << "[0x89]y[0x89][0xa0]s[0xda]Po@*.IM-[0xca][0xcc]KW([0xcf]HM[0xcd]A[0x4][0x5][0xf1][0x1d]C[0xa4][0x19][[0xec][0xe1];[0xb0][0x85]:[0xd2][0x0]2v[0xe7]![0xfc]L[0xb7][0xad][0x19][0xc6]H{[0xb6]hT[0xa8]"[0x1d][0xa4]N+[0x1b][0x10][0xb5]%5[0xaf][0xf7][0xc2]s[0xa6][0x80]1[0xd2][0x8e][0xb0][0xe2][0xd2][0xe2]R[0x85][0xec][0xd2][0x94]D[0x85][0x9c][0xcc]D[0xcc]B[0x4],[\r]M[0xf0][0xd0][0x83][0x9]-QN[0xb7][0xc3][0xd7]LA:_[0x9d][0xb6]Y[0x7]i[0xca][0x1]:z[0x83]gJ[0x1f]}w[0xab]![0xf1]Y[0x14]i[0xd6][0x81]V[0x89][0x1][0xd1]s[0x7][0x7]=[0x5]1[0x83][0xaf],G[0x9a]w[0xa0]f[0x9a][0xc3]g%[0xd2][0xdc][0x3]4[0x8e]h5[0xc2][0x86]t[0xea]8[0x8d]b[0x9][0xe9]lpZ[0xc6][0x12][0xd2][0xec][0x2]M[0xad][0xa1][0xf5]|[0x81]1[0xd2]|[0x1][0xa8],QH[0xac]L[0xcc][0xc5][0x98] [0x6]{[0x11]$[0x8d][0xa8]HP[0x8b][0x1a][0xbc][0xa9][0xb]QK[0xd3]:u!r([0xad]R[0x17]b[0xa9][0x4][0x8d][0xfd][0x82]4[0x88]Ok[0x9b][0x10][0x95][0x1c][0x8d]B[\r]i[0xb7]/[0xad][0xfd][0x82]hsbo[0x9][\r]lC[\r][0xe9]l^[0xec][0xce]C[0xe4]/[0xfa]5[0xd4],[0x10]i[0x9a]F[0xf1][0x8f][0xb4]K[0x97]V6 [0x16][[0xd3][0xab][0xd2]D[0xba][0x9f][0x1e]{\[0xe]lR#[0xb8][0xf7][0x16]WR3F[0x1b]>[0x85][0xae][0xf1]42E[0x1a][0xd9]rO[0xcc][0xcd][0xcc]K[0xc7][0xa8]&[0x10]>V((-*[0xc8]/N-V[0xaa]E[0xda][0xf6]olI[0xf3][0xea][0xcc][0x12]Q[0x0][0xd0]*[0xa9]![0xaa]3Z[0xd9]@[0xf3]j[0xc][0xd4]M[0x80][0x1e]yB[0x1b]?[0x98][0x80]NG[0x87][0xda]@[0xdb]"[0xdf][0x4]i[0x9f]0[0xd2][0xa6])[0xe8][0xa0]>[0xf6][0xe1][0x17][0xd7][0xcc][0xd2]b[0x85][0x82][0xd4][0xa2][0xe2][0x82][0xcc][0xe4][0xcc][0xc4][0x92][0xcc]b[0xd0][0x10]0[0xd2][0xb8][0xb]([0x99][0x12]3[0xee]bB[0xf3][0xed][0xc0]&4[0x9f][0x92]6A[0xda]p[0xec][0x9e]_[0x94][0x9e][\n]"
18:56:14.033 [main] DEBUG org.apache.http.wire -  << "[0x9a][0x12][0x9][0xcf][0xcf]OI[0xcd]Sp[0xc6][0xd2][0xeb][0xf4]O[0xc9],A[0xac][0x88][0x87][0xcd][0x8d][0xa4]"o7[0x3]-[0xb2]#.[0xf8]h][0x1c][0x98] [0xcd][0xb7][0xd3]:[0x19][0xd2]:[0xd3][0x9a][0x18] [0xea]i[0xfc]~[0xa1][0xca][0x82]4[0x13][0x9a][0xef][0x92]6A:[0x10][0x96]F[0xa5][0x10][0xd2][0xfe][0x7]Z[0xd9][0x80]h<[0xd3]%R[0x10][0xa9]l[0x10]6:L[0x90][0xce][0x16][0x8d]p[0x2][0x0][0x0][0x0][0xff][0xff]"
18:56:14.033 [main] DEBUG org.apache.http.wire -  << "[\r][\n]"
18:56:14.034 [main] DEBUG org.apache.http.wire -  << "2AB[\r][\n]"
18:56:14.035 [main] DEBUG org.apache.http.wire -  << "[0xf2][0x8f][0xc0]\[0x14][0x84][0xab][0xd1][0x81][0xde][0xa4]b[0xa3][0xc3]d0n&6[0xc5][0x1c][0x16][0xa3][0xd1][0x90][0x8b])[0x96][0xc1][0x1d][0x1a][0xce][0xef][0x9b]"[0x8d][0xf0][0x4]8+[0xb8];[0xfa]z[0xfa][0xb9]c4[0x14][0x83][0x3]\[0xbd][0x15]<<[0xdd]=[0x10][0xe9][0xc1][0x12][0xd4]b [0xa6][0xd6]0EZK[0x17][0x90][0x98][0x93][0xe8][0x93][0xef][0x93][0x88]a[0x1]|-[0x1d][0xfa][0x88][0xa2][0x91][0xa5]%hQ[0x5]q[0x16]!V[0xb9][0xd1][0xd8]"[0xc4][0x12][0xc]:[0xf5]^L[0x91][0xee][0xe9][0xa1][0xb1][0xdf][0x10][0xcd]e:[0xf9][0xcd][0xc][0xa9][0x14][0x82][0x95][0xc9]4L[0xf1]fHK[0xda][0x90]V[0xb4][0xb8][0x15][0xe5]W[0xa5][0xe6])[0x4]dVU%[0xea]&[0xe3]N[0xa0]XN[0xab][0xa3][0xe7][0x9e];[0xa4][0xd5]r[0xf0][0x5]1[0xc1][0x99]9[0xd9][\n]"
18:56:14.035 [main] DEBUG org.apache.http.wire -  << "[0xd8][0x8f][0x1b][0xf0][0xcc]SH[0xce][0xcf]+N-,-[0xcd]+)-[0x2][0xb5][0x9b]![0xdb]%[0xb]K[0x13][0x8b][0x15]2K[0x8b]K[0xf2]Ab[0xc5][0x85][0xa5][0x89][0xc8]-B[0xd4][0xe5][0x13][0xe8][0x85]=R[0xf][0xd1][0xc][0xcb][0x19][0xba]4[0x8d];D[0x9b][\n]"
18:56:14.035 [main] DEBUG org.apache.http.wire -  << "y[0xe5]Mp~Z[0x89]Bp~b[0x81][0xae][0xc1][0xa0][0x8d]9[0xa4][0xf3]u[0x91][0x92]]PiRRj[0x91][0x82]Gb[0x89].[0xe6]b[0xe]x[0xa9]8[0xc0][0x89][0xe]T[0x2]C;[0x87][0x1e][0x89]y)[0xb9][0x89])[0xa9][0xa0][0xf4][0x6]^[0xc4][0x13][0x9c][0x91][0x9f]Z[0xac][0x8b]y7[0x17][0x15][0xdc]n[0x82]h[0xab]A.^[0xd6][0xc5]<[0xd2]"[\r]~^[0x1c][0xf6]![0xc]3cDY[0xed][0x9b][0x9a][0x92][0x99][0x9f]\[0x94][\n]"
18:56:14.035 [main] DEBUG org.apache.http.wire -  << "[0xdd]U[0x8c]=[0xc7]8[0xc3]6[0xf][0xe7]f[0xe6][0x95][0x16]+[0xa4]d&[0x97]$*[0x14][0xe7][0xe7][0x94][0x96]$[0xc2][0xe6][0xff][0x8b][0x91][0xba][0x9e][0xc4][0xe7][0x14][0xa4][0x85]t[0xf0][0x9c][0x1b][0x90][0x3]Y[0x9][0x85]}-[0xf][0xe8][0xb8][0xe][0xd0]a[0x1e][0xa0]Et[0xa9][0x15][0x5]9[0x99][0xc9][0x89]I[0xf9][0x90][0x3]<[0xc8]s[0x1]b[0xac][0x5]V[0xce][0xe2][0xce]-X*b[0x1d]%[0x9c][0xd5]0[0x15][0xdb]fH[0xe3]VPgb[0xb6]K[0xf1][0xa5].[0xba][0x8d][0xc4][0x9a]![0x9d][0xce][0x80][0xd3][0xa5][0x88][0x16][0x13][0xbe][0xfd]X[0xd4][0xc]?[0xa4][0x13]a[0x91][0xcb]H[0xc7][0x9c]RP[0x92][0xce]UpJ[0xc4][0x1c][0x9][0xf4]ML[0xcf][0xcb]T[0xc8][0xcb]/.)[0x2][0x9d][0xe][0x93][0x2]Z[0x8f]X[0x9a][0x92][0x99][0x98][0x97][0x92][0x98][0xaa][0x0][0xae]+[0xf2][0x12]KJ[0x8b]![0x7][0xc6][0x80]D[0x90][0x17][0xdb][0x81][0xef]=[0xc2][0x99]4[0x90]k[0xb][0xa4]%&[0xd0][0x0][0xa3]Q+[0xda][0xc][0xe9]\[0xd8]A[0xd3][0xb3]1CZ+0[0x88][0x1c][0x85][0x18][0xd4][0x9][0xce]IM[0xcd]V[0x80]'[0x94][0x90][0xc4]$,[0xa7].[0xb8][0x16][0x15][0xe5][0x17])[0x94][0xa4][0xe6][0x16][0xe4][0x17][0x81]SB"[0xe4][0xc8] [0x85][0x9c][0xc4][0xd2][0x94][0xc4][0xbc][0x92][0xcc]R[0xd0][0xf9]F[0xb9]d[0xad][0xac]5C[0xea]f[\r][0xa2][0x10]B4[0x89][0x7][0x91][0xa3][0x10]#[0xb].[0xa5]E[0xa0][0x98]R[0xf0]IM,[0xc9]H-[0xc2][0xb5][0xfe]88[0xb3]D[0x1][0xd4][0x12][0xcc]TH-.Q[0xc8][0xcc][0xc9])[0xcd][0x85][0xaf][0xab][0xcd]+[0xcd][0xc9]ITHLN.-N[0x4][0x0][0x0][0x0][0xff][0xff]"
18:56:14.035 [main] DEBUG org.apache.http.wire -  << "[\r][\n]"
18:56:14.036 [main] DEBUG org.apache.http.wire -  << "190[\r][\n]"
18:56:14.037 [main] DEBUG org.apache.http.wire -  << "[0xca]-%[0xaf][0x82]CZ[0x8]A8s[0xf]\[0xf5][0x82][0xb4][0xbf]rP;[0x13][0xa9]3[[0x94][0x98]\[0x92][0x99][0x9c][0x98][0x3]=[0xdb][0xb][0xdc][0xe4][0xc2][0xa8][0xb9]]+[0x92]S[0xb]JJ[0x8b]2[0xa1]Q[0x9b][0x98]K[0xde]q'fH3[0xd9][0xb4][0x1a][0x84]C[0xb4][0xc9][0x8]G[0x1][0x96][0xb6]/[0xd1][0xab][0x8c]L[0xc][0x11][0x85][0x1b][0xf6][0xac][0x8b][0x98][0x2]CT[0xd4]tk@[0x98] [0xed][0xdf][0xc2][0xee][0xbc][0x81]p[0x14][0xd2][0xa9]v4[0x8a][0xa4]S[0xeb]h[0x1c][0xff]H}}Z[0xdb]Dl[0xe3][0x9a]:[0xa3][0xfd]H[0xfd]nZE[0x12][0xa2][0x82][0xa1]u[0xd0]!:[0xf5]4[0xf2][0xb]R[0xdf][0x9b][0xc6]~A[0xda][0xfa]Fk[0x9b][0x10][0x15][0x4][0xcc]&[0x1a][0x8e][0xbc][0x98] [0x8d][0x1][0xd0]*[0x92][0xe8]V+ u[0xc5][0xb1][0x17][0xbb][0x3][+ m/[0x1b][0x94][0xce]CdW[0xec][0xce][0x1b][0x88]J[0xb]i[0x83][0x19][0x8d][0x92][0xe7][0x90][0x19][0x96]0[0x19][0x94][0xc3][0x12]&H[0xa3]y[0xd8][0x93][0xcd][0xc0]f:[0xa4]#[0xc9]hp[0x4][0xb8][0x9][0xe8][0xd6]U[0xe8][0x10]*[0xad][0xd2]'[0xa1]^[0xea][0x0][0x87][0xef]`,5L[\r]t[0x94][0xa0][0xb1][0x2][0xad]C[0x7][0xe9]P[0xa3][0x9][0xd2][0x96]:[0x9c].E[0x94][0xbb]t[0x1a]j4A:J[0xd4][0xad][0xb4](/[0xb3][0xa4][0xb4](U!$[0xbf][0x0][0xa3]s[0x8a][0x90]MI,[0xca]T[0xf0]J-H,[0x2][0xcd][0x2]C[0xf7][0xc1][0x18][0x82]64[0x12]3[0x82]h[0x82][0xb4]s[0x8e]F[0xf9][0x8]i[0xf8][0x94]V6`t[0x15](Iu4\[0xff]ib[0x8a](S[0x6]S[0xaa]C[0xf4]L[0x10][0xe9][0x8a][0xa6][0xa9][0xe]i[0xc3][0x1e]U[0xcf][0xe4]2A[0xda]t[0x7][\r]`[0x1a][\r][0x88][0x9b] [\r][0x88][0xd3][0xda]&[0xba][0xb5][0xe3][0x91]6[0xc5][\r][0xc6]&[0x5][0xd2][0x16]7[0xe4]K([0x1][0x0][0x0][0x0][0xff][0xff]"
18:56:14.037 [main] DEBUG org.apache.http.wire -  << "[\r][\n]"
18:56:14.037 [main] DEBUG org.apache.http.wire -  << "25B[\r][\n]"
18:56:14.037 [main] DEBUG org.apache.http.wire -  << "[0x82][0xdc][0xc9]f[0xa5]TPl[0xa2][0x90][0x94]XT[0x8a]([0xb6][0x8d][0x89]>3[0xca][0xc4][0xc][0x91][0x7][0x6][0xa3][0xd7][0x91][0x16]1[\r]J[0xe7]![0xfa][0xce][0x83][0xd2]y[0x88][0x1c][0x84][0xdd]y[0x88]$C[0xbf][0xb1]J[0xa4][0x8d]g[0xb4]h [0x9b]#[0xaa][0x1a][0xec]~[0x1e][0xd8][0xe6]+[0xd2][0x91]s[0xd8][0x9d]7[0x10]Q[0x82][0xb4][0xb2][0xe][0xbe][0xa4][0x0]r[0x8a][0x1][0xb6][0xdb]?[0x1c][0xc1][0xb3];[0x90][0x9][0xba]|P![0x4]=C[0x85][0xac][0xd9][0x1e]S[0xe4]i[0x94][0xca][0xbc][0xd4][0xa2][0xf4]L[0xf0]r[0x10][0xe8]Jt[0x1c]S[0x14][0xe0][0x3]\@[0x87][0xb8][0x90]i'"_[0xd0][0xb6][0xe]3E:[0xf7][0x91][\n]"
18:56:14.038 [main] DEBUG org.apache.http.wire -  << "6[0xe1]9[0xe1][0xc8][0x14]9[[0x15][0xe5][0xa7][0x94]&[0x97](8[0x96][0xe6]d&*[0x18]c4[0xa2]3[0xf3]2[0x15][\n]"
18:56:14.038 [main] DEBUG org.apache.http.wire -  << "[0xa0]j[0x12][0xe1]j[0xa0]Mh|M~[0xa4])xS[0xa4]|[0x16][0x0]5[0x8b][0xb6][0xf6]!**[0xfa][0xd8][0x87][0xe8]g[0xd2][0xc3]>3[0xa4][0xd5][0xca][0xe8][0xdb]1[0x82][0x13]s[0x12]St[0xf1]l[0x9f][0xc7]2[0xb5]E[0xd7][0xb5][0x84][0x88]Z[0x10][0x96][0xc8]i8[0x82]l[0x86]4[0xaf]D[0x17][0xeb]0[0xb][0xb][0x9a][0xfa][0xe][0x91][0xce][0xe9][0xe1];[0xa4]y[0x6][0xf7][0xd4][0xbc][0xd4][0xa2][0xcc]d[0x5][0xe8]RB[0xf0]2H[0xb][0x8c][0xc2][0x3][0xdf][0x8a])z&:[0xa4][0xc1]m[0xe4][0x8b]>[0xa0][0xd5]VnAiI*[0xe6][0xd1][0x19][0x81][0xa5][0xf9][0xb0]c[0xe4]@[0xcb]U[0x13][0x15][0xf2][0xf2][0x93]2[0xc9][0xaa]C[0xcc][0x90][0xe]J[0x83][0xc5][0x13][0xee][0xb0][0x1a][0xb8]U[\n]"
18:56:14.038 [main] DEBUG org.apache.http.wire -  << "[0xc6][0xc8][0xc5][0x18]l[0xfa][0x1f][0x12]H9[0xf9][0xc9][0x98]g[0xe6]8[0xe6]e[0xe6]B[0x16]v[0xe4][0xe7][0xe6]e[0x16]+$[0x96][0x96][0x80][0x97]y[0xe4]'''[0xa6]&'[0x96] [0xaf][0xd7]"~[0xcd]"[0xd2][0xa8][0xfa]`[0xe],[0xa4][0xa1]e[0xa8]3)[0x19]PA_[0xee]L[0xcd][0xb5]yH[0x7][0xab][0xe1]t)[0xa2]%[0x89]\[0xa7][0xa3][0xb7]![0xa8][0xea]*[0xc4]*[0x9][0xa8][0xab]h4[\n]"
18:56:14.038 [main] DEBUG org.apache.http.wire -  << "a[0x86]4[0xc]>h[0x9a][0xd1]f&[0x88][0xa2][0x9b]V[0xa7]v[0x9a][0x81][0x6]8[0xa1]#[0xcd][0x83][0xc7][0xe3]H[0x83][0xca][0xf0][0xb5][0xd1][0xb0]Ed[0xd8]WG[0xbb][0xa4][0x16][0xa7][0x16][0x81][0xce][0xb0],,[0xcd][0x4]o[0x1a]P[0xc8]K[0x5][0x1d][0xc1]X[0x96][0x9a][0x3].n[0xca][0xc8]<R[0xd3][0xc]i$y[0x10][0x85][0xf][0xa2][0x9][0x81]\WA.[0xa5][0xc2]z[0xc3]bh[0x9]4@[\n]"
18:56:14.039 [main] DEBUG org.apache.http.wire -  << "[0xf2][0x8b][0x8b]3sKAwO[0x81]V[0xd6][0x16][0x96]f&[0x92][0xb5]f[0x1b][0xb4]7[0x17][0x9a]n`[0xe7]?[0xfa][0xa6][0x96]$[0xe6]([0x80]{X[0xba][0x98][0x9d][0x4]*[0xd4][0xf3]H}][0xe8][0xba]{[0xcc][0xfd]0[0x4][0xd7][0xdd]#[\r][0x99][0xe][0x9e][0x8]E[0x1a]n[0x1d]D[0x8e]B4[0xc3]i[0xd8]c[0x89][0xad][0xe5][0x2][0x0][0x0][0x0][0xff][0xff]"
18:56:14.039 [main] DEBUG org.apache.http.wire -  << "[\r][\n]"
18:56:14.039 [main] DEBUG org.apache.http.wire -  << "A[\r][\n]"
18:56:14.039 [main] DEBUG org.apache.http.wire -  << "[0x3][0x0][0xc4][0xc][0x88][0xcb][0xde][0xe4][0x1][0x0]"
18:56:14.039 [main] DEBUG org.apache.http.wire -  << "[\r][\n]"
18:56:14.040 [main] DEBUG org.apache.http.wire -  << "0[\r][\n]"
18:56:14.040 [main] DEBUG org.apache.http.wire -  << "[\r][\n]"
18:56:14.040 [main] DEBUG io.restassured.internal.RestAssuredHttpBuilder - Parsed data to instance of: class org.apache.http.conn.EofSensorInputStream
18:56:14.045 [main] DEBUG org.apache.http.impl.conn.BasicClientConnectionManager - Releasing connection org.apache.http.impl.conn.ManagedClientConnectionImpl@b5ff70b
18:56:14.045 [main] DEBUG org.apache.http.impl.conn.BasicClientConnectionManager - Connection can be kept alive indefinitely
18:56:14.912 [main] DEBUG net.thucydides.core.steps.StepInterceptor - STEP DONE: I send GET HTTP request product
  &amp#27;[32mWhen &amp#27;[0m&amp#27;[32mI send GET HTTP request product&amp#27;[0m        &amp#27;[90m# starter.stepdefinitions.ProductSteps.iSendGETHTTPRequestProduct()&amp#27;[0m
18:56:14.928 [main] DEBUG net.thucydides.core.steps.StepInterceptor - STARTING STEP: ProductSteps.iReceiveValidHTTPResponseCode - I receive valid HTTP response code 200
18:56:14.931 [main] DEBUG net.thucydides.core.steps.StepInterceptor - STEP DONE: I receive valid HTTP response code 200
  &amp#27;[32mThen &amp#27;[0m&amp#27;[32mI receive valid HTTP response code &amp#27;[0m&amp#27;[32m&amp#27;[1m200&amp#27;[0m &amp#27;[90m# starter.stepdefinitions.ProductSteps.iReceiveValidHTTPResponseCode(int)&amp#27;[0m
18:56:14.970 [main] DEBUG net.thucydides.core.steps.StepInterceptor - STARTING STEP: ProductSteps.iReceivedValidDataForAllProducts - I received valid data for all products
18:56:14.976 [main] DEBUG net.thucydides.core.steps.StepInterceptor - STEP DONE: I received valid data for all products
  &amp#27;[32mAnd &amp#27;[0m&amp#27;[32mI received valid data for all products&amp#27;[0m  &amp#27;[90m# starter.stepdefinitions.ProductSteps.iReceivedValidDataForAllProducts()&amp#27;[0m
18:56:14.982 [main] INFO  - 
  _____   ___   ___   _____     ___     _     ___   ___   ___   ___  
 |_   _| | __| / __| |_   _|   | _ \   /_\   / __| / __| | __| |   \ 
   | |   | _|  \__ \   | |     |  _/  / _ \  \__ \ \__ \ | _|  | |) |
   |_|   |___| |___/   |_|     |_|   /_/ \_\ |___/ |___/ |___| |___/ 

GET All Product
----------------------------------------------------------------------
]]></system-out>
  </testcase>
  <testcase name="GET Product by id" classname="Products" time="0.467">
    <system-out><![CDATA[
Scenario: GET Product by id                                              &amp#27;[90m# src/test/resources/api/Produk.feature:8&amp#27;[0m
18:56:15.059 [main] INFO io.cucumber.core.plugin.SerenityReporter - Running feature from file:///E:/mini%20peoject/RestAPi/src/test/resources/api/Produk.feature
18:56:15.059 [main] WARN io.cucumber.core.plugin.SerenityReporter - Feature from file:///E:/mini%20peoject/RestAPi/src/test/resources/api/Produk.feature is not under the 'features' directory. Requirements report will not be correctly generated!
18:56:15.068 [main] INFO  - 
  _____   ___   ___   _____     ___   _____     _     ___   _____   ___   ___  
 |_   _| | __| / __| |_   _|   / __| |_   _|   /_\   | _ \ |_   _| | __| |   \ 
   | |   | _|  \__ \   | |     \__ \   | |    / _ \  |   /   | |   | _|  | |) |
   |_|   |___| |___/   |_|     |___/   |_|   /_/ \_\ |_|_\   |_|   |___| |___/ 

GET Product by id(products;get-product-by-id)
--------------------------------------------------------------------------------
18:56:15.176 [main] DEBUG net.thucydides.core.steps.StepInterceptor - STARTING STEP: ProductSteps.iSetGETEndpointsById - I set GET endpoints by id
18:56:15.177 [main] DEBUG net.thucydides.core.steps.StepInterceptor - STEP DONE: I set GET endpoints by id
  &amp#27;[32mGiven &amp#27;[0m&amp#27;[32mI set GET endpoints by id&amp#27;[0m                                        &amp#27;[90m# starter.stepdefinitions.ProductSteps.iSetGETEndpointsById()&amp#27;[0m
18:56:15.191 [main] DEBUG net.thucydides.core.steps.StepInterceptor - STARTING STEP: ProductSteps.iSendGETHTTPRequestById - I send GET HTTP request by id
18:56:15.204 [main] DEBUG net.thucydides.core.steps.StepInterceptor - STARTING STEP: GetIdProduct.GETHTTPRequestById - I set GET endpoints by id
18:56:15.204 [main] DEBUG net.thucydides.core.steps.StepInterceptor - STEP DONE: I set GET endpoints by id
18:56:15.259 [main] DEBUG org.apache.http.impl.conn.BasicClientConnectionManager - Get connection for route {s}->https://altashop-api.fly.dev:443
18:56:15.259 [main] DEBUG org.apache.http.impl.conn.DefaultClientConnectionOperator - Connecting to altashop-api.fly.dev:443
18:56:15.364 [main] DEBUG org.apache.http.client.protocol.RequestAddCookies - CookieSpec selected: ignoreCookies
18:56:15.365 [main] DEBUG org.apache.http.client.protocol.RequestAuthCache - Auth cache not set in the context
18:56:15.365 [main] DEBUG org.apache.http.client.protocol.RequestProxyAuthentication - Proxy auth state: UNCHALLENGED
18:56:15.365 [main] DEBUG org.apache.http.impl.client.DefaultHttpClient - Attempt 1 to execute request
18:56:15.365 [main] DEBUG org.apache.http.impl.conn.DefaultClientConnection - Sending request: GET /api/products/13369 HTTP/1.1
18:56:15.365 [main] DEBUG org.apache.http.wire -  >> "GET /api/products/13369 HTTP/1.1[\r][\n]"
18:56:15.365 [main] DEBUG org.apache.http.wire -  >> "Authorization: Bearer eyJhbGciOiJIUzI1NiIsInR5cCI6IkpXVCJ9.eyJGdWxsbmFtZSI6IkdpdGEgTGVvbmkgZHdpIGZyaXAiLCJFbWFpbCI6ImdpdGFsZWUyMUBnbWFpbC5jb20ifQ.TGsRtCS1_W5fQoxLxVSMhDknX_uoRVw_0tYCGs1StVE[\r][\n]"
18:56:15.365 [main] DEBUG org.apache.http.wire -  >> "Accept: */*[\r][\n]"
18:56:15.365 [main] DEBUG org.apache.http.wire -  >> "Host: altashop-api.fly.dev[\r][\n]"
18:56:15.366 [main] DEBUG org.apache.http.wire -  >> "Connection: Keep-Alive[\r][\n]"
18:56:15.366 [main] DEBUG org.apache.http.wire -  >> "User-Agent: Apache-HttpClient/4.5.13 (Java/19.0.2)[\r][\n]"
18:56:15.366 [main] DEBUG org.apache.http.wire -  >> "Accept-Encoding: gzip,deflate[\r][\n]"
18:56:15.368 [main] DEBUG org.apache.http.wire -  >> "[\r][\n]"
18:56:15.368 [main] DEBUG org.apache.http.headers - >> GET /api/products/13369 HTTP/1.1
18:56:15.368 [main] DEBUG org.apache.http.headers - >> Authorization: Bearer eyJhbGciOiJIUzI1NiIsInR5cCI6IkpXVCJ9.eyJGdWxsbmFtZSI6IkdpdGEgTGVvbmkgZHdpIGZyaXAiLCJFbWFpbCI6ImdpdGFsZWUyMUBnbWFpbC5jb20ifQ.TGsRtCS1_W5fQoxLxVSMhDknX_uoRVw_0tYCGs1StVE
18:56:15.369 [main] DEBUG org.apache.http.headers - >> Accept: */*
18:56:15.369 [main] DEBUG org.apache.http.headers - >> Host: altashop-api.fly.dev
18:56:15.369 [main] DEBUG org.apache.http.headers - >> Connection: Keep-Alive
18:56:15.369 [main] DEBUG org.apache.http.headers - >> User-Agent: Apache-HttpClient/4.5.13 (Java/19.0.2)
18:56:15.369 [main] DEBUG org.apache.http.headers - >> Accept-Encoding: gzip,deflate
18:56:15.408 [main] DEBUG org.apache.http.wire -  << "HTTP/1.1 200 OK[\r][\n]"
18:56:15.408 [main] DEBUG org.apache.http.wire -  << "content-type: application/json[\r][\n]"
18:56:15.408 [main] DEBUG org.apache.http.wire -  << "date: Tue, 09 May 2023 11:56:15 GMT[\r][\n]"
18:56:15.408 [main] DEBUG org.apache.http.wire -  << "content-encoding: gzip[\r][\n]"
18:56:15.408 [main] DEBUG org.apache.http.wire -  << "transfer-encoding: chunked[\r][\n]"
18:56:15.408 [main] DEBUG org.apache.http.wire -  << "server: Fly/3f2597ca (2023-05-03)[\r][\n]"
18:56:15.409 [main] DEBUG org.apache.http.wire -  << "via: 1.1 fly.io[\r][\n]"
18:56:15.409 [main] DEBUG org.apache.http.wire -  << "fly-request-id: 01H005X23RHYX0D65NJWWBMGEA-sin[\r][\n]"
18:56:15.409 [main] DEBUG org.apache.http.wire -  << "[\r][\n]"
18:56:15.409 [main] DEBUG org.apache.http.impl.conn.DefaultClientConnection - Receiving response: HTTP/1.1 200 OK
18:56:15.409 [main] DEBUG org.apache.http.headers - << HTTP/1.1 200 OK
18:56:15.409 [main] DEBUG org.apache.http.headers - << content-type: application/json
18:56:15.409 [main] DEBUG org.apache.http.headers - << date: Tue, 09 May 2023 11:56:15 GMT
18:56:15.409 [main] DEBUG org.apache.http.headers - << content-encoding: gzip
18:56:15.409 [main] DEBUG org.apache.http.headers - << transfer-encoding: chunked
18:56:15.409 [main] DEBUG org.apache.http.headers - << server: Fly/3f2597ca (2023-05-03)
18:56:15.409 [main] DEBUG org.apache.http.headers - << via: 1.1 fly.io
18:56:15.409 [main] DEBUG org.apache.http.headers - << fly-request-id: 01H005X23RHYX0D65NJWWBMGEA-sin
18:56:15.410 [main] DEBUG org.apache.http.impl.client.DefaultHttpClient - Connection can be kept alive indefinitely
18:56:15.410 [main] DEBUG io.restassured.internal.RestAssuredHttpBuilder - Parsing response as: application/json
18:56:15.410 [main] DEBUG org.apache.http.wire -  << "86[\r][\n]"
18:56:15.410 [main] DEBUG org.apache.http.wire -  << "[0x1f][0x8b][0x8][0x0][0x0][0x0][0x0][0x0][0x4][0xff][0xab]VJI,IT[0xb2][0xaa]V[0xf2]tQ[0xb2]2466[0xb3][0xd4]Q[0xf2]K[0xcc]MU[0xb2]R*I-.[0xc9][0xcc]KW(([0xca]O)M.Q[0xd2]QrI-N.[0xca],([0xc9][0xcc][0xcf][0x3][0xc9]gd[0x16]+d[0x16]+[0x94]d[0xa4][0xc2][0xd4]([0xa4] [0xa9][0xd0]Q[\n]"
18:56:15.410 [main] DEBUG org.apache.http.wire -  << "([0xca]LNU[0xb2]2[0xd0]Q[\n]"
18:56:15.410 [main] DEBUG org.apache.http.wire -  << "J[0x4][0x19]U[0xac]de[0xac][0xa3][0xe4][0x9c]X[0x92][0x9a][0x9e]_[0x94][0x99]Z[0xac]d[0x15][0x1d][[[0xcb][0x5][0x0]-[0xb4]T0[0x85][0x0][0x0][0x0]"
18:56:15.410 [main] DEBUG org.apache.http.wire -  << "[\r][\n]"
18:56:15.411 [main] DEBUG org.apache.http.wire -  << "0[\r][\n]"
18:56:15.411 [main] DEBUG org.apache.http.wire -  << "[\r][\n]"
18:56:15.411 [main] DEBUG io.restassured.internal.RestAssuredHttpBuilder - Parsed data to instance of: class org.apache.http.conn.EofSensorInputStream
18:56:15.414 [main] DEBUG org.apache.http.impl.conn.BasicClientConnectionManager - Releasing connection org.apache.http.impl.conn.ManagedClientConnectionImpl@621a387f
18:56:15.414 [main] DEBUG org.apache.http.impl.conn.BasicClientConnectionManager - Connection can be kept alive indefinitely
18:56:15.416 [main] DEBUG net.thucydides.core.steps.StepInterceptor - STEP DONE: I send GET HTTP request by id
  &amp#27;[32mWhen &amp#27;[0m&amp#27;[32mI send GET HTTP request by id&amp#27;[0m                                     &amp#27;[90m# starter.stepdefinitions.ProductSteps.iSendGETHTTPRequestById()&amp#27;[0m
18:56:15.436 [main] DEBUG net.thucydides.core.steps.StepInterceptor - STARTING STEP: ProductSteps.iReceiveAValidHTTPResponseCodeForGetIdDataProducts - I receive a valid HTTP response code 200 for Get id data products
18:56:15.439 [main] DEBUG net.thucydides.core.steps.StepInterceptor - STEP DONE: I receive a valid HTTP response code 200 for Get id data products
  &amp#27;[32mThen &amp#27;[0m&amp#27;[32mI receive a valid HTTP response code &amp#27;[0m&amp#27;[32m&amp#27;[1m200&amp#27;[0m&amp#27;[32m for Get id data products&amp#27;[0m &amp#27;[90m# starter.stepdefinitions.ProductSteps.iReceiveAValidHTTPResponseCodeForGetIdDataProducts(int)&amp#27;[0m
18:56:15.452 [main] DEBUG net.thucydides.core.steps.StepInterceptor - STARTING STEP: ProductSteps.iReceiveValidDataForIdProducts - I receive valid data for id products
18:56:15.453 [main] DEBUG net.thucydides.core.steps.StepInterceptor - STEP DONE: I receive valid data for id products
  &amp#27;[32mAnd &amp#27;[0m&amp#27;[32mI receive valid data for id products&amp#27;[0m                               &amp#27;[90m# starter.stepdefinitions.ProductSteps.iReceiveValidDataForIdProducts()&amp#27;[0m
18:56:15.464 [main] INFO  - 
  _____   ___   ___   _____     ___     _     ___   ___   ___   ___  
 |_   _| | __| / __| |_   _|   | _ \   /_\   / __| / __| | __| |   \ 
   | |   | _|  \__ \   | |     |  _/  / _ \  \__ \ \__ \ | _|  | |) |
   |_|   |___| |___/   |_|     |_|   /_/ \_\ |___/ |___/ |___| |___/ 

GET Product by id
----------------------------------------------------------------------
]]></system-out>
  </testcase>
  <testcase name="Add new product" classname="Products" time="0.977">
    <system-out><![CDATA[
Scenario: Add new product                                        &amp#27;[90m# src/test/resources/api/Produk.feature:14&amp#27;[0m
18:56:15.558 [main] INFO io.cucumber.core.plugin.SerenityReporter - Running feature from file:///E:/mini%20peoject/RestAPi/src/test/resources/api/Produk.feature
18:56:15.558 [main] WARN io.cucumber.core.plugin.SerenityReporter - Feature from file:///E:/mini%20peoject/RestAPi/src/test/resources/api/Produk.feature is not under the 'features' directory. Requirements report will not be correctly generated!
18:56:15.566 [main] INFO  - 
  _____   ___   ___   _____     ___   _____     _     ___   _____   ___   ___  
 |_   _| | __| / __| |_   _|   / __| |_   _|   /_\   | _ \ |_   _| | __| |   \ 
   | |   | _|  \__ \   | |     \__ \   | |    / _ \  |   /   | |   | _|  | |) |
   |_|   |___| |___/   |_|     |___/   |_|   /_/ \_\ |_|_\   |_|   |___| |___/ 

Add new product(products;add-new-product)
--------------------------------------------------------------------------------
18:56:15.679 [main] DEBUG net.thucydides.core.steps.StepInterceptor - STARTING STEP: ProductSteps.iSetPOSTEndpointsProduct - I set POST endpoints product
18:56:15.680 [main] DEBUG net.thucydides.core.steps.StepInterceptor - STEP DONE: I set POST endpoints product
  &amp#27;[32mGiven &amp#27;[0m&amp#27;[32mI set POST endpoints product&amp#27;[0m                             &amp#27;[90m# starter.stepdefinitions.ProductSteps.iSetPOSTEndpointsProduct()&amp#27;[0m
18:56:15.717 [main] DEBUG net.thucydides.core.steps.StepInterceptor - STARTING STEP: ProductSteps.iSubmitAPOSTRequestToWithNameDescriptionPriceAndCategories - I submit a POST request product
18:56:15.734 [main] DEBUG net.thucydides.core.steps.StepInterceptor - STARTING STEP: PostProduct.POSTRequestToWithNameDescriptionPriceAndCategories - I set POST endpoints product
18:56:15.734 [main] DEBUG net.thucydides.core.steps.StepInterceptor - STEP DONE: I set POST endpoints product
18:56:15.811 [main] DEBUG org.apache.http.impl.conn.BasicClientConnectionManager - Get connection for route {s}->https://altashop-api.fly.dev:443
18:56:15.812 [main] DEBUG org.apache.http.impl.conn.DefaultClientConnectionOperator - Connecting to altashop-api.fly.dev:443
18:56:16.093 [main] DEBUG org.apache.http.client.protocol.RequestAddCookies - CookieSpec selected: ignoreCookies
18:56:16.094 [main] DEBUG org.apache.http.client.protocol.RequestAuthCache - Auth cache not set in the context
18:56:16.094 [main] DEBUG org.apache.http.client.protocol.RequestProxyAuthentication - Proxy auth state: UNCHALLENGED
18:56:16.094 [main] DEBUG org.apache.http.impl.client.DefaultHttpClient - Attempt 1 to execute request
18:56:16.094 [main] DEBUG org.apache.http.impl.conn.DefaultClientConnection - Sending request: POST /api/products HTTP/1.1
18:56:16.094 [main] DEBUG org.apache.http.wire -  >> "POST /api/products HTTP/1.1[\r][\n]"
18:56:16.094 [main] DEBUG org.apache.http.wire -  >> "Authorization: Bearer eyJhbGciOiJIUzI1NiIsInR5cCI6IkpXVCJ9.eyJGdWxsbmFtZSI6IkdpdGEgTGVvbmkgZHdpIGZyaXAiLCJFbWFpbCI6ImdpdGFsZWUyMUBnbWFpbC5jb20ifQ.TGsRtCS1_W5fQoxLxVSMhDknX_uoRVw_0tYCGs1StVE[\r][\n]"
18:56:16.094 [main] DEBUG org.apache.http.wire -  >> "Accept: */*[\r][\n]"
18:56:16.094 [main] DEBUG org.apache.http.wire -  >> "Content-Type: application/json[\r][\n]"
18:56:16.094 [main] DEBUG org.apache.http.wire -  >> "Content-Length: 105[\r][\n]"
18:56:16.095 [main] DEBUG org.apache.http.wire -  >> "Host: altashop-api.fly.dev[\r][\n]"
18:56:16.095 [main] DEBUG org.apache.http.wire -  >> "Connection: Keep-Alive[\r][\n]"
18:56:16.095 [main] DEBUG org.apache.http.wire -  >> "User-Agent: Apache-HttpClient/4.5.13 (Java/19.0.2)[\r][\n]"
18:56:16.095 [main] DEBUG org.apache.http.wire -  >> "Accept-Encoding: gzip,deflate[\r][\n]"
18:56:16.095 [main] DEBUG org.apache.http.wire -  >> "[\r][\n]"
18:56:16.095 [main] DEBUG org.apache.http.headers - >> POST /api/products HTTP/1.1
18:56:16.095 [main] DEBUG org.apache.http.headers - >> Authorization: Bearer eyJhbGciOiJIUzI1NiIsInR5cCI6IkpXVCJ9.eyJGdWxsbmFtZSI6IkdpdGEgTGVvbmkgZHdpIGZyaXAiLCJFbWFpbCI6ImdpdGFsZWUyMUBnbWFpbC5jb20ifQ.TGsRtCS1_W5fQoxLxVSMhDknX_uoRVw_0tYCGs1StVE
18:56:16.096 [main] DEBUG org.apache.http.headers - >> Accept: */*
18:56:16.097 [main] DEBUG org.apache.http.headers - >> Content-Type: application/json
18:56:16.097 [main] DEBUG org.apache.http.headers - >> Content-Length: 105
18:56:16.097 [main] DEBUG org.apache.http.headers - >> Host: altashop-api.fly.dev
18:56:16.097 [main] DEBUG org.apache.http.headers - >> Connection: Keep-Alive
18:56:16.097 [main] DEBUG org.apache.http.headers - >> User-Agent: Apache-HttpClient/4.5.13 (Java/19.0.2)
18:56:16.097 [main] DEBUG org.apache.http.headers - >> Accept-Encoding: gzip,deflate
18:56:16.097 [main] DEBUG org.apache.http.wire -  >> "{"price":100,"name":"kipas angin","description":"mengeluarkan angin sangat kencang","categories":[12541]}"
18:56:16.381 [main] DEBUG org.apache.http.wire -  << "HTTP/1.1 200 OK[\r][\n]"
18:56:16.381 [main] DEBUG org.apache.http.wire -  << "content-type: application/json[\r][\n]"
18:56:16.381 [main] DEBUG org.apache.http.wire -  << "date: Tue, 09 May 2023 11:56:16 GMT[\r][\n]"
18:56:16.381 [main] DEBUG org.apache.http.wire -  << "content-encoding: gzip[\r][\n]"
18:56:16.381 [main] DEBUG org.apache.http.wire -  << "transfer-encoding: chunked[\r][\n]"
18:56:16.381 [main] DEBUG org.apache.http.wire -  << "server: Fly/3f2597ca (2023-05-03)[\r][\n]"
18:56:16.381 [main] DEBUG org.apache.http.wire -  << "via: 1.1 fly.io[\r][\n]"
18:56:16.381 [main] DEBUG org.apache.http.wire -  << "fly-request-id: 01H005X2VG5F3WT2X4ZV1KZPNP-sin[\r][\n]"
18:56:16.381 [main] DEBUG org.apache.http.wire -  << "[\r][\n]"
18:56:16.381 [main] DEBUG org.apache.http.impl.conn.DefaultClientConnection - Receiving response: HTTP/1.1 200 OK
18:56:16.381 [main] DEBUG org.apache.http.headers - << HTTP/1.1 200 OK
18:56:16.381 [main] DEBUG org.apache.http.headers - << content-type: application/json
18:56:16.381 [main] DEBUG org.apache.http.headers - << date: Tue, 09 May 2023 11:56:16 GMT
18:56:16.382 [main] DEBUG org.apache.http.headers - << content-encoding: gzip
18:56:16.382 [main] DEBUG org.apache.http.headers - << transfer-encoding: chunked
18:56:16.382 [main] DEBUG org.apache.http.headers - << server: Fly/3f2597ca (2023-05-03)
18:56:16.382 [main] DEBUG org.apache.http.headers - << via: 1.1 fly.io
18:56:16.382 [main] DEBUG org.apache.http.headers - << fly-request-id: 01H005X2VG5F3WT2X4ZV1KZPNP-sin
18:56:16.383 [main] DEBUG org.apache.http.impl.client.DefaultHttpClient - Connection can be kept alive indefinitely
18:56:16.383 [main] DEBUG io.restassured.internal.RestAssuredHttpBuilder - Parsing response as: application/json
18:56:16.383 [main] DEBUG org.apache.http.wire -  << "B7[\r][\n]"
18:56:16.383 [main] DEBUG org.apache.http.wire -  << "[0x1f][0x8b][0x8][0x0][0x0][0x0][0x0][0x0][0x4][0xff][0xab]VJI,IT[0xb2][0xaa]V[0xf2]tQ[0xb2]241[0xb3]0[0xd6]Q[0xf2]K[0xcc]MU[0xb2]R[0xca][0xce],H,VH[0xcc]K[0xcf][0xcc]S[0xd2]QrI-N.[0xca],([0xc9][0xcc][0xcf]S[0xb2]R[0xca]M[0xcd]KO[0xcd])M,[0xca]N[0xcc][0x83](Q(N[0xcc]KO,Q[0xc8]N[0xcd]KN[0xcc]KW[0xd2]Q[\n]"
18:56:16.383 [main] DEBUG org.apache.http.wire -  << "([0xca]LNU[0xb2]240[0xd0]Q[\n]"
18:56:16.383 [main] DEBUG org.apache.http.wire -  << "J,[0xc9][0xcc]K/V[0xb2]2[0xd0]QrN,IM[0xcf]/[0xca]L-V[0xb2][0x8a][0x86]Zldjb[0x8][0xb7][0xd8]=17[0x13]l[0x2][0xaa][0x9d]n[0xf9]E[\n]"
18:56:16.383 [main] DEBUG org.apache.http.wire -  << "[0xe9]`)[0x85][0x82][0xd2][0xa2][0x82][0xfc][0xe2][0xd4]b[0xa5][0xda][0xd8][0xda]Z.[0x0]_[0xb3][0xbe][0xb0][0xc5][0x0][0x0][0x0]"
18:56:16.384 [main] DEBUG org.apache.http.wire -  << "[\r][\n]"
18:56:16.384 [main] DEBUG org.apache.http.wire -  << "0[\r][\n]"
18:56:16.384 [main] DEBUG org.apache.http.wire -  << "[\r][\n]"
18:56:16.384 [main] DEBUG io.restassured.internal.RestAssuredHttpBuilder - Parsed data to instance of: class org.apache.http.conn.EofSensorInputStream
18:56:16.397 [main] DEBUG org.apache.http.impl.conn.BasicClientConnectionManager - Releasing connection org.apache.http.impl.conn.ManagedClientConnectionImpl@5de243bb
18:56:16.397 [main] DEBUG org.apache.http.impl.conn.BasicClientConnectionManager - Connection can be kept alive indefinitely
18:56:16.403 [main] DEBUG net.thucydides.core.steps.StepInterceptor - STEP DONE: I submit a POST request product
  &amp#27;[32mWhen &amp#27;[0m&amp#27;[32mI submit a POST request product&amp#27;[0m                           &amp#27;[90m# starter.stepdefinitions.ProductSteps.iSubmitAPOSTRequestToWithNameDescriptionPriceAndCategories()&amp#27;[0m
18:56:16.416 [main] DEBUG net.thucydides.core.steps.StepInterceptor - STARTING STEP: ProductSteps.iReceiveAValidHTTPResponseCodeInProductsPOST - I receive a valid HTTP response code 200 in products POST
18:56:16.426 [main] DEBUG net.thucydides.core.steps.StepInterceptor - STEP DONE: I receive a valid HTTP response code 200 in products POST
  &amp#27;[32mThen &amp#27;[0m&amp#27;[32mI receive a valid HTTP response code &amp#27;[0m&amp#27;[32m&amp#27;[1m200&amp#27;[0m&amp#27;[32m in products POST&amp#27;[0m &amp#27;[90m# starter.stepdefinitions.ProductSteps.iReceiveAValidHTTPResponseCodeInProductsPOST(int)&amp#27;[0m
18:56:16.441 [main] DEBUG net.thucydides.core.steps.StepInterceptor - STARTING STEP: ProductSteps.iReceiveValidDataForNewProduct - I receive valid data for new product
18:56:16.445 [main] DEBUG net.thucydides.core.steps.StepInterceptor - STEP DONE: I receive valid data for new product
  &amp#27;[32mAnd &amp#27;[0m&amp#27;[32mI receive valid data for new product&amp#27;[0m                       &amp#27;[90m# starter.stepdefinitions.ProductSteps.iReceiveValidDataForNewProduct()&amp#27;[0m
18:56:16.450 [main] INFO  - 
  _____   ___   ___   _____     ___     _     ___   ___   ___   ___  
 |_   _| | __| / __| |_   _|   | _ \   /_\   / __| / __| | __| |   \ 
   | |   | _|  \__ \   | |     |  _/  / _ \  \__ \ \__ \ | _|  | |) |
   |_|   |___| |___/   |_|     |_|   /_/ \_\ |___/ |___/ |___| |___/ 

Add new product
----------------------------------------------------------------------
]]></system-out>
  </testcase>
  <testcase name="DELETE Product" classname="Products" time="0.507">
    <system-out><![CDATA[
Scenario: DELETE Product                                           &amp#27;[90m# src/test/resources/api/Produk.feature:20&amp#27;[0m
18:56:16.501 [main] INFO io.cucumber.core.plugin.SerenityReporter - Running feature from file:///E:/mini%20peoject/RestAPi/src/test/resources/api/Produk.feature
18:56:16.501 [main] WARN io.cucumber.core.plugin.SerenityReporter - Feature from file:///E:/mini%20peoject/RestAPi/src/test/resources/api/Produk.feature is not under the 'features' directory. Requirements report will not be correctly generated!
18:56:16.516 [main] INFO  - 
  _____   ___   ___   _____     ___   _____     _     ___   _____   ___   ___  
 |_   _| | __| / __| |_   _|   / __| |_   _|   /_\   | _ \ |_   _| | __| |   \ 
   | |   | _|  \__ \   | |     \__ \   | |    / _ \  |   /   | |   | _|  | |) |
   |_|   |___| |___/   |_|     |___/   |_|   /_/ \_\ |_|_\   |_|   |___| |___/ 

DELETE Product(products;delete-product)
--------------------------------------------------------------------------------
18:56:16.620 [main] DEBUG net.thucydides.core.steps.StepInterceptor - STARTING STEP: ProductSteps.iSetDELETEEndpoints - I set DELETE endpoints
18:56:16.620 [main] DEBUG net.thucydides.core.steps.StepInterceptor - STEP DONE: I set DELETE endpoints
  &amp#27;[32mGiven &amp#27;[0m&amp#27;[32mI set DELETE endpoints&amp#27;[0m                                     &amp#27;[90m# starter.stepdefinitions.ProductSteps.iSetDELETEEndpoints()&amp#27;[0m
18:56:16.640 [main] DEBUG net.thucydides.core.steps.StepInterceptor - STARTING STEP: ProductSteps.iSendDELETEHTTPRequest - I send DELETE HTTP request
18:56:16.649 [main] DEBUG net.thucydides.core.steps.StepInterceptor - STARTING STEP: DeleteProduct.DELETEHTTPRequest - I set DELETE endpoints
18:56:16.650 [main] DEBUG net.thucydides.core.steps.StepInterceptor - STEP DONE: I set DELETE endpoints
18:56:16.715 [main] DEBUG org.apache.http.impl.conn.BasicClientConnectionManager - Get connection for route {s}->https://altashop-api.fly.dev:443
18:56:16.715 [main] DEBUG org.apache.http.impl.conn.DefaultClientConnectionOperator - Connecting to altashop-api.fly.dev:443
18:56:16.854 [main] DEBUG org.apache.http.client.protocol.RequestAddCookies - CookieSpec selected: ignoreCookies
18:56:16.854 [main] DEBUG org.apache.http.client.protocol.RequestAuthCache - Auth cache not set in the context
18:56:16.854 [main] DEBUG org.apache.http.client.protocol.RequestTargetAuthentication - Target auth state: UNCHALLENGED
18:56:16.854 [main] DEBUG org.apache.http.client.protocol.RequestProxyAuthentication - Proxy auth state: UNCHALLENGED
18:56:16.854 [main] DEBUG org.apache.http.impl.client.DefaultHttpClient - Attempt 1 to execute request
18:56:16.854 [main] DEBUG org.apache.http.impl.conn.DefaultClientConnection - Sending request: DELETE /api/products/11365 HTTP/1.1
18:56:16.854 [main] DEBUG org.apache.http.wire -  >> "DELETE /api/products/11365 HTTP/1.1[\r][\n]"
18:56:16.855 [main] DEBUG org.apache.http.wire -  >> "Accept: */*[\r][\n]"
18:56:16.855 [main] DEBUG org.apache.http.wire -  >> "Host: altashop-api.fly.dev[\r][\n]"
18:56:16.855 [main] DEBUG org.apache.http.wire -  >> "Connection: Keep-Alive[\r][\n]"
18:56:16.855 [main] DEBUG org.apache.http.wire -  >> "User-Agent: Apache-HttpClient/4.5.13 (Java/19.0.2)[\r][\n]"
18:56:16.855 [main] DEBUG org.apache.http.wire -  >> "Accept-Encoding: gzip,deflate[\r][\n]"
18:56:16.855 [main] DEBUG org.apache.http.wire -  >> "[\r][\n]"
18:56:16.858 [main] DEBUG org.apache.http.headers - >> DELETE /api/products/11365 HTTP/1.1
18:56:16.859 [main] DEBUG org.apache.http.headers - >> Accept: */*
18:56:16.859 [main] DEBUG org.apache.http.headers - >> Host: altashop-api.fly.dev
18:56:16.860 [main] DEBUG org.apache.http.headers - >> Connection: Keep-Alive
18:56:16.860 [main] DEBUG org.apache.http.headers - >> User-Agent: Apache-HttpClient/4.5.13 (Java/19.0.2)
18:56:16.860 [main] DEBUG org.apache.http.headers - >> Accept-Encoding: gzip,deflate
18:56:16.893 [main] DEBUG org.apache.http.wire -  << "HTTP/1.1 200 OK[\r][\n]"
18:56:16.893 [main] DEBUG org.apache.http.wire -  << "content-type: application/json[\r][\n]"
18:56:16.893 [main] DEBUG org.apache.http.wire -  << "date: Tue, 09 May 2023 11:56:16 GMT[\r][\n]"
18:56:16.893 [main] DEBUG org.apache.http.wire -  << "content-encoding: gzip[\r][\n]"
18:56:16.893 [main] DEBUG org.apache.http.wire -  << "transfer-encoding: chunked[\r][\n]"
18:56:16.893 [main] DEBUG org.apache.http.wire -  << "server: Fly/3f2597ca (2023-05-03)[\r][\n]"
18:56:16.893 [main] DEBUG org.apache.http.wire -  << "via: 1.1 fly.io[\r][\n]"
18:56:16.893 [main] DEBUG org.apache.http.wire -  << "fly-request-id: 01H005X3J6A56WPDHXEF07AM3F-sin[\r][\n]"
18:56:16.893 [main] DEBUG org.apache.http.wire -  << "[\r][\n]"
18:56:16.897 [main] DEBUG org.apache.http.impl.conn.DefaultClientConnection - Receiving response: HTTP/1.1 200 OK
18:56:16.897 [main] DEBUG org.apache.http.headers - << HTTP/1.1 200 OK
18:56:16.897 [main] DEBUG org.apache.http.headers - << content-type: application/json
18:56:16.897 [main] DEBUG org.apache.http.headers - << date: Tue, 09 May 2023 11:56:16 GMT
18:56:16.897 [main] DEBUG org.apache.http.headers - << content-encoding: gzip
18:56:16.897 [main] DEBUG org.apache.http.headers - << transfer-encoding: chunked
18:56:16.897 [main] DEBUG org.apache.http.headers - << server: Fly/3f2597ca (2023-05-03)
18:56:16.897 [main] DEBUG org.apache.http.headers - << via: 1.1 fly.io
18:56:16.897 [main] DEBUG org.apache.http.headers - << fly-request-id: 01H005X3J6A56WPDHXEF07AM3F-sin
18:56:16.898 [main] DEBUG org.apache.http.impl.client.DefaultHttpClient - Connection can be kept alive indefinitely
18:56:16.898 [main] DEBUG io.restassured.internal.RestAssuredHttpBuilder - Parsing response as: application/json
18:56:16.898 [main] DEBUG org.apache.http.wire -  << "22[\r][\n]"
18:56:16.899 [main] DEBUG org.apache.http.wire -  << "[0x1f][0x8b][0x8][0x0][0x0][0x0][0x0][0x0][0x4][0xff][0xab]VJI,IT[0xb2][0xca]+[0xcd][0xc9][0xa9][0xe5][0x2][0x0][0xa3][0xab][0x8f]W[0xe][0x0][0x0][0x0]"
18:56:16.899 [main] DEBUG org.apache.http.wire -  << "[\r][\n]"
18:56:16.899 [main] DEBUG org.apache.http.wire -  << "0[\r][\n]"
18:56:16.899 [main] DEBUG org.apache.http.wire -  << "[\r][\n]"
18:56:16.899 [main] DEBUG io.restassured.internal.RestAssuredHttpBuilder - Parsed data to instance of: class org.apache.http.conn.EofSensorInputStream
18:56:16.902 [main] DEBUG org.apache.http.impl.conn.BasicClientConnectionManager - Releasing connection org.apache.http.impl.conn.ManagedClientConnectionImpl@5ea0a7a9
18:56:16.902 [main] DEBUG org.apache.http.impl.conn.BasicClientConnectionManager - Connection can be kept alive indefinitely
18:56:16.904 [main] DEBUG net.thucydides.core.steps.StepInterceptor - STEP DONE: I send DELETE HTTP request
  &amp#27;[32mWhen &amp#27;[0m&amp#27;[32mI send DELETE HTTP request&amp#27;[0m                                  &amp#27;[90m# starter.stepdefinitions.ProductSteps.iSendDELETEHTTPRequest()&amp#27;[0m
18:56:16.926 [main] DEBUG net.thucydides.core.steps.StepInterceptor - STARTING STEP: ProductSteps.iReceiveAValidHTTPResponseCodeInProductsDELETE - I receive a valid HTTP response code 200 in products DELETE
18:56:16.950 [main] DEBUG net.thucydides.core.steps.StepInterceptor - STEP DONE: I receive a valid HTTP response code 200 in products DELETE
  &amp#27;[32mThen &amp#27;[0m&amp#27;[32mI receive a valid HTTP response code &amp#27;[0m&amp#27;[32m&amp#27;[1m200&amp#27;[0m&amp#27;[32m in products DELETE&amp#27;[0m &amp#27;[90m# starter.stepdefinitions.ProductSteps.iReceiveAValidHTTPResponseCodeInProductsDELETE(int)&amp#27;[0m
18:56:16.960 [main] INFO  - 
  _____   ___   ___   _____     ___     _     ___   ___   ___   ___  
 |_   _| | __| / __| |_   _|   | _ \   /_\   / __| / __| | __| |   \ 
   | |   | _|  \__ \   | |     |  _/  / _ \  \__ \ \__ \ | _|  | |) |
   |_|   |___| |___/   |_|     |_|   /_/ \_\ |___/ |___/ |___| |___/ 

DELETE Product
----------------------------------------------------------------------
]]></system-out>
  </testcase>
  <testcase name="GET products rating" classname="Products" time="0.809">
    <system-out><![CDATA[
Scenario: GET products rating                                              &amp#27;[90m# src/test/resources/api/Produk.feature:25&amp#27;[0m
18:56:17.061 [main] INFO io.cucumber.core.plugin.SerenityReporter - Running feature from file:///E:/mini%20peoject/RestAPi/src/test/resources/api/Produk.feature
18:56:17.062 [main] WARN io.cucumber.core.plugin.SerenityReporter - Feature from file:///E:/mini%20peoject/RestAPi/src/test/resources/api/Produk.feature is not under the 'features' directory. Requirements report will not be correctly generated!
18:56:17.094 [main] INFO  - 
  _____   ___   ___   _____     ___   _____     _     ___   _____   ___   ___  
 |_   _| | __| / __| |_   _|   / __| |_   _|   /_\   | _ \ |_   _| | __| |   \ 
   | |   | _|  \__ \   | |     \__ \   | |    / _ \  |   /   | |   | _|  | |) |
   |_|   |___| |___/   |_|     |___/   |_|   /_/ \_\ |_|_\   |_|   |___| |___/ 

GET products rating(products;get-products-rating)
--------------------------------------------------------------------------------
18:56:17.197 [main] DEBUG net.thucydides.core.steps.StepInterceptor - STARTING STEP: ProductSteps.iSetGETEndpointsByRating - I set GET endpoints by rating
18:56:17.198 [main] DEBUG net.thucydides.core.steps.StepInterceptor - STEP DONE: I set GET endpoints by rating
  &amp#27;[32mGiven &amp#27;[0m&amp#27;[32mI set GET endpoints by rating&amp#27;[0m                                      &amp#27;[90m# starter.stepdefinitions.ProductSteps.iSetGETEndpointsByRating()&amp#27;[0m
18:56:17.211 [main] DEBUG net.thucydides.core.steps.StepInterceptor - STARTING STEP: ProductSteps.iSendGETHTTPRequestByRating - I send GET HTTP request by rating
18:56:17.216 [main] DEBUG net.thucydides.core.steps.StepInterceptor - STARTING STEP: GetProductRating.GETHTTPRequestByRating - I set GET endpoints by rating
18:56:17.218 [main] DEBUG net.thucydides.core.steps.StepInterceptor - STEP DONE: I set GET endpoints by rating
18:56:17.328 [main] DEBUG org.apache.http.impl.conn.BasicClientConnectionManager - Get connection for route {s}->https://altashop-api.fly.dev:443
18:56:17.329 [main] DEBUG org.apache.http.impl.conn.DefaultClientConnectionOperator - Connecting to altashop-api.fly.dev:443
18:56:17.648 [main] DEBUG org.apache.http.client.protocol.RequestAddCookies - CookieSpec selected: ignoreCookies
18:56:17.648 [main] DEBUG org.apache.http.client.protocol.RequestAuthCache - Auth cache not set in the context
18:56:17.648 [main] DEBUG org.apache.http.client.protocol.RequestTargetAuthentication - Target auth state: UNCHALLENGED
18:56:17.648 [main] DEBUG org.apache.http.client.protocol.RequestProxyAuthentication - Proxy auth state: UNCHALLENGED
18:56:17.648 [main] DEBUG org.apache.http.impl.client.DefaultHttpClient - Attempt 1 to execute request
18:56:17.648 [main] DEBUG org.apache.http.impl.conn.DefaultClientConnection - Sending request: GET /api/products/2/ratings HTTP/1.1
18:56:17.649 [main] DEBUG org.apache.http.wire -  >> "GET /api/products/2/ratings HTTP/1.1[\r][\n]"
18:56:17.649 [main] DEBUG org.apache.http.wire -  >> "Accept: */*[\r][\n]"
18:56:17.649 [main] DEBUG org.apache.http.wire -  >> "Host: altashop-api.fly.dev[\r][\n]"
18:56:17.649 [main] DEBUG org.apache.http.wire -  >> "Connection: Keep-Alive[\r][\n]"
18:56:17.649 [main] DEBUG org.apache.http.wire -  >> "User-Agent: Apache-HttpClient/4.5.13 (Java/19.0.2)[\r][\n]"
18:56:17.649 [main] DEBUG org.apache.http.wire -  >> "Accept-Encoding: gzip,deflate[\r][\n]"
18:56:17.649 [main] DEBUG org.apache.http.wire -  >> "[\r][\n]"
18:56:17.649 [main] DEBUG org.apache.http.headers - >> GET /api/products/2/ratings HTTP/1.1
18:56:17.649 [main] DEBUG org.apache.http.headers - >> Accept: */*
18:56:17.649 [main] DEBUG org.apache.http.headers - >> Host: altashop-api.fly.dev
18:56:17.649 [main] DEBUG org.apache.http.headers - >> Connection: Keep-Alive
18:56:17.649 [main] DEBUG org.apache.http.headers - >> User-Agent: Apache-HttpClient/4.5.13 (Java/19.0.2)
18:56:17.649 [main] DEBUG org.apache.http.headers - >> Accept-Encoding: gzip,deflate
18:56:17.762 [main] DEBUG org.apache.http.wire -  << "HTTP/1.1 200 OK[\r][\n]"
18:56:17.762 [main] DEBUG org.apache.http.wire -  << "content-type: application/json[\r][\n]"
18:56:17.762 [main] DEBUG org.apache.http.wire -  << "date: Tue, 09 May 2023 11:56:17 GMT[\r][\n]"
18:56:17.762 [main] DEBUG org.apache.http.wire -  << "content-encoding: gzip[\r][\n]"
18:56:17.762 [main] DEBUG org.apache.http.wire -  << "transfer-encoding: chunked[\r][\n]"
18:56:17.762 [main] DEBUG org.apache.http.wire -  << "server: Fly/3f2597ca (2023-05-03)[\r][\n]"
18:56:17.762 [main] DEBUG org.apache.http.wire -  << "via: 1.1 fly.io[\r][\n]"
18:56:17.762 [main] DEBUG org.apache.http.wire -  << "fly-request-id: 01H005X4CCJ10KJT3M71VTBBBQ-sin[\r][\n]"
18:56:17.762 [main] DEBUG org.apache.http.wire -  << "[\r][\n]"
18:56:17.762 [main] DEBUG org.apache.http.impl.conn.DefaultClientConnection - Receiving response: HTTP/1.1 200 OK
18:56:17.762 [main] DEBUG org.apache.http.headers - << HTTP/1.1 200 OK
18:56:17.762 [main] DEBUG org.apache.http.headers - << content-type: application/json
18:56:17.762 [main] DEBUG org.apache.http.headers - << date: Tue, 09 May 2023 11:56:17 GMT
18:56:17.762 [main] DEBUG org.apache.http.headers - << content-encoding: gzip
18:56:17.762 [main] DEBUG org.apache.http.headers - << transfer-encoding: chunked
18:56:17.762 [main] DEBUG org.apache.http.headers - << server: Fly/3f2597ca (2023-05-03)
18:56:17.763 [main] DEBUG org.apache.http.headers - << via: 1.1 fly.io
18:56:17.763 [main] DEBUG org.apache.http.headers - << fly-request-id: 01H005X4CCJ10KJT3M71VTBBBQ-sin
18:56:17.763 [main] DEBUG org.apache.http.impl.client.DefaultHttpClient - Connection can be kept alive indefinitely
18:56:17.763 [main] DEBUG io.restassured.internal.RestAssuredHttpBuilder - Parsing response as: application/json
18:56:17.763 [main] DEBUG org.apache.http.wire -  << "1F[\r][\n]"
18:56:17.763 [main] DEBUG org.apache.http.wire -  << "[0x1f][0x8b][0x8][0x0][0x0][0x0][0x0][0x0][0x4][0xff][0xab]VJI,IT[0xb2]2[0xae][0xe5][0x2][0x0]1>[0x93]C[0xb][0x0][0x0][0x0]"
18:56:17.764 [main] DEBUG org.apache.http.wire -  << "[\r][\n]"
18:56:17.764 [main] DEBUG org.apache.http.wire -  << "0[\r][\n]"
18:56:17.764 [main] DEBUG org.apache.http.wire -  << "[\r][\n]"
18:56:17.764 [main] DEBUG io.restassured.internal.RestAssuredHttpBuilder - Parsed data to instance of: class org.apache.http.conn.EofSensorInputStream
18:56:17.766 [main] DEBUG org.apache.http.impl.conn.BasicClientConnectionManager - Releasing connection org.apache.http.impl.conn.ManagedClientConnectionImpl@76104df5
18:56:17.766 [main] DEBUG org.apache.http.impl.conn.BasicClientConnectionManager - Connection can be kept alive indefinitely
18:56:17.767 [main] DEBUG net.thucydides.core.steps.StepInterceptor - STEP DONE: I send GET HTTP request by rating
  &amp#27;[32mWhen &amp#27;[0m&amp#27;[32mI send GET HTTP request by rating&amp#27;[0m                                   &amp#27;[90m# starter.stepdefinitions.ProductSteps.iSendGETHTTPRequestByRating()&amp#27;[0m
18:56:17.776 [main] DEBUG net.thucydides.core.steps.StepInterceptor - STARTING STEP: ProductSteps.iReceiveValidHTTPResponseCodeForGetRatingDataProducts - I receive valid HTTP response code 200 for Get rating data products
18:56:17.778 [main] DEBUG net.thucydides.core.steps.StepInterceptor - STEP DONE: I receive valid HTTP response code 200 for Get rating data products
  &amp#27;[32mThen &amp#27;[0m&amp#27;[32mI receive valid HTTP response code &amp#27;[0m&amp#27;[32m&amp#27;[1m200&amp#27;[0m&amp#27;[32m for Get rating data products&amp#27;[0m &amp#27;[90m# starter.stepdefinitions.ProductSteps.iReceiveValidHTTPResponseCodeForGetRatingDataProducts(int)&amp#27;[0m
18:56:17.785 [main] DEBUG net.thucydides.core.steps.StepInterceptor - STARTING STEP: ProductSteps.iReceiveValidDataForRatingProducts - I receive valid data for rating products
18:56:17.786 [main] DEBUG net.thucydides.core.steps.StepInterceptor - STEP DONE: I receive valid data for rating products
  &amp#27;[32mAnd &amp#27;[0m&amp#27;[32mI receive valid data for rating products&amp#27;[0m                             &amp#27;[90m# starter.stepdefinitions.ProductSteps.iReceiveValidDataForRatingProducts()&amp#27;[0m
18:56:17.790 [main] INFO  - 
  _____   ___   ___   _____     ___     _     ___   ___   ___   ___  
 |_   _| | __| / __| |_   _|   | _ \   /_\   / __| / __| | __| |   \ 
   | |   | _|  \__ \   | |     |  _/  / _ \  \__ \ \__ \ | _|  | |) |
   |_|   |___| |___/   |_|     |_|   /_/ \_\ |___/ |___/ |___| |___/ 

GET products rating
----------------------------------------------------------------------
]]></system-out>
  </testcase>
  <testcase name="POST As admin I have be able to create new products rating" classname="Products" time="0.433">
    <system-out><![CDATA[
Scenario: POST As admin I have be able to create new products rating  &amp#27;[90m# src/test/resources/api/Produk.feature:31&amp#27;[0m
18:56:17.818 [main] INFO io.cucumber.core.plugin.SerenityReporter - Running feature from file:///E:/mini%20peoject/RestAPi/src/test/resources/api/Produk.feature
18:56:17.819 [main] WARN io.cucumber.core.plugin.SerenityReporter - Feature from file:///E:/mini%20peoject/RestAPi/src/test/resources/api/Produk.feature is not under the 'features' directory. Requirements report will not be correctly generated!
18:56:17.824 [main] INFO  - 
  _____   ___   ___   _____     ___   _____     _     ___   _____   ___   ___  
 |_   _| | __| / __| |_   _|   / __| |_   _|   /_\   | _ \ |_   _| | __| |   \ 
   | |   | _|  \__ \   | |     \__ \   | |    / _ \  |   /   | |   | _|  | |) |
   |_|   |___| |___/   |_|     |___/   |_|   /_/ \_\ |_|_\   |_|   |___| |___/ 

POST As admin I have be able to create new products rating(products;post-as-admin-i-have-be-able-to-create-new-products-rating)
--------------------------------------------------------------------------------
18:56:17.976 [main] DEBUG net.thucydides.core.steps.StepInterceptor - STARTING STEP: ProductSteps.iSetPOSTEndpointsByRating - I set POST endpoints by rating
18:56:17.977 [main] DEBUG net.thucydides.core.steps.StepInterceptor - STEP DONE: I set POST endpoints by rating
  &amp#27;[32mGiven &amp#27;[0m&amp#27;[32mI set POST endpoints by rating&amp#27;[0m                                &amp#27;[90m# starter.stepdefinitions.ProductSteps.iSetPOSTEndpointsByRating()&amp#27;[0m
18:56:18.009 [main] DEBUG net.thucydides.core.steps.StepInterceptor - STARTING STEP: ProductSteps.iSendPOSTHTTPRequestByRating - I send POST HTTP request by rating
18:56:18.014 [Finalizer] DEBUG org.apache.http.impl.conn.DefaultClientConnection - Connection 0.0.0.0:53259<->149.248.193.56:443 closed
18:56:18.015 [main] DEBUG net.thucydides.core.steps.StepInterceptor - STARTING STEP: PostRating.POSTHTTPRequestByRating - I set POST endpoints by rating
18:56:18.015 [main] DEBUG net.thucydides.core.steps.StepInterceptor - STEP DONE: I set POST endpoints by rating
18:56:18.015 [Finalizer] DEBUG org.apache.http.impl.conn.DefaultClientConnection - Connection 0.0.0.0:53258<->149.248.193.56:443 closed
18:56:18.016 [Finalizer] DEBUG org.apache.http.impl.conn.DefaultClientConnection - Connection 0.0.0.0:53257<->149.248.193.56:443 closed
18:56:18.017 [Finalizer] DEBUG org.apache.http.impl.conn.DefaultClientConnection - Connection 0.0.0.0:53256<->149.248.193.56:443 closed
18:56:18.018 [Finalizer] DEBUG org.apache.http.impl.conn.DefaultClientConnection - Connection 0.0.0.0:53255<->149.248.193.56:443 closed
18:56:18.019 [Finalizer] DEBUG org.apache.http.impl.conn.DefaultClientConnection - Connection 0.0.0.0:53254<->149.248.193.56:443 closed
18:56:18.052 [main] DEBUG org.apache.http.impl.conn.BasicClientConnectionManager - Get connection for route {s}->https://altashop-api.fly.dev:443
18:56:18.053 [main] DEBUG org.apache.http.impl.conn.DefaultClientConnectionOperator - Connecting to altashop-api.fly.dev:443
18:56:18.136 [main] DEBUG org.apache.http.client.protocol.RequestAddCookies - CookieSpec selected: ignoreCookies
18:56:18.136 [main] DEBUG org.apache.http.client.protocol.RequestAuthCache - Auth cache not set in the context
18:56:18.136 [main] DEBUG org.apache.http.client.protocol.RequestProxyAuthentication - Proxy auth state: UNCHALLENGED
18:56:18.136 [main] DEBUG org.apache.http.impl.client.DefaultHttpClient - Attempt 1 to execute request
18:56:18.136 [main] DEBUG org.apache.http.impl.conn.DefaultClientConnection - Sending request: POST /api/products/13646/ratings HTTP/1.1
18:56:18.136 [main] DEBUG org.apache.http.wire -  >> "POST /api/products/13646/ratings HTTP/1.1[\r][\n]"
18:56:18.137 [main] DEBUG org.apache.http.wire -  >> "Authorization: Bearer eyJhbGciOiJIUzI1NiIsInR5cCI6IkpXVCJ9.eyJGdWxsbmFtZSI6IkdpdGEgTGVvbmkgZHdpIGZyaXAiLCJFbWFpbCI6ImdpdGFsZWUyMUBnbWFpbC5jb20ifQ.TGsRtCS1_W5fQoxLxVSMhDknX_uoRVw_0tYCGs1StVE[\r][\n]"
18:56:18.137 [main] DEBUG org.apache.http.wire -  >> "Accept: */*[\r][\n]"
18:56:18.137 [main] DEBUG org.apache.http.wire -  >> "Content-Type: application/json[\r][\n]"
18:56:18.137 [main] DEBUG org.apache.http.wire -  >> "Content-Length: 11[\r][\n]"
18:56:18.137 [main] DEBUG org.apache.http.wire -  >> "Host: altashop-api.fly.dev[\r][\n]"
18:56:18.137 [main] DEBUG org.apache.http.wire -  >> "Connection: Keep-Alive[\r][\n]"
18:56:18.137 [main] DEBUG org.apache.http.wire -  >> "User-Agent: Apache-HttpClient/4.5.13 (Java/19.0.2)[\r][\n]"
18:56:18.137 [main] DEBUG org.apache.http.wire -  >> "Accept-Encoding: gzip,deflate[\r][\n]"
18:56:18.137 [main] DEBUG org.apache.http.wire -  >> "[\r][\n]"
18:56:18.137 [main] DEBUG org.apache.http.headers - >> POST /api/products/13646/ratings HTTP/1.1
18:56:18.137 [main] DEBUG org.apache.http.headers - >> Authorization: Bearer eyJhbGciOiJIUzI1NiIsInR5cCI6IkpXVCJ9.eyJGdWxsbmFtZSI6IkdpdGEgTGVvbmkgZHdpIGZyaXAiLCJFbWFpbCI6ImdpdGFsZWUyMUBnbWFpbC5jb20ifQ.TGsRtCS1_W5fQoxLxVSMhDknX_uoRVw_0tYCGs1StVE
18:56:18.137 [main] DEBUG org.apache.http.headers - >> Accept: */*
18:56:18.137 [main] DEBUG org.apache.http.headers - >> Content-Type: application/json
18:56:18.137 [main] DEBUG org.apache.http.headers - >> Content-Length: 11
18:56:18.138 [main] DEBUG org.apache.http.headers - >> Host: altashop-api.fly.dev
18:56:18.138 [main] DEBUG org.apache.http.headers - >> Connection: Keep-Alive
18:56:18.138 [main] DEBUG org.apache.http.headers - >> User-Agent: Apache-HttpClient/4.5.13 (Java/19.0.2)
18:56:18.138 [main] DEBUG org.apache.http.headers - >> Accept-Encoding: gzip,deflate
18:56:18.138 [main] DEBUG org.apache.http.wire -  >> "{"count":4}"
18:56:18.198 [main] DEBUG org.apache.http.wire -  << "HTTP/1.1 200 OK[\r][\n]"
18:56:18.198 [main] DEBUG org.apache.http.wire -  << "content-type: application/json[\r][\n]"
18:56:18.199 [main] DEBUG org.apache.http.wire -  << "date: Tue, 09 May 2023 11:56:18 GMT[\r][\n]"
18:56:18.199 [main] DEBUG org.apache.http.wire -  << "content-encoding: gzip[\r][\n]"
18:56:18.199 [main] DEBUG org.apache.http.wire -  << "transfer-encoding: chunked[\r][\n]"
18:56:18.199 [main] DEBUG org.apache.http.wire -  << "server: Fly/3f2597ca (2023-05-03)[\r][\n]"
18:56:18.199 [main] DEBUG org.apache.http.wire -  << "via: 1.1 fly.io[\r][\n]"
18:56:18.199 [main] DEBUG org.apache.http.wire -  << "fly-request-id: 01H005X4T6HCJ1DGE8RA0A73S8-sin[\r][\n]"
18:56:18.199 [main] DEBUG org.apache.http.wire -  << "[\r][\n]"
18:56:18.199 [main] DEBUG org.apache.http.impl.conn.DefaultClientConnection - Receiving response: HTTP/1.1 200 OK
18:56:18.199 [main] DEBUG org.apache.http.headers - << HTTP/1.1 200 OK
18:56:18.199 [main] DEBUG org.apache.http.headers - << content-type: application/json
18:56:18.199 [main] DEBUG org.apache.http.headers - << date: Tue, 09 May 2023 11:56:18 GMT
18:56:18.199 [main] DEBUG org.apache.http.headers - << content-encoding: gzip
18:56:18.199 [main] DEBUG org.apache.http.headers - << transfer-encoding: chunked
18:56:18.199 [main] DEBUG org.apache.http.headers - << server: Fly/3f2597ca (2023-05-03)
18:56:18.199 [main] DEBUG org.apache.http.headers - << via: 1.1 fly.io
18:56:18.199 [main] DEBUG org.apache.http.headers - << fly-request-id: 01H005X4T6HCJ1DGE8RA0A73S8-sin
18:56:18.199 [main] DEBUG org.apache.http.impl.client.DefaultHttpClient - Connection can be kept alive indefinitely
18:56:18.200 [main] DEBUG io.restassured.internal.RestAssuredHttpBuilder - Parsing response as: application/json
18:56:18.200 [main] DEBUG org.apache.http.wire -  << "B7[\r][\n]"
18:56:18.200 [main] DEBUG org.apache.http.wire -  << "[0x1f][0x8b][0x8][0x0][0x0][0x0][0x0][0x0][0x4][0xff][0xab]VJI,IT[0xb2][0xaa]V[0xf2]tQ[0xb2]24631[0xd3]Q[0xf2]K[0xcc]MU[0xb2]R[0xca][0xce],H,VH[0xcc]K[0xcf][0xcc]S[0xd2]QrI-N.[0xca],([0xc9][0xcc][0xcf]S[0xb2]R[0xca]M[0xcd]KO[0xcd])M,[0xca]N[0xcc][0x83](Q(N[0xcc]KO,Q[0xc8]N[0xcd]KN[0xcc]KW[0xd2]Q[\n]"
18:56:18.200 [main] DEBUG org.apache.http.wire -  << "([0xca]LNU[0xb2]240[0xd0]Q[\n]"
18:56:18.200 [main] DEBUG org.apache.http.wire -  << "J,[0xc9][0xcc]K/V[0xb2]2[0xd1]QrN,IM[0xcf]/[0xca]L-V[0xb2][0x8a][0x86]Zldjb[0x8][0xb7][0xd8]=17[0x13]l[0x2][0xaa][0x9d]n[0xf9]E[\n]"
18:56:18.200 [main] DEBUG org.apache.http.wire -  << "[0xe9]`)[0x85][0x82][0xd2][0xa2][0x82][0xfc][0xe2][0xd4]b[0xa5][0xda][0xd8][0xda]Z.[0x0]"0[0xc2][0xa6][0xc5][0x0][0x0][0x0]"
18:56:18.200 [main] DEBUG org.apache.http.wire -  << "[\r][\n]"
18:56:18.200 [main] DEBUG org.apache.http.wire -  << "0[\r][\n]"
18:56:18.200 [main] DEBUG org.apache.http.wire -  << "[\r][\n]"
18:56:18.200 [main] DEBUG io.restassured.internal.RestAssuredHttpBuilder - Parsed data to instance of: class org.apache.http.conn.EofSensorInputStream
18:56:18.203 [main] DEBUG org.apache.http.impl.conn.BasicClientConnectionManager - Releasing connection org.apache.http.impl.conn.ManagedClientConnectionImpl@4205d5d0
18:56:18.203 [main] DEBUG org.apache.http.impl.conn.BasicClientConnectionManager - Connection can be kept alive indefinitely
18:56:18.204 [main] DEBUG net.thucydides.core.steps.StepInterceptor - STEP DONE: I send POST HTTP request by rating
  &amp#27;[32mWhen &amp#27;[0m&amp#27;[32mI send POST HTTP request by rating&amp#27;[0m                             &amp#27;[90m# starter.stepdefinitions.ProductSteps.iSendPOSTHTTPRequestByRating()&amp#27;[0m
18:56:18.213 [main] DEBUG net.thucydides.core.steps.StepInterceptor - STARTING STEP: ProductSteps.iReceiveValidHTTPResponseCodeInProductsRatingPOST - I receive valid HTTP response code 200 in products rating POST
18:56:18.215 [main] DEBUG net.thucydides.core.steps.StepInterceptor - STEP DONE: I receive valid HTTP response code 200 in products rating POST
  &amp#27;[32mThen &amp#27;[0m&amp#27;[32mI receive valid HTTP response code &amp#27;[0m&amp#27;[32m&amp#27;[1m200&amp#27;[0m&amp#27;[32m in products rating POST&amp#27;[0m &amp#27;[90m# starter.stepdefinitions.ProductSteps.iReceiveValidHTTPResponseCodeInProductsRatingPOST(int)&amp#27;[0m
18:56:18.222 [main] DEBUG net.thucydides.core.steps.StepInterceptor - STARTING STEP: ProductSteps.iReceiveValidDataForAssignProductRating - I receive valid data for assign product rating
18:56:18.224 [main] DEBUG net.thucydides.core.steps.StepInterceptor - STEP DONE: I receive valid data for assign product rating
  &amp#27;[32mAnd &amp#27;[0m&amp#27;[32mI receive valid data for assign product rating&amp#27;[0m                  &amp#27;[90m# starter.stepdefinitions.ProductSteps.iReceiveValidDataForAssignProductRating()&amp#27;[0m
18:56:18.228 [main] INFO  - 
  _____   ___   ___   _____     ___     _     ___   ___   ___   ___  
 |_   _| | __| / __| |_   _|   | _ \   /_\   / __| / __| | __| |   \ 
   | |   | _|  \__ \   | |     |  _/  / _ \  \__ \ \__ \ | _|  | |) |
   |_|   |___| |___/   |_|     |_|   /_/ \_\ |___/ |___/ |___| |___/ 

POST As admin I have be able to create new products rating
----------------------------------------------------------------------
]]></system-out>
  </testcase>
  <testcase name="GET products comment" classname="Products" time="0.599">
    <system-out><![CDATA[
Scenario: GET products comment                                              &amp#27;[90m# src/test/resources/api/Produk.feature:37&amp#27;[0m
18:56:18.251 [main] INFO io.cucumber.core.plugin.SerenityReporter - Running feature from file:///E:/mini%20peoject/RestAPi/src/test/resources/api/Produk.feature
18:56:18.251 [main] WARN io.cucumber.core.plugin.SerenityReporter - Feature from file:///E:/mini%20peoject/RestAPi/src/test/resources/api/Produk.feature is not under the 'features' directory. Requirements report will not be correctly generated!
18:56:18.256 [main] INFO  - 
  _____   ___   ___   _____     ___   _____     _     ___   _____   ___   ___  
 |_   _| | __| / __| |_   _|   / __| |_   _|   /_\   | _ \ |_   _| | __| |   \ 
   | |   | _|  \__ \   | |     \__ \   | |    / _ \  |   /   | |   | _|  | |) |
   |_|   |___| |___/   |_|     |___/   |_|   /_/ \_\ |_|_\   |_|   |___| |___/ 

GET products comment(products;get-products-comment)
--------------------------------------------------------------------------------
18:56:18.324 [main] DEBUG net.thucydides.core.steps.StepInterceptor - STARTING STEP: ProductSteps.iSetGETEndpointsByComment - I set GET endpoints by comment
18:56:18.325 [main] DEBUG net.thucydides.core.steps.StepInterceptor - STEP DONE: I set GET endpoints by comment
  &amp#27;[32mGiven &amp#27;[0m&amp#27;[32mI set GET endpoints by comment&amp#27;[0m                                      &amp#27;[90m# starter.stepdefinitions.ProductSteps.iSetGETEndpointsByComment()&amp#27;[0m
18:56:18.341 [main] DEBUG net.thucydides.core.steps.StepInterceptor - STARTING STEP: ProductSteps.iSendGETHTTPRequestByComment - I send GET HTTP request by comment
18:56:18.345 [main] DEBUG net.thucydides.core.steps.StepInterceptor - STARTING STEP: GetProductComment.GETHTTPRequestByComment - I set GET endpoints by comment
18:56:18.345 [main] DEBUG net.thucydides.core.steps.StepInterceptor - STEP DONE: I set GET endpoints by comment
18:56:18.387 [main] DEBUG org.apache.http.impl.conn.BasicClientConnectionManager - Get connection for route {s}->https://altashop-api.fly.dev:443
18:56:18.387 [main] DEBUG org.apache.http.impl.conn.DefaultClientConnectionOperator - Connecting to altashop-api.fly.dev:443
18:56:18.645 [main] DEBUG org.apache.http.client.protocol.RequestAddCookies - CookieSpec selected: ignoreCookies
18:56:18.645 [main] DEBUG org.apache.http.client.protocol.RequestAuthCache - Auth cache not set in the context
18:56:18.645 [main] DEBUG org.apache.http.client.protocol.RequestTargetAuthentication - Target auth state: UNCHALLENGED
18:56:18.645 [main] DEBUG org.apache.http.client.protocol.RequestProxyAuthentication - Proxy auth state: UNCHALLENGED
18:56:18.645 [main] DEBUG org.apache.http.impl.client.DefaultHttpClient - Attempt 1 to execute request
18:56:18.645 [main] DEBUG org.apache.http.impl.conn.DefaultClientConnection - Sending request: GET /api/products/2/comments/ HTTP/1.1
18:56:18.646 [main] DEBUG org.apache.http.wire -  >> "GET /api/products/2/comments/ HTTP/1.1[\r][\n]"
18:56:18.646 [main] DEBUG org.apache.http.wire -  >> "Accept: */*[\r][\n]"
18:56:18.646 [main] DEBUG org.apache.http.wire -  >> "Host: altashop-api.fly.dev[\r][\n]"
18:56:18.646 [main] DEBUG org.apache.http.wire -  >> "Connection: Keep-Alive[\r][\n]"
18:56:18.646 [main] DEBUG org.apache.http.wire -  >> "User-Agent: Apache-HttpClient/4.5.13 (Java/19.0.2)[\r][\n]"
18:56:18.646 [main] DEBUG org.apache.http.wire -  >> "Accept-Encoding: gzip,deflate[\r][\n]"
18:56:18.646 [main] DEBUG org.apache.http.wire -  >> "[\r][\n]"
18:56:18.646 [main] DEBUG org.apache.http.headers - >> GET /api/products/2/comments/ HTTP/1.1
18:56:18.646 [main] DEBUG org.apache.http.headers - >> Accept: */*
18:56:18.646 [main] DEBUG org.apache.http.headers - >> Host: altashop-api.fly.dev
18:56:18.646 [main] DEBUG org.apache.http.headers - >> Connection: Keep-Alive
18:56:18.646 [main] DEBUG org.apache.http.headers - >> User-Agent: Apache-HttpClient/4.5.13 (Java/19.0.2)
18:56:18.646 [main] DEBUG org.apache.http.headers - >> Accept-Encoding: gzip,deflate
18:56:18.758 [main] DEBUG org.apache.http.wire -  << "HTTP/1.1 200 OK[\r][\n]"
18:56:18.758 [main] DEBUG org.apache.http.wire -  << "content-type: application/json[\r][\n]"
18:56:18.758 [main] DEBUG org.apache.http.wire -  << "date: Tue, 09 May 2023 11:56:18 GMT[\r][\n]"
18:56:18.758 [main] DEBUG org.apache.http.wire -  << "transfer-encoding: chunked[\r][\n]"
18:56:18.759 [main] DEBUG org.apache.http.wire -  << "content-encoding: gzip[\r][\n]"
18:56:18.759 [main] DEBUG org.apache.http.wire -  << "server: Fly/3f2597ca (2023-05-03)[\r][\n]"
18:56:18.759 [main] DEBUG org.apache.http.wire -  << "via: 1.1 fly.io[\r][\n]"
18:56:18.759 [main] DEBUG org.apache.http.wire -  << "fly-request-id: 01H005X5CGZBB7M14EWHBC7QHA-sin[\r][\n]"
18:56:18.759 [main] DEBUG org.apache.http.wire -  << "[\r][\n]"
18:56:18.759 [main] DEBUG org.apache.http.impl.conn.DefaultClientConnection - Receiving response: HTTP/1.1 200 OK
18:56:18.759 [main] DEBUG org.apache.http.headers - << HTTP/1.1 200 OK
18:56:18.759 [main] DEBUG org.apache.http.headers - << content-type: application/json
18:56:18.759 [main] DEBUG org.apache.http.headers - << date: Tue, 09 May 2023 11:56:18 GMT
18:56:18.759 [main] DEBUG org.apache.http.headers - << transfer-encoding: chunked
18:56:18.759 [main] DEBUG org.apache.http.headers - << content-encoding: gzip
18:56:18.759 [main] DEBUG org.apache.http.headers - << server: Fly/3f2597ca (2023-05-03)
18:56:18.759 [main] DEBUG org.apache.http.headers - << via: 1.1 fly.io
18:56:18.759 [main] DEBUG org.apache.http.headers - << fly-request-id: 01H005X5CGZBB7M14EWHBC7QHA-sin
18:56:18.759 [main] DEBUG org.apache.http.impl.client.DefaultHttpClient - Connection can be kept alive indefinitely
18:56:18.759 [main] DEBUG io.restassured.internal.RestAssuredHttpBuilder - Parsing response as: application/json
18:56:18.760 [main] DEBUG org.apache.http.wire -  << "153[\r][\n]"
18:56:18.760 [main] DEBUG org.apache.http.wire -  << "[0x1f][0x8b][0x8][0x0][0x0][0x0][0x0][0x0][0x4][0xff][0xaa]VJI,IT[0xb2][0x8a][0xae]V[0xf2]tQ[0xb2]24056[0xd6]Qr[0xce][0xcf]+I[0xcd]+Q[0xb2]Rr[0xcc][0xc9]L,V[0xc8]LQH[0xc9],.[0xc9][0xcc]K.[0xc9][0xcc]W(N-,[0xcd]T(K-[0xca],I,[0xc9],[0xd6]S[0xd2]Q[\n]"
18:56:18.760 [main] DEBUG org.apache.http.wire -  << "-N-R[0xb2][0xca]+[0xcd][0xc9][0xd1]Q[\n]"
18:56:18.760 [main] DEBUG org.apache.http.wire -  << "([0xca]O)M.[0x81]q[0x9d][0xf3]ss[0xc1]f[0x81]dku[0x10][0xf6][0x98] [0xdb][0xe3][0x9c][0x9f][0x7]26[0xb1][0xa4][0xb4]H!'[0xb1]4%1[0xaf]$[0xb3]4W!7?'[0xb5][0xb8]$31U!1E![0xb5][0x84]\[0xab]L[0x91][0xad]*[0xc9]HUHO[0xcc]M-VH,JUH/JM,Q[0xc8][0xcc]K[0xce])M[0xc9][0xcc]KWp/J[0xcc]S[0x8])-[0xca],[0xce][0xcd]W0WH*-Q(NL[0xc9][0xa9]Tp[0xf]1Q[0xc8],V[0xc8]-M[0xce]PHJ-)I-"[0xd3][0xdf][0xe6][0x83][0xc9]1[0x16][0x83][0xc8]1&[0x6][0x83][0xc9]1[0x86][0x83][0xc9]1F[0xc8][0x8e][0xc9]T/)Vp+[0xca]LI[0xac]$/[0x9][0x9a][0xa0]d[0xf1][0x1][0xce][0xf]&[0x83])s[0x9a][0xa1][0x14]J[0x14][0x7][0xb4][0xd9]`[0xf2][0x9b][0xf9]`[0xca]^[0xe6][0x83])[0x9][0x9a][0xf][0xa6]h[0xb2][0xb0]D[0xce][0xeb][0x3][0x9c]9-[0x7]Q)hf0[0x88][0x12][0xb0][0x99][0xc1] [0x8a]&3c[0x94][0xfa][0x81][0xf6]i[0x6][0x0][0x0][0x0][0xff][0xff]"
18:56:18.760 [main] DEBUG org.apache.http.wire -  << "[\r][\n]"
18:56:18.760 [main] DEBUG org.apache.http.wire -  << "2F8[\r][\n]"
18:56:18.760 [main] DEBUG org.apache.http.wire -  << "[0x2][0xb7][0xf3]p4[0xec][0xcc][0xcc][0x6]S4[0x99][\r][0xa6][0x4]l<[0x88][0xca][0x19]3S[0x14][0xc7]PZ[0xd5][0x99][0x99][0x9a]![0x17][[0x94][0x1b][0x87][0xd2]Jv-QH-QH[0xad]HN-()-[0xca]T(,ML-J,Q[0xc8][0xcb][0xcc][0xc8][0xcc]Q[0xc8]O[0xc9],[0x81][0xb][0x81]z[0x11][0x99][0xe4][0xf5][0x13][0xcc]L[0x7]Qk[0xd8][0xcc]t0[0x15]0[0xa8][0xf5][0x80][0x9e][0x9e][0x9e]B[0xa2]Bnf^[0x8a]B^jjJ[0xb1]BR~~v[0xb1]Bb[0xb1]B[0xa2]Bqy~[0x11]L8Q[0xa1]<#[0xb5][0xa4][0xb8]$?/UG!3M![0xb3][0x4][0xd4][0x83]*[0xc9]W[0xc8]NM-P[0xc8],)VHMIO%3[0xb2],Q[0xca][0xbc][0xf0][0xcc][0xbc][0x92][0xd4]"[0x90][0xf1][0xc9][0xf9][0xb9][0x99]y[0xe9][0xe4][0x1a]J[0xdd]Tl[0x89][0x92][0x8a][0x1d][0xf3]R[0x14][0x8a][0xf3][0x15]2R[0x15][0x8a][0xb][0xf2][0xb3]Su[0x14][0x12][0xd1][0x5]J2[0x12]K[0x14]|@[0x1][0x98][0x9f][0xa6][0xe0][0x9c]X\[0x92][0x98][0x9b]Z[0x94][0xaa][0x3][0xee][0x85][0xe6][0xe5][0x97]+[0x80]J[0xf6][0xa2][0xc4][0xcc][0xbc]b[0x85]rP[0x8][0xe6][0xab][0xa7][0x16])dd[0x16]+d$[0xe6][0xe4][0xe8]([0x94]g[0x96]d([0xe4][0xe5]+[0xe4][0xe7][0xa5][0x82]T[0x16][0xa5]*[0x94][0x80]lK,[0xd2]S[0x88]L-[0xd6]Q l[0x2][0xc8]Ay[0xf9]%[0xa0]h[0xcc]/[0xcd][0x81]k'[0xab][0x97]af[0x89][0x92][0x80][0xa9][0x13]A[0xe6][0xa8]m[0x0]P[0x88]z*d$[0x96][0xa5]*$*[0x94][0xa4][0xe6][0xa5][0xa4][0x16][0x81][0xc2][0x16][0xd4][0x9f]W[0xc8][0xad]T[0xc8]HM,*QH[0xcb]/RH.[0xca],([0xc8][0x1]u[0xf9][0xf3]R[0x14][0x92]@[0x1][[0x94]R[0xc][0xe][0xff][0xa4][0xa2][0xfc][0xec][0xd4]<[0x85][0x92][0x8c][0xcc][0xbc]t2[0x87]2[0xcc][\r]P*[0x99][0x90][0x8c]T[0x5][0xbf][0xfc][0xa2][0x92][0xc][0x85][0xa2][0xd4][0xdc][0xd4][0xdc][0xa4][0xd4]"r[0xcd]5D)[0xa2]A[0x91]?p[0xe3][0x16][0xe6][0x86]([0xd1]9[0xc0][0x8e]1A[0xc9][0xfc][0x3][0xed][0x18][0x94]N[0xe3]@;[0x6][0xa5][0x4][0x1b]h[0xc7][0xc][0xa2][\n]"
18:56:18.760 [main] DEBUG org.apache.http.wire -  << "[0xd5][0xdc]t[0x10][0xb5]K[0xcd]M[0x7]S[0x2]6[0x1d]D[0x9d]qs[0xd3][0xc1][0x94][0x9b]P[0x1b][0xc9][0x3][0x9c][0x9b]P[0x9b][0xd8][0x3][0xed][0x18][0x94][0xa6][0xcd]@;f0[0xd5]M[0x83][0xa9][0xff]kn6[0x98][0xca][0x19][0xb3][0xc1]T[0xce][0xa0][0xe][0xf5][0xe]p[0x2]6[0x1b]L[0xb5][0xb6][0xd9]`[0xaa][0xb5][0x7][0xd3][0xa8][0xb5]9[0xea][0xa8][0xb5]Obiz[0x6][0xb4][0xd7]Y[0x90][0x9f]Y[0x9c][0x9f][0x7][0xea]1[0xa5][0xa5]&[0x16][0x91][0xd7][0xfb]4[0x1f]L[0xe3][0xd0][0xe6][0xe6](I211[0x91][0xac]^[0xa0][0xb9][0xf9]`[0xaa]',P[0x9a][0x80][0xc1]%[0xa5][0x5][0xa9]i[0xe4][0xcd][0xa1][0x99][[0xa0][0xf5][0xf9]JA[0x9d][0xcf][0xa4][0xcc][0xa2][0x14][0xf2][0x82][0xc9][0x2][0xa5][0x9c][0xe]J,K[0xcd]K[0xce]I,'[0xd3]0[0x94]r[0xd6][0xbd][0xa8]2--3/%[0x9f][0xbc][0x9]ks[0x8b][0xc1][0xd4] [0xb3]@I[0x95][0x3]\j[[0xc][0xa6][0x82][0xd2][0x12]%m[0xf]p[0xc8][0xa0][0x8e][0x17][0xe][0xb4]c[0x6]Q[0xeb][0xd0][0xc2][0x0]%[0xa3][0xf]l[0xc8]X[0x18][0xc][0xa2][0xac]ma0[0x88]F[0xbb],[0xc][0x6]Q[0xb5]ea8[0x88][0xb2][0xb6][0x85]!J[0xc5]7[0xc0][0x9][0xd8]p0[0xe5]&[0xc3][0xc1][0x94][0x9b][0x6][0xd3][0xd8][0xb1][0x85][0xe1][0xa0][0xca]M[0x83][0xa9]:0[0x1a]L[0xb9][0xc9][0x8]%[0x9a][0x2]J[0xb3][0xcb]KS[0xd2]3S1[0x1b][0xa1][0x0][0x0][0x0][0x0][0xff][0xff]"
18:56:18.761 [main] DEBUG org.apache.http.wire -  << "[\r][\n]"
18:56:18.761 [main] DEBUG org.apache.http.wire -  << "300[\r][\n]"
18:56:18.761 [main] DEBUG org.apache.http.wire -  << ""b}[0xa7][0x85][0xd1] j[0x1c]Y[0x18][0xf][0xa6][0x12]t0[0xad][0xd6][0xb0]0[0x1e]L[0x85][0x96][0xf1] j[0xdd][[0x18][0xf][0xa6][0x4]<[0x98][0xd6][0xc6]Z[0xc][0xa6][0xd9]7[0xb][0x93][0xc1][0x94][0x80]M[0x6]S[0x2]6[0x19]L[0x9]x0[0xcd][0xbe]Y[0xc][0xa6][0xd9]7[0x8b][0xc1]4[0xe1]e1[0x98][0xe6][0x98],[0x6][0xd3]z,[0x8b][0xc1][0xb4][0x1e][0xcb]b0[0xcd][0xa4]X[0x98][0xa1]4[0x1b][0x7][0xb8]Gh6[0x98]Z[0xf7][0xe6][0x83][0xa9]u[0x8f]:y1[0xc0][0xd1]d>[0x98]j[0xed][0xc1]4[0xef]b1[0x98]&L,[0xcc][0x7]SnB[0x9d]r[0x19][0xe0][0x4]l[0x81]2[0xc7]2[0xd0][0x8e][0x19]LC[0xa7][0x16][0x83][0xa9]:[0x18]L[0xbb]i,[0x6][0xd3][0xac][0x88][0x5][0xea][0xfa]i[0xff][0xe4][0xe4][0xc4][0xd4][0xe4][0xc4][0x92]L[0x85][0xd4][0xc4]"[0x94][0x8d][0xb7][0x85][0xa5][0x99][0x89][\n]"
18:56:18.761 [main] DEBUG org.apache.http.wire -  << "e[0xf9]9[0xa5][0x5]%[0x89][0xc5][\n]"
18:56:18.761 [main] DEBUG org.apache.http.wire -  << "`[0x1e]h[0xfb]o^jn>y[0xd3][0xdc][0x16][0x96][0x83][0xa9][0xec][0xb7][0x1c]L[0x9d]$[0xd4]%[0xd3][0x3][[0xa8]X[0xa2].[0xb5][0x1e]h[0xc7][0xc][0xa2][0x96][0x94][0xa5][0xc1] *[0xfb]-[\r][0x6]Q[0x2][0xb6][0x1c]L3U[0x96][0x83]i[0xc5][0xba][0xa5][0xd1] [0x1a][0x81][0xb6][0x1c]L[0xb3][0xe][0x96]F[0x83]h[0xe][0xcf][0xd2]h0em[0xa3]ATQZ[0x1a][\r][0xa2]6[0xa6][0xa5][0xd1] [0x1a]g[0xb5]D[0x9d]6[0x1b][0xe0][0x8a]r0M[0xbb]Y[0x1a][0xf][0xa6]Z{0M[0xbb]Y[0xe][0xa6][0xad][0xc0][0x96][0xc6][0x83][0xa8][0xc7]f9[0x98][0xa6][0xdd],[0x7][0xd3]I)[0x96][0x83]i[0xa6][0xcb]r0[0x1d][0xdb]b9[0x98][0xa6][0xdd],M[0x6]Sn[0x1a]Ls[0x80][0x96]&[0x83]h4[0xd1]r0MHZ[0x9a][0xe][0xa6][0x8a]r0[0xcd][0x8e]Z[0xe][0xa6][0xbd][0x89][0x96][0x83]i[0xaa][0xd6]r0[0xed]M[0xb4][0x1c]L[0xf3][0xc6][0x96][0xa6][0x83][0xa9][0x4][0x1e]L[0x93][0xd8][0x96][0x83]i[0x12][0xdb]r0m[0x94][0xb4]D[0xdd][0x81][0x17][0x9e][0x98][PZL[0xd6][0xc2]G[0xcb][0xc1]4[0x1d]n[0x89][0xba][0x97]/8[0xa7][0xb2]$#[0xb5](3[0x8f]L[0x9f]Q[0xab][0xfe]N,.[0x5][0x1d][0xd5]B[0xe9]Y[0x9a][0x96][0x83]is[0xa0]%[0xea][0xe6][0xb2][0x1][0x1e][0x6]@[0x9d][0xf7][0xa2]([0xde][\r][\r][0xc][0x6][0xcf]h[0x8b][0xa1][0xc1] [0xda]`h0[0x88][0xf6][0x1f][0x18][0x1a][0xc][0xa2][0xfd][0x7][0x86][0x6][0x86][0x83])[0xcd][0xa0][0xe][0x17]R[0xb4][0xbb][0xd2][0xd0]`[0x10]m[\r]240[0x1c]<[0xe3][0xd5][0x86][0x6][0x83]h[0xec][0xd1][0xd0][0xc0][0x8][0xa5][0xb2][0xca]I-([0xc9]/P[0xc8]--J[0xcc] [0xa7][0xf2]34[0x18]D[0x8b][0x9e][\r][\r][0x6][0xd1][0xb8][0x94][0xa1][0xc1] [0x1a][0x97]24[0x18]D[0xe3]R[0x86][0x6][0x83]h\[0xca][0xd0]`[0x10][0x8d]K[0x19][0x1a][0xc][0xa2]q)C[0x83]A4.eh0[0x88][0xc6][0xa5][0xc][\r][0x6][0xd1][0xb8][0x94][0xa1][0xc1] [0x1a][0x97]24[0x18]D[0xa3]/[0x86][0x6][0x83]h[0x8c][0xc1][0xd0]`[0x10][0x1d]znh0[0x88]z[0x88][0x86][0x6][0x83]h9[0xb8][0xa1][0x81][0xf9][0xe0]Yvah0[0x88][0xd6][0xa6][0x1b][0x1a][0xa0][0x9e]|3[0xa0][0x1d]yC[0x83]A[0xb4][0x1c][0xdc][0xd0][0xc0][0x1c]e[0xad][0x99]cIai*[0xe4][0xf4][0xe5][0xd4][0x8a][0xd4][0xa2]d[0xf0]u0[0xf9]y[0xa9][0xb9][\n]"
18:56:18.761 [main] DEBUG org.apache.http.wire -  << "[0xa9][0x89][\n]"
18:56:18.761 [main] DEBUG org.apache.http.wire -  << "[0xa5]%[\n]"
18:56:18.761 [main] DEBUG org.apache.http.wire -  << "%[0xa9][0xb9][0x5][0xf9]E[0x99]I[0xa5][0xc5][\n]"
18:56:18.761 [main] DEBUG org.apache.http.wire -  << "[0x99]y[\n]"
18:56:18.761 [main] DEBUG org.apache.http.wire -  << "[0xc5][0xa5][0xc5][0xc9][0x99][0x5][0x99][0xe4][0xdd][0xe1]bh0[0x88]V[0xa2][0x1b][0x1a][0xc][0xa2][0xa1][0x1e]C[0x83]At$[0x8e][0xa1][0xc1] Z[0xfc]mh0[0x88][0xce][0xe7]14[0x18]D[0xe7][0xf3][0x18][0x1a]XR6l[0x0][0x0][0x0][0x0][0xff][0xff]"
18:56:18.761 [main] DEBUG org.apache.http.wire -  << "[\r][\n]"
18:56:18.761 [main] DEBUG org.apache.http.wire -  << "285[\r][\n]"
18:56:18.762 [main] DEBUG org.apache.http.wire -  << "[0xa2][0xe6][0x8d]H[0x86][0x6][0x83]h[0xd5][0xb3][0xa1][0xe1] :[0x9f][0xc7][0xd0]p[0x10]-464[0x1c]D[0x87][0x5][0x19][0x1a][0xe][0xa6]!i[0xc3]A[0xb4][0xea][0xd9][0xd0]p0[0x8d][0x8f][0x1b][0xe][0xaa][0xf1][0xf1]A[0xb4][0xfd][0xc6][0xd0][0x0]u[0xfb][0xcd][0x0]72[0x7][0xd1][0x8e][0x1c]C[0x3][0xcb][0xc1]4s[0x80]z[0x83][0xc3]@G[0x13]J[0xf3]{`[0x1d]c8[0x88][0xb6][0x7][0x19][0x1a][0xa2][0xde][0xc0]0[0xd0]!3x[0x96][0x9f][0x18][0x1a][0xe][0xa2][0xed]A[0x86][0x86][0x83][0xe8][0x18]&C[0xc3]A[0xb4][0x1e][0xdc][0xd0]p0[0xcd][0x14][0x18][0xe][0xa6][0x99][0x2][0xc3][0xc1]48o8[0x98][0x6][0xe7][\r][0x7][0xd3][0xe0][0xbc][0xe1]`[0x1a][0x9c]7D]4[0x1a][0x94]ZP[0x9a][0x92][0x99][0x98][0x97][0x92][0x98][0xaa][0x90][0x93][0x99][0x94]Z[0x94][0x8f]t[0xaf]pZbrjQ[0xaa]Bj1[0x99][0x3]S[0x86][0x83]hM[0xa8][0xa1][0xe1] ZRgh[0x88]:[0x11]P[0x9e]Q[0xa9]P[0x9c][0x9f]W[0xa9]PP[0xac]`J[0xd6][0x14][0xbc][0xe1]`[0x1a]%6[0x1c]L[0x3][0xb3][0x86][0xa8][0xa7]Q[0x4][0x96]f[0x82]F\S[0xf3]2s[0x15][0xca]2K[0x12][0xa1][0x83][0xb4][0xd0]M[0xfc]%[0xe0][0x11][0xd9][0xa2][0xd4][0xa2][0xd2]\[0xb2]6[0xf0][0x1b][0x1a][0xa2][0x8e]8[0xba][0xe4][0xe7][0xe4][0x17][0xa5][0xe6][0x82][0xc6][0x82][0x93][0xf3][0x8b][0x8a]J[0xb]J2A[0xa3][0xbf]) a[0xd0]y[0x1][\n]"
18:56:18.762 [main] DEBUG org.apache.http.wire -  << "[0xa9][0x89] [0xb9]Rr3[0x98][0xe5][0xe0][0xd9]xhh8[0x98]:'F[0x83]i[0xac][0xca]h0[0x8d]U[0x19][\r][0xa6]5ZF[0x83]ix[0xc8]h[0x10]m[0xfd]64[0x1a]D[[0xbf][\r][0x8d][0x6][0xd1][0xd6]oC[0xa3]A[0xb4][0xf5][0xdb][0xd0][0x8]u[0xf9][0xe4][0xc0][0xf6][0xae][0x8d][0x8c][0x7][0xd1][0xd4][0x85][0xd1]`[0xea][0xb6][0x19][\r][0xa6]n[0x9b][0xd1]`Z[0xe0]e4[0x98][0xfa][0x90]F[0x83][0xa9][0xdb]f4[0x88]6[0x4][0x19][0x1a][\r][0xa2]S-[\r][0x8d]P{/[0x3]\[0xe8][0xa1][0xee]N[0x1a]h[0xc7][0xc][0xa2][0xf1]M#[0xd4][\r]N[0x3][0x1d]2(k[0xce][0x7][0xd8]1[0x83]i[0xe9][0x9b][0xd1]`Zmf4[0x98][0xc6][0x11][0x8c][0x6][0xd1]I[0xa8][0x86]F[0x83][0xe8]$TC[0xa3][0xc1][0xb4][0xe][0xcf]h0[\r][0xf7][0x18][0xa1][0xae][0xc3][0x1b][0xe8]r[0x6][0xa5][0xd0][0xa3]l[0xab][0xa1][0x11][0xea][0xca]:[0x8a][0xae] 14B]rE[0xd9]=x[0x86][0xc6][0x83]i[0xb4][0xc5]x[0x10]][0x96]eh[0x8c]:[0xc0]A[0xd9][0xf6]:c[0xd4]%#[0x1e][0xf9]Ey[0xa9])[\n]"
18:56:18.762 [main] DEBUG org.apache.http.wire -  << "[0xc1][0xa9]E[0x5][0xa9]y%d[\r][0x1b][0x1b][0xa3][0xee][0x91][0xb]'{k[0xb7][0xa1]1[0xea][0xa5]J[0x14][0x99][0x84][0xd2][0x86][0xa2][0x86]/Q;[0xe9][0x94][0xe5][0x1c]c[0xd4]#[0xcd][0xa8][0xe1][0xbc][0xc1]4[0xdb]j<[0x98][0xc6][0x10][0x8c][0x7][0xd1]Q`[0x86][0xc6][0x83][0xe8][0x6][0x1e]Cc[0xd4]s[0xc9]([0xc9]n[0x83][0xe8]P1Ccc[0x94][\n]"
18:56:18.762 [main] DEBUG org.apache.http.wire -  << "s`koc[0xd4][0x8b][0x85]([0xad]#Q[0xb7][0x82]R[0xa3][0xdc]@[0x1d]a[0xa3][0xac]ua[0x8c]:BF[0x9e]gck[0xb9][0x0][0x0][0x0][0x0][0xff][0xff]"
18:56:18.762 [main] DEBUG org.apache.http.wire -  << "[\r][\n]"
18:56:18.762 [main] DEBUG org.apache.http.wire -  << "A[\r][\n]"
18:56:18.762 [main] DEBUG org.apache.http.wire -  << "[0x3][0x0]x[0xc]gV5[0x97][0x0][0x0]"
18:56:18.762 [main] DEBUG org.apache.http.wire -  << "[\r][\n]"
18:56:18.762 [main] DEBUG org.apache.http.wire -  << "0[\r][\n]"
18:56:18.763 [main] DEBUG org.apache.http.wire -  << "[\r][\n]"
18:56:18.763 [main] DEBUG io.restassured.internal.RestAssuredHttpBuilder - Parsed data to instance of: class org.apache.http.conn.EofSensorInputStream
18:56:18.767 [main] DEBUG org.apache.http.impl.conn.BasicClientConnectionManager - Releasing connection org.apache.http.impl.conn.ManagedClientConnectionImpl@624494d4
18:56:18.767 [main] DEBUG org.apache.http.impl.conn.BasicClientConnectionManager - Connection can be kept alive indefinitely
18:56:18.805 [main] DEBUG net.thucydides.core.steps.StepInterceptor - STEP DONE: I send GET HTTP request by comment
  &amp#27;[32mWhen &amp#27;[0m&amp#27;[32mI send GET HTTP request by comment&amp#27;[0m                                   &amp#27;[90m# starter.stepdefinitions.ProductSteps.iSendGETHTTPRequestByComment()&amp#27;[0m
18:56:18.813 [main] DEBUG net.thucydides.core.steps.StepInterceptor - STARTING STEP: ProductSteps.iReceiveValidHTTPResponseCodeForGetCommentDataProducts - I receive valid HTTP response code 200 for Get comment data products
18:56:18.815 [main] DEBUG net.thucydides.core.steps.StepInterceptor - STEP DONE: I receive valid HTTP response code 200 for Get comment data products
  &amp#27;[32mThen &amp#27;[0m&amp#27;[32mI receive valid HTTP response code &amp#27;[0m&amp#27;[32m&amp#27;[1m200&amp#27;[0m&amp#27;[32m for Get comment data products&amp#27;[0m &amp#27;[90m# starter.stepdefinitions.ProductSteps.iReceiveValidHTTPResponseCodeForGetCommentDataProducts(int)&amp#27;[0m
18:56:18.821 [main] DEBUG net.thucydides.core.steps.StepInterceptor - STARTING STEP: ProductSteps.iReceiveValidDataForCommentProducts - I receive valid data for comment products
18:56:18.822 [main] DEBUG net.thucydides.core.steps.StepInterceptor - STEP DONE: I receive valid data for comment products
  &amp#27;[32mAnd &amp#27;[0m&amp#27;[32mI receive valid data for comment products&amp#27;[0m                             &amp#27;[90m# starter.stepdefinitions.ProductSteps.iReceiveValidDataForCommentProducts()&amp#27;[0m
18:56:18.826 [main] INFO  - 
  _____   ___   ___   _____     ___     _     ___   ___   ___   ___  
 |_   _| | __| / __| |_   _|   | _ \   /_\   / __| / __| | __| |   \ 
   | |   | _|  \__ \   | |     |  _/  / _ \  \__ \ \__ \ | _|  | |) |
   |_|   |___| |___/   |_|     |_|   /_/ \_\ |___/ |___/ |___| |___/ 

GET products comment
----------------------------------------------------------------------
]]></system-out>
  </testcase>
  <testcase name="POST As admin I have be able to create new products comment" classname="Products" time="0.779">
    <system-out><![CDATA[
Scenario: POST As admin I have be able to create new products comment  &amp#27;[90m# src/test/resources/api/Produk.feature:43&amp#27;[0m
18:56:18.914 [main] INFO io.cucumber.core.plugin.SerenityReporter - Running feature from file:///E:/mini%20peoject/RestAPi/src/test/resources/api/Produk.feature
18:56:18.915 [main] WARN io.cucumber.core.plugin.SerenityReporter - Feature from file:///E:/mini%20peoject/RestAPi/src/test/resources/api/Produk.feature is not under the 'features' directory. Requirements report will not be correctly generated!
18:56:19.048 [main] INFO  - 
  _____   ___   ___   _____     ___   _____     _     ___   _____   ___   ___  
 |_   _| | __| / __| |_   _|   / __| |_   _|   /_\   | _ \ |_   _| | __| |   \ 
   | |   | _|  \__ \   | |     \__ \   | |    / _ \  |   /   | |   | _|  | |) |
   |_|   |___| |___/   |_|     |___/   |_|   /_/ \_\ |_|_\   |_|   |___| |___/ 

POST As admin I have be able to create new products comment(products;post-as-admin-i-have-be-able-to-create-new-products-comment)
--------------------------------------------------------------------------------
18:56:19.213 [main] DEBUG net.thucydides.core.steps.StepInterceptor - STARTING STEP: ProductSteps.iSetPOSTEndpointsByComment - I set POST endpoints by comment
18:56:19.214 [main] DEBUG net.thucydides.core.steps.StepInterceptor - STEP DONE: I set POST endpoints by comment
  &amp#27;[32mGiven &amp#27;[0m&amp#27;[32mI set POST endpoints by comment&amp#27;[0m                                &amp#27;[90m# starter.stepdefinitions.ProductSteps.iSetPOSTEndpointsByComment()&amp#27;[0m
18:56:19.223 [main] DEBUG net.thucydides.core.steps.StepInterceptor - STARTING STEP: ProductSteps.iSendPOSTHTTPRequestByComment - I send POST HTTP request by comment
18:56:19.239 [main] DEBUG net.thucydides.core.steps.StepInterceptor - STARTING STEP: PostComment.POSTHTTPRequestByComment - I set POST endpoints by comment
18:56:19.241 [main] DEBUG net.thucydides.core.steps.StepInterceptor - STEP DONE: I set POST endpoints by comment
18:56:19.348 [main] DEBUG org.apache.http.impl.conn.BasicClientConnectionManager - Get connection for route {s}->https://altashop-api.fly.dev:443
18:56:19.349 [main] DEBUG org.apache.http.impl.conn.DefaultClientConnectionOperator - Connecting to altashop-api.fly.dev:443
18:56:19.525 [main] DEBUG org.apache.http.client.protocol.RequestAddCookies - CookieSpec selected: ignoreCookies
18:56:19.525 [main] DEBUG org.apache.http.client.protocol.RequestAuthCache - Auth cache not set in the context
18:56:19.525 [main] DEBUG org.apache.http.client.protocol.RequestProxyAuthentication - Proxy auth state: UNCHALLENGED
18:56:19.526 [main] DEBUG org.apache.http.impl.client.DefaultHttpClient - Attempt 1 to execute request
18:56:19.526 [main] DEBUG org.apache.http.impl.conn.DefaultClientConnection - Sending request: POST /api/products/13646/comments HTTP/1.1
18:56:19.526 [main] DEBUG org.apache.http.wire -  >> "POST /api/products/13646/comments HTTP/1.1[\r][\n]"
18:56:19.526 [main] DEBUG org.apache.http.wire -  >> "Authorization: Bearer eyJhbGciOiJIUzI1NiIsInR5cCI6IkpXVCJ9.eyJGdWxsbmFtZSI6IkdpdGEgTGVvbmkgZHdpIGZyaXAiLCJFbWFpbCI6ImdpdGFsZWUyMUBnbWFpbC5jb20ifQ.TGsRtCS1_W5fQoxLxVSMhDknX_uoRVw_0tYCGs1StVE[\r][\n]"
18:56:19.526 [main] DEBUG org.apache.http.wire -  >> "Accept: */*[\r][\n]"
18:56:19.526 [main] DEBUG org.apache.http.wire -  >> "Content-Type: application/json[\r][\n]"
18:56:19.526 [main] DEBUG org.apache.http.wire -  >> "Content-Length: 21[\r][\n]"
18:56:19.526 [main] DEBUG org.apache.http.wire -  >> "Host: altashop-api.fly.dev[\r][\n]"
18:56:19.526 [main] DEBUG org.apache.http.wire -  >> "Connection: Keep-Alive[\r][\n]"
18:56:19.526 [main] DEBUG org.apache.http.wire -  >> "User-Agent: Apache-HttpClient/4.5.13 (Java/19.0.2)[\r][\n]"
18:56:19.526 [main] DEBUG org.apache.http.wire -  >> "Accept-Encoding: gzip,deflate[\r][\n]"
18:56:19.526 [main] DEBUG org.apache.http.wire -  >> "[\r][\n]"
18:56:19.526 [main] DEBUG org.apache.http.headers - >> POST /api/products/13646/comments HTTP/1.1
18:56:19.526 [main] DEBUG org.apache.http.headers - >> Authorization: Bearer eyJhbGciOiJIUzI1NiIsInR5cCI6IkpXVCJ9.eyJGdWxsbmFtZSI6IkdpdGEgTGVvbmkgZHdpIGZyaXAiLCJFbWFpbCI6ImdpdGFsZWUyMUBnbWFpbC5jb20ifQ.TGsRtCS1_W5fQoxLxVSMhDknX_uoRVw_0tYCGs1StVE
18:56:19.526 [main] DEBUG org.apache.http.headers - >> Accept: */*
18:56:19.526 [main] DEBUG org.apache.http.headers - >> Content-Type: application/json
18:56:19.526 [main] DEBUG org.apache.http.headers - >> Content-Length: 21
18:56:19.526 [main] DEBUG org.apache.http.headers - >> Host: altashop-api.fly.dev
18:56:19.526 [main] DEBUG org.apache.http.headers - >> Connection: Keep-Alive
18:56:19.526 [main] DEBUG org.apache.http.headers - >> User-Agent: Apache-HttpClient/4.5.13 (Java/19.0.2)
18:56:19.526 [main] DEBUG org.apache.http.headers - >> Accept-Encoding: gzip,deflate
18:56:19.526 [main] DEBUG org.apache.http.wire -  >> "{"content":"terbaik"}"
18:56:19.598 [main] DEBUG org.apache.http.wire -  << "HTTP/1.1 200 OK[\r][\n]"
18:56:19.598 [main] DEBUG org.apache.http.wire -  << "content-type: application/json[\r][\n]"
18:56:19.598 [main] DEBUG org.apache.http.wire -  << "date: Tue, 09 May 2023 11:56:19 GMT[\r][\n]"
18:56:19.599 [main] DEBUG org.apache.http.wire -  << "content-encoding: gzip[\r][\n]"
18:56:19.599 [main] DEBUG org.apache.http.wire -  << "transfer-encoding: chunked[\r][\n]"
18:56:19.599 [main] DEBUG org.apache.http.wire -  << "server: Fly/3f2597ca (2023-05-03)[\r][\n]"
18:56:19.599 [main] DEBUG org.apache.http.wire -  << "via: 1.1 fly.io[\r][\n]"
18:56:19.599 [main] DEBUG org.apache.http.wire -  << "fly-request-id: 01H005X666868B7FVG050PV73A-sin[\r][\n]"
18:56:19.599 [main] DEBUG org.apache.http.wire -  << "[\r][\n]"
18:56:19.599 [main] DEBUG org.apache.http.impl.conn.DefaultClientConnection - Receiving response: HTTP/1.1 200 OK
18:56:19.599 [main] DEBUG org.apache.http.headers - << HTTP/1.1 200 OK
18:56:19.599 [main] DEBUG org.apache.http.headers - << content-type: application/json
18:56:19.599 [main] DEBUG org.apache.http.headers - << date: Tue, 09 May 2023 11:56:19 GMT
18:56:19.599 [main] DEBUG org.apache.http.headers - << content-encoding: gzip
18:56:19.599 [main] DEBUG org.apache.http.headers - << transfer-encoding: chunked
18:56:19.599 [main] DEBUG org.apache.http.headers - << server: Fly/3f2597ca (2023-05-03)
18:56:19.599 [main] DEBUG org.apache.http.headers - << via: 1.1 fly.io
18:56:19.599 [main] DEBUG org.apache.http.headers - << fly-request-id: 01H005X666868B7FVG050PV73A-sin
18:56:19.599 [main] DEBUG org.apache.http.impl.client.DefaultHttpClient - Connection can be kept alive indefinitely
18:56:19.599 [main] DEBUG io.restassured.internal.RestAssuredHttpBuilder - Parsing response as: application/json
18:56:19.599 [main] DEBUG org.apache.http.wire -  << "5C[\r][\n]"
18:56:19.599 [main] DEBUG org.apache.http.wire -  << "[0x1f][0x8b][0x8][0x0][0x0][0x0][0x0][0x0][0x4][0xff][0xab]VJI,IT[0xb2][0xaa]V[0xf2]tQ[0xb2]24465[0xd2]Qr[0xce][0xcf]+I[0xcd]+Q[0xb2]R*I-JJ[0xcc][0xcc]V[0xd2]Q[\n]"
18:56:19.599 [main] DEBUG org.apache.http.wire -  << "-N-R[0xb2][0xca]+[0xcd][0xc9][0xd1]Q[\n]"
18:56:19.600 [main] DEBUG org.apache.http.wire -  << "([0xca]O)M.[0x81]q[0x9d][0xf3]ss[0xc1][0xca]A[0xb2][0xb5][0xb5]\[0x0][0x1][0xd7][0xc8][0x4]T[0x0][0x0][0x0]"
18:56:19.600 [main] DEBUG org.apache.http.wire -  << "[\r][\n]"
18:56:19.600 [main] DEBUG org.apache.http.wire -  << "0[\r][\n]"
18:56:19.600 [main] DEBUG org.apache.http.wire -  << "[\r][\n]"
18:56:19.600 [main] DEBUG io.restassured.internal.RestAssuredHttpBuilder - Parsed data to instance of: class org.apache.http.conn.EofSensorInputStream
18:56:19.604 [main] DEBUG org.apache.http.impl.conn.BasicClientConnectionManager - Releasing connection org.apache.http.impl.conn.ManagedClientConnectionImpl@3ae87e38
18:56:19.604 [main] DEBUG org.apache.http.impl.conn.BasicClientConnectionManager - Connection can be kept alive indefinitely
18:56:19.605 [main] DEBUG net.thucydides.core.steps.StepInterceptor - STEP DONE: I send POST HTTP request by comment
  &amp#27;[32mWhen &amp#27;[0m&amp#27;[32mI send POST HTTP request by comment&amp#27;[0m                             &amp#27;[90m# starter.stepdefinitions.ProductSteps.iSendPOSTHTTPRequestByComment()&amp#27;[0m
18:56:19.612 [main] DEBUG net.thucydides.core.steps.StepInterceptor - STARTING STEP: ProductSteps.iReceiveValidHTTPResponseCodeInProductsCommentPOST - I receive valid HTTP response code 200 in products comment POST
18:56:19.614 [main] DEBUG net.thucydides.core.steps.StepInterceptor - STEP DONE: I receive valid HTTP response code 200 in products comment POST
  &amp#27;[32mThen &amp#27;[0m&amp#27;[32mI receive valid HTTP response code &amp#27;[0m&amp#27;[32m&amp#27;[1m200&amp#27;[0m&amp#27;[32m in products comment POST&amp#27;[0m &amp#27;[90m# starter.stepdefinitions.ProductSteps.iReceiveValidHTTPResponseCodeInProductsCommentPOST(int)&amp#27;[0m
18:56:19.624 [main] DEBUG net.thucydides.core.steps.StepInterceptor - STARTING STEP: ProductSteps.iReceiveValidDataForNewComment - I receive valid data for new comment
18:56:19.625 [main] DEBUG net.thucydides.core.steps.StepInterceptor - STEP DONE: I receive valid data for new comment
  &amp#27;[32mAnd &amp#27;[0m&amp#27;[32mI receive valid data for new comment&amp#27;[0m                             &amp#27;[90m# starter.stepdefinitions.ProductSteps.iReceiveValidDataForNewComment()&amp#27;[0m
18:56:19.629 [main] INFO  - 
  _____   ___   ___   _____     ___     _     ___   ___   ___   ___  
 |_   _| | __| / __| |_   _|   | _ \   /_\   / __| / __| | __| |   \ 
   | |   | _|  \__ \   | |     |  _/  / _ \  \__ \ \__ \ | _|  | |) |
   |_|   |___| |___/   |_|     |_|   /_/ \_\ |___/ |___/ |___| |___/ 

POST As admin I have be able to create new products comment
----------------------------------------------------------------------
]]></system-out>
  </testcase>
  <testcase name="GET All Order" classname="order" time="0.302">
    <system-out><![CDATA[18:56:19.631 [main] INFO io.cucumber.core.plugin.SerenityReporter - Running feature from file:///E:/mini%20peoject/RestAPi/src/test/resources/api/order.feature
18:56:19.632 [main] WARN io.cucumber.core.plugin.SerenityReporter - Feature from file:///E:/mini%20peoject/RestAPi/src/test/resources/api/order.feature is not under the 'features' directory. Requirements report will not be correctly generated!
18:56:19.640 [main] DEBUG net.thucydides.core.steps.StepEventBus - Test suite started for story net.thucydides.core.model.Story@f12b04ac
18:56:19.641 [main] INFO  - Test Suite Started: Order

Scenario: GET All Order                                              &amp#27;[90m# src/test/resources/api/order.feature:2&amp#27;[0m
18:56:19.658 [main] INFO io.cucumber.core.plugin.SerenityReporter - Running feature from file:///E:/mini%20peoject/RestAPi/src/test/resources/api/order.feature
18:56:19.658 [main] WARN io.cucumber.core.plugin.SerenityReporter - Feature from file:///E:/mini%20peoject/RestAPi/src/test/resources/api/order.feature is not under the 'features' directory. Requirements report will not be correctly generated!
18:56:19.662 [main] INFO  - 
  _____   ___   ___   _____     ___   _____     _     ___   _____   ___   ___  
 |_   _| | __| / __| |_   _|   / __| |_   _|   /_\   | _ \ |_   _| | __| |   \ 
   | |   | _|  \__ \   | |     \__ \   | |    / _ \  |   /   | |   | _|  | |) |
   |_|   |___| |___/   |_|     |___/   |_|   /_/ \_\ |_|_\   |_|   |___| |___/ 

GET All Order(order;get-all-order)
--------------------------------------------------------------------------------
18:56:19.740 [main] DEBUG net.thucydides.core.steps.StepInterceptor - STARTING STEP: OrderSteps.iSetTheGETApiEndpointForOrder - I set the GET api endpoint for order
18:56:19.741 [main] DEBUG net.thucydides.core.steps.StepInterceptor - STEP DONE: I set the GET api endpoint for order
  &amp#27;[32mGiven &amp#27;[0m&amp#27;[32mI set the GET api endpoint for order&amp#27;[0m                         &amp#27;[90m# starter.stepdefinitions.OrderSteps.iSetTheGETApiEndpointForOrder()&amp#27;[0m
18:56:19.752 [main] DEBUG net.thucydides.core.steps.StepInterceptor - STARTING STEP: OrderSteps.iSendHTTPApiGETRequestForOrder - I send HTTP api GET request for order
18:56:19.757 [main] DEBUG net.thucydides.core.steps.StepInterceptor - STARTING STEP: GetAllOrder.HTTPApiGETRequestForOrder - I set the GET api endpoint for order
18:56:19.757 [main] DEBUG net.thucydides.core.steps.StepInterceptor - STEP DONE: I set the GET api endpoint for order
18:56:19.782 [main] DEBUG org.apache.http.impl.conn.BasicClientConnectionManager - Get connection for route {s}->https://altashop-api.fly.dev:443
18:56:19.782 [main] DEBUG org.apache.http.impl.conn.DefaultClientConnectionOperator - Connecting to altashop-api.fly.dev:443
18:56:19.875 [main] DEBUG org.apache.http.client.protocol.RequestAddCookies - CookieSpec selected: ignoreCookies
18:56:19.875 [main] DEBUG org.apache.http.client.protocol.RequestAuthCache - Auth cache not set in the context
18:56:19.875 [main] DEBUG org.apache.http.client.protocol.RequestProxyAuthentication - Proxy auth state: UNCHALLENGED
18:56:19.876 [main] DEBUG org.apache.http.impl.client.DefaultHttpClient - Attempt 1 to execute request
18:56:19.876 [main] DEBUG org.apache.http.impl.conn.DefaultClientConnection - Sending request: GET /api/orders HTTP/1.1
18:56:19.876 [main] DEBUG org.apache.http.wire -  >> "GET /api/orders HTTP/1.1[\r][\n]"
18:56:19.876 [main] DEBUG org.apache.http.wire -  >> "Authorization: Bearer eyJhbGciOiJIUzI1NiIsInR5cCI6IkpXVCJ9.eyJGdWxsbmFtZSI6IkdpdGEgTGVvbmkgZHdpIGZyaXAiLCJFbWFpbCI6ImdpdGFsZWUyMUBnbWFpbC5jb20ifQ.TGsRtCS1_W5fQoxLxVSMhDknX_uoRVw_0tYCGs1StVE[\r][\n]"
18:56:19.876 [main] DEBUG org.apache.http.wire -  >> "Accept: */*[\r][\n]"
18:56:19.876 [main] DEBUG org.apache.http.wire -  >> "Host: altashop-api.fly.dev[\r][\n]"
18:56:19.876 [main] DEBUG org.apache.http.wire -  >> "Connection: Keep-Alive[\r][\n]"
18:56:19.876 [main] DEBUG org.apache.http.wire -  >> "User-Agent: Apache-HttpClient/4.5.13 (Java/19.0.2)[\r][\n]"
18:56:19.876 [main] DEBUG org.apache.http.wire -  >> "Accept-Encoding: gzip,deflate[\r][\n]"
18:56:19.876 [main] DEBUG org.apache.http.wire -  >> "[\r][\n]"
18:56:19.876 [main] DEBUG org.apache.http.headers - >> GET /api/orders HTTP/1.1
18:56:19.877 [main] DEBUG org.apache.http.headers - >> Authorization: Bearer eyJhbGciOiJIUzI1NiIsInR5cCI6IkpXVCJ9.eyJGdWxsbmFtZSI6IkdpdGEgTGVvbmkgZHdpIGZyaXAiLCJFbWFpbCI6ImdpdGFsZWUyMUBnbWFpbC5jb20ifQ.TGsRtCS1_W5fQoxLxVSMhDknX_uoRVw_0tYCGs1StVE
18:56:19.877 [main] DEBUG org.apache.http.headers - >> Accept: */*
18:56:19.877 [main] DEBUG org.apache.http.headers - >> Host: altashop-api.fly.dev
18:56:19.877 [main] DEBUG org.apache.http.headers - >> Connection: Keep-Alive
18:56:19.877 [main] DEBUG org.apache.http.headers - >> User-Agent: Apache-HttpClient/4.5.13 (Java/19.0.2)
18:56:19.877 [main] DEBUG org.apache.http.headers - >> Accept-Encoding: gzip,deflate
18:56:19.925 [main] DEBUG org.apache.http.wire -  << "HTTP/1.1 200 OK[\r][\n]"
18:56:19.925 [main] DEBUG org.apache.http.wire -  << "content-type: application/json[\r][\n]"
18:56:19.925 [main] DEBUG org.apache.http.wire -  << "date: Tue, 09 May 2023 11:56:19 GMT[\r][\n]"
18:56:19.925 [main] DEBUG org.apache.http.wire -  << "content-encoding: gzip[\r][\n]"
18:56:19.925 [main] DEBUG org.apache.http.wire -  << "transfer-encoding: chunked[\r][\n]"
18:56:19.925 [main] DEBUG org.apache.http.wire -  << "server: Fly/3f2597ca (2023-05-03)[\r][\n]"
18:56:19.925 [main] DEBUG org.apache.http.wire -  << "via: 1.1 fly.io[\r][\n]"
18:56:19.925 [main] DEBUG org.apache.http.wire -  << "fly-request-id: 01H005X6GQP9R2W13GEWKQT9HC-sin[\r][\n]"
18:56:19.925 [main] DEBUG org.apache.http.wire -  << "[\r][\n]"
18:56:19.925 [main] DEBUG org.apache.http.impl.conn.DefaultClientConnection - Receiving response: HTTP/1.1 200 OK
18:56:19.925 [main] DEBUG org.apache.http.headers - << HTTP/1.1 200 OK
18:56:19.925 [main] DEBUG org.apache.http.headers - << content-type: application/json
18:56:19.925 [main] DEBUG org.apache.http.headers - << date: Tue, 09 May 2023 11:56:19 GMT
18:56:19.925 [main] DEBUG org.apache.http.headers - << content-encoding: gzip
18:56:19.925 [main] DEBUG org.apache.http.headers - << transfer-encoding: chunked
18:56:19.925 [main] DEBUG org.apache.http.headers - << server: Fly/3f2597ca (2023-05-03)
18:56:19.925 [main] DEBUG org.apache.http.headers - << via: 1.1 fly.io
18:56:19.925 [main] DEBUG org.apache.http.headers - << fly-request-id: 01H005X6GQP9R2W13GEWKQT9HC-sin
18:56:19.925 [main] DEBUG org.apache.http.impl.client.DefaultHttpClient - Connection can be kept alive indefinitely
18:56:19.925 [main] DEBUG io.restassured.internal.RestAssuredHttpBuilder - Parsing response as: application/json
18:56:19.925 [main] DEBUG org.apache.http.wire -  << "20[\r][\n]"
18:56:19.926 [main] DEBUG org.apache.http.wire -  << "[0x1f][0x8b][0x8][0x0][0x0][0x0][0x0][0x0][0x4][0xff][0xab]VJI,IT[0xb2][0x8a][0x8e][0xad][0xe5][0x2][0x0][0xaa][0xe3][0xeb][0xc5][0xc][0x0][0x0][0x0]"
18:56:19.926 [main] DEBUG org.apache.http.wire -  << "[\r][\n]"
18:56:19.926 [main] DEBUG org.apache.http.wire -  << "0[\r][\n]"
18:56:19.926 [main] DEBUG org.apache.http.wire -  << "[\r][\n]"
18:56:19.926 [main] DEBUG io.restassured.internal.RestAssuredHttpBuilder - Parsed data to instance of: class org.apache.http.conn.EofSensorInputStream
18:56:19.928 [main] DEBUG org.apache.http.impl.conn.BasicClientConnectionManager - Releasing connection org.apache.http.impl.conn.ManagedClientConnectionImpl@31450fc0
18:56:19.928 [main] DEBUG org.apache.http.impl.conn.BasicClientConnectionManager - Connection can be kept alive indefinitely
18:56:19.928 [main] DEBUG net.thucydides.core.steps.StepInterceptor - STEP DONE: I send HTTP api GET request for order
  &amp#27;[32mWhen &amp#27;[0m&amp#27;[32mI send HTTP api GET request for order&amp#27;[0m                         &amp#27;[90m# starter.stepdefinitions.OrderSteps.iSendHTTPApiGETRequestForOrder()&amp#27;[0m
18:56:19.933 [main] DEBUG net.thucydides.core.steps.StepInterceptor - STARTING STEP: OrderSteps.iReceiveValidHTTPResponseCodeForGetAllDataOrder - I receive valid HTTP response code 200 for get all data order
18:56:19.934 [main] DEBUG net.thucydides.core.steps.StepInterceptor - STEP DONE: I receive valid HTTP response code 200 for get all data order
  &amp#27;[32mThen &amp#27;[0m&amp#27;[32mI receive valid HTTP response code &amp#27;[0m&amp#27;[32m&amp#27;[1m200&amp#27;[0m&amp#27;[32m for get all data order&amp#27;[0m &amp#27;[90m# starter.stepdefinitions.OrderSteps.iReceiveValidHTTPResponseCodeForGetAllDataOrder(int)&amp#27;[0m
18:56:19.939 [main] DEBUG net.thucydides.core.steps.StepInterceptor - STARTING STEP: OrderSteps.iReceivedValidDataForAllOrder - I received valid data for all order
18:56:19.941 [main] DEBUG net.thucydides.core.steps.StepInterceptor - STEP DONE: I received valid data for all order
  &amp#27;[32mAnd &amp#27;[0m&amp#27;[32mI received valid data for all order&amp#27;[0m                            &amp#27;[90m# starter.stepdefinitions.OrderSteps.iReceivedValidDataForAllOrder()&amp#27;[0m
18:56:19.944 [main] INFO  - 
  _____   ___   ___   _____     ___     _     ___   ___   ___   ___  
 |_   _| | __| / __| |_   _|   | _ \   /_\   / __| / __| | __| |   \ 
   | |   | _|  \__ \   | |     |  _/  / _ \  \__ \ \__ \ | _|  | |) |
   |_|   |___| |___/   |_|     |_|   /_/ \_\ |___/ |___/ |___| |___/ 

GET All Order
----------------------------------------------------------------------
]]></system-out>
  </testcase>
  <testcase name="POST As admin I have be able to create new order" classname="order" time="0.277">
    <system-out><![CDATA[
Scenario: POST As admin I have be able to create new order        &amp#27;[90m# src/test/resources/api/order.feature:8&amp#27;[0m
18:56:19.961 [main] INFO io.cucumber.core.plugin.SerenityReporter - Running feature from file:///E:/mini%20peoject/RestAPi/src/test/resources/api/order.feature
18:56:19.961 [main] WARN io.cucumber.core.plugin.SerenityReporter - Feature from file:///E:/mini%20peoject/RestAPi/src/test/resources/api/order.feature is not under the 'features' directory. Requirements report will not be correctly generated!
18:56:19.969 [main] INFO  - 
  _____   ___   ___   _____     ___   _____     _     ___   _____   ___   ___  
 |_   _| | __| / __| |_   _|   / __| |_   _|   /_\   | _ \ |_   _| | __| |   \ 
   | |   | _|  \__ \   | |     \__ \   | |    / _ \  |   /   | |   | _|  | |) |
   |_|   |___| |___/   |_|     |___/   |_|   /_/ \_\ |_|_\   |_|   |___| |___/ 

POST As admin I have be able to create new order(order;post-as-admin-i-have-be-able-to-create-new-order)
--------------------------------------------------------------------------------
18:56:20.011 [main] DEBUG net.thucydides.core.steps.StepInterceptor - STARTING STEP: OrderSteps.iSetThePOSTApiEndpointsInOrder - I set the POST api endpoints in order
18:56:20.012 [main] DEBUG net.thucydides.core.steps.StepInterceptor - STEP DONE: I set the POST api endpoints in order
  &amp#27;[32mGiven &amp#27;[0m&amp#27;[32mI set the POST api endpoints in order&amp#27;[0m                     &amp#27;[90m# starter.stepdefinitions.OrderSteps.iSetThePOSTApiEndpointsInOrder()&amp#27;[0m
18:56:20.025 [main] DEBUG net.thucydides.core.steps.StepInterceptor - STARTING STEP: OrderSteps.iSendHTTPApiPOSTRequestForOrder - I send HTTP api POST request for order
18:56:20.031 [main] DEBUG net.thucydides.core.steps.StepInterceptor - STARTING STEP: PostOrder.piPOSTRequestForOrder - I set the POST api endpoints in order
18:56:20.031 [main] DEBUG net.thucydides.core.steps.StepInterceptor - STEP DONE: I set the POST api endpoints in order
18:56:20.067 [main] DEBUG org.apache.http.impl.conn.BasicClientConnectionManager - Get connection for route {s}->https://altashop-api.fly.dev:443
18:56:20.068 [main] DEBUG org.apache.http.impl.conn.DefaultClientConnectionOperator - Connecting to altashop-api.fly.dev:443
18:56:20.159 [main] DEBUG org.apache.http.client.protocol.RequestAddCookies - CookieSpec selected: ignoreCookies
18:56:20.159 [main] DEBUG org.apache.http.client.protocol.RequestAuthCache - Auth cache not set in the context
18:56:20.159 [main] DEBUG org.apache.http.client.protocol.RequestProxyAuthentication - Proxy auth state: UNCHALLENGED
18:56:20.159 [main] DEBUG org.apache.http.impl.client.DefaultHttpClient - Attempt 1 to execute request
18:56:20.159 [main] DEBUG org.apache.http.impl.conn.DefaultClientConnection - Sending request: GET /api/orders HTTP/1.1
18:56:20.159 [main] DEBUG org.apache.http.wire -  >> "GET /api/orders HTTP/1.1[\r][\n]"
18:56:20.159 [main] DEBUG org.apache.http.wire -  >> "Authorization: Bearer eyJhbGciOiJIUzI1NiIsInR5cCI6IkpXVCJ9.eyJGdWxsbmFtZSI6IkdpdGEgTGVvbmkgZHdpIGZyaXAiLCJFbWFpbCI6ImdpdGFsZWUyMUBnbWFpbC5jb20ifQ.TGsRtCS1_W5fQoxLxVSMhDknX_uoRVw_0tYCGs1StVE[\r][\n]"
18:56:20.159 [main] DEBUG org.apache.http.wire -  >> "Accept: */*[\r][\n]"
18:56:20.159 [main] DEBUG org.apache.http.wire -  >> "Host: altashop-api.fly.dev[\r][\n]"
18:56:20.159 [main] DEBUG org.apache.http.wire -  >> "Connection: Keep-Alive[\r][\n]"
18:56:20.160 [main] DEBUG org.apache.http.wire -  >> "User-Agent: Apache-HttpClient/4.5.13 (Java/19.0.2)[\r][\n]"
18:56:20.160 [main] DEBUG org.apache.http.wire -  >> "Accept-Encoding: gzip,deflate[\r][\n]"
18:56:20.160 [main] DEBUG org.apache.http.wire -  >> "[\r][\n]"
18:56:20.160 [main] DEBUG org.apache.http.headers - >> GET /api/orders HTTP/1.1
18:56:20.160 [main] DEBUG org.apache.http.headers - >> Authorization: Bearer eyJhbGciOiJIUzI1NiIsInR5cCI6IkpXVCJ9.eyJGdWxsbmFtZSI6IkdpdGEgTGVvbmkgZHdpIGZyaXAiLCJFbWFpbCI6ImdpdGFsZWUyMUBnbWFpbC5jb20ifQ.TGsRtCS1_W5fQoxLxVSMhDknX_uoRVw_0tYCGs1StVE
18:56:20.160 [main] DEBUG org.apache.http.headers - >> Accept: */*
18:56:20.160 [main] DEBUG org.apache.http.headers - >> Host: altashop-api.fly.dev
18:56:20.160 [main] DEBUG org.apache.http.headers - >> Connection: Keep-Alive
18:56:20.160 [main] DEBUG org.apache.http.headers - >> User-Agent: Apache-HttpClient/4.5.13 (Java/19.0.2)
18:56:20.160 [main] DEBUG org.apache.http.headers - >> Accept-Encoding: gzip,deflate
18:56:20.197 [main] DEBUG org.apache.http.wire -  << "HTTP/1.1 200 OK[\r][\n]"
18:56:20.197 [main] DEBUG org.apache.http.wire -  << "content-type: application/json[\r][\n]"
18:56:20.197 [main] DEBUG org.apache.http.wire -  << "date: Tue, 09 May 2023 11:56:20 GMT[\r][\n]"
18:56:20.197 [main] DEBUG org.apache.http.wire -  << "content-encoding: gzip[\r][\n]"
18:56:20.197 [main] DEBUG org.apache.http.wire -  << "transfer-encoding: chunked[\r][\n]"
18:56:20.197 [main] DEBUG org.apache.http.wire -  << "server: Fly/3f2597ca (2023-05-03)[\r][\n]"
18:56:20.197 [main] DEBUG org.apache.http.wire -  << "via: 1.1 fly.io[\r][\n]"
18:56:20.197 [main] DEBUG org.apache.http.wire -  << "fly-request-id: 01H005X6SBS7GW05WWBG07HPG6-sin[\r][\n]"
18:56:20.197 [main] DEBUG org.apache.http.wire -  << "[\r][\n]"
18:56:20.197 [main] DEBUG org.apache.http.impl.conn.DefaultClientConnection - Receiving response: HTTP/1.1 200 OK
18:56:20.197 [main] DEBUG org.apache.http.headers - << HTTP/1.1 200 OK
18:56:20.197 [main] DEBUG org.apache.http.headers - << content-type: application/json
18:56:20.197 [main] DEBUG org.apache.http.headers - << date: Tue, 09 May 2023 11:56:20 GMT
18:56:20.197 [main] DEBUG org.apache.http.headers - << content-encoding: gzip
18:56:20.197 [main] DEBUG org.apache.http.headers - << transfer-encoding: chunked
18:56:20.197 [main] DEBUG org.apache.http.headers - << server: Fly/3f2597ca (2023-05-03)
18:56:20.197 [main] DEBUG org.apache.http.headers - << via: 1.1 fly.io
18:56:20.197 [main] DEBUG org.apache.http.headers - << fly-request-id: 01H005X6SBS7GW05WWBG07HPG6-sin
18:56:20.198 [main] DEBUG org.apache.http.impl.client.DefaultHttpClient - Connection can be kept alive indefinitely
18:56:20.198 [main] DEBUG io.restassured.internal.RestAssuredHttpBuilder - Parsing response as: application/json
18:56:20.198 [main] DEBUG org.apache.http.wire -  << "20[\r][\n]"
18:56:20.198 [main] DEBUG org.apache.http.wire -  << "[0x1f][0x8b][0x8][0x0][0x0][0x0][0x0][0x0][0x4][0xff][0xab]VJI,IT[0xb2][0x8a][0x8e][0xad][0xe5][0x2][0x0][0xaa][0xe3][0xeb][0xc5][0xc][0x0][0x0][0x0]"
18:56:20.198 [main] DEBUG org.apache.http.wire -  << "[\r][\n]"
18:56:20.198 [main] DEBUG org.apache.http.wire -  << "0[\r][\n]"
18:56:20.198 [main] DEBUG org.apache.http.wire -  << "[\r][\n]"
18:56:20.198 [main] DEBUG io.restassured.internal.RestAssuredHttpBuilder - Parsed data to instance of: class org.apache.http.conn.EofSensorInputStream
18:56:20.200 [main] DEBUG org.apache.http.impl.conn.BasicClientConnectionManager - Releasing connection org.apache.http.impl.conn.ManagedClientConnectionImpl@23e0c200
18:56:20.200 [main] DEBUG org.apache.http.impl.conn.BasicClientConnectionManager - Connection can be kept alive indefinitely
18:56:20.202 [main] DEBUG net.thucydides.core.steps.StepInterceptor - STEP DONE: I send HTTP api POST request for order
  &amp#27;[32mWhen &amp#27;[0m&amp#27;[32mI send HTTP api POST request for order&amp#27;[0m                     &amp#27;[90m# starter.stepdefinitions.OrderSteps.iSendHTTPApiPOSTRequestForOrder()&amp#27;[0m
18:56:20.209 [main] DEBUG net.thucydides.core.steps.StepInterceptor - STARTING STEP: OrderSteps.iReceiveAValidHTTPResponseCodeOnTheOrderPOST - I receive a valid HTTP response code 200 on the order POST
18:56:20.210 [main] DEBUG net.thucydides.core.steps.StepInterceptor - STEP DONE: I receive a valid HTTP response code 200 on the order POST
  &amp#27;[32mThen &amp#27;[0m&amp#27;[32mI receive a valid HTTP response code &amp#27;[0m&amp#27;[32m&amp#27;[1m200&amp#27;[0m&amp#27;[32m on the order POST&amp#27;[0m &amp#27;[90m# starter.stepdefinitions.OrderSteps.iReceiveAValidHTTPResponseCodeOnTheOrderPOST(int)&amp#27;[0m
18:56:20.216 [main] DEBUG net.thucydides.core.steps.StepInterceptor - STARTING STEP: OrderSteps.iReceiveValidDataForCreateNewOrder - I receive valid data for create new order
18:56:20.218 [main] DEBUG net.thucydides.core.steps.StepInterceptor - STEP DONE: I receive valid data for create new order
  &amp#27;[32mAnd &amp#27;[0m&amp#27;[32mI receive valid data for create new order&amp#27;[0m                   &amp#27;[90m# starter.stepdefinitions.OrderSteps.iReceiveValidDataForCreateNewOrder()&amp#27;[0m
18:56:20.222 [main] INFO  - 
  _____   ___   ___   _____     ___     _     ___   ___   ___   ___  
 |_   _| | __| / __| |_   _|   | _ \   /_\   / __| / __| | __| |   \ 
   | |   | _|  \__ \   | |     |  _/  / _ \  \__ \ \__ \ | _|  | |) |
   |_|   |___| |___/   |_|     |_|   /_/ \_\ |___/ |___/ |___| |___/ 

POST As admin I have be able to create new order
----------------------------------------------------------------------
]]></system-out>
  </testcase>
  <testcase name="GET As an admin I have be able to get id order" classname="order" time="0.315">
    <system-out><![CDATA[
Scenario: GET As an admin I have be able to get id order            &amp#27;[90m# src/test/resources/api/order.feature:14&amp#27;[0m
18:56:20.238 [main] INFO io.cucumber.core.plugin.SerenityReporter - Running feature from file:///E:/mini%20peoject/RestAPi/src/test/resources/api/order.feature
18:56:20.239 [main] WARN io.cucumber.core.plugin.SerenityReporter - Feature from file:///E:/mini%20peoject/RestAPi/src/test/resources/api/order.feature is not under the 'features' directory. Requirements report will not be correctly generated!
18:56:20.243 [main] INFO  - 
  _____   ___   ___   _____     ___   _____     _     ___   _____   ___   ___  
 |_   _| | __| / __| |_   _|   / __| |_   _|   /_\   | _ \ |_   _| | __| |   \ 
   | |   | _|  \__ \   | |     \__ \   | |    / _ \  |   /   | |   | _|  | |) |
   |_|   |___| |___/   |_|     |___/   |_|   /_/ \_\ |_|_\   |_|   |___| |___/ 

GET As an admin I have be able to get id order(order;get-as-an-admin-i-have-be-able-to-get-id-order)
--------------------------------------------------------------------------------
18:56:20.292 [main] DEBUG net.thucydides.core.steps.StepInterceptor - STARTING STEP: OrderSteps.iSetTheGETApiEndpointForOrderById - I set the GET api endpoint for order by id
18:56:20.297 [main] DEBUG net.thucydides.core.steps.StepInterceptor - STEP DONE: I set the GET api endpoint for order by id
  &amp#27;[32mGiven &amp#27;[0m&amp#27;[32mI set the GET api endpoint for order by id&amp#27;[0m                  &amp#27;[90m# starter.stepdefinitions.OrderSteps.iSetTheGETApiEndpointForOrderById()&amp#27;[0m
18:56:20.308 [main] DEBUG net.thucydides.core.steps.StepInterceptor - STARTING STEP: OrderSteps.iSendHTTPApiGETRequestForOrderById - I send HTTP api GET request for order by id
18:56:20.313 [main] DEBUG net.thucydides.core.steps.StepInterceptor - STARTING STEP: GetIdOrder.ApiGETRequestForOrderById - I set the GET api endpoint for order by id
18:56:20.313 [main] DEBUG net.thucydides.core.steps.StepInterceptor - STEP DONE: I set the GET api endpoint for order by id
18:56:20.368 [main] DEBUG org.apache.http.impl.conn.BasicClientConnectionManager - Get connection for route {s}->https://altashop-api.fly.dev:443
18:56:20.368 [main] DEBUG org.apache.http.impl.conn.DefaultClientConnectionOperator - Connecting to altashop-api.fly.dev:443
18:56:20.485 [main] DEBUG org.apache.http.client.protocol.RequestAddCookies - CookieSpec selected: ignoreCookies
18:56:20.485 [main] DEBUG org.apache.http.client.protocol.RequestAuthCache - Auth cache not set in the context
18:56:20.485 [main] DEBUG org.apache.http.client.protocol.RequestProxyAuthentication - Proxy auth state: UNCHALLENGED
18:56:20.485 [main] DEBUG org.apache.http.impl.client.DefaultHttpClient - Attempt 1 to execute request
18:56:20.485 [main] DEBUG org.apache.http.impl.conn.DefaultClientConnection - Sending request: GET /api/orders/10776 HTTP/1.1
18:56:20.485 [main] DEBUG org.apache.http.wire -  >> "GET /api/orders/10776 HTTP/1.1[\r][\n]"
18:56:20.485 [main] DEBUG org.apache.http.wire -  >> "Authorization: Bearer eyJhbGciOiJIUzI1NiIsInR5cCI6IkpXVCJ9.eyJGdWxsbmFtZSI6IkdpdGEgTGVvbmkgZHdpIGZyaXAiLCJFbWFpbCI6ImdpdGFsZWUyMUBnbWFpbC5jb20ifQ.TGsRtCS1_W5fQoxLxVSMhDknX_uoRVw_0tYCGs1StVE[\r][\n]"
18:56:20.485 [main] DEBUG org.apache.http.wire -  >> "Accept: */*[\r][\n]"
18:56:20.485 [main] DEBUG org.apache.http.wire -  >> "Host: altashop-api.fly.dev[\r][\n]"
18:56:20.485 [main] DEBUG org.apache.http.wire -  >> "Connection: Keep-Alive[\r][\n]"
18:56:20.485 [main] DEBUG org.apache.http.wire -  >> "User-Agent: Apache-HttpClient/4.5.13 (Java/19.0.2)[\r][\n]"
18:56:20.486 [main] DEBUG org.apache.http.wire -  >> "Accept-Encoding: gzip,deflate[\r][\n]"
18:56:20.486 [main] DEBUG org.apache.http.wire -  >> "[\r][\n]"
18:56:20.486 [main] DEBUG org.apache.http.headers - >> GET /api/orders/10776 HTTP/1.1
18:56:20.486 [main] DEBUG org.apache.http.headers - >> Authorization: Bearer eyJhbGciOiJIUzI1NiIsInR5cCI6IkpXVCJ9.eyJGdWxsbmFtZSI6IkdpdGEgTGVvbmkgZHdpIGZyaXAiLCJFbWFpbCI6ImdpdGFsZWUyMUBnbWFpbC5jb20ifQ.TGsRtCS1_W5fQoxLxVSMhDknX_uoRVw_0tYCGs1StVE
18:56:20.486 [main] DEBUG org.apache.http.headers - >> Accept: */*
18:56:20.486 [main] DEBUG org.apache.http.headers - >> Host: altashop-api.fly.dev
18:56:20.486 [main] DEBUG org.apache.http.headers - >> Connection: Keep-Alive
18:56:20.486 [main] DEBUG org.apache.http.headers - >> User-Agent: Apache-HttpClient/4.5.13 (Java/19.0.2)
18:56:20.486 [main] DEBUG org.apache.http.headers - >> Accept-Encoding: gzip,deflate
18:56:20.518 [main] DEBUG org.apache.http.wire -  << "HTTP/1.1 200 OK[\r][\n]"
18:56:20.518 [main] DEBUG org.apache.http.wire -  << "content-type: application/json[\r][\n]"
18:56:20.518 [main] DEBUG org.apache.http.wire -  << "date: Tue, 09 May 2023 11:56:20 GMT[\r][\n]"
18:56:20.518 [main] DEBUG org.apache.http.wire -  << "content-encoding: gzip[\r][\n]"
18:56:20.518 [main] DEBUG org.apache.http.wire -  << "transfer-encoding: chunked[\r][\n]"
18:56:20.519 [main] DEBUG org.apache.http.wire -  << "server: Fly/3f2597ca (2023-05-03)[\r][\n]"
18:56:20.519 [main] DEBUG org.apache.http.wire -  << "via: 1.1 fly.io[\r][\n]"
18:56:20.519 [main] DEBUG org.apache.http.wire -  << "fly-request-id: 01H005X73HY52SXRJ2T8VER8YJ-sin[\r][\n]"
18:56:20.519 [main] DEBUG org.apache.http.wire -  << "[\r][\n]"
18:56:20.519 [main] DEBUG org.apache.http.impl.conn.DefaultClientConnection - Receiving response: HTTP/1.1 200 OK
18:56:20.519 [main] DEBUG org.apache.http.headers - << HTTP/1.1 200 OK
18:56:20.519 [main] DEBUG org.apache.http.headers - << content-type: application/json
18:56:20.519 [main] DEBUG org.apache.http.headers - << date: Tue, 09 May 2023 11:56:20 GMT
18:56:20.519 [main] DEBUG org.apache.http.headers - << content-encoding: gzip
18:56:20.519 [main] DEBUG org.apache.http.headers - << transfer-encoding: chunked
18:56:20.519 [main] DEBUG org.apache.http.headers - << server: Fly/3f2597ca (2023-05-03)
18:56:20.519 [main] DEBUG org.apache.http.headers - << via: 1.1 fly.io
18:56:20.519 [main] DEBUG org.apache.http.headers - << fly-request-id: 01H005X73HY52SXRJ2T8VER8YJ-sin
18:56:20.519 [main] DEBUG org.apache.http.impl.client.DefaultHttpClient - Connection can be kept alive indefinitely
18:56:20.519 [main] DEBUG io.restassured.internal.RestAssuredHttpBuilder - Parsing response as: application/json
18:56:20.519 [main] DEBUG org.apache.http.wire -  << "9E[\r][\n]"
18:56:20.519 [main] DEBUG org.apache.http.wire -  << "[0x1f][0x8b][0x8][0x0][0x0][0x0][0x0][0x0][0x4][0xff][0xab]VJI,IT[0xb2][0xaa]V[0xf2]tQ[0xb2]24077[0xd3]Q[\n]"
18:56:20.519 [main] DEBUG org.apache.http.wire -  << "-N-[0x82][0xb]Y[0x18][0x9b][[0xe8]([0xb9][0x95][0xe6][0xe4][0xe4]%[0xe6][0xa6]*Y)[0xb9]g[0x96]$*[0xf8][0xa4][0xe6][0xe7]e*[0xa4][0x94]g*[0xa4][0x15]e[0x16]([0xe9]([0xb9][0xe6]&f[0xe6](Y)[0xa5]g[0x96]$[0xe6][0xa4][0xa6][0x1a][0x19]:[0xa4][0x83]D[0xf4][0x92][0xf3]s[0x95]t[0x94][0x2][0x12][0x8b][0x8b][0xcb][0xf3][0x8b]R[0xe0][\n]"
18:56:20.519 [main] DEBUG org.apache.http.wire -  << ",,[0x94]ju[0x94][0x2][0x8a][0xf2]SJ[0x93]K[0x94][0xac][0xf2]Jsrt[0x94][0x2]K[0x13][0xf3]J2K*[0x95][0xac][0xc]kk[0xb9][0x0][0xfe][0x96][0x16][0xb4][0x9b][0x0][0x0][0x0]"
18:56:20.519 [main] DEBUG org.apache.http.wire -  << "[\r][\n]"
18:56:20.519 [main] DEBUG org.apache.http.wire -  << "0[\r][\n]"
18:56:20.519 [main] DEBUG org.apache.http.wire -  << "[\r][\n]"
18:56:20.520 [main] DEBUG io.restassured.internal.RestAssuredHttpBuilder - Parsed data to instance of: class org.apache.http.conn.EofSensorInputStream
18:56:20.522 [main] DEBUG org.apache.http.impl.conn.BasicClientConnectionManager - Releasing connection org.apache.http.impl.conn.ManagedClientConnectionImpl@2c451c4a
18:56:20.522 [main] DEBUG org.apache.http.impl.conn.BasicClientConnectionManager - Connection can be kept alive indefinitely
18:56:20.522 [main] DEBUG net.thucydides.core.steps.StepInterceptor - STEP DONE: I send HTTP api GET request for order by id
  &amp#27;[32mWhen &amp#27;[0m&amp#27;[32mI send HTTP api GET request for order by id&amp#27;[0m                  &amp#27;[90m# starter.stepdefinitions.OrderSteps.iSendHTTPApiGETRequestForOrderById()&amp#27;[0m
18:56:20.527 [main] DEBUG net.thucydides.core.steps.StepInterceptor - STARTING STEP: OrderSteps.iReceiveValidHTTPResponseCodeForGetIdDataOrder - I receive valid HTTP response code 200 for get id data order
18:56:20.529 [main] DEBUG net.thucydides.core.steps.StepInterceptor - STEP DONE: I receive valid HTTP response code 200 for get id data order
  &amp#27;[32mThen &amp#27;[0m&amp#27;[32mI receive valid HTTP response code &amp#27;[0m&amp#27;[32m&amp#27;[1m200&amp#27;[0m&amp#27;[32m for get id data order&amp#27;[0m &amp#27;[90m# starter.stepdefinitions.OrderSteps.iReceiveValidHTTPResponseCodeForGetIdDataOrder(int)&amp#27;[0m
18:56:20.534 [main] DEBUG net.thucydides.core.steps.StepInterceptor - STARTING STEP: OrderSteps.iReceiveValidDataForIdOrder - I receive valid data for id order
18:56:20.534 [main] DEBUG net.thucydides.core.steps.StepInterceptor - STEP DONE: I receive valid data for id order
  &amp#27;[32mAnd &amp#27;[0m&amp#27;[32mI receive valid data for id order&amp#27;[0m                             &amp#27;[90m# starter.stepdefinitions.OrderSteps.iReceiveValidDataForIdOrder()&amp#27;[0m
18:56:20.537 [main] INFO  - 
  _____   ___   ___   _____     ___     _     ___   ___   ___   ___  
 |_   _| | __| / __| |_   _|   | _ \   /_\   / __| / __| | __| |   \ 
   | |   | _|  \__ \   | |     |  _/  / _ \  \__ \ \__ \ | _|  | |) |
   |_|   |___| |___/   |_|     |_|   /_/ \_\ |___/ |___/ |___| |___/ 

GET As an admin I have be able to get id order
----------------------------------------------------------------------
]]></system-out>
  </testcase>
  <testcase name="GET  list of category" classname="category" time="0.381">
    <system-out><![CDATA[18:56:20.539 [main] INFO io.cucumber.core.plugin.SerenityReporter - Running feature from file:///E:/mini%20peoject/RestAPi/src/test/resources/api/productcategory.feature
18:56:20.539 [main] WARN io.cucumber.core.plugin.SerenityReporter - Feature from file:///E:/mini%20peoject/RestAPi/src/test/resources/api/productcategory.feature is not under the 'features' directory. Requirements report will not be correctly generated!
18:56:20.544 [main] DEBUG net.thucydides.core.steps.StepEventBus - Test suite started for story net.thucydides.core.model.Story@ad8c0c9b
18:56:20.545 [main] INFO  - Test Suite Started: Category

Scenario: GET  list of category                                            &amp#27;[90m# src/test/resources/api/productcategory.feature:2&amp#27;[0m
18:56:20.578 [main] INFO io.cucumber.core.plugin.SerenityReporter - Running feature from file:///E:/mini%20peoject/RestAPi/src/test/resources/api/productcategory.feature
18:56:20.578 [main] WARN io.cucumber.core.plugin.SerenityReporter - Feature from file:///E:/mini%20peoject/RestAPi/src/test/resources/api/productcategory.feature is not under the 'features' directory. Requirements report will not be correctly generated!
18:56:20.587 [main] INFO  - 
  _____   ___   ___   _____     ___   _____     _     ___   _____   ___   ___  
 |_   _| | __| / __| |_   _|   / __| |_   _|   /_\   | _ \ |_   _| | __| |   \ 
   | |   | _|  \__ \   | |     \__ \   | |    / _ \  |   /   | |   | _|  | |) |
   |_|   |___| |___/   |_|     |___/   |_|   /_/ \_\ |_|_\   |_|   |___| |___/ 

GET  list of category(category;get--list-of-category)
--------------------------------------------------------------------------------
18:56:20.694 [main] DEBUG net.thucydides.core.steps.StepInterceptor - STARTING STEP: ProductCategorySteps.iSetTheGETApiEndpointscategory - I set the GET api endpoints
18:56:20.695 [main] DEBUG net.thucydides.core.steps.StepInterceptor - STEP DONE: I set the GET api endpoints
  &amp#27;[32mGiven &amp#27;[0m&amp#27;[32mI set the GET api endpoints&amp#27;[0m                                        &amp#27;[90m# starter.stepdefinitions.ProductCategorySteps.iSetTheGETApiEndpointscategory()&amp#27;[0m
18:56:20.702 [main] DEBUG net.thucydides.core.steps.StepInterceptor - STARTING STEP: ProductCategorySteps.iSendHTTPApiGETRequestcategory - I send HTTP api GET request
18:56:20.707 [main] DEBUG net.thucydides.core.steps.StepInterceptor - STARTING STEP: GetAllProductCategory.HTTPApiGETRequestcategory - I set the GET api endpoints
18:56:20.708 [main] DEBUG net.thucydides.core.steps.StepInterceptor - STEP DONE: I set the GET api endpoints
18:56:20.728 [main] DEBUG org.apache.http.impl.conn.BasicClientConnectionManager - Get connection for route {s}->https://altashop-api.fly.dev:443
18:56:20.728 [main] DEBUG org.apache.http.impl.conn.DefaultClientConnectionOperator - Connecting to altashop-api.fly.dev:443
18:56:20.806 [main] DEBUG org.apache.http.client.protocol.RequestAddCookies - CookieSpec selected: ignoreCookies
18:56:20.806 [main] DEBUG org.apache.http.client.protocol.RequestAuthCache - Auth cache not set in the context
18:56:20.806 [main] DEBUG org.apache.http.client.protocol.RequestTargetAuthentication - Target auth state: UNCHALLENGED
18:56:20.806 [main] DEBUG org.apache.http.client.protocol.RequestProxyAuthentication - Proxy auth state: UNCHALLENGED
18:56:20.806 [main] DEBUG org.apache.http.impl.client.DefaultHttpClient - Attempt 1 to execute request
18:56:20.807 [main] DEBUG org.apache.http.impl.conn.DefaultClientConnection - Sending request: GET /api/categories HTTP/1.1
18:56:20.807 [main] DEBUG org.apache.http.wire -  >> "GET /api/categories HTTP/1.1[\r][\n]"
18:56:20.807 [main] DEBUG org.apache.http.wire -  >> "Accept: */*[\r][\n]"
18:56:20.807 [main] DEBUG org.apache.http.wire -  >> "Host: altashop-api.fly.dev[\r][\n]"
18:56:20.807 [main] DEBUG org.apache.http.wire -  >> "Connection: Keep-Alive[\r][\n]"
18:56:20.807 [main] DEBUG org.apache.http.wire -  >> "User-Agent: Apache-HttpClient/4.5.13 (Java/19.0.2)[\r][\n]"
18:56:20.807 [main] DEBUG org.apache.http.wire -  >> "Accept-Encoding: gzip,deflate[\r][\n]"
18:56:20.807 [main] DEBUG org.apache.http.wire -  >> "[\r][\n]"
18:56:20.807 [main] DEBUG org.apache.http.headers - >> GET /api/categories HTTP/1.1
18:56:20.807 [main] DEBUG org.apache.http.headers - >> Accept: */*
18:56:20.807 [main] DEBUG org.apache.http.headers - >> Host: altashop-api.fly.dev
18:56:20.807 [main] DEBUG org.apache.http.headers - >> Connection: Keep-Alive
18:56:20.807 [main] DEBUG org.apache.http.headers - >> User-Agent: Apache-HttpClient/4.5.13 (Java/19.0.2)
18:56:20.807 [main] DEBUG org.apache.http.headers - >> Accept-Encoding: gzip,deflate
18:56:20.847 [main] DEBUG org.apache.http.wire -  << "HTTP/1.1 200 OK[\r][\n]"
18:56:20.847 [main] DEBUG org.apache.http.wire -  << "content-type: application/json[\r][\n]"
18:56:20.847 [main] DEBUG org.apache.http.wire -  << "date: Tue, 09 May 2023 11:56:20 GMT[\r][\n]"
18:56:20.847 [main] DEBUG org.apache.http.wire -  << "transfer-encoding: chunked[\r][\n]"
18:56:20.847 [main] DEBUG org.apache.http.wire -  << "content-encoding: gzip[\r][\n]"
18:56:20.847 [main] DEBUG org.apache.http.wire -  << "server: Fly/3f2597ca (2023-05-03)[\r][\n]"
18:56:20.847 [main] DEBUG org.apache.http.wire -  << "via: 1.1 fly.io[\r][\n]"
18:56:20.847 [main] DEBUG org.apache.http.wire -  << "fly-request-id: 01H005X7DMHYA938PFXHRM55P0-sin[\r][\n]"
18:56:20.847 [main] DEBUG org.apache.http.wire -  << "[\r][\n]"
18:56:20.847 [main] DEBUG org.apache.http.impl.conn.DefaultClientConnection - Receiving response: HTTP/1.1 200 OK
18:56:20.847 [main] DEBUG org.apache.http.headers - << HTTP/1.1 200 OK
18:56:20.847 [main] DEBUG org.apache.http.headers - << content-type: application/json
18:56:20.847 [main] DEBUG org.apache.http.headers - << date: Tue, 09 May 2023 11:56:20 GMT
18:56:20.847 [main] DEBUG org.apache.http.headers - << transfer-encoding: chunked
18:56:20.847 [main] DEBUG org.apache.http.headers - << content-encoding: gzip
18:56:20.847 [main] DEBUG org.apache.http.headers - << server: Fly/3f2597ca (2023-05-03)
18:56:20.847 [main] DEBUG org.apache.http.headers - << via: 1.1 fly.io
18:56:20.847 [main] DEBUG org.apache.http.headers - << fly-request-id: 01H005X7DMHYA938PFXHRM55P0-sin
18:56:20.847 [main] DEBUG org.apache.http.impl.client.DefaultHttpClient - Connection can be kept alive indefinitely
18:56:20.847 [main] DEBUG io.restassured.internal.RestAssuredHttpBuilder - Parsing response as: application/json
18:56:20.847 [main] DEBUG org.apache.http.wire -  << "416[\r][\n]"
18:56:20.848 [main] DEBUG org.apache.http.wire -  << "[0x1f][0x8b][0x8][0x0][0x0][0x0][0x0][0x0][0x4][0xff][0xaa]VJI,IT[0xb2][0x8a][0xae]V[0xf2]tQ[0xb2]2425[0xb0][0xd4]Q[0xf2]K[0xcc]MU[0xb2]RRtPVQU[0xd2]QrI-N.[0xca],([0xc9][0xcc][0xcf]S[0xb2]RJ[0xcb]/RHO[0xcc][0xcd][0xcc]KW((-*[0xc8]/N-V[0xaa][0xd5][0x81][0xeb]74[0x86][0xeb][0x87][0xa8]"[0xd9][0x0]3J[\r]0[0xa7][0xd4][0x0]D[0x10][0x90][0xe7][0x5]#[0x3][\n]"
18:56:20.848 [main] DEBUG org.apache.http.wire -  << "]`dD[0xa9][0x1][0x88]X[0x8]K-I-[0xca][0xcc]K,[0xaa][0xc4][0x88][0x89][0xd4][0x9c][0xd4][0xe4][0x92][0xa2][0xcc][0xe4][0xcc][0xc4]<[0xe4](42[0x85][0xdb][0xee][0x9b][0xf][0x8a]u[0x85][0x80][0xcc][0xe4][0x92][0xd2][0xa2][0xd4]b[0x85][0xc4][0xbc][0x14][0x5][0xb7][0xcc][0x9c]\[0xc][0xa3]2[0x12]3[0x8b]R[0x8a]R[0x8b][0x8b]S[0x8b]P[0x8c]B[0xc4][0x85]Ginb[0x9e]BPjq~iQrj1[0x86][0x9][0xe5][0x99]y)[0xf9][0xe5][\n]"
18:56:20.848 [main] DEBUG org.apache.http.wire -  << "[0xc9]9[0xa9][0x89]yh[0x86] [0xe2][0xc3]5[0xa5]49[0x11][0xec]$[0xdf][0xc4][0xbc][0xc4][0xf4][0xd4][0xdc][0xd4][0xbc][0x12][0xc][0x93][\n]"
18:56:20.848 [main] DEBUG org.apache.http.wire -  << "[0xf2]s2[0x93]S[0x15][0xf2][0xd3][0xd2]2[0x93]QM26[0x84][0xfb],(13[0xa7](?1E[0xc1]71[0xaf]4-[0x11][0xec]?[0xc][0x93][0x12]KJ[0xf2][0x8b][0xf2]R+[0x15][0x12]K[0x14]r[0x12][0xcb][0x91]}f[0x8c][0x8]a[0xa7][0xc4][0x92][0xc4][0xf4][0xfc]"[0x85][0xf0][0xfc][0xec]R[0xc]#[0x9c]Ss3s[0x12][0xf3][0x14][0x8a]S3@[0x86][0xa4]V%[0x96]($[0xa5][0x16][0xa5]gVe[0xa2][0x18]g[0x2]w[0x19]yi[0xce][0x18][0x11]i[0x10][0x3][0xd2]1[0x9c]B [0xe7][0x1a]#2^Ijq[0x9][0x96](Bq[0xb0][0x5][0x9a][0x83]I[0xb7][0xf][0x11][0xad]D[0xd8]g[0x82][0x88]:wp[0xe9][0x83][0xe1]=7[0xfc][0x5][0x93][0x9]"O[0xe1]0[0x0][0xd9]{&[0x88][0xe8]%38M[0x10]1J[0x8c][0xf7][0x10][0x19][0x85][0x8][0xd7][0x99]"[0x2][0x3][0xe2]:[0x8c][0xc0] [0x10][0xd7][0xa6][0x88][0xc0] [0xd3][0x0]D[0xf8]P#[0xf9][0x9b]"[0x2][0x8b]*[0xc6]!2[0x3]U[0x8c]C[0xe4][0xc][0xaa][0x18][0x87][0x88]k[0xaa][0x18][0x87][0xc8][0x89]T1[0xe][0x91]-[0xa9]a[0x9c][0x19][0xa5]u[0xa1][0x19]"[0xad];f'%[0x16])[0x4]eVeW*[0xb8]%f[0x14][0x95][0x16][0xe5]Wa[0xd6]j[0xb9][0x99]y[0x99][\n]"
18:56:20.848 [main] DEBUG org.apache.http.wire -  << "[0x5]E[0xf9]Y[0xa9][0xc9]%[0xc8]Y[0xda][0xc][0x91][0xe6][0xa9][0xe2]1D[0xe] /[0xb][0x99]![0xd2]<[0x99][0x6]P7[0x95][0x9b]!R9[0x99][0xee]A[0xa4]k[0xe7][0xc4][0x92][0xd4][0xf4][0xfc][0xa2]J[0x5][0xc7][0xd2][0x9c][0xcc]D[0x8c][0xd2][0x9][0x14]C[0xc9]0%[0x89]`%HMH3D[0x82][0xce]K[0xcc]M[0x4][0xc5]eJi6[0x86]![0xd9][0x10][0x3][0xc0]q[\r][0x92]G6[0x81][0xba]i[0xd8][0x1c][0x91][0x4][0xc9][0xb][0x19]sD[0xd2]#[0xd3][0x0]J[0x13][0x9b]9[0xa5][0x89][0xcd][0x1c][0x91][0xd8][0xc8][0xf4][0x2][0xa5][0xc9][0xcb][0x1c][0x91],[0xc8]t[0x1]"U@[0xc] [0xb9][0xc9]b[0x81]([0xcc][0x88][0xa8][0xd3]-([0x8d]u[0xb]Jc[0xdd][0x2][0x11][0xeb][0xc4][0xb8][0x97][0xd2][0x18][0xb2]@[0x14][0x0][0xc4]X[0x87][0x1e][0x1d][0x18]9[0x9c]@#[0xc6][0x12][0x11][0x1b]![0xa9][0xc5][0x98][0xfd][0x0][0xcf][0xbc]L[0x5][0x90][0x4][0xa8][0xab][0xea][0x9e][0x99][0x9a][0x83]\[0x19]XR[0x9a][0xa5]-)[0x8d]\KJ#[0xd7][0x12][0x11][0xb9][0x90][0xe4]Lr[0xf8]Q[0x9a][0xa5]-)M0[0x96][0x88][0x4]C[0xa6][0x17](-[0x13],[0x11][0x89][0x90]p[0x92]53[0xa0]0[0xd5][0x98][0x19] R[\r]1[0xd6]Q[0x18][0xc3]f[0x6][0x88][0x18]&[0xc6]:[\n]"
18:56:20.848 [main] DEBUG org.apache.http.wire -  << "c[0xc3][0xcc][0x0][0x11][0x1b]DXg[0x88][0x8][0xcc][0xdc][0xc4][0xec][0xc4][0xbc][0xc4]<[0x8c][0x4][0xc][0x13]GT[0xed]f[0x86][0x88][0x10]$+[0xc9][0x98]Q:@efHi[0xac][0x18]R[0x98]m[0xcc][0xc][0x11][0x11]E[0x85][0x96][0xac][0x99]!"[0xda][0xc2]3[0x8b]RsR[0x8b]1Gg[\n]"
18:56:20.848 [main] DEBUG org.apache.http.wire -  << "2*[0x8b]3[0x93]3[0x8b][0x91][[0xd4]f[0x94][0x8e]s[0x99]Q:[0xce]efDi\[0x18]Q[0x1a][0x17]F[0x88][0xc0][0xc3][0x91][0x1e][0x13][0x8b]S[0x90]j[0x1e]3#[0xd4][0x12][0x7]T9[0x15][0x14][0xe5][0xa7][0x94]&cV`%[0x19][0x99][0xc5][\n]"
18:56:20.848 [main] DEBUG org.apache.http.wire -  << "[0x99][0xc5][\n]"
18:56:20.848 [main] DEBUG org.apache.http.wire -  << "%[0x19][0xa9][0x90]Fpr[0x89]B[\n]"
18:56:20.848 [main] DEBUG org.apache.http.wire -  << "[0xd2]`,R[0xb6]0F[0xd4][0x85][0xa0][0xac]G-S[0x11]Y[0x94][0x90][0xa9][0xc8]^4F[0xe4]QB[0xda]H[0xf1]"[0xa2][0xc2]$d*[0x8a]c[0x10]e [0x8e][0x8][0xc2][0xdf][0xcc]0C[0x1b][0x17][0xa3]V[0xd0]"[0xf2]0)[0xbe]A[0x1a][0x6]#[0xa4][0x8d][0x84][0xa0]E[0x1a][0x1b]#d*r[0xd0]"[\r]q[0x91][0x17][0xb4]&[0x94][0xe6]>[0x13][0x82][0xb9][0x8f]@[0xe4][0x9a]"[0xf2][\r]y^[0xa0]t$[0xcd][0xcc][0x94][0xf8]dMB[0x8c][0x9a]R[0x9a][0xea]M[0x11]Q[0x13][0x90][0x9f][0x93]Y^[0x94]X[0x92][0x1][0xad][0x9f][0x1][0x0][0x0][0x0][0xff][0xff]"
18:56:20.848 [main] DEBUG org.apache.http.wire -  << "[\r][\n]"
18:56:20.848 [main] DEBUG org.apache.http.wire -  << "38E[\r][\n]"
18:56:20.848 [main] DEBUG org.apache.http.wire -  << "B[0xcc][0x5][0x5][0xa5][0x16][0x94][0xa6]d&[0xe6][0xa5]$[0xa6]*[0xe4][0xa5][0x16]'g[0x96][0xe6][0x95]([0xa4]V$[0xa7][0x16][0x94][0x94][0x16]e*[0xa4][0xe4][0xe7][0xe4][0x17][0xa5]*[0xa4][0x96][0xe6]*[0x14][0xa7][0x16][0x96]f[0xea]!'[0x1e]SD[0x6][0xf0]ML[0xce][0xc8][0xcf]N[0xc5]0>[0xb0]4[0xb1]8S![0xad]4=Q!/?O[0xa1][0xb0]4?E!3[0xb7] 5%[0xb3]D[0xa1],5'[0xb3][0x4][0xd5]@J[0xd3][0x2][0xa5]CUfH#L[0x90][0xc4]Dj[0x7][0xd3][0xcc][0xc]51[0xe0][0x1f][0x83]7[0xa3]t[0xc4][0xc6][0xcc][0xc]Q[0x17]A[0x1c][0x8c][0x11][0x5][0x4][0xb2][0x8f]9[0xa5][0xd9][0xc7][0x1c][0xe1]a2]@i[0xb][0xc0][0x1c][0x91][0xe][0xc9]s[0x1][0xd2][0xa0][0x0][0x99][0x6]P[0x1a][0x6][0x16][0x88][0xbc]J[0xa6][0xb][0x8][0x86][0x1]r[0xce][0xa5][0xb4][0xef]lF[0xb8][0xef][0x8c]b[0x1d][0xa5][0xbe]#[0xdc][0xcb]D[0xb2][0xce][0x9c][0xd2]>[0x9e]9R[0x1f][0x8f][0xac][0xd8]07[0xa0]0=[0x98][0x1b]P[0x98]'[0xcc][0x91][0xfa][0x8d]dz[0x81][0xc2]837 %E[0x9a]#u%[0xc9]s/[0xa5][0xbd]Js[0xa4]^%[0x8e][0xf9];[0xfc][0xd3][0x93][0xe6][0x86][0x88][\n]"
18:56:20.848 [main] DEBUG org.apache.http.wire -  << "[0x9b]L[0x3][0x10]![0x86][0xc3][0x0][0xe4]T[0x8e][0xd4][0xe7]#3[0xc4][0x8]V[0x1d][0xc8][0xd6][0x19]![0x92]4[0xe][0xc7][0x11][0x8][0x1e][0xa4][0x8e][0x1e][0xe][0x3]P[0xac][0xa3]4[0xf9][0x19]![0x2][0x13]G[0xf0] [[0x87][0xb4][0xac][0x0][0x87]j[0xfc][0xd5][0xa8]9R[0x87][0x9][0x87][0x1]([0xd6]Q[0xea];c[0x92]|[0x87][0xd4][0xe5][0xc0][0xe1]8[0x2][0xbe]C[0xea]][0xe0]0[0x0][0xd9]wH}[0x2]B}[0x11][0xe2][0xdb][0xc3][0xe6]&[0x8]/[0x13]2[0x15][0xc5]1[0x88]TNH[0x1b][0x9][0x8e]A[0x9a][0xbe][0xc7][0x91][0x98][0x9][0xe4][0x6][0xa4]N[0x7][0xe][0x3][0x90]=[0x81]4[0xb9][0x8e]C5![0xeb][0x8][0x96]M([0xd6]![0x82][0x1a]Gt[0x13]H/[0xa6][0x88][0x86]<[0x99][0xee]E[0xc4][0x1a][0xe][0x3][0x90][0xdd][0x8b]4[0xc1]L[0x85][0xd1]4s[0x8c]N[0x0][0x89]mjs[0xa4]>[0x0]y[0xe1][0x87]4[0xb1][0xec]VZ[0x94][0x97][0x9]Z[0xba][0x85][0xe1][0x8][0xb8][0x8c][0x82]WjAbQ"J[0x88]PZ[0xc0][0x98]Q[0x9a][0x4]([0xed]W[0x98]S:ekN[0xe9][0x94][0xad]9R[0xcf][0x6][0x1e][0xd6]$[0xc5][0x2][0xa5]3[0xae][0xe6][0xe6][0x88]ht+*[0xcd][0xc4][0x1c]_D[0x8e]sJ[0xbb]A[0xe6]H[0xd3][0xb3]D[0xd8][0x86][0xc8][0xa1][0xd8][0x15][0xa7][0xe7][0xe7][0xa7]([0x80][0xca][0x89][0x8c][0xd4][0xc4][0x9c][0x92][0xc]d[0x97]R[0xda][0xdf]2[0xb7]@[0x8c]j[0x92][0x97][0xc1]([0x9d][0xd8]5[0xa7]tb[0xd7][0x1c]ib[0x97]L/ [0x8a]t2[\r]@$.2[\r][0xa0][0xb4][0x8c][0xb0]@T[0x13][0xe4][0xb9][0x0]i[0xfe][0x98]L[0x3](MH[0x84];[0xc2][0xa0],[0x0]q[0x1c][0xb6][0xd5][0xd6][0xe6]H[0x93][0xc8][0xd4][0xa8][0xbb]([0x9d]R6[0xb7][0xa4]4Y[0x11][0x9e]RF.[\n]"
18:56:20.848 [main] DEBUG org.apache.http.wire -  << "[0x90]z[0xf6]T[0xf1]>[0xc5])[\n]"
18:56:20.848 [main] DEBUG org.apache.http.wire -  << "Q[0xac]A"[\r][0xa3][0xc0][0xc7][0x1f][0x9f][0x16][0x6][0x14][0x8e][0xa7]YP:za[0x81][0xd4][0xf5][0x87][0xcd][0xbe][0xa2][0xef][0x0][0x80][0x89]#[0xa6][0x9f],[0x90][0xba][0xeb][0xee][0x8e][0xbe][0x9e]~[0xee]${[0x1c][0x11][0xf4][0x8e][0xc9][0xc9][0xa9][0xc5][0xc5][0xf9]E[0x99]XF?K[0xf2][0x15]R[0xf3]2[0x12][0xf3][0x92]S[0x15][0x12][0xb][\n]"
18:56:20.848 [main] DEBUG org.apache.http.wire -  << "R[0x13][0x8b]@L[0xa4][0x14]aa[0x88][0x8]@*[0xa4][0x8][0xb]J[0x7][0x16],[0x90][0x6][0x16][0xa8][0xe2][0x1e]D?[0x9a]*[0xc6]![0xb2]+e[0xa1][0x8e]([0xcb])2[0xc7][0x8]Q[0xa0]Rd[0xe][0xd2]&[0x16][0xf2][0xf2]![0xa5]S[0xf4][0x16][0x94][0x8e][0xaf]X[0x18]RZ[0x94]P:9o[0x81]49OQd [0x8d][0xfd][0x90][0x17][0x19]Hc?[0x94]9[0x84]J[0xa9][0x9d][0xd2]5[0x3][0x16][0x84]G[0x97][0x8]T[0x13][0x84][0x17][0x1d][0x10]2[0x80][0xd2][0xd4][0x85][0xb4][0xde][0x0]G[0xa4]"[0x97][0xca][0x94][0xe][0x90]Y [\r][0x90]Q[0x94][0x4][0x90][0xe6][0xf2]q8[0x9b]@[0xc0]![\r][0x9d]Q[0xe6][0x10]D}G[0xa6]C([0x8d]A[0x13]DMI[0x9e][0xb]([0x1d][0x17][0xb4] <.H 206[0xe9][0x90][0xda][0xea][0xa0]t[0x1][0x83][0x85][0x9][0xa2]H!3[0x10][0x11][0xdd]([0x8a][0xd2][0x13][0xd2][0xf8]&[0x99][0xe]!>A[0x2][0x0][0x0][0x0][0xff][0xff]"
18:56:20.848 [main] DEBUG org.apache.http.wire -  << "[\r][\n]"
18:56:20.850 [main] DEBUG org.apache.http.wire -  << "6F8[\r][\n]"
18:56:20.850 [main] DEBUG org.apache.http.wire -  << "[0xc2][0xba][0xf1][0xd3][0xc2][0x84][0xd2][0x4]I[0xe9]R[0xc][0xb][0xa4]aUr[0xb6][0xae]Z [0xad][0xc4] /[0xc][0x91][0x6]Z[0xc9]4[0x0][0x91][0x9c](J[\r]H[0x8b]7(3[0x7][0xd1][0xae]#[0xd3]C[0x88]TEV[0x94] -[0xc9][0xa0][0xc8]#Hc[0xbc][0xe4]y[0x84][0xd2]Q][0xb]JGu-[0x90]Fu[0xc9][0xb]JDICf[0x10] [0x12][0x3]y[0xe][0xa0][0xb4][0x80]@[0x1a][0x14]&[0xcb][0x1][0x94][0xe][0xe9]Z [\r][0xe9][0x92][0xe7][0x0]D[0xf6]&/[\n]"
18:56:20.850 [main] DEBUG org.apache.http.wire -  << "[0x90]Ft[0xc9]s[0x0]";[0x92][0xe9][0x0]D[0x1c][0x92][0xe5][0x0]J[0x87]^-[0x90][0x86]^[0xc9]s[0x0][0x85]K#,,([0x8d]C[0xa4][0xc5]:[0xe4][0xf9][0x80][0xc2]([0xa0]t[0xf5][0x8e][0x5][0xd2][0xa0]%Y[0x1e][0xa0]t[0x90][0xd1][0x2]i[0x90][0x91]<[0x7] [\n]"
18:56:20.850 [main] DEBUG org.apache.http.wire -  << "[0xb2][0xe4][0xfc][0xbc][0x92][0xfc][0xc]][0xe8]^Dl#Nn[0x89][0xc5][0x19][0x99][0xf9]y[0x89]I9[0xa9][0xc8]=[0x1a]KDN"l[0x6][0xa6][\n]"
18:56:20.850 [main] DEBUG org.apache.http.wire -  << "[0xa4][0xa1]3[0xa4][0x1d](d[0xe5]IKJ[0x87][0xfc],)]od[0x89]4fH[0xa6][0x17][0x10]1B[0xa6][0x1][0x88]L[0x81]c[0xc6][0x17][0xff][0x14][0xb7]%[0xd2][0xb8]![0xe][0x3][0x90]b[0xdf][0x12]iT[0xf][0x87]jB[0xd6]![0xc6][0xf1]p[0x18][0x80]b[0x1d][0xa2][0xcc][0xc1][0xa1][0x9a][0x90]u[0x88][0xba][0x1f][0x87][0x1]([0xd6]![0xd2]6y[0xb1]A[0xe9][0xd8][0x95]%[0xa5]cW[0x96]H[0x3][0x89][0xe4]y[0x1]i[0xf0][0x8b]L[0x3][0x10]1L[0xa6][0x1][0x14][0xd6]T[0x96]H[0xc3]T8"[0x9d]@[0xaa]A[0x1a][0xa6][0xc2]a[0x0]r[0xaa]A[0xda][0xd7]B[0x9e][0x87])[0x1d]$[0xb2]D[0x1a]$[0xc2][0xe1]^[0x2][0x1e]F:[0xd3][0x5][0x87][0x1][0xc8][0x1e][0xc6]8q[0x85][0xc4][0xd1][0x7]KJ[0x7][0xa3],[0x8d][0x11][0x19][0x15][0x87]{[0x9]y[0x98]`[0xb1][0x89][0xec]a[0xa4][0x1][0x1f][0xf2][0xac]C[0x1a][0xf0][0xc1]a[0x0][0x8a]u[0x94]f[0x0]J[0x7]g,[0x91][0x96][0xa2][0x91][0x97][0xa4])[0x1d][0x95][0xb1][0xa4]t[0x8b]%[0xa5][0x83]*[0x96]HK[0xcd][0xc8][0xb][0x3]J[0x7]E,)[0xdd][0xca]b[0x89]4[0x1a]B[0xa6][0x17](m[0x9e] [0xad]h#[0xcf][0x5][0x94][0xe]?XR:[0xfc]`I[0xe9]^[0x13]KS[0x82]e[\r][0x81][0xc2][\n]"
18:56:20.850 [main] DEBUG org.apache.http.wire -  << "i,[0x88][0x88][0xd2][0x3]i[0xb8][0x84][0xcc] G4[0xba][0xc8]4[0x80][0xd2]T[0x83][0xb4];[0x87]z[0x8b]O-[0x91]FQ[0x8][0x99][0x8a]\[0x1a]#[\r][0x9e][0x10][0xd2]F[0xfc]JXKJ[0x8f]%[0xb1][0xa4]t[0x91][0x9c]%[0xd2][0x90][\n]"
18:56:20.850 [main] DEBUG org.apache.http.wire -  << "y[0xd1]L[0xe9][0xc2]9K[0xa4][0x85]sd[0xba][0x0][0x91][0xb3][0xc8]3[0x80][0xd2][0x15]u[0x96]H[0xc3]:[0xce][0x89])[0xb9][0xa5][0xc5][\n]"
18:56:20.851 [main] DEBUG org.apache.http.wire -  << "[0x1][0xa9]e[0xa9]E[0xa9]99[0x18]m"[0x8f][0xd2][0xb4][0xb4][0x9c][0xd4][0x82][0xd2][0xb4]4[0xe4][0xd4][0x85]4[0xac][0xe3]T[0x9a][0x9c][0x9d][0x94][0x9a][0x88]y[0xde]OpNeI[0x6][0xe8](C[0x14][0x8d][0x88]f[0xb6]{j~Qz[0xaa]BxjbqN*[0xe6][0xb1]P![0x19][0xa5]y)[0xa9]EI[0x99]E[0xc8][0xdb][0xb1]-)]Ig[0x89]4[0x9e]Cf[0xe8]#Zq[0xe4][0x19]@[0xe9]:6K[0xa4][0x11][0x1d]2]@iS[\r]iH[0x87]L[0x17] z[0xb8]d[0x1a]@ii[0x8d]4"D[0xd1]9e[0x96]H[0x3]B[0x94][0x18]dl@[0xe1]b2c[0x3][0xa4][0x9d]l[0x1][0xa9]E[0x99][0x5][0x19][0xa9]E[0x89]9[\n]"
18:56:20.851 [main] DEBUG org.apache.http.wire -  << "8*_[0xdf][0xfc][0xd2][0xe2]T[0x1d][0x5][0xef][0xd4][0xca][0xa4][0xfc][0xc4][0xa2][0x14][0x1d][0x5][0x8f][0xd4][0xc4][0x94][0x82][0x8c][0xfc][0xbc]T[0x5][0xd7][0x10]gD[0x9e]56[0xa0]p[0xbc][0xc9][0xd8][0x80][0xc2][0xfd]m[0xc6][0x6][0x14][0xe]X[0x19][0x1b][0x18]P[0x96][0xdc][0x8c][\r][0x90][0x8e]J!'[0xbd][0x1a][0x1b] [\r]X[0x91]i[0x0][0xe2][0x90][0x6]2[\r]@dz[0x1c]I[0x2]o[0x83][0xce][0xd8][0x80][0xf0][0x96]7[0xe4]T[0x83]t[0xe8][0x9][0x99][0xee][0xa5][0xac][0x9a]46@[0x1a]T"[0xcf][0xc3]H[0x83]J8[0xc]@[0xf6]0[0xd2][0xb2]'[0xf2]<[0x8c]t[0x8e]o[0x1a][0xce]} (6RV[0x6][0x1a][0x1b]P8[0x6]dl@[0xe1][0x18][0x90][0xb1][0x1][0xd2][0x18][0x10]5[0x8b],[0xa4][0x91]![0xf2][0xe2][0xc2][0x18][0x91]Y[0xc8]4[0x80][0xb2][0xee][0x88][0xb1][0x1][0x85][0xa3]M[0xc6][0x6]HK[0x9f][0xc8][0xf4][0x2]e[\r][0x1d]c[0x3]cJs0[0x85]k[0x9e][0x8c][\r][0x90]F[0xb0][0xc8][0xb][0x3][\n]"
18:56:20.851 [main] DEBUG org.apache.http.wire -  << "W[0x1c][0x19][0x1b]P8&el@[0xe1][0x90][0x92][0xb1][0x1][0x85]CJ[0xc6][0x6]H[0xeb]t[0xc8][0xb]D[\n]"
18:56:20.851 [main] DEBUG org.apache.http.wire -  << "[0x17][0xea][0x18][0x1b]P8[0xa4]dl[0x80]tx[0x9][0x99]^[0xa0]4)#[0x8d][0x86][0x90][0xe7][0x2][\n]"
18:56:20.851 [main] DEBUG org.apache.http.wire -  << "[0x87][0x94][0x8c][\r]([0x1c]a16[0xa0]pH[0xc9][0xd8][0x0][0xe9][0xa0]X[0xf2][0xc2][0x0]i,[0x84]L[0x3][0x10][0xb][0xd6][0xc9]4[0x0][0xd1]%[0xd3][0x0]J+[0x16][\n]"
18:56:20.851 [main] DEBUG org.apache.http.wire -  << "GP[0x8c][\r]([0x1c][0xbf]060[0xa7]4/ [\r]?[0xe0]hW[0x11]h[0x89]"[\r]?[0xe0]0[0x0][0xb9][0x99][0x84]4d[0x80]C5![0xeb][0x10]u9[0xe][0x3]P[0xac]C[0xb4][0xca][0xc8][0xd9]Hjl`[0x81][0x8]_[0xf2][0xc][0xa0]p[0xc9][0x88][0xb1][0x1][0xd2]65[0xf2]R9[0x85][0xe3][0x3][0xc6][0x6]H;[0xc5][0xc8]t[0x1]"[0x10][0xc9]2[0xc0][0x90]po[0x1c])[0xd2][\r])[0xed][0xe2][0x1a][0x12][0xee][0xe2][0xa2]XG[0xa9][0xef]([0xdc](el[0x88]t[0x80][\n]"
18:56:20.851 [main] DEBUG org.apache.http.wire -  << "y[0xe1][0x8b][0xd4][0x9b]t[0xf1]t[0xf6]wrT[0x88]t[0xf4][0xc0][0x18]~t[0xc][0xf0]T[0x8][0xf7][0xf][0xf2][0xe]F[0xf6]=[0x85][0xbb]}[0x8c][\r][0x91]v[0xfb][0x90]l7[0xa5]![0x8f][0xd4]+%/[0xe0]([0xdc][0x9f]cl[0x88][0xd4][0xcf]$[0xd3][0x5][0x14][0x8e][0xa6][0x18]"[0xad]T [0xd3][0x5][0x14]vM[0xc][0x9][0xef][0x87][0xc1][0xbb][0x97][0xc1][0xd8][0x90]p[0xcf][0x17]9[0xc5]"[0xad]=[0xf0]M[0xcd]/[0xc7]r4[0x9f]obEfn*[0xe8][0x98]<[0x85][0xdc][0xcc][0xbc][0xd2]b[0x85][0xcc][0x14][0xf0]!z[0x99][0x5][0xc5][0x89][0xb9][\n]"
18:56:20.851 [main] DEBUG org.apache.http.wire -  << "e[0xf9]9[0xa5][0x5]%[0x89]%[0xa9][0xb9][\n]"
18:56:20.851 [main] DEBUG org.apache.http.wire -  << "[0xc5][0x99][0xb9][0x99]9[0x99][0x85][0xa5][0xa9]H[0x87][0xe9][0x19][0x1b]R[0xda][4$[0xdc][D[0xf6][0xf][0xd2][0xd2][0x2][0xf2]"[0x90]p[0xc7][0xc][0xc5]:J[0x13][0x1c][0xe1][0x89]}d[0xeb]([0xed][0xf0][0x18]R8[0x9]olHi[0x8f][0xc9][0x90][0xf0],>[0x8a][0x87])[0xcd]NH[0x93][0xc5]8[0xd2][0x3][0xb2]u[0x94][0xf6]D[0xc][0x91]z"[0xa4][0x96][0xdf][0x14][0x1e]ubl[0x88]4[0xcb][0x8b][0xc3][0xab][0x4]J[0xe][\n]"
18:56:20.851 [main] DEBUG org.apache.http.wire -  << "[0x8f]:16D[0x9a][0xda]%[0xd3][0x5][0x14]vb[0xc][0x9]O[0x3]#G7R[0x87][0x3]G[0xf3][0x19][0xfb][0xdb][0x10][0xa9][0xc3][0x81][0xc3][0x0]d[0xeb]([0xed]][0x18][0x92][0xd4][0xbb]0[0xa4][0xb4]wa[0x88][0xb4]B[0x9d][0x18][0xdf]!z[0x17]8T[0x13][0x8]L[0xa4]c8p[0x18][0x80][0x1c][0x98]Hs[0x95]8T[0x13][0xb0][0xe][0xa9]/[0x82][0xc3][0x0][0x14][0xeb][0x10])[0x13][0x87]jB[0xd6]![0xba][0xd7]8[0xc]@[0xb1][0xe]Q[0xaf]Pp[0x3][0x8e][0xb1]!Ro[0x5][0x87][0xad][0x84][0x9c][0x8d]([0x80]q[0x18][0x80][0xe4]l#[0xa4][0xae][0x9][0xe][0xd5][0xf8][0xad]3BZ[0x82][0x8e][0xc3][0x0][0x14][0xeb]([0x8c][0x14]#[0xa4][0xce][0x11]1[0xd6]!"[0x5][0x87]jB[0xbe]#[0x98]EP|[0x87]h[0xd0][0x93]g[0x1d][0xd2][0xcc][0x1e][0xe][0x3][0x90][0xad][0xa3]p)[0xba][0xb1][0x11]R[0xc7][0x8b][0x18][0xeb][0x10]C[0x17]d[0xd5][0x15]FH[0xd3]x8[0xac]#[0x10][0x1b]H}-[0x1c][0x6] [0x7][0xf][0xd2]Jr[0x1c][0xaa][0x9]X[0x87][0xd4][0xbd][0xc2]a[0x0][0x8a]u[0x88][0xa4][0x9d][0x9c][0x98][0x9d]j[0x84][0xd1][0xff][0x4][0x89]*[0xe4]$[0x16]d"][0x9a]jl[0x84]4[0xd5]G[0xd6][0x8][0x8d][0x11][0xd2]Zo2[\r]@[0x14][0x18][0xe4][0xc5]+R[0x7](8;3/9[0xb1][0x8][0xf3]<o[0x98][0x84]BIjQRbf[0xb6]Bi^Ii[0xb6]BnjQbyb[0x89]BybV"[0xd2]I_[0xc6]F[0x84][0xfb]D[0xf8][0x9b]FF[0x94]N[0xdb][0x19]Q[0xda][\r]2"[0xdc][\r]"[0xe4][0x5][0x8a]#[0x6]Q[0x1e][0x91][0x17][0xb3][0x94]N[0x9a][0x19]Q[0xda][0xb9]3B[0xda][0xe7][0xaf][0x80][0x91][0xa3][0x8][0x84][0x1f][0xa5][0xf3]eF[0x84][0xbb]z[0x84]\[0x80][0x88][0x0]X[0x6][0xc0][0xf0][0x4]L[0x82][0xd8][0x9c][0x81]4[0x7]G[0xce]yK[0xc6]F[0x84][0xbb][0xa4][0xe9][0xa0]K[0xa0][0xe1][0xfb][0xd4][0x8c][0x8d][0x10]}P[0x0][0x0][0x0][0x0][0xff][0xff]"
18:56:20.851 [main] DEBUG org.apache.http.wire -  << "[\r][\n]"
18:56:20.853 [main] DEBUG org.apache.http.wire -  << "8F3[\r][\n]"
18:56:20.853 [main] DEBUG org.apache.http.wire -  << "R"/[0x1d]!u!a[0xde][0xa5]<[0x1c][0x10][0xd5][0x11][0xf5][0xcc]D[0xb4][0x17][0xa8]g&[0xa2][0x9]A=3[0x11]%[0x3][0xf5][0xcc]D[0xa4][0xd5][0x82]bS[0x8c][0xe8]![0x90][0xd2])[0x9d][0x93]4[0xa2]p[0x9b][0xbe][0xb1][0x11][0xd2][0xa4]&[0x8e][0xda][0x1a][0xba]x[0x19][0xb9][0xd2][0xa6]pm[0xbc][0xb1][0x11][0xd2][0xf8][0x3][0x19][0x1b]R[0x8d][0x8d]([0x1d]C0[0xa2]t"[0xd4][0x8]i[0x10][0x82],[0x1f] [0x8d]A[0x10][0x1f][0xee]H[0xe3][0xe]$hB[0xb4][0xb0]H[0xd0][0x84][0xe8][0xc5][0x91]Wv!M[0x92][0x92][0x17]>[0x88][0xfc]O[0xa6][0x3][0x10][0x99][0x9d],[0x7]P[0xb8][0xc4][0xdb][0xd8][0x8]i[0x14][0x84]<[0x7][0x10][0x8c]7[0x2][\r]q[0xc2][0xe3]"[0xc8]y[0x9a][0xc2]U[0xd9][0xc6]FHwY[0x92][0xe7]_DIJ^[0x8c]#[0x8d][0x94][0x90][0xe5][0x0][\n]"
18:56:20.853 [main] DEBUG org.apache.http.wire -  << "[0x17]u[0x1b][0x1b]!M[0xda][0xba][0xe6][0x95][0xa4][0x16][0x95]$f[0xe6][0xe5][0xa6][0xe6]a[0x1e]#\[0x90][0x9f][0x93][0x99][0x9c][0xaa][0x90][0x9f][0x96][0x96][0x99][0x9c]Z[0x84][0x1c][0xb][0x96][0x88]|[0xe7][0x9c][0x9f][PZ[0x92]Z[0xa4][0x10][0x9c][0x9f]VR[0x8e][0xad]w[0x80][0xe5][0x8a]9c#[0xa4][0x89][0xdf][0x80][0xd2][0xa4][0x9c][0xcc]d[0x5][0xd0]mD[0xc9][0x98][0xcb][0xfb][0x93]3RsQ[0xae][0xa7]36"|[0x96]([0x81][0xfa][0xc]i[0x18][0x86][0xcc]8D[0xe4]Zg[0x90][0xfb][0x92][0x13]s0[0xaf][0xd6]+NM.J-I,[0xaa]D[0x9]9[\n]"
18:56:20.853 [main] DEBUG org.apache.http.wire -  << "[0x93][0x8f]1[0xd2][0x98][0x8e]Kjqf:[0xe6][0xe5][0x8a]I[0xa5][0xc5][0x99]y[0xa9][0xc5][0xc5][0xb9][0x89]yH6[0x1b]#[0x8d][0xe5]P[0xab]Ya[0x8c][0xb4][0x90][0xdc][0xad]4/E7(1[0xb3]83[0xf][0xf3]v[0xa4][0xbc][0xd2][0xa2]b[0xa4]c[0x16][0x8c][0x8d][0x91][0x96][0x8a][0x7][0x14]e[0xe6][0x95]`[0xd3][0x94][0x96][0x98]\[0x2][0xba]j[0xba]<[0xbf]([0x1b]%[0xf9][0x19]#[0x8d][0x13]9[0x16][0x95][0x14]+$[0xe6][0xa5](8[0x17]%[0xa6][0x95]`FBj^zf^*[0x9a]v[0xea]7.[0x8d][0x91][0x16][0x8e][0x87]g[0xe6][0xa5][0x82][0x9d][0x14]\[0x90]Y[0x94][0x89][0xc5]M9[0x89][0xe5][0x95]h.B[0xa4][0xa7][0x90][0xd4][0x9c][0xd4][0xe4][0xfc][0xdc][0xdc][0xd2][0xbc][0xcc][0xe4][0xc4][0x92][0xcc][0xfc]<L?%[0x83][0x8e][0xae]@3[0x0][0x91][0xac][0xa8][0x16][0xb9]H[0xe3]Ud[0xe5][0x12]c[0xa4][0xb5][0x3][0xa1]%[0x99]9[0x99]%[0xd8][0xce][0xe1]HM[0xce][0xcf][0xcb]G[0xcb][0xe1][0xc6]HcWdZ[0x8d]([0xa0][0xa8][0x17][0x1e][0x88]d[0xe3][0x97]Z^\[0x90]X[0x90]Z[0x84][0x19]9I[0xa5][0x99]9)[0xa8][0x91][0x83]44[0xe6][0x9a][0x93][0x9a]\R[0x94][0x99][0x9c][0x98][0xa3][0xa0][0xaf][0x0][0xe1][0xe4][0xe7]e&+[0xf8]&[0xe6][0x95][0x82][0xd2]{i[0x11][0xb6][0x9c][0x90][0x9c][0x91][0x8a][0xb4][0xab][0xca][0xd8][0x18]i[0xa8][0x8c]z[0xbe]C[0xa4] [0xf7][0xfc][0xb2][0xd4]"p[0x95][0xa0][0xe0][0x98][0x92][0x9b][0x99][0x97]Y\R[0x4]N[0x8a][0x18][0xfd][0x86][0xdc][0xd4][0xe4][0x8c][0xc4][0xbc][0xcc]d[0xe4]r[0x6]i`[0xcd][0x13]T[0xbd][0xe4][0x81][0xb5]&[0xe6]([0x84][0x14]%[0xa6]@2[0x86]KjYjN~[0x1][0xd6]J[0xa7]([0x15]t[0xcb]\f>[0xc8]V[0x14]c[0x11][0xdb][0x1a][0xa8][0xe6]gJWH[0x18]S[0xba]B[0xc2][0x18]i|[0x8f][0xbc][0x84]N[0xe9][\n]"
18:56:20.853 [main] DEBUG org.apache.http.wire -  << "[0x9]c[\n]"
18:56:20.853 [main] DEBUG org.apache.http.wire -  << "[0x8f][0x1c]56[0xa6]to[0x80]1[0xd2][0x8]#ya@[0xe9]p[0xa2]1[0xd2][0xe6][0x2]2][0x80]h[0x4][0x93]i[0x0][0xa2][0xbc]"[0xd3][0x0]D[0xe1]D[0xa6][0x1][0x88][0xd1][0x11]2[\r][0xa0][0xb0]+d[0x8c]t[0xea]E^[0xbe][0x2][0xe]G[0xe4][0xe5][0x97][0x80][0xaf][0x8f][0xc0]rj[0xbe][0xb1]1[0xa5][0xfb][0x8][0x8c])[0x1d][0x12]5F[0x1a][0x12][0xc5][0x1c][0xd1]T@.[0xcf][0x90][0xc6]>)?[0xf1][0xdb][0xd8][0x18]i[0xff][0x1]![0x8b][0x11])[0x5]S%[0x8a][0xb][0x11])[0x82]*.D[0xa4][0xf][0xaa][0x18][0x87]h2Q[0xc5]8D[0xf5]G[\r][0xe3][0x90][0xc6]qq$d[0xfc]][0x14]c[0xa4]q\[0xaa]UwH#[0xbd]8[0x86]X[0xf0]w[0xd5][0x8d][0x91]V[0x1b][0xe1]0[0x0]9[0xfd]P[0xba][0x19][0xc3][0x98][0xc2][0xf3]=[0x8c][0x8d][0x91]vs`&u[0x94][0xdc][0x88]t[0x90][0x7]![0x95][0x88][0x84]B@%[0xd2][0xa8])[0xd5][0xa2][0x10]i[0x1c][0x94]zf"*/[0xea][0x99][0x89][0xa8][0xcf][0xc8][0x9a][0xb7]4FZ[0xb9]E[0xa6][0x1][0x88][0xf2][0x81][0xbc][0x1c][0x88]4tJ[0xd1]vmc[0xa4][0xd3]Eq[0xe4][0x1a][0x2][0xd9][0xe]i[0x15][0x15][0xe][0x3][0x90][0xb3][0x1d][0x85][0xe7]V[0x18][0x1b]#-[0xc3]"/[0xe4][0x90][0xc6]$I[0xbc][0x4][0xca][0xd8][0x18]i8[0x92]t[0xbd][0x88].[0x2][0x99][0xe]G[0xe4][0x4]2[\r]@${[0x12][0xd7][0x1b][0x1a]#[0xad][0xee]"Y+[0xa2][0xa2]&Y+"[0x97][0x90][0xac][0x15]Q[0x10][0x92][0xaa][0x15]i[0x8][0x94]d[0xad][0x88][0x8d]Y8[0xf2][0x2][0x81][0xcc][0x84]4|[0x8a][0xc3][0x0][0xe4][0xcc][0x84]4[0xd0][0x89]C5![0xeb][0x10][0xad]-[0x1c][0x6][0xa0]X[0x87]h#[0xe1]PM[0xc8]:D|[0xe2]0[0x0][0xc9]:[0x13][0xa4][0xb1]D[0x1c][0xaa][0xf1][g[0x82]4[0xa6][0x88][0xc3][0x0][0x14][0xeb][0x10][0xd9][0xb][0x87]jB[0xd6]![0xb2][0x17][0xe][0x3]P[0xac]Cd[0xb][0xb2]r[0xb3][0x9][0xd2]Y[0xe]8[0xac]#[0xe4]^D[0x16][0xc1]a[0x0][0xb2]{[0x91][0x86][0xcb][0xc8]s/[0xd2][0xa8][0x19][0x89][0xd9][0xca][0xc4][0x10][0x11][0xb2]d[0xda][0x8d][0x8]lJVH[0x9a] [0x8d][0x95]Qf[0xe]"#[0x90][0xe7]![0xa4][0x5]f[0x14]9[0x4]i8[0x8c]2s[0x10][0x95][0x1b][0x8e][0xb4]D 1"[\r]v[0xe1]0[0x0]91"[0x8d]l[0xe1]PM[0xc8]:D[0x82][0xc0]a[0x0][0x8a]u[0x88][0xe8][0xc2][0xa1][0x9a][0x90]u$e5[0xa4][0x11]#[0xf2][0xac]C[0x1a]1[0xc2]a[0x0][0xb2][0xef][0x90][0xe][0x89][0xc0][0xa1][0x9a][0x80][0xef][0x90][0xb6][0x5][0xe1]0[0x0][0xc5]:D-[0x2]I[0xfb][0x98][0x13]2[0xf8]{[0x9f]&HC1[0xa0]u[0x15]X.lC[0xb6][0x8f][0xd2]Q[0x13][0x13][0xa4]Q[0x13][0x88][0x83]1[0x6][0x9a][0x9][0xb8][0x97][0xa4]]B&[0x94].[0x1d]3![0xbc]t[0xc]9x[0x90][0xba][0xf2][0xe4][0xf9][0xe][0xa9][0xdf][0x8e][0xc3][0x0][0x14][0xeb][0x10][0x19][0xf][0x87]j[0x2][0x81][0x89][0xd4]k&[0xd3][0x0]Df[0xc6]a[0x0][0xb2]{[0x91][0xba][0xb4]8T[0x13]p/[0xe1]e>([0xd6][0xa1]g[0xe]R[0xd3][0x1a][0xd2][0x9a][0x1c]ju[0x97]M[0x90][0xfa][0x9a][0xe4][0x85][0x1][0xa5][0x7][0x1e][0x98][0x10]^[0xe8]C[0xa0][0x88]"[0xbc][0xe8][0x7]9[0x16][0x90][0xba][0xb4]T[0xb]D[0xa4][0xb5]<d[0x6]"[0xa5]9[0x7][0xa9][0xeb]M=_[0x11][0xcc]L[0x4][0xb2][0x7][0xd2][0xa6]([0xf2][0x82][0x5][0xa9];O5_!u[0xf3][0xc9]t[0x14][0xa2]9D[0xa6][0x1][0x88][0xce][0x8][0xf5]|[0x85]hE[0xe3][0xa8][0xa6][0x9]d"[0xa4]A[0x0]2}[0x85]H[0xc2][0xe4],.2A[0xda][0xf4]E[0xa6][0x3][0x10][0xed]0[0xf2][0xc]@[0x1a][0x1b] [0xd3][0x0][0xc4][0x8][0x1][0x99][0x6]P[0x9a][0xb4][0x90][0x16]X[0x91][0x97][0xc]([0x1d]u0AZ][0x85][0xc3][0x5][0xc8][0x85]1[0xd2]r([0x1c][0xaa][0x9]$[[0xa4]#2q[0x18][0x80]d[0x9d])[0xd2][0xa8][0x3]Y[0x11]d[0x8a]4[0xea]@[0xa6][0x1][0x88][0x18][0xc6][0xe1]^[0xfc][0x1e]6EZ[0xbe][0xe4][0x9c][0x91]X[0x94][0x9b][0x9a][0x93][0x9a][0x8f][0xb9][0x10]+4/%U!?991[0x15][0xb4][0x92]G![0xb1](9#[0xb3]$5[0xb9]$[0x1f]yG[0xbe])[0xd2]b&2[0x1d]Cp[0x88][0x89][0x90]o[0x10][0x85][0x6][0x99][0xe1]Ia[0x9b][0xca][0x14]i[0xa4][0x85][\n]"
18:56:20.853 [main] DEBUG org.apache.http.wire -  << "[0xb3]o[0xa6][0x14]^[0x13]ll[0x8a][0xb4][0xf4][0x89][0x9c]b[0xd4][0x94][0xd2][0xcd]{[0xa6]HC9[0xe4]%[\n]"
18:56:20.853 [main] DEBUG org.apache.http.wire -  << "[0xa4][0x1][0x1d]2[\r]@[0xa4]*[0x8a][0xa6]?L[0x91][0xe]a[0xa1][0xd0] JS[0x19][0xd2][0xb2])[0xf2][0xd2]9[0xd2][0xfd]7[0xe4][0x5]*[0xd2][0xa0][0x12][0x99][0x6] *72[\r][0xa0][0xb4][0xe8]#<[0x8c]D[0xa0][0xb4]A[0xda][0x13]I[0xfa]V[0x14]S[0xa4]q[0xa9][0x82]bC[0x12][0xfb]n[0xa6]H[0xcb][0xad][0xc8][0xc]>D[0x1a][0xc4]a[0x0]rM[0x87][0xb4]4[\n]"
18:56:20.853 [main] DEBUG org.apache.http.wire -  << "[0x87]j[0x2]a[0x85][0xb4]4[\n]"
18:56:20.853 [main] DEBUG org.apache.http.wire -  << "[0x87][0x1][0xc8][0xd6][0x11][0x1e][0x94]"d[0x1d][0xa2]M[0x9c][0x96][0x99][0x93][0xab][0x90][0x98][0x97][0x98][\r]&0[0xc2]97[0xb5]8;[0xb3][0xa0]4O[0x1]U[0x9d][0x8e]B~QI[0xa9]BFbQi[0xb1]BIjIb[0x81]BJbnAf^z[0xa6][0x2][0xf2]2hSJG[0xc4]LI[0x1a][0x11]3E[0xda][0xad][0x89][0xea]`[0xea]{[0xc][0xd1]][0xc3][0x11]c[0x84][0xe2][0x0][0xd1][0x80][0xc6]a[0x0]r[0x94]#[0x8d][0x9c][0xd1][0xd8]cHCl[0xb4][0xb6][0x89]n[0xa9][0x10]i[0xd1][0x14][0x8e][0xb0]&[0x10]YH7[0x11][0xe1]0[0x0]%[0xb2][0x8][0x16][0x1e][0x84][0xac]#[0x98][0xb8][0x90][0xad]CZ[0x83][0x84][0xc3]q[0x4][0xac]C[0x1a][0xb8][0xc4]a[0x0][0x8a]u[0x88]h[0xc3][0xa1][0x9a][0x90]u[0x4]{[0xcf]([0xd6]![0x1a][0xad]4N[0x8f]H[0xe3][0xa1][0xb4][0xb6][0x89]`[0xfc][0x12][\n]"
18:56:20.854 [main] DEBUG org.apache.http.wire -  << "B[0x82][0x85][0x7][0x1][0x3][0x90][0xd6],[0xd1][0xd8][0xaf]H[Bim[0x13][0xa2][0xc9]Ck[0x9b][0x10]Y[0x80][0x1a][0xdd][0x18][0xa4][0xed][0xa7][0xe4][0xe5](3D[0x1b][0x9e]L[0x3][0x10][0x99][0xc][0x87][0x1][0xc8]Y[0x12]id[0x9c][0xd6][0x1]Mi:G[0x1a]/'[0xc2]cHc[0xdb]4[0xf6][0x18][0xd2]Z1Z[0xdb]D[0xb0][0xb4]%PT [\r][0xb7][0x13][0x13][0x84][0x94][0xd6]}H[0xab][0xd2][0x88][0xb0][0xe]i[0xcc][0x1a][0x87]j[0xd0][0xbc]&h[0xaf][\r][0xe2]$[0x4]S[0xa4]Ai*[0xde]1`[0x8a]tL[0x18]U[0x8d]E[0x14]68[0xbc]H [0x2][0x9]o[0xbc]%d[0x0][0xa2]x[0xa1][0xaa][0xc7][0x8][0x16]:[0x84][0xdc][0x85]Hk4[0xce]DH[0xc3][0xe5]d[0xc6][0x1][0xa5][0x5][0x19][0xd2]p9y.@>w[0xad]([0xb1],5'[0xb5][0x8][0xa3]S[0xe4][0x93][0x98][0x94]_[0x94][0xaa][0x90][0x9c][0x9f]W[0x9c]ZX[0x9a]XRZ[0xa4][0x90][0x97]_\RT[0x9a][0xab]PZ[0xa2]PX[0x9a][0xa9][0x90][0x9a][0x97][0x99][0xab][0x90][0x98][0x9c]\Z[0x9c][0x8][0xba]%,[0xb5][0xb8][0x18][0xe5][0xd8]QS[0xc2][0xab][0xee][0x8][0xc4])[0xe1]1u[0xe4][0x9a][0x8]i[0xfc][0x9b][0xc6])[0x0]i/2[0x99][0xe1][0x8f]H[0xac]8[0xc]@[0xf1][0x18]"[0xbd][0xd0][0xd6]cfH[0xa3][0xf4][0xb4][0xb6][0x9]1[0xa6][0xe5][0x98][0x9c][0x9c]Z\[0x9c]_[0x84]m[0xa3]hI[0xbe]Bj^Fb^r[0xaa]BbAAjb[0x11][0x88][0x89][0x14]6fH[0x9b][0x91]i[0xed]bD[0xd1]K[0x99][0x8b][0x11]u0Y[0x3][0x92]fH[0xbb][0x8e]i[0xed]eD2[0xa5][0xb5]M[0x88]N[0x10][0xad]mBd&[0xf2][0x82][0x9f][0xd2][0x15][0x9b]fH[0xc3][0xfc]d[0xba][0x80][0xd2][0x14][0x84]t[0xba]:[0x99].@[0xd4][0xd6]4[0x8e].[0xa4][0xa5][0xa1]d:[0x15][0x91][0xb2] [0x6][0xa0][0x8d][0x1f][0x3][0x0][0x0][0x0][0xff][0xff]"
18:56:20.854 [main] DEBUG org.apache.http.wire -  << "[\r][\n]"
18:56:20.856 [main] DEBUG org.apache.http.wire -  << "673[\r][\n]"
18:56:20.857 [main] DEBUG org.apache.http.wire -  << "R[0xb2]R[0xc2][0xbf][0x96][0xc2][0xc]i[0x2][0x0]b[0x2]FUI[0xc0][0x0][0xa4][0x9][0x0]2[\r]@tfqT[0x17][0xf8]+R3[0xc2][0xe3][0xf7][0xc8]e*[0xd2]p;[0x8d]c[0x17]ih[0x9e][0xd6]6![0x8a]2[0x8a]Jo[0xa4][0x9d][0xd3]dF[0x5][0xa2][0xfc][0xc1]a[0x0]rT [0xad]Y[0xa5]q[0x0]![0xcd]#[0xd0][0xda]&DEJk[0x9b][0x10][0x5]%[0xad]mB[0xf4][0x8a]hm[0x13][0xa2][0xe8][\r]H-*[0xce]L[0xc4]\[0x82][0xe0][0x9f][0x9b][0x97]Y[0xac]P[0x94][\n]"
18:56:20.857 [main] DEBUG org.apache.http.wire -  << "j[0x98][0xe7][0xa5]$[0xa6]*d[0x96][0x16][0xa5]*[0xe4]e[0x16]g[0x82][0x9b][0xed][0x89][0xa5][0xa0][0x9b][0x2][0xa0][0x97][0x6][0x14]#/K0[0xa3][0xdb][0x94][0x89][0x19][0xd2]bcZ[0x7][0x18]"[0xc3][0x85]$[0xe6][0xa5][0xa7][0xe6]$b[0x94][0xdf][0xe0][0xae]Ni[0xae]BJ~N~Qj[0xb1]Bqi^[0x89]Bf[0x9e]BjEjQrf[0x9][0xf8],[0x8b][0xd4]\[0x94][0x90]BZ[0xfe]Lc[0xf7]#[0xcd][0xf6][0x90]W{ m:'[0xd3][0x0][0xba]e#[0xa4][0xa9][0x15]Z[0x87]*"[0x1b][0xd1][0xda]&D[0xcd]Ck[0x9b][0x10]M[0x1d][0x1c]U[0xb][0x81]f[0x82][0x9]"[0xab][0xe0]0[0x0][0xb9]n"<SD[0xc0]:[0xa4]%[0xee][0xc4]X[0x87]H[0x85]8T[0x13][0xb2][0xe]QF[0xe3]0[0x0][0xc5]wt[0x8b]6[0xa4]m[0xe8]4N H[0x17]q[0xd0][0xd8]&[0xa4][0xe5][0xf9]8[0xc2][0x9a]@d[0xd1]mN[0xca][0xc]iN[0x8a][0xbc][0xe2][0x11]i/[0x3][0x99]~[0xa5][Y[0x84]4[0xfa]K[0x9e]_)][0xab]l[0x86]4HG[0xd6][0x16]3[0xa4]u[0xab]4N[0xc3]HW[0xb7][0x93][0x15]X[0xe6]H[0xa3]id[0x1a][0x80][0x18]$#gE[0xa2]9[0xd2][0x8a]U2[0x1d][0x80](s[0xc9][0x8a]-s[0xa4]5[0x9e][0xe4][0xb9][0x0]iQ&Y[0x99][0xcb][0x1c]i[0xb8][0x86][0xa2][0x95][0x88]f[0x84]'f[0x91][0xab][0xf][0xa4][0xd9]C[0xb2]<n[0x86]4)H[0xa6][0x1][0x88][0xb8]#[0xd3][0x0]D}I[0xa6][0x1][0x88]r[0x8d]L[0x3][0x10]u0[0x99][0x6] ZDd[0x1a][0x80]h[0x11][0x91]g[0x0][0xd2][0x9c]$[0x99][0x6]PV[0x6][0x98]Y z[0xdb]de 3J[0xf][0xdf]5C:|[0x97][\n]"
18:56:20.857 [main] DEBUG org.apache.http.wire -  << "[0xb]$[0xcc][0x90][0xa6][0xdf]h\[0x1] ][0xb5]J^[0xd0][0x11][0x9e][0xa7]C.2[0x90][0xa6][0xcb][0xc8]K*H[0xd3]e[0xe4]T[0x17]fH;:h[0x1b][0xb2][0xe6]HS[0x18]dy[0xd5][0xdc][0x80][0xc2][0x92][0xc1][0x9c][0xd2][0xc5][0xfa][0xe6]H[0xa3][0xf8]d%[0xe]sJ[0x17][0xeb][0x9b]#[0x8d][0xe2][0x93][0xe9][0x2]D[0xf9][0x8c][0xc3][0x0][0xa4][0xe4]i[0x8e][0xb4][0x90][0x9e][\n]"
18:56:20.857 [main] DEBUG org.apache.http.wire -  << "[0xd9][0xd8][0x1c]iT[0x1d][0x87][0xe5][0xf8]{[0x8][0xe6]H[0xa3][0xea]8[0xc]@v[0xbd][0x11]b[0x8][0x9d][0x8a][0xcb][0x16][0xcc][0x91][0x6][0xd6]I=[0xb9][0xc8][0x1c]iM<[0xe9]z)[0xac][0x9b][0xcd][0x91]F[0xde][0xc9])+[0xcc][0x91][0xc6][0xc1][0xc9]k[0x19][0x12]^[0xe5]N [0xfe][0x91][0x86][0xc6][0x89][0x88][0xa4][0xcb][0x83][0xc8]t/"[0xc4]i\8"]S[0x84][0xc3]c[0x84]B[0x6]Q8[0xe2]0[0x0]9g [0x9d][0x9f]Ic[0x8f]![0x8d][0x99][0x92]W[0xea]S:[0x92]i[0x8e]4[0xbe][0x88][0xc3][0x5][0x89][0xc5])[0xc8][0x81]C[0xf8][0xd4][0x8][0x14][0xd5][0x14]67[0xcd][0x91]Vo[0x13][0xe7]>[0xa4]18[0x88][0x6][0xdd]B[0x8c][0xd1]m[0xfc][0xb3][0x93][0xe6]H[0xa3]p[0x10]#H6[0x0][0xd1][0xc2][0x84][0x18][0xa0][0x8b]9%A[0xc8][\r][0x14][0xf6]U[0xcc])=v[0xd2][0x1c][0xe9][0xd8]I[0x1c]y[0x86]@[0xa6]CZ0[0x8e][0xc3][0x0][0xe4][0x94][0x82]4[0x12][0x7][0x9]3R[0x3][0x9d][0xd2]Q+s[0xa4]Q+2][0x80][0x1e][0xed]${[0x81][0xd2]HGZ[0xe9]L[0xa6][0x17][0x10][\r] 2[\r]@[0x94][0xb4]d[0x1a]@i[0x89]A[0xe9]!"[0xe6]H[0x8b][0xa2][0xc9][0xf3][0x2][0xa5]#[0x1d][0xe6]H#[0x1d]8r[0xe][0x81][0xac][0x87]t[0xae][0x8][0x99]^@[0xd4][0xed]d[0xba][0x80][0xd2][0x84][0x84]t[0x88][0x8][0x99].[0xa0]4!![0x9d][0x18]B[0x9e][0xb]([0x1d][0xe9]0GZ[0x89]M[0xa6][0xb][0x10]m|[0xf2][0xd2][0x1][0xd2]X[0x89]Gf[0x81][0x82]G~[0x1][0xd6]2-7[0xb5](9[0x3][0xdb]Y[0xe4][0xe6]H[0xe3][0xeb]dz[0x1][0x91][0x12][0xc9][0xf4][0x2][0xa2]D"[0xd3][0x5][0x94]&$JGM[0xcc][0x91]FM[0xc8][0xb][0x3][0xe4][0xd5][0xcd][0x89][0xb9][0xa0][0xf5][0xfe]:J.[0xa9][0xc5][0xc9]E[0x99][0x5][0xa0][0xbb]U[0x94][0xac][0x94][0x8][0x14]([0x94][0x8e][0xc4][0x98]#[0x8d][0xc4][0x90][0x17][0xb]H[0x87][0x81][0x90][0x19][0x6][0x88][0x84]D[0xa6][0xb][0x10]E[0x1a][0xe][0x3][0x90][0xdb]3HCGd[0xba][0x17]1[0xd0][0xea][0x93][0x99]S[0xa9][0x10][0x90]_R[0x82]eQzPbYj^rNb9[0x92][0xe5][0x16]H[0xf3],8[0x9c][0x8a]?[0xbe]-[0x90][0xce][0x16][0xc1]a[0x0][0x8a]u[0x14]6|,([0x1d][0xfd][0xb2][0xa0][0xf4][0xa8][0xb][0xb][0xa4][0xd1]/J[0xce][0xa7][0xb4]@[0x1a][0x4][0xa3][0xcc][0x1c][\n]"
18:56:20.857 [main] DEBUG org.apache.http.wire -  << "[0x9b][0x82][0x16]Hca[0x94]9[0x4][0x91][0xea])3[0x7][0xa9][0x18]v[0xf4][0xf5][0xf4]s[0xc7][0xa8]H[0xdc][0xfc][0x83][0x14]\[0xc3]\[0x83]"[0xfd][0xfd]\[0x91]S[0x17][0xd2][0xd1][0xa1]d[0xe5]$[0xb][0xa4][0x91].2[\r]@[0x14][0x1d][0x94],[0x95][0xb4]@[0xba][0xa5][0x86]"s[0x90][0x6][0x1e]}K[0x8b]3[0x93]1[0x82][0x12][0xd4][0xb9][0xc4]Y'[ [\r]4[0x1a][0x1a][0x19]+[0x90]c[0x4][0xd2]P#[0xc8][0x88][0xc4],[0xcc]%d[0xf8][0xdd][0x80]4ZFQP [0x9d]-A^[0xdc]"[\r][0x9a][0x91]i[0x0][0x85]m,[0xb][0xa4][0x81]82]@iY[0x81]t[0x8a][0x4][0x99].@[0x14][0x12]d[0x1a][0x80]([0x1d][0xc8]4[0x0]Q[B[0xc][0xd0]5[0xc3][0x9a]+ [0x92][0xd8][0x9a][0xaa][0x16][0x94][0xe][0xc6]YP[0xba].[0xd1][0x2]c4O[0x17][0xf3]6JP[0xb6][0xc2][0xe7][0x9]J[0xd3][0x2][0xd2][0x80] [0x8e][0x9a][0x1f]s[0xcb][0xa8][0x5][0xe1]AAB[0xce]F[0xc4]?[0x9][0xb6]R[0xd8]0[0xb7]@Z[0xdd][0x7][0x9]RR[0x93][0xc][0xe1][0xd1]I[0x2][0xfe]F[0x1a][0xad]$[0xde][0xdf][0x94][0x8e]OZ ]`C[0xa6][0xbf])MeH[0xa3][0x93][0xe4]L[0xb6]X [0x8d]-[0x92][0xe9][0x3]D[0xda]![0xcb][0x1][0xc8][0xab][0xf1][0xf2][0x8b][0xa0][0xd7]t)[0x18]aM@[0x5][0xa5]E[0x5][0xf9][0xc5][0xa9][0xc5][0xc8][0x8d][0x1a][0xa4][0xd1]J[0xa4]$B[0x82]~Jk[0x1d]J[0xd7]#Z[0x90][0xb4][0xfa][0xc7][0x2][0xe9]"[0x1b][0x12][0xf][0xe5][0xb7]@[0xba]>[0x1c]G[0x1e]![0xd0][0x99]A:[0x90][0x1][0x87][0x1][0xc8]1C[0xe9][0xf0][0x9f][0x5][0xa5]g[0x8][ [0x8d][0x1f][0x12][0xe3]^J[0xf3]"[0xd2][0x9][0x6][0xe4][0xe5]%sJk[0xa4][0x91]6[0x88][0xb]t[0xb1]7i![0x92]X+o[0xa4][0xb1]6[0x8a][0xba])HCn[0x94][0x99][0x83][0xc8][0x9f][0x94][0x99][0x83][0xe8]ZSf[0xe]"[0x95]Pf[0xe][0xa2]+D[0x99]9[0x88]4[0x83]#[0x8d][0x13][0xc8][0xd4]Hk[0xa8] [0xc9][0x2]k[0xd1][0xb][0x91][0xc2][0x9e]b[0x10]5[0x0][0x99].@or[0x92][0xea][0x2][0xa4]a=[0xf2]\[0x80]4[0xac][0x7][0xf1]([0xc9].@[0xa4]R2][0x80]H[0x9e]d[0xba][0x0][0x91].[0xc9]4[0x0][0x91] [0xc9][0xf4][0x2]"%[0x92][0xe9][0x2][0x82]mW[0x2]I[0x99][0xd2][0xa1]B[0xb]J[0xd7]e["[0x8d][0x17][0x92][0x15][0x6][0x96]H[0xe3][0x85][0x94]t[0xe7]-[0x91][0xe]/ [0xd3]![0x14]&HK[0xa4]s[0x88]i[0xbb][0xf8][0xc3][0xd2][0x0][0x91]r[0xc9][0xf4]+[0x85])[0xd7][0x12]i[0xcd] [0x8e][0xbc][0x83][0xd9][0xd7][0xb3]DZ[0xc0]N[0x85]Uo[0x96][0x94][0x8e][0xdc]ZR[0xba][0x1e][0xde][0x12]i=<[0x8e]P@j[0x1e]Z"[\r][0xf0][0xd2]8}[0x10]^[0xe][0x9][0x8f][0x9d][0xd8]Z.[0x0][0x0][0x0][0x0][0xff][0xff]"
18:56:20.857 [main] DEBUG org.apache.http.wire -  << "[\r][\n]"
18:56:20.858 [main] DEBUG org.apache.http.wire -  << "A[\r][\n]"
18:56:20.858 [main] DEBUG org.apache.http.wire -  << "[0x3][0x0][0xfb]][0x1b]{[0xeb][0x4][0x1][0x0]"
18:56:20.858 [main] DEBUG org.apache.http.wire -  << "[\r][\n]"
18:56:20.858 [main] DEBUG org.apache.http.wire -  << "0[\r][\n]"
18:56:20.858 [main] DEBUG org.apache.http.wire -  << "[\r][\n]"
18:56:20.858 [main] DEBUG io.restassured.internal.RestAssuredHttpBuilder - Parsed data to instance of: class org.apache.http.conn.EofSensorInputStream
18:56:20.861 [main] DEBUG org.apache.http.impl.conn.BasicClientConnectionManager - Releasing connection org.apache.http.impl.conn.ManagedClientConnectionImpl@52d181ed
18:56:20.861 [main] DEBUG org.apache.http.impl.conn.BasicClientConnectionManager - Connection can be kept alive indefinitely
18:56:20.906 [main] DEBUG net.thucydides.core.steps.StepInterceptor - STEP DONE: I send HTTP api GET request
  &amp#27;[32mWhen &amp#27;[0m&amp#27;[32mI send HTTP api GET request&amp#27;[0m                                         &amp#27;[90m# starter.stepdefinitions.ProductCategorySteps.iSendHTTPApiGETRequestcategory()&amp#27;[0m
18:56:20.912 [main] DEBUG net.thucydides.core.steps.StepInterceptor - STARTING STEP: ProductCategorySteps.iReceiveValidHTTPResponseCodeForGETAllProductCategory - I receive valid HTTP response code 200 for GET All product category
18:56:20.913 [main] DEBUG net.thucydides.core.steps.StepInterceptor - STEP DONE: I receive valid HTTP response code 200 for GET All product category
  &amp#27;[32mThen &amp#27;[0m&amp#27;[32mI receive valid HTTP response code &amp#27;[0m&amp#27;[32m&amp#27;[1m200&amp#27;[0m&amp#27;[32m for GET All product category&amp#27;[0m &amp#27;[90m# starter.stepdefinitions.ProductCategorySteps.iReceiveValidHTTPResponseCodeForGETAllProductCategory(int)&amp#27;[0m
18:56:20.921 [main] DEBUG net.thucydides.core.steps.StepInterceptor - STARTING STEP: ProductCategorySteps.iReceivedValidDataForAllProductCategory - I received valid data for all product category
18:56:20.922 [main] DEBUG net.thucydides.core.steps.StepInterceptor - STEP DONE: I received valid data for all product category
  &amp#27;[32mAnd &amp#27;[0m&amp#27;[32mI received valid data for all product category&amp#27;[0m                       &amp#27;[90m# starter.stepdefinitions.ProductCategorySteps.iReceivedValidDataForAllProductCategory()&amp#27;[0m
18:56:20.926 [main] INFO  - 
  _____   ___   ___   _____     ___     _     ___   ___   ___   ___  
 |_   _| | __| / __| |_   _|   | _ \   /_\   / __| / __| | __| |   \ 
   | |   | _|  \__ \   | |     |  _/  / _ \  \__ \ \__ \ | _|  | |) |
   |_|   |___| |___/   |_|     |_|   /_/ \_\ |___/ |___/ |___| |___/ 

GET  list of category
----------------------------------------------------------------------
]]></system-out>
  </testcase>
  <testcase name="POST As an admin I have be able to create new product category" classname="category" time="0.41">
    <system-out><![CDATA[
Scenario: POST As an admin I have be able to create new product category &amp#27;[90m# src/test/resources/api/productcategory.feature:8&amp#27;[0m
18:56:21.011 [main] INFO io.cucumber.core.plugin.SerenityReporter - Running feature from file:///E:/mini%20peoject/RestAPi/src/test/resources/api/productcategory.feature
18:56:21.011 [main] WARN io.cucumber.core.plugin.SerenityReporter - Feature from file:///E:/mini%20peoject/RestAPi/src/test/resources/api/productcategory.feature is not under the 'features' directory. Requirements report will not be correctly generated!
18:56:21.016 [main] INFO  - 
  _____   ___   ___   _____     ___   _____     _     ___   _____   ___   ___  
 |_   _| | __| / __| |_   _|   / __| |_   _|   /_\   | _ \ |_   _| | __| |   \ 
   | |   | _|  \__ \   | |     \__ \   | |    / _ \  |   /   | |   | _|  | |) |
   |_|   |___| |___/   |_|     |___/   |_|   /_/ \_\ |_|_\   |_|   |___| |___/ 

POST As an admin I have be able to create new product category(category;post-as-an-admin-i-have-be-able-to-create-new-product-category)
--------------------------------------------------------------------------------
18:56:21.057 [main] DEBUG net.thucydides.core.steps.StepInterceptor - STARTING STEP: ProductCategorySteps.iSetThePOSTApiEndpointsInCategory - I set the POST api endpoints in category
18:56:21.058 [main] DEBUG net.thucydides.core.steps.StepInterceptor - STEP DONE: I set the POST api endpoints in category
  &amp#27;[32mGiven &amp#27;[0m&amp#27;[32mI set the POST api endpoints in category&amp#27;[0m                         &amp#27;[90m# starter.stepdefinitions.ProductCategorySteps.iSetThePOSTApiEndpointsInCategory()&amp#27;[0m
18:56:21.064 [main] DEBUG net.thucydides.core.steps.StepInterceptor - STARTING STEP: ProductCategorySteps.iSendHTTPApiPOSTRequest - I send HTTP api POST request
18:56:21.067 [main] DEBUG net.thucydides.core.steps.StepInterceptor - STARTING STEP: PostProductCategory.HTTPApiPOSTRequest - I set the POST api endpoints in category
18:56:21.067 [main] DEBUG net.thucydides.core.steps.StepInterceptor - STEP DONE: I set the POST api endpoints in category
18:56:21.112 [main] DEBUG org.apache.http.impl.conn.BasicClientConnectionManager - Get connection for route {s}->https://altashop-api.fly.dev:443
18:56:21.113 [main] DEBUG org.apache.http.impl.conn.DefaultClientConnectionOperator - Connecting to altashop-api.fly.dev:443
18:56:21.293 [main] DEBUG org.apache.http.client.protocol.RequestAddCookies - CookieSpec selected: ignoreCookies
18:56:21.293 [main] DEBUG org.apache.http.client.protocol.RequestAuthCache - Auth cache not set in the context
18:56:21.293 [main] DEBUG org.apache.http.client.protocol.RequestProxyAuthentication - Proxy auth state: UNCHALLENGED
18:56:21.293 [main] DEBUG org.apache.http.impl.client.DefaultHttpClient - Attempt 1 to execute request
18:56:21.293 [main] DEBUG org.apache.http.impl.conn.DefaultClientConnection - Sending request: POST /api/categories HTTP/1.1
18:56:21.293 [main] DEBUG org.apache.http.wire -  >> "POST /api/categories HTTP/1.1[\r][\n]"
18:56:21.293 [main] DEBUG org.apache.http.wire -  >> "Authorization: Bearer eyJhbGciOiJIUzI1NiIsInR5cCI6IkpXVCJ9.eyJGdWxsbmFtZSI6IkdpdGEgTGVvbmkgZHdpIGZyaXAiLCJFbWFpbCI6ImdpdGFsZWUyMUBnbWFpbC5jb20ifQ.TGsRtCS1_W5fQoxLxVSMhDknX_uoRVw_0tYCGs1StVE[\r][\n]"
18:56:21.295 [main] DEBUG org.apache.http.wire -  >> "Accept: */*[\r][\n]"
18:56:21.295 [main] DEBUG org.apache.http.wire -  >> "Content-Type: application/json[\r][\n]"
18:56:21.295 [main] DEBUG org.apache.http.wire -  >> "Content-Length: 72[\r][\n]"
18:56:21.295 [main] DEBUG org.apache.http.wire -  >> "Host: altashop-api.fly.dev[\r][\n]"
18:56:21.295 [main] DEBUG org.apache.http.wire -  >> "Connection: Keep-Alive[\r][\n]"
18:56:21.295 [main] DEBUG org.apache.http.wire -  >> "User-Agent: Apache-HttpClient/4.5.13 (Java/19.0.2)[\r][\n]"
18:56:21.295 [main] DEBUG org.apache.http.wire -  >> "Accept-Encoding: gzip,deflate[\r][\n]"
18:56:21.295 [main] DEBUG org.apache.http.wire -  >> "[\r][\n]"
18:56:21.295 [main] DEBUG org.apache.http.headers - >> POST /api/categories HTTP/1.1
18:56:21.295 [main] DEBUG org.apache.http.headers - >> Authorization: Bearer eyJhbGciOiJIUzI1NiIsInR5cCI6IkpXVCJ9.eyJGdWxsbmFtZSI6IkdpdGEgTGVvbmkgZHdpIGZyaXAiLCJFbWFpbCI6ImdpdGFsZWUyMUBnbWFpbC5jb20ifQ.TGsRtCS1_W5fQoxLxVSMhDknX_uoRVw_0tYCGs1StVE
18:56:21.295 [main] DEBUG org.apache.http.headers - >> Accept: */*
18:56:21.295 [main] DEBUG org.apache.http.headers - >> Content-Type: application/json
18:56:21.295 [main] DEBUG org.apache.http.headers - >> Content-Length: 72
18:56:21.295 [main] DEBUG org.apache.http.headers - >> Host: altashop-api.fly.dev
18:56:21.295 [main] DEBUG org.apache.http.headers - >> Connection: Keep-Alive
18:56:21.295 [main] DEBUG org.apache.http.headers - >> User-Agent: Apache-HttpClient/4.5.13 (Java/19.0.2)
18:56:21.295 [main] DEBUG org.apache.http.headers - >> Accept-Encoding: gzip,deflate
18:56:21.295 [main] DEBUG org.apache.http.wire -  >> "{"name":"Skincare","description":"Skincare terbaik untuk merawat wajah"}"
18:56:21.332 [main] DEBUG org.apache.http.wire -  << "HTTP/1.1 200 OK[\r][\n]"
18:56:21.332 [main] DEBUG org.apache.http.wire -  << "content-type: application/json[\r][\n]"
18:56:21.332 [main] DEBUG org.apache.http.wire -  << "date: Tue, 09 May 2023 11:56:21 GMT[\r][\n]"
18:56:21.332 [main] DEBUG org.apache.http.wire -  << "content-encoding: gzip[\r][\n]"
18:56:21.332 [main] DEBUG org.apache.http.wire -  << "transfer-encoding: chunked[\r][\n]"
18:56:21.332 [main] DEBUG org.apache.http.wire -  << "server: Fly/3f2597ca (2023-05-03)[\r][\n]"
18:56:21.332 [main] DEBUG org.apache.http.wire -  << "via: 1.1 fly.io[\r][\n]"
18:56:21.332 [main] DEBUG org.apache.http.wire -  << "fly-request-id: 01H005X7WYH3GRGYJ62WEEPTEJ-sin[\r][\n]"
18:56:21.332 [main] DEBUG org.apache.http.wire -  << "[\r][\n]"
18:56:21.332 [main] DEBUG org.apache.http.impl.conn.DefaultClientConnection - Receiving response: HTTP/1.1 200 OK
18:56:21.332 [main] DEBUG org.apache.http.headers - << HTTP/1.1 200 OK
18:56:21.332 [main] DEBUG org.apache.http.headers - << content-type: application/json
18:56:21.332 [main] DEBUG org.apache.http.headers - << date: Tue, 09 May 2023 11:56:21 GMT
18:56:21.332 [main] DEBUG org.apache.http.headers - << content-encoding: gzip
18:56:21.332 [main] DEBUG org.apache.http.headers - << transfer-encoding: chunked
18:56:21.332 [main] DEBUG org.apache.http.headers - << server: Fly/3f2597ca (2023-05-03)
18:56:21.332 [main] DEBUG org.apache.http.headers - << via: 1.1 fly.io
18:56:21.332 [main] DEBUG org.apache.http.headers - << fly-request-id: 01H005X7WYH3GRGYJ62WEEPTEJ-sin
18:56:21.333 [main] DEBUG org.apache.http.impl.client.DefaultHttpClient - Connection can be kept alive indefinitely
18:56:21.333 [main] DEBUG io.restassured.internal.RestAssuredHttpBuilder - Parsing response as: application/json
18:56:21.333 [main] DEBUG org.apache.http.wire -  << "68[\r][\n]"
18:56:21.333 [main] DEBUG org.apache.http.wire -  << "[0x1f][0x8b][0x8][0x0][0x0][0x0][0x0][0x0][0x4][0xff][0xab]VJI,IT[0xb2][0xaa]V[0xf2]tQ[0xb2]24[0xb6]44[0xd5]Q[0xf2]K[0xcc]MU[0xb2]R[\n]"
18:56:21.333 [main] DEBUG org.apache.http.wire -  << "[0xce][0xce][0xcc]KN,JU[0xd2]QrI-N.[0xca],([0xc9][0xcc][0xcf]C[0x92]P(I-JJ[0xcc][0xcc]V([0xcd]+)[0xcd]V[0xc8]M-J,O,Q(O[0xcc]J[0xcc]P[0xaa][0xad][0xe5][0x2][0x0]k[0xf2]F[0x1f]][0x0][0x0][0x0]"
18:56:21.333 [main] DEBUG org.apache.http.wire -  << "[\r][\n]"
18:56:21.333 [main] DEBUG org.apache.http.wire -  << "0[\r][\n]"
18:56:21.333 [main] DEBUG org.apache.http.wire -  << "[\r][\n]"
18:56:21.333 [main] DEBUG io.restassured.internal.RestAssuredHttpBuilder - Parsed data to instance of: class org.apache.http.conn.EofSensorInputStream
18:56:21.336 [main] DEBUG org.apache.http.impl.conn.BasicClientConnectionManager - Releasing connection org.apache.http.impl.conn.ManagedClientConnectionImpl@42150951
18:56:21.336 [main] DEBUG org.apache.http.impl.conn.BasicClientConnectionManager - Connection can be kept alive indefinitely
18:56:21.336 [main] DEBUG net.thucydides.core.steps.StepInterceptor - STEP DONE: I send HTTP api POST request
  &amp#27;[32mWhen &amp#27;[0m&amp#27;[32mI send HTTP api POST request&amp#27;[0m                                      &amp#27;[90m# starter.stepdefinitions.ProductCategorySteps.iSendHTTPApiPOSTRequest()&amp#27;[0m
18:56:21.346 [main] DEBUG net.thucydides.core.steps.StepInterceptor - STARTING STEP: ProductCategorySteps.iReceiveValidHTTPResponseCodeInProductCategory - I receive valid HTTP response code 200 in product category
18:56:21.348 [main] DEBUG net.thucydides.core.steps.StepInterceptor - STEP DONE: I receive valid HTTP response code 200 in product category
  &amp#27;[32mThen &amp#27;[0m&amp#27;[32mI receive valid HTTP response code &amp#27;[0m&amp#27;[32m&amp#27;[1m200&amp#27;[0m&amp#27;[32m in product category&amp#27;[0m        &amp#27;[90m# starter.stepdefinitions.ProductCategorySteps.iReceiveValidHTTPResponseCodeInProductCategory(int)&amp#27;[0m
18:56:21.354 [main] DEBUG net.thucydides.core.steps.StepInterceptor - STARTING STEP: ProductCategorySteps.iReceiveValidDataForNewProductCategory - I receive valid data for new product category
18:56:21.356 [main] DEBUG net.thucydides.core.steps.StepInterceptor - STEP DONE: I receive valid data for new product category
  &amp#27;[32mAnd &amp#27;[0m&amp#27;[32mI receive valid data for new product category&amp#27;[0m                      &amp#27;[90m# starter.stepdefinitions.ProductCategorySteps.iReceiveValidDataForNewProductCategory()&amp#27;[0m
18:56:21.360 [main] INFO  - 
  _____   ___   ___   _____     ___     _     ___   ___   ___   ___  
 |_   _| | __| / __| |_   _|   | _ \   /_\   / __| / __| | __| |   \ 
   | |   | _|  \__ \   | |     |  _/  / _ \  \__ \ \__ \ | _|  | |) |
   |_|   |___| |___/   |_|     |_|   /_/ \_\ |___/ |___/ |___| |___/ 

POST As an admin I have be able to create new product category
----------------------------------------------------------------------
]]></system-out>
  </testcase>
  <testcase name="GET id product category" classname="category" time="0.558">
    <failure type="java.lang.AssertionError"><![CDATA[java.lang.AssertionError: 
1 expectation failed.
Expected status code <200> but was <404>.

]]></failure>
    <system-out><![CDATA[
Scenario: GET id product category                                         &amp#27;[90m# src/test/resources/api/productcategory.feature:14&amp#27;[0m
18:56:21.418 [main] INFO io.cucumber.core.plugin.SerenityReporter - Running feature from file:///E:/mini%20peoject/RestAPi/src/test/resources/api/productcategory.feature
18:56:21.418 [main] WARN io.cucumber.core.plugin.SerenityReporter - Feature from file:///E:/mini%20peoject/RestAPi/src/test/resources/api/productcategory.feature is not under the 'features' directory. Requirements report will not be correctly generated!
18:56:21.424 [main] INFO  - 
  _____   ___   ___   _____     ___   _____     _     ___   _____   ___   ___  
 |_   _| | __| / __| |_   _|   / __| |_   _|   /_\   | _ \ |_   _| | __| |   \ 
   | |   | _|  \__ \   | |     \__ \   | |    / _ \  |   /   | |   | _|  | |) |
   |_|   |___| |___/   |_|     |___/   |_|   /_/ \_\ |_|_\   |_|   |___| |___/ 

GET id product category(category;get-id-product-category)
--------------------------------------------------------------------------------
18:56:21.453 [main] DEBUG net.thucydides.core.steps.StepInterceptor - STARTING STEP: ProductCategorySteps.iSetTheGETApiEndpointsByIdcategory - I set the GET api endpoints by id
18:56:21.454 [main] DEBUG net.thucydides.core.steps.StepInterceptor - STEP DONE: I set the GET api endpoints by id
  &amp#27;[32mGiven &amp#27;[0m&amp#27;[32mI set the GET api endpoints by id&amp#27;[0m                                 &amp#27;[90m# starter.stepdefinitions.ProductCategorySteps.iSetTheGETApiEndpointsByIdcategory()&amp#27;[0m
18:56:21.463 [main] DEBUG net.thucydides.core.steps.StepInterceptor - STARTING STEP: ProductCategorySteps.iSendHTTPApiGETRequestByIdcategory - I send HTTP api GET request by id
18:56:21.470 [main] DEBUG net.thucydides.core.steps.StepInterceptor - STARTING STEP: GetIdProductCategory.GETRequestByIdcategory - I set the GET api endpoints by id
18:56:21.475 [main] DEBUG net.thucydides.core.steps.StepInterceptor - STEP DONE: I set the GET api endpoints by id
18:56:21.526 [main] DEBUG org.apache.http.impl.conn.BasicClientConnectionManager - Get connection for route {s}->https://altashop-api.fly.dev:443
18:56:21.526 [main] DEBUG org.apache.http.impl.conn.DefaultClientConnectionOperator - Connecting to altashop-api.fly.dev:443
18:56:21.616 [main] DEBUG org.apache.http.client.protocol.RequestAddCookies - CookieSpec selected: ignoreCookies
18:56:21.616 [main] DEBUG org.apache.http.client.protocol.RequestAuthCache - Auth cache not set in the context
18:56:21.616 [main] DEBUG org.apache.http.client.protocol.RequestTargetAuthentication - Target auth state: UNCHALLENGED
18:56:21.616 [main] DEBUG org.apache.http.client.protocol.RequestProxyAuthentication - Proxy auth state: UNCHALLENGED
18:56:21.616 [main] DEBUG org.apache.http.impl.client.DefaultHttpClient - Attempt 1 to execute request
18:56:21.616 [main] DEBUG org.apache.http.impl.conn.DefaultClientConnection - Sending request: GET /api/categories/12505 HTTP/1.1
18:56:21.616 [main] DEBUG org.apache.http.wire -  >> "GET /api/categories/12505 HTTP/1.1[\r][\n]"
18:56:21.616 [main] DEBUG org.apache.http.wire -  >> "Accept: */*[\r][\n]"
18:56:21.616 [main] DEBUG org.apache.http.wire -  >> "Host: altashop-api.fly.dev[\r][\n]"
18:56:21.616 [main] DEBUG org.apache.http.wire -  >> "Connection: Keep-Alive[\r][\n]"
18:56:21.616 [main] DEBUG org.apache.http.wire -  >> "User-Agent: Apache-HttpClient/4.5.13 (Java/19.0.2)[\r][\n]"
18:56:21.616 [main] DEBUG org.apache.http.wire -  >> "Accept-Encoding: gzip,deflate[\r][\n]"
18:56:21.616 [main] DEBUG org.apache.http.wire -  >> "[\r][\n]"
18:56:21.616 [main] DEBUG org.apache.http.headers - >> GET /api/categories/12505 HTTP/1.1
18:56:21.616 [main] DEBUG org.apache.http.headers - >> Accept: */*
18:56:21.616 [main] DEBUG org.apache.http.headers - >> Host: altashop-api.fly.dev
18:56:21.616 [main] DEBUG org.apache.http.headers - >> Connection: Keep-Alive
18:56:21.616 [main] DEBUG org.apache.http.headers - >> User-Agent: Apache-HttpClient/4.5.13 (Java/19.0.2)
18:56:21.616 [main] DEBUG org.apache.http.headers - >> Accept-Encoding: gzip,deflate
18:56:21.717 [main] DEBUG org.apache.http.wire -  << "HTTP/1.1 404 Not Found[\r][\n]"
18:56:21.717 [main] DEBUG org.apache.http.wire -  << "content-type: application/json[\r][\n]"
18:56:21.717 [main] DEBUG org.apache.http.wire -  << "date: Tue, 09 May 2023 11:56:21 GMT[\r][\n]"
18:56:21.717 [main] DEBUG org.apache.http.wire -  << "content-encoding: gzip[\r][\n]"
18:56:21.717 [main] DEBUG org.apache.http.wire -  << "transfer-encoding: chunked[\r][\n]"
18:56:21.718 [main] DEBUG org.apache.http.wire -  << "server: Fly/3f2597ca (2023-05-03)[\r][\n]"
18:56:21.718 [main] DEBUG org.apache.http.wire -  << "via: 1.1 fly.io[\r][\n]"
18:56:21.718 [main] DEBUG org.apache.http.wire -  << "fly-request-id: 01H005X87YW00A4P7HYQH79Q79-sin[\r][\n]"
18:56:21.718 [main] DEBUG org.apache.http.wire -  << "[\r][\n]"
18:56:21.718 [main] DEBUG org.apache.http.impl.conn.DefaultClientConnection - Receiving response: HTTP/1.1 404 Not Found
18:56:21.718 [main] DEBUG org.apache.http.headers - << HTTP/1.1 404 Not Found
18:56:21.718 [main] DEBUG org.apache.http.headers - << content-type: application/json
18:56:21.718 [main] DEBUG org.apache.http.headers - << date: Tue, 09 May 2023 11:56:21 GMT
18:56:21.718 [main] DEBUG org.apache.http.headers - << content-encoding: gzip
18:56:21.718 [main] DEBUG org.apache.http.headers - << transfer-encoding: chunked
18:56:21.718 [main] DEBUG org.apache.http.headers - << server: Fly/3f2597ca (2023-05-03)
18:56:21.718 [main] DEBUG org.apache.http.headers - << via: 1.1 fly.io
18:56:21.718 [main] DEBUG org.apache.http.headers - << fly-request-id: 01H005X87YW00A4P7HYQH79Q79-sin
18:56:21.718 [main] DEBUG org.apache.http.impl.client.DefaultHttpClient - Connection can be kept alive indefinitely
18:56:21.718 [main] DEBUG io.restassured.internal.RestAssuredHttpBuilder - Parsing response as: application/json
18:56:21.718 [main] DEBUG org.apache.http.wire -  << "31[\r][\n]"
18:56:21.718 [main] DEBUG org.apache.http.wire -  << "[0x1f][0x8b][0x8][0x0][0x0][0x0][0x0][0x0][0x4][0xff][0xab]VJ-*[0xca]/R[0xb2]R*JM[0xce]/JQ[0xc8][0xcb]/QH[0xcb]/[0xcd]KQ[0xaa][0xe5][0x2][0x0]6`[0x14][0x2][0x1d][0x0][0x0][0x0]"
18:56:21.718 [main] DEBUG org.apache.http.wire -  << "[\r][\n]"
18:56:21.719 [main] DEBUG org.apache.http.wire -  << "0[\r][\n]"
18:56:21.719 [main] DEBUG org.apache.http.wire -  << "[\r][\n]"
18:56:21.719 [main] DEBUG io.restassured.internal.RestAssuredHttpBuilder - Parsed data to instance of: class org.apache.http.conn.EofSensorInputStream
18:56:21.720 [main] DEBUG org.apache.http.impl.conn.BasicClientConnectionManager - Releasing connection org.apache.http.impl.conn.ManagedClientConnectionImpl@412440c1
18:56:21.720 [main] DEBUG org.apache.http.impl.conn.BasicClientConnectionManager - Connection can be kept alive indefinitely
18:56:21.721 [main] DEBUG net.thucydides.core.steps.StepInterceptor - STEP DONE: I send HTTP api GET request by id
  &amp#27;[32mWhen &amp#27;[0m&amp#27;[32mI send HTTP api GET request by id&amp#27;[0m                                  &amp#27;[90m# starter.stepdefinitions.ProductCategorySteps.iSendHTTPApiGETRequestByIdcategory()&amp#27;[0m
18:56:21.727 [main] DEBUG net.thucydides.core.steps.StepInterceptor - STARTING STEP: ProductCategorySteps.iReceiveValidHTTPResponseCodeForGETIdProductCategory - I receive valid HTTP response code 200 for GET id product category
  &amp#27;[31mThen &amp#27;[0m&amp#27;[31mI receive valid HTTP response code &amp#27;[0m&amp#27;[31m&amp#27;[1m200&amp#27;[0m&amp#27;[31m for GET id product category&amp#27;[0m &amp#27;[90m# starter.stepdefinitions.ProductCategorySteps.iReceiveValidHTTPResponseCodeForGETIdProductCategory(int)&amp#27;[0m
      &amp#27;[31mjava.lang.AssertionError: 1 expectation failed.
Expected status code <200> but was <404>.

	at java.base/jdk.internal.reflect.DirectConstructorHandleAccessor.newInstance(DirectConstructorHandleAccessor.java:67)
	at java.base/java.lang.reflect.Constructor.newInstanceWithCaller(Constructor.java:500)
	at java.base/java.lang.reflect.Constructor.newInstance(Constructor.java:484)
	at org.codehaus.groovy.reflection.CachedConstructor.invoke(CachedConstructor.java:73)
	at org.codehaus.groovy.runtime.callsite.ConstructorSite$ConstructorSiteNoUnwrapNoCoerce.callConstructor(ConstructorSite.java:108)
	at org.codehaus.groovy.runtime.callsite.CallSiteArray.defaultCallConstructor(CallSiteArray.java:57)
	at org.codehaus.groovy.runtime.callsite.AbstractCallSite.callConstructor(AbstractCallSite.java:263)
	at org.codehaus.groovy.runtime.callsite.AbstractCallSite.callConstructor(AbstractCallSite.java:277)
	at io.restassured.internal.ResponseSpecificationImpl$HamcrestAssertionClosure.validate(ResponseSpecificationImpl.groovy:512)
	at io.restassured.internal.ResponseSpecificationImpl$HamcrestAssertionClosure$validate$1.call(Unknown Source)
	at io.restassured.internal.ResponseSpecificationImpl.validateResponseIfRequired(ResponseSpecificationImpl.groovy:696)
	at io.restassured.internal.ResponseSpecificationImpl.this$2$validateResponseIfRequired(ResponseSpecificationImpl.groovy)
	at java.base/jdk.internal.reflect.DirectMethodHandleAccessor.invoke(DirectMethodHandleAccessor.java:104)
	at java.base/java.lang.reflect.Method.invoke(Method.java:578)
	at org.codehaus.groovy.runtime.callsite.PlainObjectMetaMethodSite.doInvoke(PlainObjectMetaMethodSite.java:43)
	at org.codehaus.groovy.runtime.callsite.PogoMetaMethodSite$PogoCachedMethodSiteNoUnwrapNoCoerce.invoke(PogoMetaMethodSite.java:198)
	at org.codehaus.groovy.runtime.callsite.PogoMetaMethodSite.callCurrent(PogoMetaMethodSite.java:62)
	at org.codehaus.groovy.runtime.callsite.AbstractCallSite.callCurrent(AbstractCallSite.java:185)
	at io.restassured.internal.ResponseSpecificationImpl.statusCode(ResponseSpecificationImpl.groovy:135)
	at io.restassured.specification.ResponseSpecification$statusCode$0.callCurrent(Unknown Source)
	at io.restassured.internal.ResponseSpecificationImpl.statusCode(ResponseSpecificationImpl.groovy:143)
	at io.restassured.internal.ValidatableResponseOptionsImpl.statusCode(ValidatableResponseOptionsImpl.java:89)
	at RestApi@1.0-SNAPSHOT/starter.altashop.Categories.GetIdProductCategory.lambda$HTTPResponseCodeForGETIdProductCategory$0(GetIdProductCategory.java:23)
	at net.serenitybdd.rest.SerenityRest.restAssuredThat(SerenityRest.java:626)
	at RestApi@1.0-SNAPSHOT/starter.altashop.Categories.GetIdProductCategory.HTTPResponseCodeForGETIdProductCategory(GetIdProductCategory.java:23)
	at RestApi@1.0-SNAPSHOT/starter.altashop.Categories.GetIdProductCategory$ByteBuddy$aZj7Xw8z.HTTPResponseCodeForGETIdProductCategory$accessor$EJDRchHs(Unknown Source)
	at java.base/jdk.internal.reflect.DirectMethodHandleAccessor.invoke(DirectMethodHandleAccessor.java:104)
	at java.base/java.lang.reflect.Method.invoke(Method.java:578)
	at net.thucydides.core.steps.StepInterceptor.invokeMethod(StepInterceptor.java:503)
	at net.thucydides.core.steps.StepInterceptor.executeTestStepMethod(StepInterceptor.java:483)
	at net.thucydides.core.steps.StepInterceptor.runTestStep(StepInterceptor.java:457)
	at net.thucydides.core.steps.StepInterceptor.runOrSkipMethod(StepInterceptor.java:209)
	at net.thucydides.core.steps.StepInterceptor.testStepResult(StepInterceptor.java:196)
	at net.thucydides.core.steps.StepInterceptor.intercept(StepInterceptor.java:84)
	at net.thucydides.core.steps.ProxyConfiguration$InterceptorDispatcher.intercept(ProxyConfiguration.java:51)
	at RestApi@1.0-SNAPSHOT/starter.altashop.Categories.GetIdProductCategory$ByteBuddy$aZj7Xw8z.HTTPResponseCodeForGETIdProductCategory(Unknown Source)
	at RestApi@1.0-SNAPSHOT/starter.stepdefinitions.ProductCategorySteps.iReceiveValidHTTPResponseCodeForGETIdProductCategory(ProductCategorySteps.java:54)
	at ✽.I receive valid HTTP response code 200 for GET id product category(file:///E:/mini%20peoject/RestAPi/src/test/resources/api/productcategory.feature:17)
&amp#27;[0m
  &amp#27;[36mAnd &amp#27;[0m&amp#27;[36mI received valid data for id product category&amp#27;[0m                       &amp#27;[90m# starter.stepdefinitions.ProductCategorySteps.iReceivedValidDataForIdProductCategory()&amp#27;[0m
18:56:21.813 [main] ERROR  - 
  _____   ___   ___   _____     ___     _     ___   _      ___   ___  
 |_   _| | __| / __| |_   _|   | __|   /_\   |_ _| | |    | __| |   \ 
   | |   | _|  \__ \   | |     | _|   / _ \   | |  | |__  | _|  | |) |
   |_|   |___| |___/   |_|     |_|   /_/ \_\ |___| |____| |___| |___/ 

GET id product category
-----------------------------------------------------------------------
18:56:21.816 [main] DEBUG  - RELATED ISSUES: 
18:56:21.925 [main] ERROR  -     Test failed at step: I receive valid HTTP response code 200 for GET id product category
18:56:21.926 [main] ERROR  -     1 expectation failed.Expected status code <200> but was <404>.
]]></system-out>
  </testcase>
  <testcase name="DELETE category" classname="category" time="0.553">
    <system-out><![CDATA[
Scenario: DELETE category                                         &amp#27;[90m# src/test/resources/api/productcategory.feature:20&amp#27;[0m
18:56:22.018 [main] INFO io.cucumber.core.plugin.SerenityReporter - Running feature from file:///E:/mini%20peoject/RestAPi/src/test/resources/api/productcategory.feature
18:56:22.018 [main] WARN io.cucumber.core.plugin.SerenityReporter - Feature from file:///E:/mini%20peoject/RestAPi/src/test/resources/api/productcategory.feature is not under the 'features' directory. Requirements report will not be correctly generated!
18:56:22.026 [main] INFO  - 
  _____   ___   ___   _____     ___   _____     _     ___   _____   ___   ___  
 |_   _| | __| / __| |_   _|   / __| |_   _|   /_\   | _ \ |_   _| | __| |   \ 
   | |   | _|  \__ \   | |     \__ \   | |    / _ \  |   /   | |   | _|  | |) |
   |_|   |___| |___/   |_|     |___/   |_|   /_/ \_\ |_|_\   |_|   |___| |___/ 

DELETE category(category;delete-category)
--------------------------------------------------------------------------------
18:56:22.093 [Finalizer] DEBUG org.apache.http.impl.conn.DefaultClientConnection - Connection 0.0.0.0:53264<->149.248.193.56:443 closed
18:56:22.094 [Finalizer] DEBUG org.apache.http.impl.conn.DefaultClientConnection - Connection 0.0.0.0:53262<->149.248.193.56:443 closed
18:56:22.095 [Finalizer] DEBUG org.apache.http.impl.conn.DefaultClientConnection - Connection 0.0.0.0:53261<->149.248.193.56:443 closed
18:56:22.095 [Finalizer] DEBUG org.apache.http.impl.conn.DefaultClientConnection - Connection 0.0.0.0:53260<->149.248.193.56:443 closed
18:56:22.096 [Finalizer] DEBUG org.apache.http.impl.conn.DefaultClientConnection - Connection 0.0.0.0:53265<->149.248.193.56:443 closed
18:56:22.097 [Finalizer] DEBUG org.apache.http.impl.conn.DefaultClientConnection - Connection 0.0.0.0:53269<->149.248.193.56:443 closed
18:56:22.098 [Finalizer] DEBUG org.apache.http.impl.conn.DefaultClientConnection - Connection 0.0.0.0:53268<->149.248.193.56:443 closed
18:56:22.099 [Finalizer] DEBUG org.apache.http.impl.conn.DefaultClientConnection - Connection 0.0.0.0:53267<->149.248.193.56:443 closed
18:56:22.100 [Finalizer] DEBUG org.apache.http.impl.conn.DefaultClientConnection - Connection 0.0.0.0:53266<->149.248.193.56:443 closed
18:56:22.113 [main] DEBUG net.thucydides.core.steps.StepInterceptor - STARTING STEP: ProductCategorySteps.iSetTheDELETEApiEndpointscategory - I set the DELETE api endpoints
18:56:22.114 [main] DEBUG net.thucydides.core.steps.StepInterceptor - STEP DONE: I set the DELETE api endpoints
  &amp#27;[32mGiven &amp#27;[0m&amp#27;[32mI set the DELETE api endpoints&amp#27;[0m                            &amp#27;[90m# starter.stepdefinitions.ProductCategorySteps.iSetTheDELETEApiEndpointscategory()&amp#27;[0m
18:56:22.198 [main] DEBUG net.thucydides.core.steps.StepInterceptor - STARTING STEP: ProductCategorySteps.iSendHTTPApiDELETERequestForCategory - I send HTTP api DELETE request for category
18:56:22.207 [main] DEBUG net.thucydides.core.steps.StepInterceptor - STARTING STEP: DeleteProductCategory.DELETERequestForCategory - I set the DELETE api endpoints
18:56:22.207 [main] DEBUG net.thucydides.core.steps.StepInterceptor - STEP DONE: I set the DELETE api endpoints
18:56:22.291 [main] DEBUG org.apache.http.impl.conn.BasicClientConnectionManager - Get connection for route {s}->https://altashop-api.fly.dev:443
18:56:22.292 [main] DEBUG org.apache.http.impl.conn.DefaultClientConnectionOperator - Connecting to altashop-api.fly.dev:443
18:56:22.402 [main] DEBUG org.apache.http.client.protocol.RequestAddCookies - CookieSpec selected: ignoreCookies
18:56:22.402 [main] DEBUG org.apache.http.client.protocol.RequestAuthCache - Auth cache not set in the context
18:56:22.402 [main] DEBUG org.apache.http.client.protocol.RequestTargetAuthentication - Target auth state: UNCHALLENGED
18:56:22.402 [main] DEBUG org.apache.http.client.protocol.RequestProxyAuthentication - Proxy auth state: UNCHALLENGED
18:56:22.402 [main] DEBUG org.apache.http.impl.client.DefaultHttpClient - Attempt 1 to execute request
18:56:22.402 [main] DEBUG org.apache.http.impl.conn.DefaultClientConnection - Sending request: DELETE /api/categories/11320 HTTP/1.1
18:56:22.402 [main] DEBUG org.apache.http.wire -  >> "DELETE /api/categories/11320 HTTP/1.1[\r][\n]"
18:56:22.403 [main] DEBUG org.apache.http.wire -  >> "Accept: */*[\r][\n]"
18:56:22.403 [main] DEBUG org.apache.http.wire -  >> "Host: altashop-api.fly.dev[\r][\n]"
18:56:22.403 [main] DEBUG org.apache.http.wire -  >> "Connection: Keep-Alive[\r][\n]"
18:56:22.403 [main] DEBUG org.apache.http.wire -  >> "User-Agent: Apache-HttpClient/4.5.13 (Java/19.0.2)[\r][\n]"
18:56:22.403 [main] DEBUG org.apache.http.wire -  >> "Accept-Encoding: gzip,deflate[\r][\n]"
18:56:22.403 [main] DEBUG org.apache.http.wire -  >> "[\r][\n]"
18:56:22.403 [main] DEBUG org.apache.http.headers - >> DELETE /api/categories/11320 HTTP/1.1
18:56:22.403 [main] DEBUG org.apache.http.headers - >> Accept: */*
18:56:22.403 [main] DEBUG org.apache.http.headers - >> Host: altashop-api.fly.dev
18:56:22.403 [main] DEBUG org.apache.http.headers - >> Connection: Keep-Alive
18:56:22.403 [main] DEBUG org.apache.http.headers - >> User-Agent: Apache-HttpClient/4.5.13 (Java/19.0.2)
18:56:22.403 [main] DEBUG org.apache.http.headers - >> Accept-Encoding: gzip,deflate
18:56:22.448 [main] DEBUG org.apache.http.wire -  << "HTTP/1.1 200 OK[\r][\n]"
18:56:22.448 [main] DEBUG org.apache.http.wire -  << "content-type: application/json[\r][\n]"
18:56:22.448 [main] DEBUG org.apache.http.wire -  << "date: Tue, 09 May 2023 11:56:22 GMT[\r][\n]"
18:56:22.448 [main] DEBUG org.apache.http.wire -  << "content-encoding: gzip[\r][\n]"
18:56:22.448 [main] DEBUG org.apache.http.wire -  << "transfer-encoding: chunked[\r][\n]"
18:56:22.448 [main] DEBUG org.apache.http.wire -  << "server: Fly/3f2597ca (2023-05-03)[\r][\n]"
18:56:22.448 [main] DEBUG org.apache.http.wire -  << "via: 1.1 fly.io[\r][\n]"
18:56:22.448 [main] DEBUG org.apache.http.wire -  << "fly-request-id: 01H005X8ZSAW33DCB4TMJSNBS3-sin[\r][\n]"
18:56:22.448 [main] DEBUG org.apache.http.wire -  << "[\r][\n]"
18:56:22.448 [main] DEBUG org.apache.http.impl.conn.DefaultClientConnection - Receiving response: HTTP/1.1 200 OK
18:56:22.448 [main] DEBUG org.apache.http.headers - << HTTP/1.1 200 OK
18:56:22.448 [main] DEBUG org.apache.http.headers - << content-type: application/json
18:56:22.448 [main] DEBUG org.apache.http.headers - << date: Tue, 09 May 2023 11:56:22 GMT
18:56:22.448 [main] DEBUG org.apache.http.headers - << content-encoding: gzip
18:56:22.451 [main] DEBUG org.apache.http.headers - << transfer-encoding: chunked
18:56:22.451 [main] DEBUG org.apache.http.headers - << server: Fly/3f2597ca (2023-05-03)
18:56:22.451 [main] DEBUG org.apache.http.headers - << via: 1.1 fly.io
18:56:22.451 [main] DEBUG org.apache.http.headers - << fly-request-id: 01H005X8ZSAW33DCB4TMJSNBS3-sin
18:56:22.452 [main] DEBUG org.apache.http.impl.client.DefaultHttpClient - Connection can be kept alive indefinitely
18:56:22.452 [main] DEBUG io.restassured.internal.RestAssuredHttpBuilder - Parsing response as: application/json
18:56:22.452 [main] DEBUG org.apache.http.wire -  << "22[\r][\n]"
18:56:22.452 [main] DEBUG org.apache.http.wire -  << "[0x1f][0x8b][0x8][0x0][0x0][0x0][0x0][0x0][0x4][0xff][0xab]VJI,IT[0xb2][0xca]+[0xcd][0xc9][0xa9][0xe5][0x2][0x0][0xa3][0xab][0x8f]W[0xe][0x0][0x0][0x0]"
18:56:22.452 [main] DEBUG org.apache.http.wire -  << "[\r][\n]"
18:56:22.453 [main] DEBUG org.apache.http.wire -  << "0[\r][\n]"
18:56:22.453 [main] DEBUG org.apache.http.wire -  << "[\r][\n]"
18:56:22.453 [main] DEBUG io.restassured.internal.RestAssuredHttpBuilder - Parsed data to instance of: class org.apache.http.conn.EofSensorInputStream
18:56:22.458 [main] DEBUG org.apache.http.impl.conn.BasicClientConnectionManager - Releasing connection org.apache.http.impl.conn.ManagedClientConnectionImpl@5a23b9d1
18:56:22.458 [main] DEBUG org.apache.http.impl.conn.BasicClientConnectionManager - Connection can be kept alive indefinitely
18:56:22.461 [main] DEBUG net.thucydides.core.steps.StepInterceptor - STEP DONE: I send HTTP api DELETE request for category
  &amp#27;[32mWhen &amp#27;[0m&amp#27;[32mI send HTTP api DELETE request for category&amp#27;[0m                &amp#27;[90m# starter.stepdefinitions.ProductCategorySteps.iSendHTTPApiDELETERequestForCategory()&amp#27;[0m
18:56:22.481 [main] DEBUG net.thucydides.core.steps.StepInterceptor - STARTING STEP: ProductCategorySteps.iReceiveValidHTTPResponseCodeForCategoryDELETE - I receive valid HTTP response code {int} for category DELETE
18:56:22.493 [main] DEBUG net.thucydides.core.steps.StepInterceptor - STEP DONE: I receive valid HTTP response code {int} for category DELETE
  &amp#27;[32mThen &amp#27;[0m&amp#27;[32mI receive valid HTTP response code &amp#27;[0m&amp#27;[32m&amp#27;[1m200&amp#27;[0m&amp#27;[32m for category DELETE&amp#27;[0m &amp#27;[90m# starter.stepdefinitions.ProductCategorySteps.iReceiveValidHTTPResponseCodeForCategoryDELETE(int)&amp#27;[0m
18:56:22.518 [main] INFO  - 
  _____   ___   ___   _____     ___     _     ___   ___   ___   ___  
 |_   _| | __| / __| |_   _|   | _ \   /_\   / __| / __| | __| |   \ 
   | |   | _|  \__ \   | |     |  _/  / _ \  \__ \ \__ \ | _|  | |) |
   |_|   |___| |___/   |_|     |_|   /_/ \_\ |___/ |___/ |___| |___/ 

DELETE category
----------------------------------------------------------------------
]]></system-out>
  </testcase>
</testsuite>